
*** Running vivado
    with args -log bd_0_hls_inst_0.vds -m64 -product Vivado -mode batch -messageDb vivado.pb -notrace -source bd_0_hls_inst_0.tcl


****** Vivado v2019.2 (64-bit)
  **** SW Build 2708876 on Wed Nov  6 21:40:23 MST 2019
  **** IP Build 2700528 on Thu Nov  7 00:09:20 MST 2019
    ** Copyright 1986-2019 Xilinx, Inc. All Rights Reserved.

source bd_0_hls_inst_0.tcl -notrace
INFO: [IP_Flow 19-234] Refreshing IP repositories
INFO: [IP_Flow 19-1700] Loaded user IP repository 'c:/Users/ai770741/Documents/TP_Brost/tp2_p1/tp2_p1/hls/im_load/solution1/impl/ip'.
INFO: [IP_Flow 19-2313] Loaded Vivado IP repository 'C:/Xilinx/Vivado/2019.2/data/ip'.
WARNING: [IP_Flow 19-4995] The host OS only allows 260 characters in a normal path. The IP cache path is more than 80 characters. If you experience issues with IP caching, please consider changing the IP cache to a location with a shorter path. Alternately consider using the OS subst command to map part of the path to a drive letter. 
Current IP cache path is c:/Users/ai770741/Documents/TP_Brost/tp2_p1/tp2_p1/hls/im_load/solution1/impl/vhdl/project.cache/ip 
Command: synth_design -top bd_0_hls_inst_0 -part xc7z020clg484-1 -directive sdx_optimization_effort_high -mode out_of_context
Starting synth_design
Attempting to get a license for feature 'Synthesis' and/or device 'xc7z020'
INFO: [Common 17-349] Got license for feature 'Synthesis' and/or device 'xc7z020'
INFO: [Device 21-403] Loading part xc7z020clg484-1
INFO: Launching helper process for spawning children vivado processes
INFO: Helper process launched with PID 5952 
---------------------------------------------------------------------------------
Starting RTL Elaboration : Time (s): cpu = 00:00:05 ; elapsed = 00:00:06 . Memory (MB): peak = 869.809 ; gain = 234.375
---------------------------------------------------------------------------------
INFO: [Synth 8-638] synthesizing module 'bd_0_hls_inst_0' [c:/Users/ai770741/Documents/TP_Brost/tp2_p1/tp2_p1/hls/im_load/solution1/impl/vhdl/project.srcs/sources_1/bd/bd_0/ip/bd_0_hls_inst_0/synth/bd_0_hls_inst_0.vhd:80]
INFO: [Synth 8-3491] module 'im_load' declared at 'c:/Users/ai770741/Documents/TP_Brost/tp2_p1/tp2_p1/hls/im_load/solution1/impl/vhdl/project.srcs/sources_1/bd/bd_0/ipshared/addf/hdl/vhdl/im_load.vhd:12' bound to instance 'U0' of component 'im_load' [c:/Users/ai770741/Documents/TP_Brost/tp2_p1/tp2_p1/hls/im_load/solution1/impl/vhdl/project.srcs/sources_1/bd/bd_0/ip/bd_0_hls_inst_0/synth/bd_0_hls_inst_0.vhd:141]
INFO: [Synth 8-638] synthesizing module 'im_load' [c:/Users/ai770741/Documents/TP_Brost/tp2_p1/tp2_p1/hls/im_load/solution1/impl/vhdl/project.srcs/sources_1/bd/bd_0/ipshared/addf/hdl/vhdl/im_load.vhd:36]
INFO: [Synth 8-5534] Detected attribute (* fsm_encoding = "none" *) [c:/Users/ai770741/Documents/TP_Brost/tp2_p1/tp2_p1/hls/im_load/solution1/impl/vhdl/project.srcs/sources_1/bd/bd_0/ipshared/addf/hdl/vhdl/im_load.vhd:70]
INFO: [Synth 8-5534] Detected attribute (* fsm_encoding = "none" *) [c:/Users/ai770741/Documents/TP_Brost/tp2_p1/tp2_p1/hls/im_load/solution1/impl/vhdl/project.srcs/sources_1/bd/bd_0/ipshared/addf/hdl/vhdl/im_load.vhd:73]
INFO: [Synth 8-5534] Detected attribute (* fsm_encoding = "none" *) [c:/Users/ai770741/Documents/TP_Brost/tp2_p1/tp2_p1/hls/im_load/solution1/impl/vhdl/project.srcs/sources_1/bd/bd_0/ipshared/addf/hdl/vhdl/im_load.vhd:76]
INFO: [Synth 8-5534] Detected attribute (* fsm_encoding = "none" *) [c:/Users/ai770741/Documents/TP_Brost/tp2_p1/tp2_p1/hls/im_load/solution1/impl/vhdl/project.srcs/sources_1/bd/bd_0/ipshared/addf/hdl/vhdl/im_load.vhd:78]
INFO: [Synth 8-5534] Detected attribute (* fsm_encoding = "none" *) [c:/Users/ai770741/Documents/TP_Brost/tp2_p1/tp2_p1/hls/im_load/solution1/impl/vhdl/project.srcs/sources_1/bd/bd_0/ipshared/addf/hdl/vhdl/im_load.vhd:88]
INFO: [Synth 8-5534] Detected attribute (* fsm_encoding = "none" *) [c:/Users/ai770741/Documents/TP_Brost/tp2_p1/tp2_p1/hls/im_load/solution1/impl/vhdl/project.srcs/sources_1/bd/bd_0/ipshared/addf/hdl/vhdl/im_load.vhd:102]
	Parameter DataWidth bound to: 8 - type: integer 
INFO: [Synth 8-3491] module 'regslice_both' declared at 'c:/Users/ai770741/Documents/TP_Brost/tp2_p1/tp2_p1/hls/im_load/solution1/impl/vhdl/project.srcs/sources_1/bd/bd_0/ipshared/addf/hdl/vhdl/regslice_core.vhd:7' bound to instance 'regslice_both_m_axis_video_V_data_V_U' of component 'regslice_both' [c:/Users/ai770741/Documents/TP_Brost/tp2_p1/tp2_p1/hls/im_load/solution1/impl/vhdl/project.srcs/sources_1/bd/bd_0/ipshared/addf/hdl/vhdl/im_load.vhd:180]
INFO: [Synth 8-638] synthesizing module 'regslice_both' [c:/Users/ai770741/Documents/TP_Brost/tp2_p1/tp2_p1/hls/im_load/solution1/impl/vhdl/project.srcs/sources_1/bd/bd_0/ipshared/addf/hdl/vhdl/regslice_core.vhd:22]
	Parameter DataWidth bound to: 8 - type: integer 
	Parameter W bound to: 9 - type: integer 
INFO: [Synth 8-3491] module 'ibuf' declared at 'c:/Users/ai770741/Documents/TP_Brost/tp2_p1/tp2_p1/hls/im_load/solution1/impl/vhdl/project.srcs/sources_1/bd/bd_0/ipshared/addf/hdl/vhdl/regslice_core.vhd:575' bound to instance 'ibuf_inst' of component 'ibuf' [c:/Users/ai770741/Documents/TP_Brost/tp2_p1/tp2_p1/hls/im_load/solution1/impl/vhdl/project.srcs/sources_1/bd/bd_0/ipshared/addf/hdl/vhdl/regslice_core.vhd:65]
INFO: [Synth 8-638] synthesizing module 'xil_defaultlib_ibuf' [c:/Users/ai770741/Documents/TP_Brost/tp2_p1/tp2_p1/hls/im_load/solution1/impl/vhdl/project.srcs/sources_1/bd/bd_0/ipshared/addf/hdl/vhdl/regslice_core.vhd:587]
	Parameter W bound to: 9 - type: integer 
INFO: [Synth 8-256] done synthesizing module 'xil_defaultlib_ibuf' (1#1) [c:/Users/ai770741/Documents/TP_Brost/tp2_p1/tp2_p1/hls/im_load/solution1/impl/vhdl/project.srcs/sources_1/bd/bd_0/ipshared/addf/hdl/vhdl/regslice_core.vhd:587]
	Parameter W bound to: 9 - type: integer 
INFO: [Synth 8-3491] module 'obuf' declared at 'c:/Users/ai770741/Documents/TP_Brost/tp2_p1/tp2_p1/hls/im_load/solution1/impl/vhdl/project.srcs/sources_1/bd/bd_0/ipshared/addf/hdl/vhdl/regslice_core.vhd:620' bound to instance 'obuf_inst' of component 'obuf' [c:/Users/ai770741/Documents/TP_Brost/tp2_p1/tp2_p1/hls/im_load/solution1/impl/vhdl/project.srcs/sources_1/bd/bd_0/ipshared/addf/hdl/vhdl/regslice_core.vhd:76]
INFO: [Synth 8-638] synthesizing module 'xil_defaultlib_obuf' [c:/Users/ai770741/Documents/TP_Brost/tp2_p1/tp2_p1/hls/im_load/solution1/impl/vhdl/project.srcs/sources_1/bd/bd_0/ipshared/addf/hdl/vhdl/regslice_core.vhd:632]
	Parameter W bound to: 9 - type: integer 
INFO: [Synth 8-256] done synthesizing module 'xil_defaultlib_obuf' (2#1) [c:/Users/ai770741/Documents/TP_Brost/tp2_p1/tp2_p1/hls/im_load/solution1/impl/vhdl/project.srcs/sources_1/bd/bd_0/ipshared/addf/hdl/vhdl/regslice_core.vhd:632]
INFO: [Synth 8-256] done synthesizing module 'regslice_both' (3#1) [c:/Users/ai770741/Documents/TP_Brost/tp2_p1/tp2_p1/hls/im_load/solution1/impl/vhdl/project.srcs/sources_1/bd/bd_0/ipshared/addf/hdl/vhdl/regslice_core.vhd:22]
	Parameter DataWidth bound to: 1 - type: integer 
INFO: [Synth 8-3491] module 'regslice_both' declared at 'c:/Users/ai770741/Documents/TP_Brost/tp2_p1/tp2_p1/hls/im_load/solution1/impl/vhdl/project.srcs/sources_1/bd/bd_0/ipshared/addf/hdl/vhdl/regslice_core.vhd:7' bound to instance 'regslice_both_m_axis_video_V_keep_V_U' of component 'regslice_both' [c:/Users/ai770741/Documents/TP_Brost/tp2_p1/tp2_p1/hls/im_load/solution1/impl/vhdl/project.srcs/sources_1/bd/bd_0/ipshared/addf/hdl/vhdl/im_load.vhd:194]
INFO: [Synth 8-638] synthesizing module 'regslice_both__parameterized1' [c:/Users/ai770741/Documents/TP_Brost/tp2_p1/tp2_p1/hls/im_load/solution1/impl/vhdl/project.srcs/sources_1/bd/bd_0/ipshared/addf/hdl/vhdl/regslice_core.vhd:22]
	Parameter DataWidth bound to: 1 - type: integer 
	Parameter W bound to: 2 - type: integer 
INFO: [Synth 8-3491] module 'ibuf' declared at 'c:/Users/ai770741/Documents/TP_Brost/tp2_p1/tp2_p1/hls/im_load/solution1/impl/vhdl/project.srcs/sources_1/bd/bd_0/ipshared/addf/hdl/vhdl/regslice_core.vhd:575' bound to instance 'ibuf_inst' of component 'ibuf' [c:/Users/ai770741/Documents/TP_Brost/tp2_p1/tp2_p1/hls/im_load/solution1/impl/vhdl/project.srcs/sources_1/bd/bd_0/ipshared/addf/hdl/vhdl/regslice_core.vhd:65]
INFO: [Synth 8-638] synthesizing module 'xil_defaultlib_ibuf__parameterized0' [c:/Users/ai770741/Documents/TP_Brost/tp2_p1/tp2_p1/hls/im_load/solution1/impl/vhdl/project.srcs/sources_1/bd/bd_0/ipshared/addf/hdl/vhdl/regslice_core.vhd:587]
	Parameter W bound to: 2 - type: integer 
INFO: [Synth 8-256] done synthesizing module 'xil_defaultlib_ibuf__parameterized0' (3#1) [c:/Users/ai770741/Documents/TP_Brost/tp2_p1/tp2_p1/hls/im_load/solution1/impl/vhdl/project.srcs/sources_1/bd/bd_0/ipshared/addf/hdl/vhdl/regslice_core.vhd:587]
	Parameter W bound to: 2 - type: integer 
INFO: [Synth 8-3491] module 'obuf' declared at 'c:/Users/ai770741/Documents/TP_Brost/tp2_p1/tp2_p1/hls/im_load/solution1/impl/vhdl/project.srcs/sources_1/bd/bd_0/ipshared/addf/hdl/vhdl/regslice_core.vhd:620' bound to instance 'obuf_inst' of component 'obuf' [c:/Users/ai770741/Documents/TP_Brost/tp2_p1/tp2_p1/hls/im_load/solution1/impl/vhdl/project.srcs/sources_1/bd/bd_0/ipshared/addf/hdl/vhdl/regslice_core.vhd:76]
INFO: [Synth 8-638] synthesizing module 'xil_defaultlib_obuf__parameterized0' [c:/Users/ai770741/Documents/TP_Brost/tp2_p1/tp2_p1/hls/im_load/solution1/impl/vhdl/project.srcs/sources_1/bd/bd_0/ipshared/addf/hdl/vhdl/regslice_core.vhd:632]
	Parameter W bound to: 2 - type: integer 
INFO: [Synth 8-256] done synthesizing module 'xil_defaultlib_obuf__parameterized0' (3#1) [c:/Users/ai770741/Documents/TP_Brost/tp2_p1/tp2_p1/hls/im_load/solution1/impl/vhdl/project.srcs/sources_1/bd/bd_0/ipshared/addf/hdl/vhdl/regslice_core.vhd:632]
INFO: [Synth 8-256] done synthesizing module 'regslice_both__parameterized1' (3#1) [c:/Users/ai770741/Documents/TP_Brost/tp2_p1/tp2_p1/hls/im_load/solution1/impl/vhdl/project.srcs/sources_1/bd/bd_0/ipshared/addf/hdl/vhdl/regslice_core.vhd:22]
	Parameter DataWidth bound to: 1 - type: integer 
INFO: [Synth 8-3491] module 'regslice_both' declared at 'c:/Users/ai770741/Documents/TP_Brost/tp2_p1/tp2_p1/hls/im_load/solution1/impl/vhdl/project.srcs/sources_1/bd/bd_0/ipshared/addf/hdl/vhdl/regslice_core.vhd:7' bound to instance 'regslice_both_m_axis_video_V_strb_V_U' of component 'regslice_both' [c:/Users/ai770741/Documents/TP_Brost/tp2_p1/tp2_p1/hls/im_load/solution1/impl/vhdl/project.srcs/sources_1/bd/bd_0/ipshared/addf/hdl/vhdl/im_load.vhd:208]
	Parameter DataWidth bound to: 1 - type: integer 
INFO: [Synth 8-3491] module 'regslice_both' declared at 'c:/Users/ai770741/Documents/TP_Brost/tp2_p1/tp2_p1/hls/im_load/solution1/impl/vhdl/project.srcs/sources_1/bd/bd_0/ipshared/addf/hdl/vhdl/regslice_core.vhd:7' bound to instance 'regslice_both_m_axis_video_V_user_V_U' of component 'regslice_both' [c:/Users/ai770741/Documents/TP_Brost/tp2_p1/tp2_p1/hls/im_load/solution1/impl/vhdl/project.srcs/sources_1/bd/bd_0/ipshared/addf/hdl/vhdl/im_load.vhd:222]
	Parameter DataWidth bound to: 1 - type: integer 
INFO: [Synth 8-3491] module 'regslice_both' declared at 'c:/Users/ai770741/Documents/TP_Brost/tp2_p1/tp2_p1/hls/im_load/solution1/impl/vhdl/project.srcs/sources_1/bd/bd_0/ipshared/addf/hdl/vhdl/regslice_core.vhd:7' bound to instance 'regslice_both_m_axis_video_V_last_V_U' of component 'regslice_both' [c:/Users/ai770741/Documents/TP_Brost/tp2_p1/tp2_p1/hls/im_load/solution1/impl/vhdl/project.srcs/sources_1/bd/bd_0/ipshared/addf/hdl/vhdl/im_load.vhd:236]
	Parameter DataWidth bound to: 1 - type: integer 
INFO: [Synth 8-3491] module 'regslice_both' declared at 'c:/Users/ai770741/Documents/TP_Brost/tp2_p1/tp2_p1/hls/im_load/solution1/impl/vhdl/project.srcs/sources_1/bd/bd_0/ipshared/addf/hdl/vhdl/regslice_core.vhd:7' bound to instance 'regslice_both_m_axis_video_V_id_V_U' of component 'regslice_both' [c:/Users/ai770741/Documents/TP_Brost/tp2_p1/tp2_p1/hls/im_load/solution1/impl/vhdl/project.srcs/sources_1/bd/bd_0/ipshared/addf/hdl/vhdl/im_load.vhd:250]
	Parameter DataWidth bound to: 1 - type: integer 
INFO: [Synth 8-3491] module 'regslice_both' declared at 'c:/Users/ai770741/Documents/TP_Brost/tp2_p1/tp2_p1/hls/im_load/solution1/impl/vhdl/project.srcs/sources_1/bd/bd_0/ipshared/addf/hdl/vhdl/regslice_core.vhd:7' bound to instance 'regslice_both_m_axis_video_V_dest_V_U' of component 'regslice_both' [c:/Users/ai770741/Documents/TP_Brost/tp2_p1/tp2_p1/hls/im_load/solution1/impl/vhdl/project.srcs/sources_1/bd/bd_0/ipshared/addf/hdl/vhdl/im_load.vhd:264]
INFO: [Synth 8-256] done synthesizing module 'im_load' (4#1) [c:/Users/ai770741/Documents/TP_Brost/tp2_p1/tp2_p1/hls/im_load/solution1/impl/vhdl/project.srcs/sources_1/bd/bd_0/ipshared/addf/hdl/vhdl/im_load.vhd:36]
INFO: [Synth 8-256] done synthesizing module 'bd_0_hls_inst_0' (5#1) [c:/Users/ai770741/Documents/TP_Brost/tp2_p1/tp2_p1/hls/im_load/solution1/impl/vhdl/project.srcs/sources_1/bd/bd_0/ip/bd_0_hls_inst_0/synth/bd_0_hls_inst_0.vhd:80]
---------------------------------------------------------------------------------
Finished RTL Elaboration : Time (s): cpu = 00:00:07 ; elapsed = 00:00:07 . Memory (MB): peak = 945.137 ; gain = 309.703
---------------------------------------------------------------------------------

Report Check Netlist: 
+------+------------------+-------+---------+-------+------------------+
|      |Item              |Errors |Warnings |Status |Description       |
+------+------------------+-------+---------+-------+------------------+
|1     |multi_driven_nets |      0|        0|Passed |Multi driven nets |
+------+------------------+-------+---------+-------+------------------+
---------------------------------------------------------------------------------
Start Handling Custom Attributes
---------------------------------------------------------------------------------
---------------------------------------------------------------------------------
Finished Handling Custom Attributes : Time (s): cpu = 00:00:07 ; elapsed = 00:00:08 . Memory (MB): peak = 945.137 ; gain = 309.703
---------------------------------------------------------------------------------
---------------------------------------------------------------------------------
Finished RTL Optimization Phase 1 : Time (s): cpu = 00:00:07 ; elapsed = 00:00:08 . Memory (MB): peak = 945.137 ; gain = 309.703
---------------------------------------------------------------------------------
Netlist sorting complete. Time (s): cpu = 00:00:00 ; elapsed = 00:00:00.009 . Memory (MB): peak = 945.137 ; gain = 0.000
INFO: [Project 1-570] Preparing netlist for logic optimization

Processing XDC Constraints
Initializing timing engine
Parsing XDC File [c:/Users/ai770741/Documents/TP_Brost/tp2_p1/tp2_p1/hls/im_load/solution1/impl/vhdl/project.srcs/sources_1/bd/bd_0/ip/bd_0_hls_inst_0/constraints/im_load_ooc.xdc] for cell 'U0'
Finished Parsing XDC File [c:/Users/ai770741/Documents/TP_Brost/tp2_p1/tp2_p1/hls/im_load/solution1/impl/vhdl/project.srcs/sources_1/bd/bd_0/ip/bd_0_hls_inst_0/constraints/im_load_ooc.xdc] for cell 'U0'
Parsing XDC File [C:/Users/ai770741/Documents/TP_Brost/tp2_p1/tp2_p1/hls/im_load/solution1/impl/vhdl/project.runs/bd_0_hls_inst_0_synth_1/dont_touch.xdc]
Finished Parsing XDC File [C:/Users/ai770741/Documents/TP_Brost/tp2_p1/tp2_p1/hls/im_load/solution1/impl/vhdl/project.runs/bd_0_hls_inst_0_synth_1/dont_touch.xdc]
Completed Processing XDC Constraints

Netlist sorting complete. Time (s): cpu = 00:00:00 ; elapsed = 00:00:00 . Memory (MB): peak = 1040.039 ; gain = 0.000
INFO: [Project 1-111] Unisim Transformation Summary:
No Unisim elements were transformed.

Constraint Validation Runtime : Time (s): cpu = 00:00:00 ; elapsed = 00:00:00.025 . Memory (MB): peak = 1051.613 ; gain = 11.574
---------------------------------------------------------------------------------
Finished Constraint Validation : Time (s): cpu = 00:00:16 ; elapsed = 00:00:17 . Memory (MB): peak = 1051.613 ; gain = 416.180
---------------------------------------------------------------------------------
---------------------------------------------------------------------------------
Start Loading Part and Timing Information
---------------------------------------------------------------------------------
Loading part: xc7z020clg484-1
---------------------------------------------------------------------------------
Finished Loading Part and Timing Information : Time (s): cpu = 00:00:16 ; elapsed = 00:00:17 . Memory (MB): peak = 1051.613 ; gain = 416.180
---------------------------------------------------------------------------------
---------------------------------------------------------------------------------
Start Applying 'set_property' XDC Constraints
---------------------------------------------------------------------------------
Applied set_property DONT_TOUCH = true for U0. (constraint file  C:/Users/ai770741/Documents/TP_Brost/tp2_p1/tp2_p1/hls/im_load/solution1/impl/vhdl/project.runs/bd_0_hls_inst_0_synth_1/dont_touch.xdc, line 9).
---------------------------------------------------------------------------------
Finished applying 'set_property' XDC Constraints : Time (s): cpu = 00:00:16 ; elapsed = 00:00:17 . Memory (MB): peak = 1051.613 ; gain = 416.180
---------------------------------------------------------------------------------
INFO: [Synth 8-5818] HDL ADVISOR - The operator resource <adder> is shared. To prevent sharing consider applying a KEEP on the output of the operator [c:/Users/ai770741/Documents/TP_Brost/tp2_p1/tp2_p1/hls/im_load/solution1/impl/vhdl/project.srcs/sources_1/bd/bd_0/ipshared/addf/hdl/vhdl/im_load.vhd:511]
INFO: [Synth 8-5818] HDL ADVISOR - The operator resource <adder> is shared. To prevent sharing consider applying a KEEP on the output of the operator [c:/Users/ai770741/Documents/TP_Brost/tp2_p1/tp2_p1/hls/im_load/solution1/impl/vhdl/project.srcs/sources_1/bd/bd_0/ipshared/addf/hdl/vhdl/im_load.vhd:517]
INFO: [Synth 8-4490] FSM extraction disabled for register 'ap_CS_fsm_reg' through user attribute
---------------------------------------------------------------------------------
Finished RTL Optimization Phase 2 : Time (s): cpu = 00:00:16 ; elapsed = 00:00:17 . Memory (MB): peak = 1051.613 ; gain = 416.180
---------------------------------------------------------------------------------
INFO: [Synth 8-223] decloning instance 'U0/regslice_both_m_axis_video_V_keep_V_U' (regslice_both__parameterized1) to 'U0/regslice_both_m_axis_video_V_strb_V_U'
INFO: [Synth 8-223] decloning instance 'U0/regslice_both_m_axis_video_V_keep_V_U' (regslice_both__parameterized1) to 'U0/regslice_both_m_axis_video_V_id_V_U'
INFO: [Synth 8-223] decloning instance 'U0/regslice_both_m_axis_video_V_keep_V_U' (regslice_both__parameterized1) to 'U0/regslice_both_m_axis_video_V_dest_V_U'

Report RTL Partitions: 
+-+--------------+------------+----------+
| |RTL Partition |Replication |Instances |
+-+--------------+------------+----------+
+-+--------------+------------+----------+
---------------------------------------------------------------------------------
Start RTL Component Statistics 
---------------------------------------------------------------------------------
Detailed RTL Component Info : 
+---Adders : 
	   2 Input     19 Bit       Adders := 4     
	   3 Input     19 Bit       Adders := 2     
	   2 Input     10 Bit       Adders := 1     
	   2 Input      9 Bit       Adders := 2     
+---XORs : 
	   2 Input      1 Bit         XORs := 2     
+---Registers : 
	               19 Bit    Registers := 4     
	               10 Bit    Registers := 2     
	                9 Bit    Registers := 4     
	                5 Bit    Registers := 1     
	                2 Bit    Registers := 10    
	                1 Bit    Registers := 5     
+---Muxes : 
	   2 Input     19 Bit        Muxes := 5     
	   2 Input      9 Bit        Muxes := 1     
	   2 Input      5 Bit        Muxes := 2     
	   2 Input      4 Bit        Muxes := 1     
	   3 Input      3 Bit        Muxes := 1     
	   2 Input      2 Bit        Muxes := 8     
	   4 Input      2 Bit        Muxes := 4     
	   2 Input      1 Bit        Muxes := 22    
---------------------------------------------------------------------------------
Finished RTL Component Statistics 
---------------------------------------------------------------------------------
---------------------------------------------------------------------------------
Start RTL Hierarchical Component Statistics 
---------------------------------------------------------------------------------
Hierarchical RTL Component report 
Module xil_defaultlib_ibuf 
Detailed RTL Component Info : 
+---Registers : 
	                9 Bit    Registers := 1     
+---Muxes : 
	   2 Input      9 Bit        Muxes := 1     
	   2 Input      1 Bit        Muxes := 2     
Module xil_defaultlib_obuf 
Detailed RTL Component Info : 
+---Registers : 
	                9 Bit    Registers := 1     
+---Muxes : 
	   2 Input      1 Bit        Muxes := 1     
Module regslice_both 
Detailed RTL Component Info : 
+---Registers : 
	                2 Bit    Registers := 1     
+---Muxes : 
	   2 Input      2 Bit        Muxes := 1     
	   4 Input      2 Bit        Muxes := 1     
	   2 Input      1 Bit        Muxes := 1     
Module xil_defaultlib_ibuf__parameterized0 
Detailed RTL Component Info : 
+---Registers : 
	                2 Bit    Registers := 1     
+---Muxes : 
	   2 Input      2 Bit        Muxes := 1     
	   2 Input      1 Bit        Muxes := 2     
Module xil_defaultlib_obuf__parameterized0 
Detailed RTL Component Info : 
+---Registers : 
	                2 Bit    Registers := 1     
+---Muxes : 
	   2 Input      1 Bit        Muxes := 1     
Module regslice_both__parameterized1 
Detailed RTL Component Info : 
+---Registers : 
	                2 Bit    Registers := 1     
+---Muxes : 
	   2 Input      2 Bit        Muxes := 1     
	   4 Input      2 Bit        Muxes := 1     
	   2 Input      1 Bit        Muxes := 1     
Module im_load 
Detailed RTL Component Info : 
+---Adders : 
	   2 Input     19 Bit       Adders := 4     
	   3 Input     19 Bit       Adders := 2     
	   2 Input     10 Bit       Adders := 1     
	   2 Input      9 Bit       Adders := 2     
+---XORs : 
	   2 Input      1 Bit         XORs := 2     
+---Registers : 
	               19 Bit    Registers := 4     
	               10 Bit    Registers := 2     
	                9 Bit    Registers := 2     
	                5 Bit    Registers := 1     
	                1 Bit    Registers := 5     
+---Muxes : 
	   2 Input     19 Bit        Muxes := 5     
	   2 Input      5 Bit        Muxes := 2     
	   2 Input      4 Bit        Muxes := 1     
	   3 Input      3 Bit        Muxes := 1     
	   2 Input      2 Bit        Muxes := 1     
	   2 Input      1 Bit        Muxes := 6     
---------------------------------------------------------------------------------
Finished RTL Hierarchical Component Statistics
---------------------------------------------------------------------------------
---------------------------------------------------------------------------------
Start Part Resource Summary
---------------------------------------------------------------------------------
Part Resources:
DSPs: 220 (col length:60)
BRAMs: 280 (col length: RAMB18 60 RAMB36 30)
---------------------------------------------------------------------------------
Finished Part Resource Summary
---------------------------------------------------------------------------------
---------------------------------------------------------------------------------
Start Cross Boundary and Area Optimization
---------------------------------------------------------------------------------
Warning: Parallel synthesis criteria is not met 
INFO: [Synth 8-3333] propagating constant 0 across sequential element (U0/\regslice_both_m_axis_video_V_keep_V_U/ibuf_inst/ireg_reg[0] )
INFO: [Synth 8-3886] merging instance 'U0/add_ln34_1_reg_430_reg[7]' (FDE) to 'U0/add_ln31_1_reg_425_reg[7]'
---------------------------------------------------------------------------------
Finished Cross Boundary and Area Optimization : Time (s): cpu = 00:00:19 ; elapsed = 00:00:20 . Memory (MB): peak = 1051.613 ; gain = 416.180
---------------------------------------------------------------------------------

Report RTL Partitions: 
+-+--------------+------------+----------+
| |RTL Partition |Replication |Instances |
+-+--------------+------------+----------+
+-+--------------+------------+----------+
---------------------------------------------------------------------------------
Start Applying XDC Timing Constraints
---------------------------------------------------------------------------------
---------------------------------------------------------------------------------
Finished Applying XDC Timing Constraints : Time (s): cpu = 00:00:29 ; elapsed = 00:00:30 . Memory (MB): peak = 1051.613 ; gain = 416.180
---------------------------------------------------------------------------------
---------------------------------------------------------------------------------
Start Timing Optimization
---------------------------------------------------------------------------------
---------------------------------------------------------------------------------
Finished Timing Optimization : Time (s): cpu = 00:00:30 ; elapsed = 00:00:31 . Memory (MB): peak = 1051.613 ; gain = 416.180
---------------------------------------------------------------------------------

Report RTL Partitions: 
+-+--------------+------------+----------+
| |RTL Partition |Replication |Instances |
+-+--------------+------------+----------+
+-+--------------+------------+----------+
---------------------------------------------------------------------------------
Start Technology Mapping
---------------------------------------------------------------------------------
---------------------------------------------------------------------------------
Finished Technology Mapping : Time (s): cpu = 00:00:30 ; elapsed = 00:00:31 . Memory (MB): peak = 1051.613 ; gain = 416.180
---------------------------------------------------------------------------------

Report RTL Partitions: 
+-+--------------+------------+----------+
| |RTL Partition |Replication |Instances |
+-+--------------+------------+----------+
+-+--------------+------------+----------+
---------------------------------------------------------------------------------
Start IO Insertion
---------------------------------------------------------------------------------
---------------------------------------------------------------------------------
Start Flattening Before IO Insertion
---------------------------------------------------------------------------------
---------------------------------------------------------------------------------
Finished Flattening Before IO Insertion
---------------------------------------------------------------------------------
---------------------------------------------------------------------------------
Start Final Netlist Cleanup
---------------------------------------------------------------------------------
---------------------------------------------------------------------------------
Finished Final Netlist Cleanup
---------------------------------------------------------------------------------
---------------------------------------------------------------------------------
Finished IO Insertion : Time (s): cpu = 00:00:36 ; elapsed = 00:00:37 . Memory (MB): peak = 1055.500 ; gain = 420.066
---------------------------------------------------------------------------------
---------------------------------------------------------------------------------
Start Renaming Generated Instances
---------------------------------------------------------------------------------
---------------------------------------------------------------------------------
Finished Renaming Generated Instances : Time (s): cpu = 00:00:36 ; elapsed = 00:00:37 . Memory (MB): peak = 1055.500 ; gain = 420.066
---------------------------------------------------------------------------------

Report RTL Partitions: 
+-+--------------+------------+----------+
| |RTL Partition |Replication |Instances |
+-+--------------+------------+----------+
+-+--------------+------------+----------+

Report Check Netlist: 
+------+------------------+-------+---------+-------+------------------+
|      |Item              |Errors |Warnings |Status |Description       |
+------+------------------+-------+---------+-------+------------------+
|1     |multi_driven_nets |      0|        0|Passed |Multi driven nets |
+------+------------------+-------+---------+-------+------------------+
---------------------------------------------------------------------------------
Start Rebuilding User Hierarchy
---------------------------------------------------------------------------------
---------------------------------------------------------------------------------
Finished Rebuilding User Hierarchy : Time (s): cpu = 00:00:36 ; elapsed = 00:00:37 . Memory (MB): peak = 1055.500 ; gain = 420.066
---------------------------------------------------------------------------------
---------------------------------------------------------------------------------
Start Renaming Generated Ports
---------------------------------------------------------------------------------
---------------------------------------------------------------------------------
Finished Renaming Generated Ports : Time (s): cpu = 00:00:36 ; elapsed = 00:00:37 . Memory (MB): peak = 1055.500 ; gain = 420.066
---------------------------------------------------------------------------------
---------------------------------------------------------------------------------
Start Handling Custom Attributes
---------------------------------------------------------------------------------
---------------------------------------------------------------------------------
Finished Handling Custom Attributes : Time (s): cpu = 00:00:36 ; elapsed = 00:00:37 . Memory (MB): peak = 1055.500 ; gain = 420.066
---------------------------------------------------------------------------------
---------------------------------------------------------------------------------
Start Renaming Generated Nets
---------------------------------------------------------------------------------
---------------------------------------------------------------------------------
Finished Renaming Generated Nets : Time (s): cpu = 00:00:36 ; elapsed = 00:00:37 . Memory (MB): peak = 1055.500 ; gain = 420.066
---------------------------------------------------------------------------------
---------------------------------------------------------------------------------
Start Writing Synthesis Report
---------------------------------------------------------------------------------

Report BlackBoxes: 
+-+--------------+----------+
| |BlackBox name |Instances |
+-+--------------+----------+
+-+--------------+----------+

Report Cell Usage: 
+------+-------+------+
|      |Cell   |Count |
+------+-------+------+
|1     |CARRY4 |    24|
|2     |LUT1   |    10|
|3     |LUT2   |    36|
|4     |LUT3   |    62|
|5     |LUT4   |    20|
|6     |LUT5   |    37|
|7     |LUT6   |    19|
|8     |FDRE   |   122|
|9     |FDSE   |     1|
+------+-------+------+

Report Instance Areas: 
+------+------------------------------------------+--------------------------------------+------+
|      |Instance                                  |Module                                |Cells |
+------+------------------------------------------+--------------------------------------+------+
|1     |top                                       |                                      |   331|
|2     |  U0                                      |im_load                               |   331|
|3     |    regslice_both_m_axis_video_V_data_V_U |regslice_both                         |    47|
|4     |      ibuf_inst                           |xil_defaultlib_ibuf                   |    25|
|5     |      obuf_inst                           |xil_defaultlib_obuf                   |    12|
|6     |    regslice_both_m_axis_video_V_last_V_U |regslice_both__parameterized1         |     9|
|7     |      ibuf_inst                           |xil_defaultlib_ibuf__parameterized0_1 |     4|
|8     |      obuf_inst                           |xil_defaultlib_obuf__parameterized0_2 |     5|
|9     |    regslice_both_m_axis_video_V_user_V_U |regslice_both__parameterized1_0       |     9|
|10    |      ibuf_inst                           |xil_defaultlib_ibuf__parameterized0   |     4|
|11    |      obuf_inst                           |xil_defaultlib_obuf__parameterized0   |     5|
+------+------------------------------------------+--------------------------------------+------+
---------------------------------------------------------------------------------
Finished Writing Synthesis Report : Time (s): cpu = 00:00:36 ; elapsed = 00:00:37 . Memory (MB): peak = 1055.500 ; gain = 420.066
---------------------------------------------------------------------------------
Synthesis finished with 0 errors, 0 critical warnings and 0 warnings.
Synthesis Optimization Runtime : Time (s): cpu = 00:00:26 ; elapsed = 00:00:34 . Memory (MB): peak = 1055.500 ; gain = 313.590
Synthesis Optimization Complete : Time (s): cpu = 00:00:36 ; elapsed = 00:00:37 . Memory (MB): peak = 1055.500 ; gain = 420.066
INFO: [Project 1-571] Translating synthesized netlist
Netlist sorting complete. Time (s): cpu = 00:00:00 ; elapsed = 00:00:00.007 . Memory (MB): peak = 1055.500 ; gain = 0.000
INFO: [Netlist 29-17] Analyzing 24 Unisim elements for replacement
INFO: [Netlist 29-28] Unisim Transformation completed in 0 CPU seconds
INFO: [Project 1-570] Preparing netlist for logic optimization
INFO: [Opt 31-138] Pushed 0 inverter(s) to 0 load pin(s).
Netlist sorting complete. Time (s): cpu = 00:00:00 ; elapsed = 00:00:00 . Memory (MB): peak = 1066.141 ; gain = 0.000
INFO: [Project 1-111] Unisim Transformation Summary:
No Unisim elements were transformed.

INFO: [Common 17-83] Releasing license: Synthesis
56 Infos, 1 Warnings, 0 Critical Warnings and 0 Errors encountered.
synth_design completed successfully
synth_design: Time (s): cpu = 00:00:43 ; elapsed = 00:00:45 . Memory (MB): peak = 1066.141 ; gain = 733.117
Netlist sorting complete. Time (s): cpu = 00:00:00 ; elapsed = 00:00:00.001 . Memory (MB): peak = 1066.141 ; gain = 0.000
WARNING: [Constraints 18-5210] No constraints selected for write.
Resolution: This message can indicate that there are no constraints for the design, or it can indicate that the used_in flags are set such that the constraints are ignored. This later case is used when running synth_design to not write synthesis constraints to the resulting checkpoint. Instead, project constraints are read when the synthesized design is opened.
INFO: [Common 17-1381] The checkpoint 'C:/Users/ai770741/Documents/TP_Brost/tp2_p1/tp2_p1/hls/im_load/solution1/impl/vhdl/project.runs/bd_0_hls_inst_0_synth_1/bd_0_hls_inst_0.dcp' has been generated.
WARNING: [Common 17-576] 'use_project_ipc' is deprecated. This option is deprecated and no longer used.
INFO: [Coretcl 2-1648] Added synthesis output to IP cache for IP bd_0_hls_inst_0, cache-ID = 21664102c6787398
INFO: [Coretcl 2-1174] Renamed 10 cell refs.
Netlist sorting complete. Time (s): cpu = 00:00:00 ; elapsed = 00:00:00 . Memory (MB): peak = 1066.141 ; gain = 0.000
WARNING: [Constraints 18-5210] No constraints selected for write.
Resolution: This message can indicate that there are no constraints for the design, or it can indicate that the used_in flags are set such that the constraints are ignored. This later case is used when running synth_design to not write synthesis constraints to the resulting checkpoint. Instead, project constraints are read when the synthesized design is opened.
INFO: [Common 17-1381] The checkpoint 'C:/Users/ai770741/Documents/TP_Brost/tp2_p1/tp2_p1/hls/im_load/solution1/impl/vhdl/project.runs/bd_0_hls_inst_0_synth_1/bd_0_hls_inst_0.dcp' has been generated.
INFO: [runtcl-4] Executing : report_utilization -file bd_0_hls_inst_0_utilization_synth.rpt -pb bd_0_hls_inst_0_utilization_synth.pb
INFO: [Common 17-206] Exiting Vivado at Wed Oct  4 15:10:17 2023...
