#-----------------------------------------------------------
# Vivado v2018.3 (64-bit)
# SW Build 2405991 on Thu Dec  6 23:38:27 MST 2018
# IP Build 2404404 on Fri Dec  7 01:43:56 MST 2018
# Start of session at: Thu Nov 23 10:17:24 2023
# Process ID: 3396
# Current directory: C:/Users/achil/OneDrive/Documents/5A/brost/TP_brost/tp2_p1/tp2_p1
# Command line: vivado.exe -gui_launcher_event rodinguilauncherevent9036 C:\Users\achil\OneDrive\Documents\5A\brost\TP_brost\tp2_p1\tp2_p1\tp2_p1.xpr
# Log file: C:/Users/achil/OneDrive/Documents/5A/brost/TP_brost/tp2_p1/tp2_p1/vivado.log
# Journal file: C:/Users/achil/OneDrive/Documents/5A/brost/TP_brost/tp2_p1/tp2_p1\vivado.jou
#-----------------------------------------------------------
start_gui
open_project C:/Users/achil/OneDrive/Documents/5A/brost/TP_brost/tp2_p1/tp2_p1/tp2_p1.xpr
INFO: [Project 1-313] Project file moved from 'C:/Users/ai770741/Documents/TP_Brost/tp2_p1/tp2_p1' since last save.
WARNING: [filemgmt 20-922] The BXML file is of a newer version (0.39) then the current supported version (0.36).
Data could be potentially be lost
Scanning sources...
Finished scanning sources
CRITICAL WARNING: [Project 1-192] Failed to load run synth_1. Strategy Vivado Synthesis Defaults (Vivado Synthesis 2019) not recognized by Vivado. 

CRITICAL WARNING: [Project 1-192] Failed to load run impl_1. Strategy Vivado Implementation Defaults (Vivado Implementation 2019) not recognized by Vivado. 

CRITICAL WARNING: [Project 1-505] Unrecognized Option Name DcpsUptoDate
INFO: [IP_Flow 19-234] Refreshing IP repositories
INFO: [IP_Flow 19-1700] Loaded user IP repository 'c:/Users/achil/OneDrive/Documents/5A/brost/TP_brost/tp2_p1/tp2_p1/hls/im_load'.
INFO: [IP_Flow 19-1700] Loaded user IP repository 'c:/Users/achil/OneDrive/Documents/5A/brost/TP_brost/tp2_p1/tp2_p1/hls/incrust'.
INFO: [IP_Flow 19-2313] Loaded Vivado IP repository 'D:/Xillinx/Vivado/2018.3/data/ip'.
WARNING: [BD 41-1663] The design 'design_1.bd' cannot be modified due to following reason(s):
* Project is read-only. Please run 'save_project_as' before making any change to the bd-design. 

WARNING: [BD 41-1661] One or more IPs have been locked in the design 'design_1.bd'. Please run report_ip_status for more details and recommendations on how to fix this issue.
List of locked IPs:
design_1_xlconstant_5_0
design_1_clk_wiz_0_0
design_1_xlconcat_0_0
design_1_v_tc_0_0
design_1_xlslice_0_0
design_1_xlconstant_0_0
design_1_xlconstant_1_0
design_1_v_axi4s_vid_out_0_0
design_1_blk_mem_gen_0_0
design_1_jtag_axi_0_0
design_1_im_load_0_0
design_1_xlconstant_2_0
design_1_xlconstant_1_1
design_1_xlconcat_0_1
design_1_incrust_0_0

WARNING: [Project 1-231] Project 'tp2_p1.xpr' was created with a future version and may or may not perform reliably with this version of Vivado. It has been opened in read-only mode for the protection of unrecognized data. Use 'File | Save Project As...' if you wish to alter a copy of the project.
open_project: Time (s): cpu = 00:00:16 ; elapsed = 00:00:14 . Memory (MB): peak = 755.273 ; gain = 177.941
update_compile_order -fileset sources_1
exit
INFO: [Common 17-206] Exiting Vivado at Thu Nov 23 10:18:45 2023...
