INFO: [HLS 200-10] Running 'C:/Xilinx/Vivado/2019.2/bin/unwrapped/win64.o/vivado_hls.exe'
INFO: [HLS 200-10] For user 'vb' on host 'pc-vincent' (Windows NT_amd64 version 6.2) on Wed Feb 23 20:11:30 +0100 2022
INFO: [HLS 200-10] In directory 'C:/formation_hls/video_vga_7511_zed/hls'
Sourcing Tcl script 'C:/formation_hls/video_vga_7511_zed/hls/incrust/solution1/csim.tcl'
INFO: [HLS 200-10] Opening project 'C:/formation_hls/video_vga_7511_zed/hls/incrust'.
INFO: [HLS 200-10] Opening solution 'C:/formation_hls/video_vga_7511_zed/hls/incrust/solution1'.
INFO: [SYN 201-201] Setting up clock 'default' with a period of 10ns.
INFO: [HLS 200-10] Setting target device to 'xc7z020-clg484-1'
INFO: [SIM 211-2] *************** CSIM start ***************
INFO: [SIM 211-4] CSIM will launch GCC as the compiler.
   Compiling ../../../incrust_tb.cpp in debug mode
   Generating csim.exe
In file included from C:/Xilinx/Vivado/2019.2/include/floating_point_v7_0_bitacc_cmodel.h:143:0,
                 from C:/Xilinx/Vivado/2019.2/include/hls_fpo.h:186,
                 from C:/Xilinx/Vivado/2019.2/include/hls_half.h:44,
                 from C:/Xilinx/Vivado/2019.2/include/etc/ap_private.h:90,
                 from C:/Xilinx/Vivado/2019.2/include/ap_common.h:641,
                 from C:/Xilinx/Vivado/2019.2/include/ap_int.h:54,
                 from ../../../incrust_tb.cpp:1:
C:/Xilinx/Vivado/2019.2/include/gmp.h:62:0: warning: "__GMP_LIBGMP_DLL" redefined
 #define __GMP_LIBGMP_DLL  0
 
In file included from C:/Xilinx/Vivado/2019.2/include/hls_fpo.h:186:0,
                 from C:/Xilinx/Vivado/2019.2/include/hls_half.h:44,
                 from C:/Xilinx/Vivado/2019.2/include/etc/ap_private.h:90,
                 from C:/Xilinx/Vivado/2019.2/include/ap_common.h:641,
                 from C:/Xilinx/Vivado/2019.2/include/ap_int.h:54,
                 from ../../../incrust_tb.cpp:1:
C:/Xilinx/Vivado/2019.2/include/floating_point_v7_0_bitacc_cmodel.h:135:0: note: this is the location of the previous definition
 #define __GMP_LIBGMP_DLL 1
 
INFO: [SIM 211-1] CSim file generation done with 0 errors.
INFO: [SIM 211-3] *************** CSIM finish ***************
