

================================================================
== Vivado HLS Report for 'incrust'
================================================================
* Date:           Fri Dec  1 16:04:06 2023

* Version:        2019.2 (Build 2704478 on Wed Nov 06 22:10:23 MST 2019)
* Project:        incrust
* Solution:       solution1
* Product family: zynq
* Target device:  xc7z020-clg484-1


================================================================
== Performance Estimates
================================================================
+ Timing: 
    * Summary: 
    +--------+----------+----------+------------+
    |  Clock |  Target  | Estimated| Uncertainty|
    +--------+----------+----------+------------+
    |ap_clk  | 10.00 ns | 5.918 ns |   1.25 ns  |
    +--------+----------+----------+------------+

+ Latency: 
    * Summary: 
    +---------+---------+----------+----------+--------+--------+---------+
    |  Latency (cycles) |  Latency (absolute) |     Interval    | Pipeline|
    |   min   |   max   |    min   |    max   |   min  |   max  |   Type  |
    +---------+---------+----------+----------+--------+--------+---------+
    |   922561|   922561| 9.226 ms | 9.226 ms |  922561|  922561|   none  |
    +---------+---------+----------+----------+--------+--------+---------+

    + Detail: 
        * Instance: 
        N/A

        * Loop: 
        +-------------+---------+---------+----------+-----------+-----------+------+----------+
        |             |  Latency (cycles) | Iteration|  Initiation Interval  | Trip |          |
        |  Loop Name  |   min   |   max   |  Latency |  achieved |   target  | Count| Pipelined|
        +-------------+---------+---------+----------+-----------+-----------+------+----------+
        |- Loop 1     |   922560|   922560|      1922|          -|          -|   480|    no    |
        | + Loop 1.1  |     1920|     1920|         3|          -|          -|   640|    no    |
        +-------------+---------+---------+----------+-----------+-----------+------+----------+



================================================================
== Utilization Estimates
================================================================
* Summary: 
+-----------------+---------+-------+--------+-------+-----+
|       Name      | BRAM_18K| DSP48E|   FF   |  LUT  | URAM|
+-----------------+---------+-------+--------+-------+-----+
|DSP              |        -|      -|       -|      -|    -|
|Expression       |        -|      -|       0|    296|    -|
|FIFO             |        -|      -|       -|      -|    -|
|Instance         |        0|      -|     106|    168|    -|
|Memory           |        0|      -|       1|      1|    -|
|Multiplexer      |        -|      -|       -|     78|    -|
|Register         |        -|      -|     205|      -|    -|
+-----------------+---------+-------+--------+-------+-----+
|Total            |        0|      0|     312|    543|    0|
+-----------------+---------+-------+--------+-------+-----+
|Available        |      280|    220|  106400|  53200|    0|
+-----------------+---------+-------+--------+-------+-----+
|Utilization (%)  |        0|      0|   ~0   |      1|    0|
+-----------------+---------+-------+--------+-------+-----+

+ Detail: 
    * Instance: 
    +--------------------------+------------------------+---------+-------+-----+-----+-----+
    |         Instance         |         Module         | BRAM_18K| DSP48E|  FF | LUT | URAM|
    +--------------------------+------------------------+---------+-------+-----+-----+-----+
    |incrust_AXILiteS_s_axi_U  |incrust_AXILiteS_s_axi  |        0|      0|  106|  168|    0|
    +--------------------------+------------------------+---------+-------+-----+-----+-----+
    |Total                     |                        |        0|      0|  106|  168|    0|
    +--------------------------+------------------------+---------+-------+-----+-----+-----+

    * DSP48E: 
    N/A

    * Memory: 
    +-----------+-----------------+---------+---+----+-----+------+-----+------+-------------+
    |   Memory  |      Module     | BRAM_18K| FF| LUT| URAM| Words| Bits| Banks| W*Bits*Banks|
    +-----------+-----------------+---------+---+----+-----+------+-----+------+-------------+
    |balle_V_U  |incrust_balle_V  |        0|  1|   1|    0|    64|    1|     1|           64|
    +-----------+-----------------+---------+---+----+-----+------+-----+------+-------------+
    |Total      |                 |        0|  1|   1|    0|    64|    1|     1|           64|
    +-----------+-----------------+---------+---+----+-----+------+-----+------+-------------+

    * FIFO: 
    N/A

    * Expression: 
    +------------------------+----------+-------+---+----+------------+------------+
    |      Variable Name     | Operation| DSP48E| FF| LUT| Bitwidth P0| Bitwidth P1|
    +------------------------+----------+-------+---+----+------------+------------+
    |add_ln25_1_fu_188_p2    |     +    |      0|  0|  39|          32|           4|
    |add_ln25_fu_182_p2      |     +    |      0|  0|  39|          32|           4|
    |i_fu_209_p2             |     +    |      0|  0|  15|           9|           1|
    |j_fu_247_p2             |     +    |      0|  0|  14|          10|           1|
    |pixel_fu_288_p2         |     +    |      0|  0|  39|           1|          32|
    |and_ln25_1_fu_231_p2    |    and   |      0|  0|   2|           1|           1|
    |and_ln25_2_fu_278_p2    |    and   |      0|  0|   2|           1|           1|
    |and_ln25_fu_272_p2      |    and   |      0|  0|   2|           1|           1|
    |icmp_ln20_fu_203_p2     |   icmp   |      0|  0|  13|           9|           7|
    |icmp_ln22_fu_241_p2     |   icmp   |      0|  0|  13|          10|          10|
    |icmp_ln25_1_fu_226_p2   |   icmp   |      0|  0|  18|          32|          32|
    |icmp_ln25_2_fu_256_p2   |   icmp   |      0|  0|  18|          32|          32|
    |icmp_ln25_3_fu_267_p2   |   icmp   |      0|  0|  18|          32|          32|
    |icmp_ln25_fu_215_p2     |   icmp   |      0|  0|  18|          32|          32|
    |m_axis_video_TDATA_int  |  select  |      0|  0|   8|           1|           8|
    |pixel_2_fu_294_p3       |  select  |      0|  0|  32|           1|          32|
    |select_ln321_fu_341_p3  |  select  |      0|  0|   2|           1|           2|
    |xor_ln25_1_fu_261_p2    |    xor   |      0|  0|   2|           1|           2|
    |xor_ln25_fu_220_p2      |    xor   |      0|  0|   2|           1|           2|
    +------------------------+----------+-------+---+----+------------+------------+
    |Total                   |          |      0|  0| 296|         239|         236|
    +------------------------+----------+-------+---+----+------------+------------+

    * Multiplexer: 
    +--------------------------+----+-----------+-----+-----------+
    |           Name           | LUT| Input Size| Bits| Total Bits|
    +--------------------------+----+-----------+-----+-----------+
    |ap_NS_fsm                 |  33|          6|    1|          6|
    |i_0_reg_160               |   9|          2|    9|         18|
    |j_0_reg_171               |   9|          2|   10|         20|
    |m_axis_video_TDATA_blk_n  |   9|          2|    1|          2|
    |pixel_1_fu_88             |   9|          2|   32|         64|
    |s_axis_video_TDATA_blk_n  |   9|          2|    1|          2|
    +--------------------------+----+-----------+-----+-----------+
    |Total                     |  78|         16|   54|        112|
    +--------------------------+----+-----------+-----+-----------+

    * Register: 
    +----------------------+----+----+-----+-----------+
    |         Name         | FF | LUT| Bits| Const Bits|
    +----------------------+----+----+-----+-----------+
    |add_ln25_1_reg_379    |  32|   0|   32|          0|
    |add_ln25_reg_374      |  32|   0|   32|          0|
    |and_ln25_1_reg_392    |   1|   0|    1|          0|
    |and_ln25_2_reg_405    |   1|   0|    1|          0|
    |ap_CS_fsm             |   5|   0|    5|          0|
    |i_0_reg_160           |   9|   0|    9|          0|
    |i_reg_387             |   9|   0|    9|          0|
    |j_0_reg_171           |  10|   0|   10|          0|
    |j_reg_400             |  10|   0|   10|          0|
    |pixel_1_fu_88         |  32|   0|   32|          0|
    |start_x_read_reg_369  |  32|   0|   32|          0|
    |start_y_read_reg_364  |  32|   0|   32|          0|
    +----------------------+----+----+-----+-----------+
    |Total                 | 205|   0|  205|          0|
    +----------------------+----+----+-----+-----------+



================================================================
== Interface
================================================================
* Summary: 
+------------------------+-----+-----+------------+-----------------------+--------------+
|        RTL Ports       | Dir | Bits|  Protocol  |     Source Object     |    C Type    |
+------------------------+-----+-----+------------+-----------------------+--------------+
|s_axi_AXILiteS_AWVALID  |  in |    1|    s_axi   |        AXILiteS       |    scalar    |
|s_axi_AXILiteS_AWREADY  | out |    1|    s_axi   |        AXILiteS       |    scalar    |
|s_axi_AXILiteS_AWADDR   |  in |    5|    s_axi   |        AXILiteS       |    scalar    |
|s_axi_AXILiteS_WVALID   |  in |    1|    s_axi   |        AXILiteS       |    scalar    |
|s_axi_AXILiteS_WREADY   | out |    1|    s_axi   |        AXILiteS       |    scalar    |
|s_axi_AXILiteS_WDATA    |  in |   32|    s_axi   |        AXILiteS       |    scalar    |
|s_axi_AXILiteS_WSTRB    |  in |    4|    s_axi   |        AXILiteS       |    scalar    |
|s_axi_AXILiteS_ARVALID  |  in |    1|    s_axi   |        AXILiteS       |    scalar    |
|s_axi_AXILiteS_ARREADY  | out |    1|    s_axi   |        AXILiteS       |    scalar    |
|s_axi_AXILiteS_ARADDR   |  in |    5|    s_axi   |        AXILiteS       |    scalar    |
|s_axi_AXILiteS_RVALID   | out |    1|    s_axi   |        AXILiteS       |    scalar    |
|s_axi_AXILiteS_RREADY   |  in |    1|    s_axi   |        AXILiteS       |    scalar    |
|s_axi_AXILiteS_RDATA    | out |   32|    s_axi   |        AXILiteS       |    scalar    |
|s_axi_AXILiteS_RRESP    | out |    2|    s_axi   |        AXILiteS       |    scalar    |
|s_axi_AXILiteS_BVALID   | out |    1|    s_axi   |        AXILiteS       |    scalar    |
|s_axi_AXILiteS_BREADY   |  in |    1|    s_axi   |        AXILiteS       |    scalar    |
|s_axi_AXILiteS_BRESP    | out |    2|    s_axi   |        AXILiteS       |    scalar    |
|ap_clk                  |  in |    1| ap_ctrl_hs |        incrust        | return value |
|ap_rst_n                |  in |    1| ap_ctrl_hs |        incrust        | return value |
|ap_start                |  in |    1| ap_ctrl_hs |        incrust        | return value |
|ap_done                 | out |    1| ap_ctrl_hs |        incrust        | return value |
|ap_idle                 | out |    1| ap_ctrl_hs |        incrust        | return value |
|ap_ready                | out |    1| ap_ctrl_hs |        incrust        | return value |
|s_axis_video_TDATA      |  in |    8|    axis    | s_axis_video_V_data_V |    pointer   |
|s_axis_video_TVALID     |  in |    1|    axis    | s_axis_video_V_dest_V |    pointer   |
|s_axis_video_TREADY     | out |    1|    axis    | s_axis_video_V_dest_V |    pointer   |
|s_axis_video_TDEST      |  in |    1|    axis    | s_axis_video_V_dest_V |    pointer   |
|s_axis_video_TKEEP      |  in |    1|    axis    | s_axis_video_V_keep_V |    pointer   |
|s_axis_video_TSTRB      |  in |    1|    axis    | s_axis_video_V_strb_V |    pointer   |
|s_axis_video_TUSER      |  in |    1|    axis    | s_axis_video_V_user_V |    pointer   |
|s_axis_video_TLAST      |  in |    1|    axis    | s_axis_video_V_last_V |    pointer   |
|s_axis_video_TID        |  in |    1|    axis    |  s_axis_video_V_id_V  |    pointer   |
|m_axis_video_TDATA      | out |    8|    axis    | m_axis_video_V_data_V |    pointer   |
|m_axis_video_TVALID     | out |    1|    axis    | m_axis_video_V_dest_V |    pointer   |
|m_axis_video_TREADY     |  in |    1|    axis    | m_axis_video_V_dest_V |    pointer   |
|m_axis_video_TDEST      | out |    1|    axis    | m_axis_video_V_dest_V |    pointer   |
|m_axis_video_TKEEP      | out |    1|    axis    | m_axis_video_V_keep_V |    pointer   |
|m_axis_video_TSTRB      | out |    1|    axis    | m_axis_video_V_strb_V |    pointer   |
|m_axis_video_TUSER      | out |    1|    axis    | m_axis_video_V_user_V |    pointer   |
|m_axis_video_TLAST      | out |    1|    axis    | m_axis_video_V_last_V |    pointer   |
|m_axis_video_TID        | out |    1|    axis    |  m_axis_video_V_id_V  |    pointer   |
+------------------------+-----+-----+------------+-----------------------+--------------+

============================================================
+ Verbose Summary: Synthesis Manager
============================================================
InlineROM: 1
ExposeGlobal: 0
============================================================
+ Verbose Summary: CDFG Model
============================================================
IsTopModel: 1
ResetActiveHigh: 1
IsCombinational: 2
IsDatapathOnly: 2
HasWiredReturn: 1
HasMFsm: 0
HasVarLatency: 1
IsPipeline: 0
IsRtlPipelined: 0
IsInstanceOverlapped: 0
IsDontTouch: 0
HasImplIP: 0
IsGatedGlobalClock: 0


============================================================
+ Verbose Summary: Schedule
============================================================
* Number of FSM states : 5
* Pipeline : 0
* Dataflow Pipeline: 0

* FSM state transitions: 
1 --> 2 
2 --> 3 
3 --> 4 2 
4 --> 5 
5 --> 3 

* FSM state operations: 

State 1 <SV = 0> <Delay = 3.55>
ST_1 : Operation 6 [1/1] (0.00ns)   --->   "%pixel_1 = alloca i32"   --->   Operation 6 'alloca' 'pixel_1' <Predicate = true> <Delay = 0.00>
ST_1 : Operation 7 [1/1] (0.00ns)   --->   "call void (...)* @_ssdm_op_SpecBitsMap(i8* %s_axis_video_V_data_V), !map !43"   --->   Operation 7 'specbitsmap' <Predicate = true> <Delay = 0.00>
ST_1 : Operation 8 [1/1] (0.00ns)   --->   "call void (...)* @_ssdm_op_SpecBitsMap(i1* %s_axis_video_V_keep_V), !map !47"   --->   Operation 8 'specbitsmap' <Predicate = true> <Delay = 0.00>
ST_1 : Operation 9 [1/1] (0.00ns)   --->   "call void (...)* @_ssdm_op_SpecBitsMap(i1* %s_axis_video_V_strb_V), !map !51"   --->   Operation 9 'specbitsmap' <Predicate = true> <Delay = 0.00>
ST_1 : Operation 10 [1/1] (0.00ns)   --->   "call void (...)* @_ssdm_op_SpecBitsMap(i1* %s_axis_video_V_user_V), !map !55"   --->   Operation 10 'specbitsmap' <Predicate = true> <Delay = 0.00>
ST_1 : Operation 11 [1/1] (0.00ns)   --->   "call void (...)* @_ssdm_op_SpecBitsMap(i1* %s_axis_video_V_last_V), !map !59"   --->   Operation 11 'specbitsmap' <Predicate = true> <Delay = 0.00>
ST_1 : Operation 12 [1/1] (0.00ns)   --->   "call void (...)* @_ssdm_op_SpecBitsMap(i1* %s_axis_video_V_id_V), !map !63"   --->   Operation 12 'specbitsmap' <Predicate = true> <Delay = 0.00>
ST_1 : Operation 13 [1/1] (0.00ns)   --->   "call void (...)* @_ssdm_op_SpecBitsMap(i1* %s_axis_video_V_dest_V), !map !67"   --->   Operation 13 'specbitsmap' <Predicate = true> <Delay = 0.00>
ST_1 : Operation 14 [1/1] (0.00ns)   --->   "call void (...)* @_ssdm_op_SpecBitsMap(i8* %m_axis_video_V_data_V), !map !71"   --->   Operation 14 'specbitsmap' <Predicate = true> <Delay = 0.00>
ST_1 : Operation 15 [1/1] (0.00ns)   --->   "call void (...)* @_ssdm_op_SpecBitsMap(i1* %m_axis_video_V_keep_V), !map !75"   --->   Operation 15 'specbitsmap' <Predicate = true> <Delay = 0.00>
ST_1 : Operation 16 [1/1] (0.00ns)   --->   "call void (...)* @_ssdm_op_SpecBitsMap(i1* %m_axis_video_V_strb_V), !map !79"   --->   Operation 16 'specbitsmap' <Predicate = true> <Delay = 0.00>
ST_1 : Operation 17 [1/1] (0.00ns)   --->   "call void (...)* @_ssdm_op_SpecBitsMap(i1* %m_axis_video_V_user_V), !map !83"   --->   Operation 17 'specbitsmap' <Predicate = true> <Delay = 0.00>
ST_1 : Operation 18 [1/1] (0.00ns)   --->   "call void (...)* @_ssdm_op_SpecBitsMap(i1* %m_axis_video_V_last_V), !map !87"   --->   Operation 18 'specbitsmap' <Predicate = true> <Delay = 0.00>
ST_1 : Operation 19 [1/1] (0.00ns)   --->   "call void (...)* @_ssdm_op_SpecBitsMap(i1* %m_axis_video_V_id_V), !map !91"   --->   Operation 19 'specbitsmap' <Predicate = true> <Delay = 0.00>
ST_1 : Operation 20 [1/1] (0.00ns)   --->   "call void (...)* @_ssdm_op_SpecBitsMap(i1* %m_axis_video_V_dest_V), !map !95"   --->   Operation 20 'specbitsmap' <Predicate = true> <Delay = 0.00>
ST_1 : Operation 21 [1/1] (0.00ns)   --->   "call void (...)* @_ssdm_op_SpecBitsMap(i32 %start_x), !map !99"   --->   Operation 21 'specbitsmap' <Predicate = true> <Delay = 0.00>
ST_1 : Operation 22 [1/1] (0.00ns)   --->   "call void (...)* @_ssdm_op_SpecBitsMap(i32 %start_y), !map !105"   --->   Operation 22 'specbitsmap' <Predicate = true> <Delay = 0.00>
ST_1 : Operation 23 [1/1] (0.00ns)   --->   "call void (...)* @_ssdm_op_SpecTopModule([8 x i8]* @incrust_str) nounwind"   --->   Operation 23 'spectopmodule' <Predicate = true> <Delay = 0.00>
ST_1 : Operation 24 [1/1] (1.00ns)   --->   "%start_y_read = call i32 @_ssdm_op_Read.s_axilite.i32(i32 %start_y)"   --->   Operation 24 'read' 'start_y_read' <Predicate = true> <Delay = 1.00> <Core = "s_axilite">   --->   Core 10 's_axilite' <Latency = 0> <II = 1> <Delay = 1.00> <Adapter> <Opcode : 'read' 'write'>
ST_1 : Operation 25 [1/1] (1.00ns)   --->   "%start_x_read = call i32 @_ssdm_op_Read.s_axilite.i32(i32 %start_x)"   --->   Operation 25 'read' 'start_x_read' <Predicate = true> <Delay = 1.00> <Core = "s_axilite">   --->   Core 10 's_axilite' <Latency = 0> <II = 1> <Delay = 1.00> <Adapter> <Opcode : 'read' 'write'>
ST_1 : Operation 26 [1/1] (0.00ns)   --->   "call void (...)* @_ssdm_op_SpecInterface(i32 %start_x, [10 x i8]* @p_str, i32 0, i32 0, [1 x i8]* @p_str2, i32 0, i32 0, [1 x i8]* @p_str2, [1 x i8]* @p_str2, [1 x i8]* @p_str2, i32 0, i32 0, i32 0, i32 0, [1 x i8]* @p_str2, [1 x i8]* @p_str2) nounwind" [incrust/incrust.cpp:14]   --->   Operation 26 'specinterface' <Predicate = true> <Delay = 0.00>
ST_1 : Operation 27 [1/1] (0.00ns)   --->   "call void (...)* @_ssdm_op_SpecInterface(i32 %start_y, [10 x i8]* @p_str, i32 0, i32 0, [1 x i8]* @p_str2, i32 0, i32 0, [1 x i8]* @p_str2, [1 x i8]* @p_str2, [1 x i8]* @p_str2, i32 0, i32 0, i32 0, i32 0, [1 x i8]* @p_str2, [1 x i8]* @p_str2) nounwind" [incrust/incrust.cpp:15]   --->   Operation 27 'specinterface' <Predicate = true> <Delay = 0.00>
ST_1 : Operation 28 [1/1] (0.00ns)   --->   "call void (...)* @_ssdm_op_SpecInterface(i8* %s_axis_video_V_data_V, i1* %s_axis_video_V_keep_V, i1* %s_axis_video_V_strb_V, i1* %s_axis_video_V_user_V, i1* %s_axis_video_V_last_V, i1* %s_axis_video_V_id_V, i1* %s_axis_video_V_dest_V, [5 x i8]* @p_str3, i32 1, i32 1, [5 x i8]* @p_str4, i32 0, i32 0, [1 x i8]* @p_str2, [1 x i8]* @p_str2, [1 x i8]* @p_str2, i32 0, i32 0, i32 0, i32 0, [1 x i8]* @p_str2, [1 x i8]* @p_str2) nounwind" [incrust/incrust.cpp:16]   --->   Operation 28 'specinterface' <Predicate = true> <Delay = 0.00>
ST_1 : Operation 29 [1/1] (0.00ns)   --->   "call void (...)* @_ssdm_op_SpecInterface(i8* %m_axis_video_V_data_V, i1* %m_axis_video_V_keep_V, i1* %m_axis_video_V_strb_V, i1* %m_axis_video_V_user_V, i1* %m_axis_video_V_last_V, i1* %m_axis_video_V_id_V, i1* %m_axis_video_V_dest_V, [5 x i8]* @p_str3, i32 1, i32 1, [5 x i8]* @p_str4, i32 0, i32 0, [1 x i8]* @p_str2, [1 x i8]* @p_str2, [1 x i8]* @p_str2, i32 0, i32 0, i32 0, i32 0, [1 x i8]* @p_str2, [1 x i8]* @p_str2) nounwind" [incrust/incrust.cpp:17]   --->   Operation 29 'specinterface' <Predicate = true> <Delay = 0.00>
ST_1 : Operation 30 [1/1] (2.55ns)   --->   "%add_ln25 = add nsw i32 %start_x_read, 8" [incrust/incrust.cpp:25]   --->   Operation 30 'add' 'add_ln25' <Predicate = true> <Delay = 2.55> <Core = "AddSub">   --->   Core 14 'AddSub' <Latency = 0> <II = 1> <Delay = 2.55> <FuncUnit> <Opcode : 'add' 'sub'> <InPorts = 2> <OutPorts = 1>
ST_1 : Operation 31 [1/1] (2.55ns)   --->   "%add_ln25_1 = add nsw i32 %start_y_read, 8" [incrust/incrust.cpp:25]   --->   Operation 31 'add' 'add_ln25_1' <Predicate = true> <Delay = 2.55> <Core = "AddSub">   --->   Core 14 'AddSub' <Latency = 0> <II = 1> <Delay = 2.55> <FuncUnit> <Opcode : 'add' 'sub'> <InPorts = 2> <OutPorts = 1>
ST_1 : Operation 32 [1/1] (1.76ns)   --->   "store i32 0, i32* %pixel_1" [incrust/incrust.cpp:20]   --->   Operation 32 'store' <Predicate = true> <Delay = 1.76>
ST_1 : Operation 33 [1/1] (1.76ns)   --->   "br label %.loopexit" [incrust/incrust.cpp:20]   --->   Operation 33 'br' <Predicate = true> <Delay = 1.76>

State 2 <SV = 1> <Delay = 3.45>
ST_2 : Operation 34 [1/1] (0.00ns)   --->   "%i_0 = phi i9 [ 0, %0 ], [ %i, %.loopexit.loopexit ]"   --->   Operation 34 'phi' 'i_0' <Predicate = true> <Delay = 0.00>
ST_2 : Operation 35 [1/1] (0.00ns)   --->   "%zext_ln20 = zext i9 %i_0 to i32" [incrust/incrust.cpp:20]   --->   Operation 35 'zext' 'zext_ln20' <Predicate = true> <Delay = 0.00>
ST_2 : Operation 36 [1/1] (1.66ns)   --->   "%icmp_ln20 = icmp eq i9 %i_0, -32" [incrust/incrust.cpp:20]   --->   Operation 36 'icmp' 'icmp_ln20' <Predicate = true> <Delay = 1.66> <Core = "Cmp">   --->   Core 25 'Cmp' <Latency = 0> <II = 1> <Delay = 2.47> <FuncUnit> <Opcode : 'icmp'> <InPorts = 2> <OutPorts = 1>
ST_2 : Operation 37 [1/1] (0.00ns)   --->   "%empty = call i32 (...)* @_ssdm_op_SpecLoopTripCount(i64 480, i64 480, i64 480)"   --->   Operation 37 'speclooptripcount' 'empty' <Predicate = true> <Delay = 0.00>
ST_2 : Operation 38 [1/1] (1.82ns)   --->   "%i = add i9 %i_0, 1" [incrust/incrust.cpp:20]   --->   Operation 38 'add' 'i' <Predicate = true> <Delay = 1.82> <Core = "AddSub">   --->   Core 14 'AddSub' <Latency = 0> <II = 1> <Delay = 2.55> <FuncUnit> <Opcode : 'add' 'sub'> <InPorts = 2> <OutPorts = 1>
ST_2 : Operation 39 [1/1] (0.00ns)   --->   "br i1 %icmp_ln20, label %1, label %.preheader.preheader" [incrust/incrust.cpp:20]   --->   Operation 39 'br' <Predicate = true> <Delay = 0.00>
ST_2 : Operation 40 [1/1] (2.47ns)   --->   "%icmp_ln25 = icmp slt i32 %zext_ln20, %start_y_read" [incrust/incrust.cpp:25]   --->   Operation 40 'icmp' 'icmp_ln25' <Predicate = (!icmp_ln20)> <Delay = 2.47> <Core = "Cmp">   --->   Core 25 'Cmp' <Latency = 0> <II = 1> <Delay = 2.47> <FuncUnit> <Opcode : 'icmp'> <InPorts = 2> <OutPorts = 1>
ST_2 : Operation 41 [1/1] (0.00ns) (grouped into LUT with out node and_ln25_1)   --->   "%xor_ln25 = xor i1 %icmp_ln25, true" [incrust/incrust.cpp:25]   --->   Operation 41 'xor' 'xor_ln25' <Predicate = (!icmp_ln20)> <Delay = 0.00> <Core = "LogicGate">   --->   Core 27 'LogicGate' <Latency = 0> <II = 1> <Delay = 0.97> <FuncUnit> <Opcode : 'and' 'or' 'xor'> <InPorts = 2> <OutPorts = 1>
ST_2 : Operation 42 [1/1] (2.47ns)   --->   "%icmp_ln25_1 = icmp slt i32 %zext_ln20, %add_ln25_1" [incrust/incrust.cpp:25]   --->   Operation 42 'icmp' 'icmp_ln25_1' <Predicate = (!icmp_ln20)> <Delay = 2.47> <Core = "Cmp">   --->   Core 25 'Cmp' <Latency = 0> <II = 1> <Delay = 2.47> <FuncUnit> <Opcode : 'icmp'> <InPorts = 2> <OutPorts = 1>
ST_2 : Operation 43 [1/1] (0.97ns) (out node of the LUT)   --->   "%and_ln25_1 = and i1 %xor_ln25, %icmp_ln25_1" [incrust/incrust.cpp:25]   --->   Operation 43 'and' 'and_ln25_1' <Predicate = (!icmp_ln20)> <Delay = 0.97> <Core = "LogicGate">   --->   Core 27 'LogicGate' <Latency = 0> <II = 1> <Delay = 0.97> <FuncUnit> <Opcode : 'and' 'or' 'xor'> <InPorts = 2> <OutPorts = 1>
ST_2 : Operation 44 [1/1] (1.76ns)   --->   "br label %.preheader" [incrust/incrust.cpp:22]   --->   Operation 44 'br' <Predicate = (!icmp_ln20)> <Delay = 1.76>
ST_2 : Operation 45 [1/1] (0.00ns)   --->   "ret void" [incrust/incrust.cpp:32]   --->   Operation 45 'ret' <Predicate = (icmp_ln20)> <Delay = 0.00>

State 3 <SV = 2> <Delay = 5.91>
ST_3 : Operation 46 [1/1] (0.00ns)   --->   "%j_0 = phi i10 [ %j, %_ifconv ], [ 0, %.preheader.preheader ]"   --->   Operation 46 'phi' 'j_0' <Predicate = true> <Delay = 0.00>
ST_3 : Operation 47 [1/1] (0.00ns)   --->   "%zext_ln22 = zext i10 %j_0 to i32" [incrust/incrust.cpp:22]   --->   Operation 47 'zext' 'zext_ln22' <Predicate = true> <Delay = 0.00>
ST_3 : Operation 48 [1/1] (1.77ns)   --->   "%icmp_ln22 = icmp eq i10 %j_0, -384" [incrust/incrust.cpp:22]   --->   Operation 48 'icmp' 'icmp_ln22' <Predicate = true> <Delay = 1.77> <Core = "Cmp">   --->   Core 25 'Cmp' <Latency = 0> <II = 1> <Delay = 2.47> <FuncUnit> <Opcode : 'icmp'> <InPorts = 2> <OutPorts = 1>
ST_3 : Operation 49 [1/1] (0.00ns)   --->   "%empty_3 = call i32 (...)* @_ssdm_op_SpecLoopTripCount(i64 640, i64 640, i64 640)"   --->   Operation 49 'speclooptripcount' 'empty_3' <Predicate = true> <Delay = 0.00>
ST_3 : Operation 50 [1/1] (1.73ns)   --->   "%j = add i10 %j_0, 1" [incrust/incrust.cpp:22]   --->   Operation 50 'add' 'j' <Predicate = true> <Delay = 1.73> <Core = "AddSub">   --->   Core 14 'AddSub' <Latency = 0> <II = 1> <Delay = 2.55> <FuncUnit> <Opcode : 'add' 'sub'> <InPorts = 2> <OutPorts = 1>
ST_3 : Operation 51 [1/1] (0.00ns)   --->   "br i1 %icmp_ln22, label %.loopexit.loopexit, label %_ifconv" [incrust/incrust.cpp:22]   --->   Operation 51 'br' <Predicate = true> <Delay = 0.00>
ST_3 : Operation 52 [1/1] (0.00ns)   --->   "%pixel_1_load = load i32* %pixel_1" [incrust/incrust.cpp:27]   --->   Operation 52 'load' 'pixel_1_load' <Predicate = (!icmp_ln22)> <Delay = 0.00>
ST_3 : Operation 53 [1/1] (2.47ns)   --->   "%icmp_ln25_2 = icmp slt i32 %zext_ln22, %start_x_read" [incrust/incrust.cpp:25]   --->   Operation 53 'icmp' 'icmp_ln25_2' <Predicate = (!icmp_ln22)> <Delay = 2.47> <Core = "Cmp">   --->   Core 25 'Cmp' <Latency = 0> <II = 1> <Delay = 2.47> <FuncUnit> <Opcode : 'icmp'> <InPorts = 2> <OutPorts = 1>
ST_3 : Operation 54 [1/1] (0.00ns) (grouped into LUT with out node and_ln25_2)   --->   "%xor_ln25_1 = xor i1 %icmp_ln25_2, true" [incrust/incrust.cpp:25]   --->   Operation 54 'xor' 'xor_ln25_1' <Predicate = (!icmp_ln22)> <Delay = 0.00> <Core = "LogicGate">   --->   Core 27 'LogicGate' <Latency = 0> <II = 1> <Delay = 0.97> <FuncUnit> <Opcode : 'and' 'or' 'xor'> <InPorts = 2> <OutPorts = 1>
ST_3 : Operation 55 [1/1] (2.47ns)   --->   "%icmp_ln25_3 = icmp slt i32 %zext_ln22, %add_ln25" [incrust/incrust.cpp:25]   --->   Operation 55 'icmp' 'icmp_ln25_3' <Predicate = (!icmp_ln22)> <Delay = 2.47> <Core = "Cmp">   --->   Core 25 'Cmp' <Latency = 0> <II = 1> <Delay = 2.47> <FuncUnit> <Opcode : 'icmp'> <InPorts = 2> <OutPorts = 1>
ST_3 : Operation 56 [1/1] (0.00ns) (grouped into LUT with out node and_ln25_2)   --->   "%and_ln25 = and i1 %xor_ln25_1, %icmp_ln25_3" [incrust/incrust.cpp:25]   --->   Operation 56 'and' 'and_ln25' <Predicate = (!icmp_ln22)> <Delay = 0.00> <Core = "LogicGate">   --->   Core 27 'LogicGate' <Latency = 0> <II = 1> <Delay = 0.97> <FuncUnit> <Opcode : 'and' 'or' 'xor'> <InPorts = 2> <OutPorts = 1>
ST_3 : Operation 57 [1/1] (0.97ns) (out node of the LUT)   --->   "%and_ln25_2 = and i1 %and_ln25_1, %and_ln25" [incrust/incrust.cpp:25]   --->   Operation 57 'and' 'and_ln25_2' <Predicate = (!icmp_ln22)> <Delay = 0.97> <Core = "LogicGate">   --->   Core 27 'LogicGate' <Latency = 0> <II = 1> <Delay = 0.97> <FuncUnit> <Opcode : 'and' 'or' 'xor'> <InPorts = 2> <OutPorts = 1>
ST_3 : Operation 58 [1/1] (0.00ns)   --->   "%sext_ln26 = sext i32 %pixel_1_load to i64" [incrust/incrust.cpp:26]   --->   Operation 58 'sext' 'sext_ln26' <Predicate = (!icmp_ln22)> <Delay = 0.00>
ST_3 : Operation 59 [1/1] (0.00ns)   --->   "%balle_V_addr = getelementptr [64 x i1]* @balle_V, i64 0, i64 %sext_ln26" [incrust/incrust.cpp:26]   --->   Operation 59 'getelementptr' 'balle_V_addr' <Predicate = (!icmp_ln22)> <Delay = 0.00>
ST_3 : Operation 60 [2/2] (3.25ns)   --->   "%video_data_V_1 = load i1* %balle_V_addr, align 1" [incrust/incrust.cpp:26]   --->   Operation 60 'load' 'video_data_V_1' <Predicate = (!icmp_ln22)> <Delay = 3.25> <Core = "ROM_nP">   --->   Core 52 'ROM_nP' <Latency = 1> <II = 1> <Delay = 3.25> <Storage> <Opcode : 'load'> <Ports = 0> <Width = 1> <Depth = 64> <ROM>
ST_3 : Operation 61 [1/1] (2.55ns)   --->   "%pixel = add nsw i32 1, %pixel_1_load" [incrust/incrust.cpp:27]   --->   Operation 61 'add' 'pixel' <Predicate = (!icmp_ln22)> <Delay = 2.55> <Core = "AddSub">   --->   Core 14 'AddSub' <Latency = 0> <II = 1> <Delay = 2.55> <FuncUnit> <Opcode : 'add' 'sub'> <InPorts = 2> <OutPorts = 1>
ST_3 : Operation 62 [1/1] (0.69ns)   --->   "%pixel_2 = select i1 %and_ln25_2, i32 %pixel, i32 %pixel_1_load" [incrust/incrust.cpp:25]   --->   Operation 62 'select' 'pixel_2' <Predicate = (!icmp_ln22)> <Delay = 0.69> <Core = "Sel">   --->   Core 26 'Sel' <Latency = 0> <II = 1> <Delay = 0.99> <FuncUnit> <Opcode : 'select'> <InPorts = 3> <OutPorts = 1>
ST_3 : Operation 63 [1/1] (1.76ns)   --->   "store i32 %pixel_2, i32* %pixel_1" [incrust/incrust.cpp:22]   --->   Operation 63 'store' <Predicate = (!icmp_ln22)> <Delay = 1.76>
ST_3 : Operation 64 [1/1] (0.00ns)   --->   "br label %.loopexit"   --->   Operation 64 'br' <Predicate = (icmp_ln22)> <Delay = 0.00>

State 4 <SV = 3> <Delay = 4.50>
ST_4 : Operation 65 [1/1] (0.00ns)   --->   "%empty_4 = call { i8, i1, i1, i1, i1, i1, i1 } @_ssdm_op_Read.axis.volatile.i8P.i1P.i1P.i1P.i1P.i1P.i1P(i8* %s_axis_video_V_data_V, i1* %s_axis_video_V_keep_V, i1* %s_axis_video_V_strb_V, i1* %s_axis_video_V_user_V, i1* %s_axis_video_V_last_V, i1* %s_axis_video_V_id_V, i1* %s_axis_video_V_dest_V)" [incrust/incrust.cpp:24]   --->   Operation 65 'read' 'empty_4' <Predicate = true> <Delay = 0.00> <Core = "AXI4Stream">   --->   Core 5 'AXI4Stream' <Latency = 0> <II = 1> <Delay = 1.00> <Adapter> <Opcode : >
ST_4 : Operation 66 [1/1] (0.00ns) (grouped into LUT with out node video_data_V)   --->   "%tmp_data_V_1 = extractvalue { i8, i1, i1, i1, i1, i1, i1 } %empty_4, 0" [incrust/incrust.cpp:24]   --->   Operation 66 'extractvalue' 'tmp_data_V_1' <Predicate = (!and_ln25_2)> <Delay = 0.00>
ST_4 : Operation 67 [1/1] (0.00ns)   --->   "%tmp_keep_V = extractvalue { i8, i1, i1, i1, i1, i1, i1 } %empty_4, 1" [incrust/incrust.cpp:24]   --->   Operation 67 'extractvalue' 'tmp_keep_V' <Predicate = true> <Delay = 0.00>
ST_4 : Operation 68 [1/1] (0.00ns)   --->   "%tmp_strb_V = extractvalue { i8, i1, i1, i1, i1, i1, i1 } %empty_4, 2" [incrust/incrust.cpp:24]   --->   Operation 68 'extractvalue' 'tmp_strb_V' <Predicate = true> <Delay = 0.00>
ST_4 : Operation 69 [1/1] (0.00ns)   --->   "%tmp_user_V = extractvalue { i8, i1, i1, i1, i1, i1, i1 } %empty_4, 3" [incrust/incrust.cpp:24]   --->   Operation 69 'extractvalue' 'tmp_user_V' <Predicate = true> <Delay = 0.00>
ST_4 : Operation 70 [1/1] (0.00ns)   --->   "%tmp_last_V = extractvalue { i8, i1, i1, i1, i1, i1, i1 } %empty_4, 4" [incrust/incrust.cpp:24]   --->   Operation 70 'extractvalue' 'tmp_last_V' <Predicate = true> <Delay = 0.00>
ST_4 : Operation 71 [1/1] (0.00ns)   --->   "%tmp_id_V = extractvalue { i8, i1, i1, i1, i1, i1, i1 } %empty_4, 5" [incrust/incrust.cpp:24]   --->   Operation 71 'extractvalue' 'tmp_id_V' <Predicate = true> <Delay = 0.00>
ST_4 : Operation 72 [1/1] (0.00ns)   --->   "%tmp_dest_V = extractvalue { i8, i1, i1, i1, i1, i1, i1 } %empty_4, 6" [incrust/incrust.cpp:24]   --->   Operation 72 'extractvalue' 'tmp_dest_V' <Predicate = true> <Delay = 0.00>
ST_4 : Operation 73 [1/2] (3.25ns)   --->   "%video_data_V_1 = load i1* %balle_V_addr, align 1" [incrust/incrust.cpp:26]   --->   Operation 73 'load' 'video_data_V_1' <Predicate = true> <Delay = 3.25> <Core = "ROM_nP">   --->   Core 52 'ROM_nP' <Latency = 1> <II = 1> <Delay = 3.25> <Storage> <Opcode : 'load'> <Ports = 0> <Width = 1> <Depth = 64> <ROM>
ST_4 : Operation 74 [1/1] (0.00ns) (grouped into LUT with out node video_data_V)   --->   "%select_ln321 = select i1 %video_data_V_1, i8 -1, i8 0" [incrust/incrust.cpp:26]   --->   Operation 74 'select' 'select_ln321' <Predicate = (and_ln25_2)> <Delay = 0.00> <Core = "Sel">   --->   Core 26 'Sel' <Latency = 0> <II = 1> <Delay = 0.99> <FuncUnit> <Opcode : 'select'> <InPorts = 3> <OutPorts = 1>
ST_4 : Operation 75 [1/1] (1.24ns) (out node of the LUT)   --->   "%video_data_V = select i1 %and_ln25_2, i8 %select_ln321, i8 %tmp_data_V_1" [incrust/incrust.cpp:25]   --->   Operation 75 'select' 'video_data_V' <Predicate = true> <Delay = 1.24> <Core = "Sel">   --->   Core 26 'Sel' <Latency = 0> <II = 1> <Delay = 0.99> <FuncUnit> <Opcode : 'select'> <InPorts = 3> <OutPorts = 1>
ST_4 : Operation 76 [2/2] (0.00ns)   --->   "call void @_ssdm_op_Write.axis.volatile.i8P.i1P.i1P.i1P.i1P.i1P.i1P(i8* %m_axis_video_V_data_V, i1* %m_axis_video_V_keep_V, i1* %m_axis_video_V_strb_V, i1* %m_axis_video_V_user_V, i1* %m_axis_video_V_last_V, i1* %m_axis_video_V_id_V, i1* %m_axis_video_V_dest_V, i8 %video_data_V, i1 %tmp_keep_V, i1 %tmp_strb_V, i1 %tmp_user_V, i1 %tmp_last_V, i1 %tmp_id_V, i1 %tmp_dest_V)" [incrust/incrust.cpp:29]   --->   Operation 76 'write' <Predicate = true> <Delay = 0.00> <Core = "AXI4Stream">   --->   Core 5 'AXI4Stream' <Latency = 0> <II = 1> <Delay = 1.00> <Adapter> <Opcode : >

State 5 <SV = 4> <Delay = 0.00>
ST_5 : Operation 77 [1/2] (0.00ns)   --->   "call void @_ssdm_op_Write.axis.volatile.i8P.i1P.i1P.i1P.i1P.i1P.i1P(i8* %m_axis_video_V_data_V, i1* %m_axis_video_V_keep_V, i1* %m_axis_video_V_strb_V, i1* %m_axis_video_V_user_V, i1* %m_axis_video_V_last_V, i1* %m_axis_video_V_id_V, i1* %m_axis_video_V_dest_V, i8 %video_data_V, i1 %tmp_keep_V, i1 %tmp_strb_V, i1 %tmp_user_V, i1 %tmp_last_V, i1 %tmp_id_V, i1 %tmp_dest_V)" [incrust/incrust.cpp:29]   --->   Operation 77 'write' <Predicate = true> <Delay = 0.00> <Core = "AXI4Stream">   --->   Core 5 'AXI4Stream' <Latency = 0> <II = 1> <Delay = 1.00> <Adapter> <Opcode : >
ST_5 : Operation 78 [1/1] (0.00ns)   --->   "br label %.preheader" [incrust/incrust.cpp:22]   --->   Operation 78 'br' <Predicate = true> <Delay = 0.00>


============================================================
+ Verbose Summary: Binding
============================================================
STG Binding: 
---------------- STG Properties BEGIN ----------------
- Is combinational: 0
- Is one-state seq: 0
- Is datapath-only: 0
- Is pipelined: 0
- Is top level: 1
Port [ Return ] is wired: 1; IO mode=ap_ctrl_hs:ce=0
Port [ s_axis_video_V_data_V]:  wired=1; compound=1; hidden=0; nouse=0; global=0; static=0; extern=0; dir=0; type=0; pingpong=0; private_global=0; IO mode=axis:ce=0
Port [ s_axis_video_V_keep_V]:  wired=1; compound=1; hidden=0; nouse=0; global=0; static=0; extern=0; dir=0; type=0; pingpong=0; private_global=0; IO mode=axis:ce=0
Port [ s_axis_video_V_strb_V]:  wired=1; compound=1; hidden=0; nouse=0; global=0; static=0; extern=0; dir=0; type=0; pingpong=0; private_global=0; IO mode=axis:ce=0
Port [ s_axis_video_V_user_V]:  wired=1; compound=1; hidden=0; nouse=0; global=0; static=0; extern=0; dir=0; type=0; pingpong=0; private_global=0; IO mode=axis:ce=0
Port [ s_axis_video_V_last_V]:  wired=1; compound=1; hidden=0; nouse=0; global=0; static=0; extern=0; dir=0; type=0; pingpong=0; private_global=0; IO mode=axis:ce=0
Port [ s_axis_video_V_id_V]:  wired=1; compound=1; hidden=0; nouse=0; global=0; static=0; extern=0; dir=0; type=0; pingpong=0; private_global=0; IO mode=axis:ce=0
Port [ s_axis_video_V_dest_V]:  wired=1; compound=1; hidden=0; nouse=0; global=0; static=0; extern=0; dir=0; type=0; pingpong=0; private_global=0; IO mode=axis:ce=0
Port [ m_axis_video_V_data_V]:  wired=1; compound=1; hidden=0; nouse=0; global=0; static=0; extern=0; dir=1; type=0; pingpong=0; private_global=0; IO mode=axis:ce=0
Port [ m_axis_video_V_keep_V]:  wired=1; compound=1; hidden=0; nouse=0; global=0; static=0; extern=0; dir=1; type=0; pingpong=0; private_global=0; IO mode=axis:ce=0
Port [ m_axis_video_V_strb_V]:  wired=1; compound=1; hidden=0; nouse=0; global=0; static=0; extern=0; dir=1; type=0; pingpong=0; private_global=0; IO mode=axis:ce=0
Port [ m_axis_video_V_user_V]:  wired=1; compound=1; hidden=0; nouse=0; global=0; static=0; extern=0; dir=1; type=0; pingpong=0; private_global=0; IO mode=axis:ce=0
Port [ m_axis_video_V_last_V]:  wired=1; compound=1; hidden=0; nouse=0; global=0; static=0; extern=0; dir=1; type=0; pingpong=0; private_global=0; IO mode=axis:ce=0
Port [ m_axis_video_V_id_V]:  wired=1; compound=1; hidden=0; nouse=0; global=0; static=0; extern=0; dir=1; type=0; pingpong=0; private_global=0; IO mode=axis:ce=0
Port [ m_axis_video_V_dest_V]:  wired=1; compound=1; hidden=0; nouse=0; global=0; static=0; extern=0; dir=1; type=0; pingpong=0; private_global=0; IO mode=axis:ce=0
Port [ start_x]:  wired=1; compound=0; hidden=0; nouse=0; global=0; static=0; extern=0; dir=0; type=0; pingpong=0; private_global=0; IO mode=ap_none:ce=0
Port [ start_y]:  wired=1; compound=0; hidden=0; nouse=0; global=0; static=0; extern=0; dir=0; type=0; pingpong=0; private_global=0; IO mode=ap_none:ce=0
Port [ balle_V]:  wired=0; compound=1; hidden=1; nouse=0; global=1; static=1; extern=0; dir=0; type=1; pingpong=0; private_global=1; linkage=7; visibility=0; MemPort=[1]; IO mode=ap_memory:ce=0
---------------- STG Properties END ------------------

---------------- Datapath Model BEGIN ----------------

<LifeTime>
<method=bitvector/>
pixel_1            (alloca           ) [ 011111]
specbitsmap_ln0    (specbitsmap      ) [ 000000]
specbitsmap_ln0    (specbitsmap      ) [ 000000]
specbitsmap_ln0    (specbitsmap      ) [ 000000]
specbitsmap_ln0    (specbitsmap      ) [ 000000]
specbitsmap_ln0    (specbitsmap      ) [ 000000]
specbitsmap_ln0    (specbitsmap      ) [ 000000]
specbitsmap_ln0    (specbitsmap      ) [ 000000]
specbitsmap_ln0    (specbitsmap      ) [ 000000]
specbitsmap_ln0    (specbitsmap      ) [ 000000]
specbitsmap_ln0    (specbitsmap      ) [ 000000]
specbitsmap_ln0    (specbitsmap      ) [ 000000]
specbitsmap_ln0    (specbitsmap      ) [ 000000]
specbitsmap_ln0    (specbitsmap      ) [ 000000]
specbitsmap_ln0    (specbitsmap      ) [ 000000]
specbitsmap_ln0    (specbitsmap      ) [ 000000]
specbitsmap_ln0    (specbitsmap      ) [ 000000]
spectopmodule_ln0  (spectopmodule    ) [ 000000]
start_y_read       (read             ) [ 001111]
start_x_read       (read             ) [ 001111]
specinterface_ln14 (specinterface    ) [ 000000]
specinterface_ln15 (specinterface    ) [ 000000]
specinterface_ln16 (specinterface    ) [ 000000]
specinterface_ln17 (specinterface    ) [ 000000]
add_ln25           (add              ) [ 001111]
add_ln25_1         (add              ) [ 001111]
store_ln20         (store            ) [ 000000]
br_ln20            (br               ) [ 011111]
i_0                (phi              ) [ 001000]
zext_ln20          (zext             ) [ 000000]
icmp_ln20          (icmp             ) [ 001111]
empty              (speclooptripcount) [ 000000]
i                  (add              ) [ 011111]
br_ln20            (br               ) [ 000000]
icmp_ln25          (icmp             ) [ 000000]
xor_ln25           (xor              ) [ 000000]
icmp_ln25_1        (icmp             ) [ 000000]
and_ln25_1         (and              ) [ 000111]
br_ln22            (br               ) [ 001111]
ret_ln32           (ret              ) [ 000000]
j_0                (phi              ) [ 000100]
zext_ln22          (zext             ) [ 000000]
icmp_ln22          (icmp             ) [ 001111]
empty_3            (speclooptripcount) [ 000000]
j                  (add              ) [ 001111]
br_ln22            (br               ) [ 000000]
pixel_1_load       (load             ) [ 000000]
icmp_ln25_2        (icmp             ) [ 000000]
xor_ln25_1         (xor              ) [ 000000]
icmp_ln25_3        (icmp             ) [ 000000]
and_ln25           (and              ) [ 000000]
and_ln25_2         (and              ) [ 000010]
sext_ln26          (sext             ) [ 000000]
balle_V_addr       (getelementptr    ) [ 000010]
pixel              (add              ) [ 000000]
pixel_2            (select           ) [ 000000]
store_ln22         (store            ) [ 000000]
br_ln0             (br               ) [ 011111]
empty_4            (read             ) [ 000000]
tmp_data_V_1       (extractvalue     ) [ 000000]
tmp_keep_V         (extractvalue     ) [ 000001]
tmp_strb_V         (extractvalue     ) [ 000001]
tmp_user_V         (extractvalue     ) [ 000001]
tmp_last_V         (extractvalue     ) [ 000001]
tmp_id_V           (extractvalue     ) [ 000001]
tmp_dest_V         (extractvalue     ) [ 000001]
video_data_V_1     (load             ) [ 000000]
select_ln321       (select           ) [ 000000]
video_data_V       (select           ) [ 000001]
write_ln29         (write            ) [ 000000]
br_ln22            (br               ) [ 001111]
</LifeTime>

<model>

<comp_list>
<comp id="0" class="1000" name="s_axis_video_V_data_V">
<pin_list>
<pin id="1" dir="1" index="0" bw="1" slack="0"/>
</pin_list>
<bind>
<StgValue><ssdm name="s_axis_video_V_data_V"/></StgValue>
</bind>
</comp>

<comp id="2" class="1000" name="s_axis_video_V_keep_V">
<pin_list>
<pin id="3" dir="1" index="0" bw="1" slack="0"/>
</pin_list>
<bind>
<StgValue><ssdm name="s_axis_video_V_keep_V"/></StgValue>
</bind>
</comp>

<comp id="4" class="1000" name="s_axis_video_V_strb_V">
<pin_list>
<pin id="5" dir="1" index="0" bw="1" slack="0"/>
</pin_list>
<bind>
<StgValue><ssdm name="s_axis_video_V_strb_V"/></StgValue>
</bind>
</comp>

<comp id="6" class="1000" name="s_axis_video_V_user_V">
<pin_list>
<pin id="7" dir="1" index="0" bw="1" slack="0"/>
</pin_list>
<bind>
<StgValue><ssdm name="s_axis_video_V_user_V"/></StgValue>
</bind>
</comp>

<comp id="8" class="1000" name="s_axis_video_V_last_V">
<pin_list>
<pin id="9" dir="1" index="0" bw="1" slack="0"/>
</pin_list>
<bind>
<StgValue><ssdm name="s_axis_video_V_last_V"/></StgValue>
</bind>
</comp>

<comp id="10" class="1000" name="s_axis_video_V_id_V">
<pin_list>
<pin id="11" dir="1" index="0" bw="1" slack="0"/>
</pin_list>
<bind>
<StgValue><ssdm name="s_axis_video_V_id_V"/></StgValue>
</bind>
</comp>

<comp id="12" class="1000" name="s_axis_video_V_dest_V">
<pin_list>
<pin id="13" dir="1" index="0" bw="1" slack="0"/>
</pin_list>
<bind>
<StgValue><ssdm name="s_axis_video_V_dest_V"/></StgValue>
</bind>
</comp>

<comp id="14" class="1000" name="m_axis_video_V_data_V">
<pin_list>
<pin id="15" dir="1" index="0" bw="1" slack="0"/>
</pin_list>
<bind>
<StgValue><ssdm name="m_axis_video_V_data_V"/></StgValue>
</bind>
</comp>

<comp id="16" class="1000" name="m_axis_video_V_keep_V">
<pin_list>
<pin id="17" dir="1" index="0" bw="1" slack="0"/>
</pin_list>
<bind>
<StgValue><ssdm name="m_axis_video_V_keep_V"/></StgValue>
</bind>
</comp>

<comp id="18" class="1000" name="m_axis_video_V_strb_V">
<pin_list>
<pin id="19" dir="1" index="0" bw="1" slack="0"/>
</pin_list>
<bind>
<StgValue><ssdm name="m_axis_video_V_strb_V"/></StgValue>
</bind>
</comp>

<comp id="20" class="1000" name="m_axis_video_V_user_V">
<pin_list>
<pin id="21" dir="1" index="0" bw="1" slack="0"/>
</pin_list>
<bind>
<StgValue><ssdm name="m_axis_video_V_user_V"/></StgValue>
</bind>
</comp>

<comp id="22" class="1000" name="m_axis_video_V_last_V">
<pin_list>
<pin id="23" dir="1" index="0" bw="1" slack="0"/>
</pin_list>
<bind>
<StgValue><ssdm name="m_axis_video_V_last_V"/></StgValue>
</bind>
</comp>

<comp id="24" class="1000" name="m_axis_video_V_id_V">
<pin_list>
<pin id="25" dir="1" index="0" bw="1" slack="0"/>
</pin_list>
<bind>
<StgValue><ssdm name="m_axis_video_V_id_V"/></StgValue>
</bind>
</comp>

<comp id="26" class="1000" name="m_axis_video_V_dest_V">
<pin_list>
<pin id="27" dir="1" index="0" bw="1" slack="0"/>
</pin_list>
<bind>
<StgValue><ssdm name="m_axis_video_V_dest_V"/></StgValue>
</bind>
</comp>

<comp id="28" class="1000" name="start_x">
<pin_list>
<pin id="29" dir="1" index="0" bw="1" slack="0"/>
</pin_list>
<bind>
<StgValue><ssdm name="start_x"/></StgValue>
</bind>
</comp>

<comp id="30" class="1000" name="start_y">
<pin_list>
<pin id="31" dir="1" index="0" bw="1" slack="0"/>
</pin_list>
<bind>
<StgValue><ssdm name="start_y"/></StgValue>
</bind>
</comp>

<comp id="32" class="1000" name="balle_V">
<pin_list>
<pin id="33" dir="1" index="0" bw="1" slack="0"/>
</pin_list>
<bind>
<StgValue><ssdm name="balle_V"/><MemPortTyVec>1 </MemPortTyVec>
</StgValue>
</bind>
</comp>

<comp id="34" class="1001" name="const_34">
<pin_list>
<pin id="35" dir="1" index="0" bw="1" slack="0"/>
</pin_list>
<bind>
<StgValue><ssdm name=""/></StgValue>
</bind>
</comp>

<comp id="36" class="1001" name="const_36">
<pin_list>
<pin id="37" dir="1" index="0" bw="1" slack="2147483647"/>
</pin_list>
<bind>
<StgValue><ssdm name="_ssdm_op_SpecBitsMap"/></StgValue>
</bind>
</comp>

<comp id="38" class="1001" name="const_38">
<pin_list>
<pin id="39" dir="1" index="0" bw="1" slack="2147483647"/>
</pin_list>
<bind>
<StgValue><ssdm name="_ssdm_op_SpecTopModule"/></StgValue>
</bind>
</comp>

<comp id="40" class="1001" name="const_40">
<pin_list>
<pin id="41" dir="1" index="0" bw="1" slack="2147483647"/>
</pin_list>
<bind>
<StgValue><ssdm name="incrust_str"/></StgValue>
</bind>
</comp>

<comp id="42" class="1001" name="const_42">
<pin_list>
<pin id="43" dir="1" index="0" bw="1" slack="0"/>
</pin_list>
<bind>
<StgValue><ssdm name="_ssdm_op_Read.s_axilite.i32"/></StgValue>
</bind>
</comp>

<comp id="44" class="1001" name="const_44">
<pin_list>
<pin id="45" dir="1" index="0" bw="1" slack="2147483647"/>
</pin_list>
<bind>
<StgValue><ssdm name="_ssdm_op_SpecInterface"/></StgValue>
</bind>
</comp>

<comp id="46" class="1001" name="const_46">
<pin_list>
<pin id="47" dir="1" index="0" bw="1" slack="2147483647"/>
</pin_list>
<bind>
<StgValue><ssdm name="p_str"/></StgValue>
</bind>
</comp>

<comp id="48" class="1001" name="const_48">
<pin_list>
<pin id="49" dir="1" index="0" bw="1" slack="0"/>
</pin_list>
<bind>
<StgValue><ssdm name=""/></StgValue>
</bind>
</comp>

<comp id="50" class="1001" name="const_50">
<pin_list>
<pin id="51" dir="1" index="0" bw="1" slack="2147483647"/>
</pin_list>
<bind>
<StgValue><ssdm name="p_str2"/></StgValue>
</bind>
</comp>

<comp id="52" class="1001" name="const_52">
<pin_list>
<pin id="53" dir="1" index="0" bw="1" slack="2147483647"/>
</pin_list>
<bind>
<StgValue><ssdm name="p_str3"/></StgValue>
</bind>
</comp>

<comp id="54" class="1001" name="const_54">
<pin_list>
<pin id="55" dir="1" index="0" bw="1" slack="2147483647"/>
</pin_list>
<bind>
<StgValue><ssdm name="p_str4"/></StgValue>
</bind>
</comp>

<comp id="56" class="1001" name="const_56">
<pin_list>
<pin id="57" dir="1" index="0" bw="1" slack="0"/>
</pin_list>
<bind>
<StgValue><ssdm name=""/></StgValue>
</bind>
</comp>

<comp id="58" class="1001" name="const_58">
<pin_list>
<pin id="59" dir="1" index="0" bw="1" slack="1"/>
</pin_list>
<bind>
<StgValue><ssdm name=""/></StgValue>
</bind>
</comp>

<comp id="60" class="1001" name="const_60">
<pin_list>
<pin id="61" dir="1" index="0" bw="1" slack="0"/>
</pin_list>
<bind>
<StgValue><ssdm name=""/></StgValue>
</bind>
</comp>

<comp id="62" class="1001" name="const_62">
<pin_list>
<pin id="63" dir="1" index="0" bw="1" slack="2147483647"/>
</pin_list>
<bind>
<StgValue><ssdm name="_ssdm_op_SpecLoopTripCount"/></StgValue>
</bind>
</comp>

<comp id="64" class="1001" name="const_64">
<pin_list>
<pin id="65" dir="1" index="0" bw="1" slack="2147483647"/>
</pin_list>
<bind>
<StgValue><ssdm name=""/></StgValue>
</bind>
</comp>

<comp id="66" class="1001" name="const_66">
<pin_list>
<pin id="67" dir="1" index="0" bw="1" slack="0"/>
</pin_list>
<bind>
<StgValue><ssdm name=""/></StgValue>
</bind>
</comp>

<comp id="68" class="1001" name="const_68">
<pin_list>
<pin id="69" dir="1" index="0" bw="1" slack="0"/>
</pin_list>
<bind>
<StgValue><ssdm name=""/></StgValue>
</bind>
</comp>

<comp id="70" class="1001" name="const_70">
<pin_list>
<pin id="71" dir="1" index="0" bw="1" slack="1"/>
</pin_list>
<bind>
<StgValue><ssdm name=""/></StgValue>
</bind>
</comp>

<comp id="72" class="1001" name="const_72">
<pin_list>
<pin id="73" dir="1" index="0" bw="1" slack="0"/>
</pin_list>
<bind>
<StgValue><ssdm name=""/></StgValue>
</bind>
</comp>

<comp id="74" class="1001" name="const_74">
<pin_list>
<pin id="75" dir="1" index="0" bw="1" slack="2147483647"/>
</pin_list>
<bind>
<StgValue><ssdm name=""/></StgValue>
</bind>
</comp>

<comp id="76" class="1001" name="const_76">
<pin_list>
<pin id="77" dir="1" index="0" bw="1" slack="0"/>
</pin_list>
<bind>
<StgValue><ssdm name=""/></StgValue>
</bind>
</comp>

<comp id="78" class="1001" name="const_78">
<pin_list>
<pin id="79" dir="1" index="0" bw="1" slack="0"/>
</pin_list>
<bind>
<StgValue><ssdm name=""/></StgValue>
</bind>
</comp>

<comp id="80" class="1001" name="const_80">
<pin_list>
<pin id="81" dir="1" index="0" bw="1" slack="0"/>
</pin_list>
<bind>
<StgValue><ssdm name="_ssdm_op_Read.axis.volatile.i8P.i1P.i1P.i1P.i1P.i1P.i1P"/></StgValue>
</bind>
</comp>

<comp id="82" class="1001" name="const_82">
<pin_list>
<pin id="83" dir="1" index="0" bw="1" slack="0"/>
</pin_list>
<bind>
<StgValue><ssdm name=""/></StgValue>
</bind>
</comp>

<comp id="84" class="1001" name="const_84">
<pin_list>
<pin id="85" dir="1" index="0" bw="1" slack="0"/>
</pin_list>
<bind>
<StgValue><ssdm name=""/></StgValue>
</bind>
</comp>

<comp id="86" class="1001" name="const_86">
<pin_list>
<pin id="87" dir="1" index="0" bw="1" slack="0"/>
</pin_list>
<bind>
<StgValue><ssdm name="_ssdm_op_Write.axis.volatile.i8P.i1P.i1P.i1P.i1P.i1P.i1P"/></StgValue>
</bind>
</comp>

<comp id="88" class="1004" name="pixel_1_fu_88">
<pin_list>
<pin id="89" dir="0" index="0" bw="1" slack="0"/>
<pin id="90" dir="1" index="1" bw="32" slack="0"/>
</pin_list>
<bind>
<opcode="alloca(26) " fcode="alloca"/>
<opset="pixel_1/1 "/>
</bind>
</comp>

<comp id="92" class="1004" name="start_y_read_read_fu_92">
<pin_list>
<pin id="93" dir="0" index="0" bw="32" slack="0"/>
<pin id="94" dir="0" index="1" bw="32" slack="0"/>
<pin id="95" dir="1" index="2" bw="32" slack="0"/>
</pin_list>
<bind>
<opcode="read(1150) " fcode="read"/>
<opset="start_y_read/1 "/>
</bind>
</comp>

<comp id="98" class="1004" name="start_x_read_read_fu_98">
<pin_list>
<pin id="99" dir="0" index="0" bw="32" slack="0"/>
<pin id="100" dir="0" index="1" bw="32" slack="0"/>
<pin id="101" dir="1" index="2" bw="32" slack="0"/>
</pin_list>
<bind>
<opcode="read(1150) " fcode="read"/>
<opset="start_x_read/1 "/>
</bind>
</comp>

<comp id="104" class="1004" name="empty_4_read_fu_104">
<pin_list>
<pin id="105" dir="0" index="0" bw="14" slack="0"/>
<pin id="106" dir="0" index="1" bw="8" slack="0"/>
<pin id="107" dir="0" index="2" bw="1" slack="0"/>
<pin id="108" dir="0" index="3" bw="1" slack="0"/>
<pin id="109" dir="0" index="4" bw="1" slack="0"/>
<pin id="110" dir="0" index="5" bw="1" slack="0"/>
<pin id="111" dir="0" index="6" bw="1" slack="0"/>
<pin id="112" dir="0" index="7" bw="1" slack="0"/>
<pin id="113" dir="1" index="8" bw="14" slack="0"/>
</pin_list>
<bind>
<opcode="read(1150) " fcode="read"/>
<opset="empty_4/4 "/>
</bind>
</comp>

<comp id="122" class="1004" name="grp_write_fu_122">
<pin_list>
<pin id="123" dir="0" index="0" bw="0" slack="0"/>
<pin id="124" dir="0" index="1" bw="8" slack="0"/>
<pin id="125" dir="0" index="2" bw="1" slack="0"/>
<pin id="126" dir="0" index="3" bw="1" slack="0"/>
<pin id="127" dir="0" index="4" bw="1" slack="0"/>
<pin id="128" dir="0" index="5" bw="1" slack="0"/>
<pin id="129" dir="0" index="6" bw="1" slack="0"/>
<pin id="130" dir="0" index="7" bw="1" slack="0"/>
<pin id="131" dir="0" index="8" bw="8" slack="0"/>
<pin id="132" dir="0" index="9" bw="1" slack="0"/>
<pin id="133" dir="0" index="10" bw="1" slack="0"/>
<pin id="134" dir="0" index="11" bw="1" slack="0"/>
<pin id="135" dir="0" index="12" bw="1" slack="0"/>
<pin id="136" dir="0" index="13" bw="1" slack="0"/>
<pin id="137" dir="0" index="14" bw="1" slack="0"/>
<pin id="138" dir="1" index="15" bw="0" slack="2147483647"/>
</pin_list>
<bind>
<opcode="write(1151) " fcode="write"/>
<opset="write_ln29/4 "/>
</bind>
</comp>

<comp id="147" class="1004" name="balle_V_addr_gep_fu_147">
<pin_list>
<pin id="148" dir="0" index="0" bw="1" slack="0"/>
<pin id="149" dir="0" index="1" bw="1" slack="0"/>
<pin id="150" dir="0" index="2" bw="32" slack="0"/>
<pin id="151" dir="1" index="3" bw="6" slack="0"/>
</pin_list>
<bind>
<opcode="getelementptr(29) " fcode="getelementptr"/>
<opset="balle_V_addr/3 "/>
</bind>
</comp>

<comp id="154" class="1004" name="grp_access_fu_154">
<pin_list>
<pin id="155" dir="0" index="0" bw="6" slack="0"/>
<pin id="156" dir="0" index="1" bw="1" slack="2147483647"/>
<pin id="157" dir="0" index="2" bw="0" slack="2147483647"/>
<pin id="158" dir="1" index="3" bw="1" slack="0"/>
</pin_list>
<bind>
<opcode="load(27) " fcode="load"/>
<opset="video_data_V_1/3 "/>
</bind>
</comp>

<comp id="160" class="1005" name="i_0_reg_160">
<pin_list>
<pin id="161" dir="0" index="0" bw="9" slack="1"/>
<pin id="162" dir="1" index="1" bw="9" slack="1"/>
</pin_list>
<bind>
<opset="i_0 (phireg) "/>
</bind>
</comp>

<comp id="164" class="1004" name="i_0_phi_fu_164">
<pin_list>
<pin id="165" dir="0" index="0" bw="1" slack="1"/>
<pin id="166" dir="0" index="1" bw="0" slack="2147483647"/>
<pin id="167" dir="0" index="2" bw="9" slack="0"/>
<pin id="168" dir="0" index="3" bw="0" slack="2147483647"/>
<pin id="169" dir="1" index="4" bw="9" slack="0"/>
</pin_list>
<bind>
<opcode="phi(47) " fcode="phi"/>
<opset="i_0/2 "/>
</bind>
</comp>

<comp id="171" class="1005" name="j_0_reg_171">
<pin_list>
<pin id="172" dir="0" index="0" bw="10" slack="1"/>
<pin id="173" dir="1" index="1" bw="10" slack="1"/>
</pin_list>
<bind>
<opset="j_0 (phireg) "/>
</bind>
</comp>

<comp id="175" class="1004" name="j_0_phi_fu_175">
<pin_list>
<pin id="176" dir="0" index="0" bw="10" slack="0"/>
<pin id="177" dir="0" index="1" bw="0" slack="2147483647"/>
<pin id="178" dir="0" index="2" bw="1" slack="1"/>
<pin id="179" dir="0" index="3" bw="0" slack="2147483647"/>
<pin id="180" dir="1" index="4" bw="10" slack="0"/>
</pin_list>
<bind>
<opcode="phi(47) " fcode="phi"/>
<opset="j_0/3 "/>
</bind>
</comp>

<comp id="182" class="1004" name="add_ln25_fu_182">
<pin_list>
<pin id="183" dir="0" index="0" bw="32" slack="0"/>
<pin id="184" dir="0" index="1" bw="5" slack="0"/>
<pin id="185" dir="1" index="2" bw="32" slack="2"/>
</pin_list>
<bind>
<opcode="add(8) " fcode="add"/>
<opset="add_ln25/1 "/>
</bind>
</comp>

<comp id="188" class="1004" name="add_ln25_1_fu_188">
<pin_list>
<pin id="189" dir="0" index="0" bw="32" slack="0"/>
<pin id="190" dir="0" index="1" bw="5" slack="0"/>
<pin id="191" dir="1" index="2" bw="32" slack="1"/>
</pin_list>
<bind>
<opcode="add(8) " fcode="add"/>
<opset="add_ln25_1/1 "/>
</bind>
</comp>

<comp id="194" class="1004" name="store_ln20_store_fu_194">
<pin_list>
<pin id="195" dir="0" index="0" bw="1" slack="0"/>
<pin id="196" dir="0" index="1" bw="32" slack="0"/>
<pin id="197" dir="1" index="2" bw="0" slack="2147483647"/>
</pin_list>
<bind>
<opcode="store(28) " fcode="store"/>
<opset="store_ln20/1 "/>
</bind>
</comp>

<comp id="199" class="1004" name="zext_ln20_fu_199">
<pin_list>
<pin id="200" dir="0" index="0" bw="9" slack="0"/>
<pin id="201" dir="1" index="1" bw="32" slack="0"/>
</pin_list>
<bind>
<opcode="zext(34) " fcode="zext"/>
<opset="zext_ln20/2 "/>
</bind>
</comp>

<comp id="203" class="1004" name="icmp_ln20_fu_203">
<pin_list>
<pin id="204" dir="0" index="0" bw="9" slack="0"/>
<pin id="205" dir="0" index="1" bw="9" slack="0"/>
<pin id="206" dir="1" index="2" bw="1" slack="2147483647"/>
</pin_list>
<bind>
<opcode="icmp(45) " fcode="icmp"/>
<opset="icmp_ln20/2 "/>
</bind>
</comp>

<comp id="209" class="1004" name="i_fu_209">
<pin_list>
<pin id="210" dir="0" index="0" bw="9" slack="0"/>
<pin id="211" dir="0" index="1" bw="1" slack="0"/>
<pin id="212" dir="1" index="2" bw="9" slack="0"/>
</pin_list>
<bind>
<opcode="add(8) " fcode="add"/>
<opset="i/2 "/>
</bind>
</comp>

<comp id="215" class="1004" name="icmp_ln25_fu_215">
<pin_list>
<pin id="216" dir="0" index="0" bw="32" slack="0"/>
<pin id="217" dir="0" index="1" bw="32" slack="1"/>
<pin id="218" dir="1" index="2" bw="1" slack="0"/>
</pin_list>
<bind>
<opcode="icmp(45) " fcode="icmp"/>
<opset="icmp_ln25/2 "/>
</bind>
</comp>

<comp id="220" class="1004" name="xor_ln25_fu_220">
<pin_list>
<pin id="221" dir="0" index="0" bw="1" slack="0"/>
<pin id="222" dir="0" index="1" bw="1" slack="0"/>
<pin id="223" dir="1" index="2" bw="1" slack="0"/>
</pin_list>
<bind>
<opcode="xor(25) " fcode="xor"/>
<opset="xor_ln25/2 "/>
</bind>
</comp>

<comp id="226" class="1004" name="icmp_ln25_1_fu_226">
<pin_list>
<pin id="227" dir="0" index="0" bw="32" slack="0"/>
<pin id="228" dir="0" index="1" bw="32" slack="1"/>
<pin id="229" dir="1" index="2" bw="1" slack="0"/>
</pin_list>
<bind>
<opcode="icmp(45) " fcode="icmp"/>
<opset="icmp_ln25_1/2 "/>
</bind>
</comp>

<comp id="231" class="1004" name="and_ln25_1_fu_231">
<pin_list>
<pin id="232" dir="0" index="0" bw="1" slack="0"/>
<pin id="233" dir="0" index="1" bw="1" slack="0"/>
<pin id="234" dir="1" index="2" bw="1" slack="1"/>
</pin_list>
<bind>
<opcode="and(23) " fcode="and"/>
<opset="and_ln25_1/2 "/>
</bind>
</comp>

<comp id="237" class="1004" name="zext_ln22_fu_237">
<pin_list>
<pin id="238" dir="0" index="0" bw="10" slack="0"/>
<pin id="239" dir="1" index="1" bw="32" slack="0"/>
</pin_list>
<bind>
<opcode="zext(34) " fcode="zext"/>
<opset="zext_ln22/3 "/>
</bind>
</comp>

<comp id="241" class="1004" name="icmp_ln22_fu_241">
<pin_list>
<pin id="242" dir="0" index="0" bw="10" slack="0"/>
<pin id="243" dir="0" index="1" bw="10" slack="0"/>
<pin id="244" dir="1" index="2" bw="1" slack="2147483647"/>
</pin_list>
<bind>
<opcode="icmp(45) " fcode="icmp"/>
<opset="icmp_ln22/3 "/>
</bind>
</comp>

<comp id="247" class="1004" name="j_fu_247">
<pin_list>
<pin id="248" dir="0" index="0" bw="10" slack="0"/>
<pin id="249" dir="0" index="1" bw="1" slack="0"/>
<pin id="250" dir="1" index="2" bw="10" slack="0"/>
</pin_list>
<bind>
<opcode="add(8) " fcode="add"/>
<opset="j/3 "/>
</bind>
</comp>

<comp id="253" class="1004" name="pixel_1_load_load_fu_253">
<pin_list>
<pin id="254" dir="0" index="0" bw="32" slack="2"/>
<pin id="255" dir="1" index="1" bw="32" slack="0"/>
</pin_list>
<bind>
<opcode="load(27) " fcode="load"/>
<opset="pixel_1_load/3 "/>
</bind>
</comp>

<comp id="256" class="1004" name="icmp_ln25_2_fu_256">
<pin_list>
<pin id="257" dir="0" index="0" bw="32" slack="0"/>
<pin id="258" dir="0" index="1" bw="32" slack="2"/>
<pin id="259" dir="1" index="2" bw="1" slack="0"/>
</pin_list>
<bind>
<opcode="icmp(45) " fcode="icmp"/>
<opset="icmp_ln25_2/3 "/>
</bind>
</comp>

<comp id="261" class="1004" name="xor_ln25_1_fu_261">
<pin_list>
<pin id="262" dir="0" index="0" bw="1" slack="0"/>
<pin id="263" dir="0" index="1" bw="1" slack="0"/>
<pin id="264" dir="1" index="2" bw="1" slack="0"/>
</pin_list>
<bind>
<opcode="xor(25) " fcode="xor"/>
<opset="xor_ln25_1/3 "/>
</bind>
</comp>

<comp id="267" class="1004" name="icmp_ln25_3_fu_267">
<pin_list>
<pin id="268" dir="0" index="0" bw="32" slack="0"/>
<pin id="269" dir="0" index="1" bw="32" slack="2"/>
<pin id="270" dir="1" index="2" bw="1" slack="0"/>
</pin_list>
<bind>
<opcode="icmp(45) " fcode="icmp"/>
<opset="icmp_ln25_3/3 "/>
</bind>
</comp>

<comp id="272" class="1004" name="and_ln25_fu_272">
<pin_list>
<pin id="273" dir="0" index="0" bw="1" slack="0"/>
<pin id="274" dir="0" index="1" bw="1" slack="0"/>
<pin id="275" dir="1" index="2" bw="1" slack="0"/>
</pin_list>
<bind>
<opcode="and(23) " fcode="and"/>
<opset="and_ln25/3 "/>
</bind>
</comp>

<comp id="278" class="1004" name="and_ln25_2_fu_278">
<pin_list>
<pin id="279" dir="0" index="0" bw="1" slack="1"/>
<pin id="280" dir="0" index="1" bw="1" slack="0"/>
<pin id="281" dir="1" index="2" bw="1" slack="0"/>
</pin_list>
<bind>
<opcode="and(23) " fcode="and"/>
<opset="and_ln25_2/3 "/>
</bind>
</comp>

<comp id="283" class="1004" name="sext_ln26_fu_283">
<pin_list>
<pin id="284" dir="0" index="0" bw="32" slack="0"/>
<pin id="285" dir="1" index="1" bw="64" slack="0"/>
</pin_list>
<bind>
<opcode="sext(35) " fcode="sext"/>
<opset="sext_ln26/3 "/>
</bind>
</comp>

<comp id="288" class="1004" name="pixel_fu_288">
<pin_list>
<pin id="289" dir="0" index="0" bw="1" slack="0"/>
<pin id="290" dir="0" index="1" bw="32" slack="0"/>
<pin id="291" dir="1" index="2" bw="32" slack="0"/>
</pin_list>
<bind>
<opcode="add(8) " fcode="add"/>
<opset="pixel/3 "/>
</bind>
</comp>

<comp id="294" class="1004" name="pixel_2_fu_294">
<pin_list>
<pin id="295" dir="0" index="0" bw="1" slack="0"/>
<pin id="296" dir="0" index="1" bw="32" slack="0"/>
<pin id="297" dir="0" index="2" bw="32" slack="0"/>
<pin id="298" dir="1" index="3" bw="32" slack="0"/>
</pin_list>
<bind>
<opcode="select(49) " fcode="select"/>
<opset="pixel_2/3 "/>
</bind>
</comp>

<comp id="302" class="1004" name="store_ln22_store_fu_302">
<pin_list>
<pin id="303" dir="0" index="0" bw="32" slack="0"/>
<pin id="304" dir="0" index="1" bw="32" slack="2"/>
<pin id="305" dir="1" index="2" bw="0" slack="2147483647"/>
</pin_list>
<bind>
<opcode="store(28) " fcode="store"/>
<opset="store_ln22/3 "/>
</bind>
</comp>

<comp id="307" class="1004" name="tmp_data_V_1_fu_307">
<pin_list>
<pin id="308" dir="0" index="0" bw="14" slack="0"/>
<pin id="309" dir="1" index="1" bw="8" slack="0"/>
</pin_list>
<bind>
<opcode="extractvalue(56) " fcode="extractvalue"/>
<opset="tmp_data_V_1/4 "/>
</bind>
</comp>

<comp id="311" class="1004" name="tmp_keep_V_fu_311">
<pin_list>
<pin id="312" dir="0" index="0" bw="14" slack="0"/>
<pin id="313" dir="1" index="1" bw="1" slack="0"/>
</pin_list>
<bind>
<opcode="extractvalue(56) " fcode="extractvalue"/>
<opset="tmp_keep_V/4 "/>
</bind>
</comp>

<comp id="316" class="1004" name="tmp_strb_V_fu_316">
<pin_list>
<pin id="317" dir="0" index="0" bw="14" slack="0"/>
<pin id="318" dir="1" index="1" bw="1" slack="0"/>
</pin_list>
<bind>
<opcode="extractvalue(56) " fcode="extractvalue"/>
<opset="tmp_strb_V/4 "/>
</bind>
</comp>

<comp id="321" class="1004" name="tmp_user_V_fu_321">
<pin_list>
<pin id="322" dir="0" index="0" bw="14" slack="0"/>
<pin id="323" dir="1" index="1" bw="1" slack="0"/>
</pin_list>
<bind>
<opcode="extractvalue(56) " fcode="extractvalue"/>
<opset="tmp_user_V/4 "/>
</bind>
</comp>

<comp id="326" class="1004" name="tmp_last_V_fu_326">
<pin_list>
<pin id="327" dir="0" index="0" bw="14" slack="0"/>
<pin id="328" dir="1" index="1" bw="1" slack="0"/>
</pin_list>
<bind>
<opcode="extractvalue(56) " fcode="extractvalue"/>
<opset="tmp_last_V/4 "/>
</bind>
</comp>

<comp id="331" class="1004" name="tmp_id_V_fu_331">
<pin_list>
<pin id="332" dir="0" index="0" bw="14" slack="0"/>
<pin id="333" dir="1" index="1" bw="1" slack="0"/>
</pin_list>
<bind>
<opcode="extractvalue(56) " fcode="extractvalue"/>
<opset="tmp_id_V/4 "/>
</bind>
</comp>

<comp id="336" class="1004" name="tmp_dest_V_fu_336">
<pin_list>
<pin id="337" dir="0" index="0" bw="14" slack="0"/>
<pin id="338" dir="1" index="1" bw="1" slack="0"/>
</pin_list>
<bind>
<opcode="extractvalue(56) " fcode="extractvalue"/>
<opset="tmp_dest_V/4 "/>
</bind>
</comp>

<comp id="341" class="1004" name="select_ln321_fu_341">
<pin_list>
<pin id="342" dir="0" index="0" bw="1" slack="0"/>
<pin id="343" dir="0" index="1" bw="8" slack="0"/>
<pin id="344" dir="0" index="2" bw="8" slack="0"/>
<pin id="345" dir="1" index="3" bw="8" slack="0"/>
</pin_list>
<bind>
<opcode="select(49) " fcode="select"/>
<opset="select_ln321/4 "/>
</bind>
</comp>

<comp id="349" class="1004" name="video_data_V_fu_349">
<pin_list>
<pin id="350" dir="0" index="0" bw="1" slack="1"/>
<pin id="351" dir="0" index="1" bw="8" slack="0"/>
<pin id="352" dir="0" index="2" bw="8" slack="0"/>
<pin id="353" dir="1" index="3" bw="8" slack="0"/>
</pin_list>
<bind>
<opcode="select(49) " fcode="select"/>
<opset="video_data_V/4 "/>
</bind>
</comp>

<comp id="357" class="1005" name="pixel_1_reg_357">
<pin_list>
<pin id="358" dir="0" index="0" bw="32" slack="0"/>
<pin id="359" dir="1" index="1" bw="32" slack="0"/>
</pin_list>
<bind>
<opset="pixel_1 "/>
</bind>
</comp>

<comp id="364" class="1005" name="start_y_read_reg_364">
<pin_list>
<pin id="365" dir="0" index="0" bw="32" slack="1"/>
<pin id="366" dir="1" index="1" bw="32" slack="1"/>
</pin_list>
<bind>
<opset="start_y_read "/>
</bind>
</comp>

<comp id="369" class="1005" name="start_x_read_reg_369">
<pin_list>
<pin id="370" dir="0" index="0" bw="32" slack="2"/>
<pin id="371" dir="1" index="1" bw="32" slack="2"/>
</pin_list>
<bind>
<opset="start_x_read "/>
</bind>
</comp>

<comp id="374" class="1005" name="add_ln25_reg_374">
<pin_list>
<pin id="375" dir="0" index="0" bw="32" slack="2"/>
<pin id="376" dir="1" index="1" bw="32" slack="2"/>
</pin_list>
<bind>
<opset="add_ln25 "/>
</bind>
</comp>

<comp id="379" class="1005" name="add_ln25_1_reg_379">
<pin_list>
<pin id="380" dir="0" index="0" bw="32" slack="1"/>
<pin id="381" dir="1" index="1" bw="32" slack="1"/>
</pin_list>
<bind>
<opset="add_ln25_1 "/>
</bind>
</comp>

<comp id="387" class="1005" name="i_reg_387">
<pin_list>
<pin id="388" dir="0" index="0" bw="9" slack="0"/>
<pin id="389" dir="1" index="1" bw="9" slack="0"/>
</pin_list>
<bind>
<opset="i "/>
</bind>
</comp>

<comp id="392" class="1005" name="and_ln25_1_reg_392">
<pin_list>
<pin id="393" dir="0" index="0" bw="1" slack="1"/>
<pin id="394" dir="1" index="1" bw="1" slack="1"/>
</pin_list>
<bind>
<opset="and_ln25_1 "/>
</bind>
</comp>

<comp id="400" class="1005" name="j_reg_400">
<pin_list>
<pin id="401" dir="0" index="0" bw="10" slack="0"/>
<pin id="402" dir="1" index="1" bw="10" slack="0"/>
</pin_list>
<bind>
<opset="j "/>
</bind>
</comp>

<comp id="405" class="1005" name="and_ln25_2_reg_405">
<pin_list>
<pin id="406" dir="0" index="0" bw="1" slack="1"/>
<pin id="407" dir="1" index="1" bw="1" slack="1"/>
</pin_list>
<bind>
<opset="and_ln25_2 "/>
</bind>
</comp>

<comp id="410" class="1005" name="balle_V_addr_reg_410">
<pin_list>
<pin id="411" dir="0" index="0" bw="6" slack="1"/>
<pin id="412" dir="1" index="1" bw="6" slack="1"/>
</pin_list>
<bind>
<opset="balle_V_addr "/>
</bind>
</comp>

<comp id="415" class="1005" name="tmp_keep_V_reg_415">
<pin_list>
<pin id="416" dir="0" index="0" bw="1" slack="1"/>
<pin id="417" dir="1" index="1" bw="1" slack="1"/>
</pin_list>
<bind>
<opset="tmp_keep_V "/>
</bind>
</comp>

<comp id="420" class="1005" name="tmp_strb_V_reg_420">
<pin_list>
<pin id="421" dir="0" index="0" bw="1" slack="1"/>
<pin id="422" dir="1" index="1" bw="1" slack="1"/>
</pin_list>
<bind>
<opset="tmp_strb_V "/>
</bind>
</comp>

<comp id="425" class="1005" name="tmp_user_V_reg_425">
<pin_list>
<pin id="426" dir="0" index="0" bw="1" slack="1"/>
<pin id="427" dir="1" index="1" bw="1" slack="1"/>
</pin_list>
<bind>
<opset="tmp_user_V "/>
</bind>
</comp>

<comp id="430" class="1005" name="tmp_last_V_reg_430">
<pin_list>
<pin id="431" dir="0" index="0" bw="1" slack="1"/>
<pin id="432" dir="1" index="1" bw="1" slack="1"/>
</pin_list>
<bind>
<opset="tmp_last_V "/>
</bind>
</comp>

<comp id="435" class="1005" name="tmp_id_V_reg_435">
<pin_list>
<pin id="436" dir="0" index="0" bw="1" slack="1"/>
<pin id="437" dir="1" index="1" bw="1" slack="1"/>
</pin_list>
<bind>
<opset="tmp_id_V "/>
</bind>
</comp>

<comp id="440" class="1005" name="tmp_dest_V_reg_440">
<pin_list>
<pin id="441" dir="0" index="0" bw="1" slack="1"/>
<pin id="442" dir="1" index="1" bw="1" slack="1"/>
</pin_list>
<bind>
<opset="tmp_dest_V "/>
</bind>
</comp>

<comp id="445" class="1005" name="video_data_V_reg_445">
<pin_list>
<pin id="446" dir="0" index="0" bw="8" slack="1"/>
<pin id="447" dir="1" index="1" bw="8" slack="1"/>
</pin_list>
<bind>
<opset="video_data_V "/>
</bind>
</comp>

</comp_list>

<net_list>
<net id="91"><net_src comp="34" pin="0"/><net_sink comp="88" pin=0"/></net>

<net id="96"><net_src comp="42" pin="0"/><net_sink comp="92" pin=0"/></net>

<net id="97"><net_src comp="30" pin="0"/><net_sink comp="92" pin=1"/></net>

<net id="102"><net_src comp="42" pin="0"/><net_sink comp="98" pin=0"/></net>

<net id="103"><net_src comp="28" pin="0"/><net_sink comp="98" pin=1"/></net>

<net id="114"><net_src comp="80" pin="0"/><net_sink comp="104" pin=0"/></net>

<net id="115"><net_src comp="0" pin="0"/><net_sink comp="104" pin=1"/></net>

<net id="116"><net_src comp="2" pin="0"/><net_sink comp="104" pin=2"/></net>

<net id="117"><net_src comp="4" pin="0"/><net_sink comp="104" pin=3"/></net>

<net id="118"><net_src comp="6" pin="0"/><net_sink comp="104" pin=4"/></net>

<net id="119"><net_src comp="8" pin="0"/><net_sink comp="104" pin=5"/></net>

<net id="120"><net_src comp="10" pin="0"/><net_sink comp="104" pin=6"/></net>

<net id="121"><net_src comp="12" pin="0"/><net_sink comp="104" pin=7"/></net>

<net id="139"><net_src comp="86" pin="0"/><net_sink comp="122" pin=0"/></net>

<net id="140"><net_src comp="14" pin="0"/><net_sink comp="122" pin=1"/></net>

<net id="141"><net_src comp="16" pin="0"/><net_sink comp="122" pin=2"/></net>

<net id="142"><net_src comp="18" pin="0"/><net_sink comp="122" pin=3"/></net>

<net id="143"><net_src comp="20" pin="0"/><net_sink comp="122" pin=4"/></net>

<net id="144"><net_src comp="22" pin="0"/><net_sink comp="122" pin=5"/></net>

<net id="145"><net_src comp="24" pin="0"/><net_sink comp="122" pin=6"/></net>

<net id="146"><net_src comp="26" pin="0"/><net_sink comp="122" pin=7"/></net>

<net id="152"><net_src comp="32" pin="0"/><net_sink comp="147" pin=0"/></net>

<net id="153"><net_src comp="78" pin="0"/><net_sink comp="147" pin=1"/></net>

<net id="159"><net_src comp="147" pin="3"/><net_sink comp="154" pin=0"/></net>

<net id="163"><net_src comp="58" pin="0"/><net_sink comp="160" pin=0"/></net>

<net id="170"><net_src comp="160" pin="1"/><net_sink comp="164" pin=0"/></net>

<net id="174"><net_src comp="70" pin="0"/><net_sink comp="171" pin=0"/></net>

<net id="181"><net_src comp="171" pin="1"/><net_sink comp="175" pin=2"/></net>

<net id="186"><net_src comp="98" pin="2"/><net_sink comp="182" pin=0"/></net>

<net id="187"><net_src comp="56" pin="0"/><net_sink comp="182" pin=1"/></net>

<net id="192"><net_src comp="92" pin="2"/><net_sink comp="188" pin=0"/></net>

<net id="193"><net_src comp="56" pin="0"/><net_sink comp="188" pin=1"/></net>

<net id="198"><net_src comp="48" pin="0"/><net_sink comp="194" pin=0"/></net>

<net id="202"><net_src comp="164" pin="4"/><net_sink comp="199" pin=0"/></net>

<net id="207"><net_src comp="164" pin="4"/><net_sink comp="203" pin=0"/></net>

<net id="208"><net_src comp="60" pin="0"/><net_sink comp="203" pin=1"/></net>

<net id="213"><net_src comp="164" pin="4"/><net_sink comp="209" pin=0"/></net>

<net id="214"><net_src comp="66" pin="0"/><net_sink comp="209" pin=1"/></net>

<net id="219"><net_src comp="199" pin="1"/><net_sink comp="215" pin=0"/></net>

<net id="224"><net_src comp="215" pin="2"/><net_sink comp="220" pin=0"/></net>

<net id="225"><net_src comp="68" pin="0"/><net_sink comp="220" pin=1"/></net>

<net id="230"><net_src comp="199" pin="1"/><net_sink comp="226" pin=0"/></net>

<net id="235"><net_src comp="220" pin="2"/><net_sink comp="231" pin=0"/></net>

<net id="236"><net_src comp="226" pin="2"/><net_sink comp="231" pin=1"/></net>

<net id="240"><net_src comp="175" pin="4"/><net_sink comp="237" pin=0"/></net>

<net id="245"><net_src comp="175" pin="4"/><net_sink comp="241" pin=0"/></net>

<net id="246"><net_src comp="72" pin="0"/><net_sink comp="241" pin=1"/></net>

<net id="251"><net_src comp="175" pin="4"/><net_sink comp="247" pin=0"/></net>

<net id="252"><net_src comp="76" pin="0"/><net_sink comp="247" pin=1"/></net>

<net id="260"><net_src comp="237" pin="1"/><net_sink comp="256" pin=0"/></net>

<net id="265"><net_src comp="256" pin="2"/><net_sink comp="261" pin=0"/></net>

<net id="266"><net_src comp="68" pin="0"/><net_sink comp="261" pin=1"/></net>

<net id="271"><net_src comp="237" pin="1"/><net_sink comp="267" pin=0"/></net>

<net id="276"><net_src comp="261" pin="2"/><net_sink comp="272" pin=0"/></net>

<net id="277"><net_src comp="267" pin="2"/><net_sink comp="272" pin=1"/></net>

<net id="282"><net_src comp="272" pin="2"/><net_sink comp="278" pin=1"/></net>

<net id="286"><net_src comp="253" pin="1"/><net_sink comp="283" pin=0"/></net>

<net id="287"><net_src comp="283" pin="1"/><net_sink comp="147" pin=2"/></net>

<net id="292"><net_src comp="34" pin="0"/><net_sink comp="288" pin=0"/></net>

<net id="293"><net_src comp="253" pin="1"/><net_sink comp="288" pin=1"/></net>

<net id="299"><net_src comp="278" pin="2"/><net_sink comp="294" pin=0"/></net>

<net id="300"><net_src comp="288" pin="2"/><net_sink comp="294" pin=1"/></net>

<net id="301"><net_src comp="253" pin="1"/><net_sink comp="294" pin=2"/></net>

<net id="306"><net_src comp="294" pin="3"/><net_sink comp="302" pin=0"/></net>

<net id="310"><net_src comp="104" pin="8"/><net_sink comp="307" pin=0"/></net>

<net id="314"><net_src comp="104" pin="8"/><net_sink comp="311" pin=0"/></net>

<net id="315"><net_src comp="311" pin="1"/><net_sink comp="122" pin=9"/></net>

<net id="319"><net_src comp="104" pin="8"/><net_sink comp="316" pin=0"/></net>

<net id="320"><net_src comp="316" pin="1"/><net_sink comp="122" pin=10"/></net>

<net id="324"><net_src comp="104" pin="8"/><net_sink comp="321" pin=0"/></net>

<net id="325"><net_src comp="321" pin="1"/><net_sink comp="122" pin=11"/></net>

<net id="329"><net_src comp="104" pin="8"/><net_sink comp="326" pin=0"/></net>

<net id="330"><net_src comp="326" pin="1"/><net_sink comp="122" pin=12"/></net>

<net id="334"><net_src comp="104" pin="8"/><net_sink comp="331" pin=0"/></net>

<net id="335"><net_src comp="331" pin="1"/><net_sink comp="122" pin=13"/></net>

<net id="339"><net_src comp="104" pin="8"/><net_sink comp="336" pin=0"/></net>

<net id="340"><net_src comp="336" pin="1"/><net_sink comp="122" pin=14"/></net>

<net id="346"><net_src comp="154" pin="3"/><net_sink comp="341" pin=0"/></net>

<net id="347"><net_src comp="82" pin="0"/><net_sink comp="341" pin=1"/></net>

<net id="348"><net_src comp="84" pin="0"/><net_sink comp="341" pin=2"/></net>

<net id="354"><net_src comp="341" pin="3"/><net_sink comp="349" pin=1"/></net>

<net id="355"><net_src comp="307" pin="1"/><net_sink comp="349" pin=2"/></net>

<net id="356"><net_src comp="349" pin="3"/><net_sink comp="122" pin=8"/></net>

<net id="360"><net_src comp="88" pin="1"/><net_sink comp="357" pin=0"/></net>

<net id="361"><net_src comp="357" pin="1"/><net_sink comp="194" pin=1"/></net>

<net id="362"><net_src comp="357" pin="1"/><net_sink comp="253" pin=0"/></net>

<net id="363"><net_src comp="357" pin="1"/><net_sink comp="302" pin=1"/></net>

<net id="367"><net_src comp="92" pin="2"/><net_sink comp="364" pin=0"/></net>

<net id="368"><net_src comp="364" pin="1"/><net_sink comp="215" pin=1"/></net>

<net id="372"><net_src comp="98" pin="2"/><net_sink comp="369" pin=0"/></net>

<net id="373"><net_src comp="369" pin="1"/><net_sink comp="256" pin=1"/></net>

<net id="377"><net_src comp="182" pin="2"/><net_sink comp="374" pin=0"/></net>

<net id="378"><net_src comp="374" pin="1"/><net_sink comp="267" pin=1"/></net>

<net id="382"><net_src comp="188" pin="2"/><net_sink comp="379" pin=0"/></net>

<net id="383"><net_src comp="379" pin="1"/><net_sink comp="226" pin=1"/></net>

<net id="390"><net_src comp="209" pin="2"/><net_sink comp="387" pin=0"/></net>

<net id="391"><net_src comp="387" pin="1"/><net_sink comp="164" pin=2"/></net>

<net id="395"><net_src comp="231" pin="2"/><net_sink comp="392" pin=0"/></net>

<net id="396"><net_src comp="392" pin="1"/><net_sink comp="278" pin=0"/></net>

<net id="403"><net_src comp="247" pin="2"/><net_sink comp="400" pin=0"/></net>

<net id="404"><net_src comp="400" pin="1"/><net_sink comp="175" pin=0"/></net>

<net id="408"><net_src comp="278" pin="2"/><net_sink comp="405" pin=0"/></net>

<net id="409"><net_src comp="405" pin="1"/><net_sink comp="349" pin=0"/></net>

<net id="413"><net_src comp="147" pin="3"/><net_sink comp="410" pin=0"/></net>

<net id="414"><net_src comp="410" pin="1"/><net_sink comp="154" pin=0"/></net>

<net id="418"><net_src comp="311" pin="1"/><net_sink comp="415" pin=0"/></net>

<net id="419"><net_src comp="415" pin="1"/><net_sink comp="122" pin=9"/></net>

<net id="423"><net_src comp="316" pin="1"/><net_sink comp="420" pin=0"/></net>

<net id="424"><net_src comp="420" pin="1"/><net_sink comp="122" pin=10"/></net>

<net id="428"><net_src comp="321" pin="1"/><net_sink comp="425" pin=0"/></net>

<net id="429"><net_src comp="425" pin="1"/><net_sink comp="122" pin=11"/></net>

<net id="433"><net_src comp="326" pin="1"/><net_sink comp="430" pin=0"/></net>

<net id="434"><net_src comp="430" pin="1"/><net_sink comp="122" pin=12"/></net>

<net id="438"><net_src comp="331" pin="1"/><net_sink comp="435" pin=0"/></net>

<net id="439"><net_src comp="435" pin="1"/><net_sink comp="122" pin=13"/></net>

<net id="443"><net_src comp="336" pin="1"/><net_sink comp="440" pin=0"/></net>

<net id="444"><net_src comp="440" pin="1"/><net_sink comp="122" pin=14"/></net>

<net id="448"><net_src comp="349" pin="3"/><net_sink comp="445" pin=0"/></net>

<net id="449"><net_src comp="445" pin="1"/><net_sink comp="122" pin=8"/></net>

</net_list>

</model> 
---------------- Datapath Model END ------------------

* FSMD analyzer results:
  - Output states:
	Port: m_axis_video_V_data_V | {5 }
	Port: m_axis_video_V_keep_V | {5 }
	Port: m_axis_video_V_strb_V | {5 }
	Port: m_axis_video_V_user_V | {5 }
	Port: m_axis_video_V_last_V | {5 }
	Port: m_axis_video_V_id_V | {5 }
	Port: m_axis_video_V_dest_V | {5 }
 - Input state : 
	Port: incrust : s_axis_video_V_data_V | {4 }
	Port: incrust : s_axis_video_V_keep_V | {4 }
	Port: incrust : s_axis_video_V_strb_V | {4 }
	Port: incrust : s_axis_video_V_user_V | {4 }
	Port: incrust : s_axis_video_V_last_V | {4 }
	Port: incrust : s_axis_video_V_id_V | {4 }
	Port: incrust : s_axis_video_V_dest_V | {4 }
	Port: incrust : start_x | {1 }
	Port: incrust : start_y | {1 }
	Port: incrust : balle_V | {3 4 }
  - Chain level:
	State 1
		store_ln20 : 1
	State 2
		zext_ln20 : 1
		icmp_ln20 : 1
		i : 1
		br_ln20 : 2
		icmp_ln25 : 2
		xor_ln25 : 3
		icmp_ln25_1 : 2
		and_ln25_1 : 3
	State 3
		zext_ln22 : 1
		icmp_ln22 : 1
		j : 1
		br_ln22 : 2
		icmp_ln25_2 : 2
		xor_ln25_1 : 3
		icmp_ln25_3 : 2
		and_ln25 : 3
		and_ln25_2 : 3
		sext_ln26 : 1
		balle_V_addr : 2
		video_data_V_1 : 3
		pixel : 1
		pixel_2 : 3
		store_ln22 : 4
	State 4
		select_ln321 : 1
		video_data_V : 2
		write_ln29 : 3
	State 5


============================================================
+ Verbose Summary: Datapath Resource usage 
============================================================

* Functional unit list:
|----------|-------------------------|---------|---------|
| Operation|     Functional Unit     |    FF   |   LUT   |
|----------|-------------------------|---------|---------|
|          |     add_ln25_fu_182     |    0    |    39   |
|          |    add_ln25_1_fu_188    |    0    |    39   |
|    add   |         i_fu_209        |    0    |    15   |
|          |         j_fu_247        |    0    |    14   |
|          |       pixel_fu_288      |    0    |    39   |
|----------|-------------------------|---------|---------|
|          |     icmp_ln20_fu_203    |    0    |    13   |
|          |     icmp_ln25_fu_215    |    0    |    18   |
|   icmp   |    icmp_ln25_1_fu_226   |    0    |    18   |
|          |     icmp_ln22_fu_241    |    0    |    13   |
|          |    icmp_ln25_2_fu_256   |    0    |    18   |
|          |    icmp_ln25_3_fu_267   |    0    |    18   |
|----------|-------------------------|---------|---------|
|          |      pixel_2_fu_294     |    0    |    32   |
|  select  |   select_ln321_fu_341   |    0    |    8    |
|          |   video_data_V_fu_349   |    0    |    8    |
|----------|-------------------------|---------|---------|
|          |    and_ln25_1_fu_231    |    0    |    2    |
|    and   |     and_ln25_fu_272     |    0    |    2    |
|          |    and_ln25_2_fu_278    |    0    |    2    |
|----------|-------------------------|---------|---------|
|    xor   |     xor_ln25_fu_220     |    0    |    2    |
|          |    xor_ln25_1_fu_261    |    0    |    2    |
|----------|-------------------------|---------|---------|
|          | start_y_read_read_fu_92 |    0    |    0    |
|   read   | start_x_read_read_fu_98 |    0    |    0    |
|          |   empty_4_read_fu_104   |    0    |    0    |
|----------|-------------------------|---------|---------|
|   write  |     grp_write_fu_122    |    0    |    0    |
|----------|-------------------------|---------|---------|
|   zext   |     zext_ln20_fu_199    |    0    |    0    |
|          |     zext_ln22_fu_237    |    0    |    0    |
|----------|-------------------------|---------|---------|
|   sext   |     sext_ln26_fu_283    |    0    |    0    |
|----------|-------------------------|---------|---------|
|          |   tmp_data_V_1_fu_307   |    0    |    0    |
|          |    tmp_keep_V_fu_311    |    0    |    0    |
|          |    tmp_strb_V_fu_316    |    0    |    0    |
|extractvalue|    tmp_user_V_fu_321    |    0    |    0    |
|          |    tmp_last_V_fu_326    |    0    |    0    |
|          |     tmp_id_V_fu_331     |    0    |    0    |
|          |    tmp_dest_V_fu_336    |    0    |    0    |
|----------|-------------------------|---------|---------|
|   Total  |                         |    0    |   302   |
|----------|-------------------------|---------|---------|

Memories:
+-------+--------+--------+--------+
|       |  BRAM  |   FF   |   LUT  |
+-------+--------+--------+--------+
|balle_V|    0   |    1   |    1   |
+-------+--------+--------+--------+
| Total |    0   |    1   |    1   |
+-------+--------+--------+--------+

* Register list:
+--------------------+--------+
|                    |   FF   |
+--------------------+--------+
| add_ln25_1_reg_379 |   32   |
|  add_ln25_reg_374  |   32   |
| and_ln25_1_reg_392 |    1   |
| and_ln25_2_reg_405 |    1   |
|balle_V_addr_reg_410|    6   |
|     i_0_reg_160    |    9   |
|      i_reg_387     |    9   |
|     j_0_reg_171    |   10   |
|      j_reg_400     |   10   |
|   pixel_1_reg_357  |   32   |
|start_x_read_reg_369|   32   |
|start_y_read_reg_364|   32   |
| tmp_dest_V_reg_440 |    1   |
|  tmp_id_V_reg_435  |    1   |
| tmp_keep_V_reg_415 |    1   |
| tmp_last_V_reg_430 |    1   |
| tmp_strb_V_reg_420 |    1   |
| tmp_user_V_reg_425 |    1   |
|video_data_V_reg_445|    8   |
+--------------------+--------+
|        Total       |   220  |
+--------------------+--------+

* Multiplexer (MUX) list: 
|-------------------|------|------|------|--------||---------||---------|
|        Comp       |  Pin | Size |  BW  | S x BW ||  Delay  ||   LUT   |
|-------------------|------|------|------|--------||---------||---------|
|  grp_write_fu_122 |  p8  |   2  |   8  |   16   ||    9    |
|  grp_write_fu_122 |  p9  |   2  |   1  |    2   ||    9    |
|  grp_write_fu_122 |  p10 |   2  |   1  |    2   ||    9    |
|  grp_write_fu_122 |  p11 |   2  |   1  |    2   ||    9    |
|  grp_write_fu_122 |  p12 |   2  |   1  |    2   ||    9    |
|  grp_write_fu_122 |  p13 |   2  |   1  |    2   ||    9    |
|  grp_write_fu_122 |  p14 |   2  |   1  |    2   ||    9    |
| grp_access_fu_154 |  p0  |   2  |   6  |   12   ||    9    |
|-------------------|------|------|------|--------||---------||---------|
|       Total       |      |      |      |   40   ||  14.152 ||    72   |
|-------------------|------|------|------|--------||---------||---------|



* Summary:
+-----------+--------+--------+--------+--------+
|           |  BRAM  |  Delay |   FF   |   LUT  |
+-----------+--------+--------+--------+--------+
|  Function |    -   |    -   |    0   |   302  |
|   Memory  |    0   |    -   |    1   |    1   |
|Multiplexer|    -   |   14   |    -   |   72   |
|  Register |    -   |    -   |   220  |    -   |
+-----------+--------+--------+--------+--------+
|   Total   |    0   |   14   |   221  |   375  |
+-----------+--------+--------+--------+--------+
