

================================================================
== Vivado HLS Report for 'mire'
================================================================
* Date:           Wed Oct  4 14:05:26 2023

* Version:        2019.2 (Build 2704478 on Wed Nov 06 22:10:23 MST 2019)
* Project:        mire
* Solution:       solution1
* Product family: zynq
* Target device:  xc7z020-clg484-1


================================================================
== Performance Estimates
================================================================
+ Timing: 
    * Summary: 
    +--------+----------+----------+------------+
    |  Clock |  Target  | Estimated| Uncertainty|
    +--------+----------+----------+------------+
    |ap_clk  | 10.00 ns | 8.510 ns |   1.25 ns  |
    +--------+----------+----------+------------+

+ Latency: 
    * Summary: 
    +---------+---------+----------+----------+-----+-----+---------+
    |  Latency (cycles) |  Latency (absolute) |  Interval | Pipeline|
    |   min   |   max   |    min   |    max   | min | max |   Type  |
    +---------+---------+----------+----------+-----+-----+---------+
    |        ?|        ?|         ?|         ?|    ?|    ?|   none  |
    +---------+---------+----------+----------+-----+-----+---------+

    + Detail: 
        * Instance: 
        N/A

        * Loop: 
        +----------+---------+---------+----------+-----------+-----------+------+----------+
        |          |  Latency (cycles) | Iteration|  Initiation Interval  | Trip |          |
        | Loop Name|   min   |   max   |  Latency |  achieved |   target  | Count| Pipelined|
        +----------+---------+---------+----------+-----------+-----------+------+----------+
        |- Loop 1  |        ?|        ?|         4|          1|          1|     ?|    yes   |
        +----------+---------+---------+----------+-----------+-----------+------+----------+



================================================================
== Utilization Estimates
================================================================
* Summary: 
+-----------------+---------+-------+--------+-------+-----+
|       Name      | BRAM_18K| DSP48E|   FF   |  LUT  | URAM|
+-----------------+---------+-------+--------+-------+-----+
|DSP              |        -|      -|       -|      -|    -|
|Expression       |        -|     12|       0|    497|    -|
|FIFO             |        -|      -|       -|      -|    -|
|Instance         |        -|      -|       -|      -|    -|
|Memory           |        -|      -|       -|      -|    -|
|Multiplexer      |        -|      -|       -|    102|    -|
|Register         |        0|      -|     513|     64|    -|
+-----------------+---------+-------+--------+-------+-----+
|Total            |        0|     12|     513|    663|    0|
+-----------------+---------+-------+--------+-------+-----+
|Available        |      280|    220|  106400|  53200|    0|
+-----------------+---------+-------+--------+-------+-----+
|Utilization (%)  |        0|      5|   ~0   |      1|    0|
+-----------------+---------+-------+--------+-------+-----+

+ Detail: 
    * Instance: 
    N/A

    * DSP48E: 
    N/A

    * Memory: 
    N/A

    * FIFO: 
    N/A

    * Expression: 
    +---------------------------+----------+-------+---+----+------------+------------+
    |       Variable Name       | Operation| DSP48E| FF| LUT| Bitwidth P0| Bitwidth P1|
    +---------------------------+----------+-------+---+----+------------+------------+
    |bound_fu_200_p2            |     *    |      4|  0|  20|          32|          32|
    |mul_ln28_fu_334_p2         |     *    |      4|  0|  20|          32|          31|
    |mul_ln301_fu_307_p2        |     *    |      4|  0|  20|          32|          31|
    |add_ln12_fu_245_p2         |     +    |      0|  0|  38|           1|          31|
    |add_ln22_fu_168_p2         |     +    |      0|  0|  39|          32|           2|
    |add_ln301_fu_231_p2        |     +    |      0|  0|  71|           1|          64|
    |j_fu_298_p2                |     +    |      0|  0|  38|          31|           1|
    |ap_block_state4_io         |    and   |      0|  0|   2|           1|           1|
    |ap_block_state5_io         |    and   |      0|  0|   2|           1|           1|
    |ap_condition_160           |    and   |      0|  0|   2|           1|           1|
    |icmp_ln15_fu_221_p2        |   icmp   |      0|  0|  18|          32|          32|
    |icmp_ln301_fu_226_p2       |   icmp   |      0|  0|  29|          64|          64|
    |icmp_ln879_1_fu_180_p2     |   icmp   |      0|  0|   8|           2|           1|
    |icmp_ln879_2_fu_186_p2     |   icmp   |      0|  0|   9|           2|           3|
    |icmp_ln879_fu_174_p2       |   icmp   |      0|  0|   8|           2|           1|
    |tmp_last_V_fu_282_p2       |   icmp   |      0|  0|  18|          32|          32|
    |tmp_user_V_fu_325_p2       |   icmp   |      0|  0|  18|          31|           1|
    |ap_block_pp0_stage0_11001  |    or    |      0|  0|   2|           1|           1|
    |or_ln17_fu_321_p2          |    or    |      0|  0|  31|          31|          31|
    |or_ln28_fu_347_p2          |    or    |      0|  0|   2|           1|           1|
    |select_ln28_fu_358_p3      |  select  |      0|  0|   2|           1|           2|
    |select_ln301_1_fu_251_p3   |  select  |      0|  0|  31|           1|          31|
    |select_ln301_2_fu_270_p3   |  select  |      0|  0|   8|           1|           8|
    |select_ln301_fu_237_p3     |  select  |      0|  0|  31|           1|          31|
    |select_ln34_fu_291_p3      |  select  |      0|  0|   8|           1|           8|
    |select_ln37_fu_263_p3      |  select  |      0|  0|   8|           1|           8|
    |video_data_V_1_fu_210_p3   |  select  |      0|  0|   8|           1|           8|
    |ap_enable_pp0              |    xor   |      0|  0|   2|           1|           2|
    |ap_enable_reg_pp0_iter1    |    xor   |      0|  0|   2|           2|           1|
    |xor_ln28_fu_352_p2         |    xor   |      0|  0|   2|           1|           2|
    +---------------------------+----------+-------+---+----+------------+------------+
    |Total                      |          |     12|  0| 497|         373|         463|
    +---------------------------+----------+-------+---+----+------------+------------+

    * Multiplexer: 
    +-----------------------------------------+----+-----------+-----+-----------+
    |                   Name                  | LUT| Input Size| Bits| Total Bits|
    +-----------------------------------------+----+-----------+-----+-----------+
    |ap_NS_fsm                                |  21|          4|    1|          4|
    |ap_enable_reg_pp0_iter1                  |   9|          2|    1|          2|
    |ap_enable_reg_pp0_iter3                  |   9|          2|    1|          2|
    |ap_phi_mux_tmp_data_V_phi_fu_160_p4      |   9|          2|    8|         16|
    |ap_phi_mux_val_assign_phi_fu_138_p4      |   9|          2|   31|         62|
    |ap_phi_reg_pp0_iter2_tmp_data_V_reg_156  |   9|          2|    8|         16|
    |indvar_flatten_reg_123                   |   9|          2|   64|        128|
    |m_axis_video_TDATA_blk_n                 |   9|          2|    1|          2|
    |val_assign_1_reg_145                     |   9|          2|   31|         62|
    |val_assign_reg_134                       |   9|          2|   31|         62|
    +-----------------------------------------+----+-----------+-----+-----------+
    |Total                                    | 102|         22|  177|        356|
    +-----------------------------------------+----+-----------+-----+-----------+

    * Register: 
    +-----------------------------------------+----+----+-----+-----------+
    |                   Name                  | FF | LUT| Bits| Const Bits|
    +-----------------------------------------+----+----+-----+-----------+
    |add_ln22_reg_372                         |  32|   0|   32|          0|
    |ap_CS_fsm                                |   3|   0|    3|          0|
    |ap_enable_reg_pp0_iter0                  |   1|   0|    1|          0|
    |ap_enable_reg_pp0_iter1                  |   1|   0|    1|          0|
    |ap_enable_reg_pp0_iter2                  |   1|   0|    1|          0|
    |ap_enable_reg_pp0_iter3                  |   1|   0|    1|          0|
    |ap_phi_reg_pp0_iter1_tmp_data_V_reg_156  |   8|   0|    8|          0|
    |ap_phi_reg_pp0_iter2_tmp_data_V_reg_156  |   8|   0|    8|          0|
    |bound_reg_392                            |  64|   0|   64|          0|
    |icmp_ln301_reg_397                       |   1|   0|    1|          0|
    |icmp_ln879_1_reg_381                     |   1|   0|    1|          0|
    |icmp_ln879_2_reg_386                     |   1|   0|    1|          0|
    |icmp_ln879_reg_377                       |   1|   0|    1|          0|
    |indvar_flatten_reg_123                   |  64|   0|   64|          0|
    |mul_ln28_reg_444                         |  63|   0|   63|          0|
    |select_ln301_1_reg_412                   |  31|   0|   31|          0|
    |select_ln301_reg_406                     |  31|   0|   31|          0|
    |select_ln34_reg_424                      |   8|   0|    8|          0|
    |tmp_last_V_reg_419                       |   1|   0|    1|          0|
    |tmp_reg_434                              |   1|   0|    1|          0|
    |tmp_user_V_reg_439                       |   1|   0|    1|          0|
    |val_assign_1_reg_145                     |  31|   0|   31|          0|
    |val_assign_reg_134                       |  31|   0|   31|          0|
    |icmp_ln301_reg_397                       |  64|  32|    1|          0|
    |tmp_last_V_reg_419                       |  64|  32|    1|          0|
    +-----------------------------------------+----+----+-----+-----------+
    |Total                                    | 513|  64|  387|          0|
    +-----------------------------------------+----+----+-----+-----------+



================================================================
== Interface
================================================================
* Summary: 
+---------------------+-----+-----+------------+-----------------------+--------------+
|      RTL Ports      | Dir | Bits|  Protocol  |     Source Object     |    C Type    |
+---------------------+-----+-----+------------+-----------------------+--------------+
|ap_clk               |  in |    1| ap_ctrl_hs |          mire         | return value |
|ap_rst_n             |  in |    1| ap_ctrl_hs |          mire         | return value |
|ap_start             |  in |    1| ap_ctrl_hs |          mire         | return value |
|ap_done              | out |    1| ap_ctrl_hs |          mire         | return value |
|ap_idle              | out |    1| ap_ctrl_hs |          mire         | return value |
|ap_ready             | out |    1| ap_ctrl_hs |          mire         | return value |
|mode_V               |  in |    2|   ap_none  |         mode_V        |    scalar    |
|m_axis_video_TDATA   | out |    8|    axis    | m_axis_video_V_data_V |    pointer   |
|m_axis_video_TVALID  | out |    1|    axis    | m_axis_video_V_dest_V |    pointer   |
|m_axis_video_TREADY  |  in |    1|    axis    | m_axis_video_V_dest_V |    pointer   |
|m_axis_video_TDEST   | out |    1|    axis    | m_axis_video_V_dest_V |    pointer   |
|m_axis_video_TKEEP   | out |    1|    axis    | m_axis_video_V_keep_V |    pointer   |
|m_axis_video_TSTRB   | out |    1|    axis    | m_axis_video_V_strb_V |    pointer   |
|m_axis_video_TUSER   | out |    1|    axis    | m_axis_video_V_user_V |    pointer   |
|m_axis_video_TLAST   | out |    1|    axis    | m_axis_video_V_last_V |    pointer   |
|m_axis_video_TID     | out |    1|    axis    |  m_axis_video_V_id_V  |    pointer   |
|hsize_in             |  in |   32|   ap_none  |        hsize_in       |    scalar    |
|vsize_in             |  in |   32|   ap_none  |        vsize_in       |    scalar    |
+---------------------+-----+-----+------------+-----------------------+--------------+

============================================================
+ Verbose Summary: Synthesis Manager
============================================================
InlineROM: 1
ExposeGlobal: 0
============================================================
+ Verbose Summary: CDFG Model
============================================================
IsTopModel: 1
ResetActiveHigh: 1
IsCombinational: 2
IsDatapathOnly: 2
HasWiredReturn: 1
HasMFsm: 0
HasVarLatency: 1
IsPipeline: 0
IsRtlPipelined: 0
IsInstanceOverlapped: 0
IsDontTouch: 0
HasImplIP: 0
IsGatedGlobalClock: 0

+ Individual pipeline summary: 
  * Pipeline-0: initiation interval (II) = 1, depth = 4


============================================================
+ Verbose Summary: Schedule
============================================================
* Number of FSM states : 6
* Pipeline : 1
  Pipeline-0 : II = 1, D = 4, States = { 2 3 4 5 }
* Dataflow Pipeline: 0

* FSM state transitions: 
1 --> 2 
2 --> 6 3 
3 --> 4 
4 --> 5 
5 --> 2 
6 --> 

* FSM state operations: 

State 1 <SV = 0> <Delay = 8.51>
ST_1 : Operation 7 [1/1] (0.00ns)   --->   "call void (...)* @_ssdm_op_SpecBitsMap(i2 %mode_V), !map !47"   --->   Operation 7 'specbitsmap' <Predicate = true> <Delay = 0.00>
ST_1 : Operation 8 [1/1] (0.00ns)   --->   "call void (...)* @_ssdm_op_SpecBitsMap(i8* %m_axis_video_V_data_V), !map !53"   --->   Operation 8 'specbitsmap' <Predicate = true> <Delay = 0.00>
ST_1 : Operation 9 [1/1] (0.00ns)   --->   "call void (...)* @_ssdm_op_SpecBitsMap(i1* %m_axis_video_V_keep_V), !map !57"   --->   Operation 9 'specbitsmap' <Predicate = true> <Delay = 0.00>
ST_1 : Operation 10 [1/1] (0.00ns)   --->   "call void (...)* @_ssdm_op_SpecBitsMap(i1* %m_axis_video_V_strb_V), !map !61"   --->   Operation 10 'specbitsmap' <Predicate = true> <Delay = 0.00>
ST_1 : Operation 11 [1/1] (0.00ns)   --->   "call void (...)* @_ssdm_op_SpecBitsMap(i1* %m_axis_video_V_user_V), !map !65"   --->   Operation 11 'specbitsmap' <Predicate = true> <Delay = 0.00>
ST_1 : Operation 12 [1/1] (0.00ns)   --->   "call void (...)* @_ssdm_op_SpecBitsMap(i1* %m_axis_video_V_last_V), !map !69"   --->   Operation 12 'specbitsmap' <Predicate = true> <Delay = 0.00>
ST_1 : Operation 13 [1/1] (0.00ns)   --->   "call void (...)* @_ssdm_op_SpecBitsMap(i1* %m_axis_video_V_id_V), !map !73"   --->   Operation 13 'specbitsmap' <Predicate = true> <Delay = 0.00>
ST_1 : Operation 14 [1/1] (0.00ns)   --->   "call void (...)* @_ssdm_op_SpecBitsMap(i1* %m_axis_video_V_dest_V), !map !77"   --->   Operation 14 'specbitsmap' <Predicate = true> <Delay = 0.00>
ST_1 : Operation 15 [1/1] (0.00ns)   --->   "call void (...)* @_ssdm_op_SpecBitsMap(i32 %hsize_in), !map !81"   --->   Operation 15 'specbitsmap' <Predicate = true> <Delay = 0.00>
ST_1 : Operation 16 [1/1] (0.00ns)   --->   "call void (...)* @_ssdm_op_SpecBitsMap(i32 %vsize_in), !map !85"   --->   Operation 16 'specbitsmap' <Predicate = true> <Delay = 0.00>
ST_1 : Operation 17 [1/1] (0.00ns)   --->   "call void (...)* @_ssdm_op_SpecTopModule([5 x i8]* @mire_str) nounwind"   --->   Operation 17 'spectopmodule' <Predicate = true> <Delay = 0.00>
ST_1 : Operation 18 [1/1] (0.00ns)   --->   "%vsize_in_read = call i32 @_ssdm_op_Read.ap_auto.i32(i32 %vsize_in)"   --->   Operation 18 'read' 'vsize_in_read' <Predicate = true> <Delay = 0.00>
ST_1 : Operation 19 [1/1] (0.00ns)   --->   "%hsize_in_read = call i32 @_ssdm_op_Read.ap_auto.i32(i32 %hsize_in)"   --->   Operation 19 'read' 'hsize_in_read' <Predicate = true> <Delay = 0.00>
ST_1 : Operation 20 [1/1] (0.00ns)   --->   "%mode_V_read = call i2 @_ssdm_op_Read.ap_auto.i2(i2 %mode_V)"   --->   Operation 20 'read' 'mode_V_read' <Predicate = true> <Delay = 0.00>
ST_1 : Operation 21 [1/1] (0.00ns)   --->   "call void (...)* @_ssdm_op_SpecInterface(i8* %m_axis_video_V_data_V, i1* %m_axis_video_V_keep_V, i1* %m_axis_video_V_strb_V, i1* %m_axis_video_V_user_V, i1* %m_axis_video_V_last_V, i1* %m_axis_video_V_id_V, i1* %m_axis_video_V_dest_V, [5 x i8]* @p_str, i32 1, i32 1, [5 x i8]* @p_str1, i32 0, i32 0, [1 x i8]* @p_str2, [1 x i8]* @p_str2, [1 x i8]* @p_str2, i32 0, i32 0, i32 0, i32 0, [1 x i8]* @p_str2, [1 x i8]* @p_str2) nounwind" [mire/mire.cpp:8]   --->   Operation 21 'specinterface' <Predicate = true> <Delay = 0.00>
ST_1 : Operation 22 [1/1] (2.55ns)   --->   "%add_ln22 = add nsw i32 %hsize_in_read, -1" [mire/mire.cpp:22]   --->   Operation 22 'add' 'add_ln22' <Predicate = true> <Delay = 2.55> <Core = "AddSub">   --->   Core 14 'AddSub' <Latency = 0> <II = 1> <Delay = 2.52> <FuncUnit> <Opcode : 'add' 'sub'> <InPorts = 2> <OutPorts = 1>
ST_1 : Operation 23 [1/1] (0.95ns)   --->   "%icmp_ln879 = icmp eq i2 %mode_V_read, 0" [mire/mire.cpp:27]   --->   Operation 23 'icmp' 'icmp_ln879' <Predicate = true> <Delay = 0.95> <Core = "Cmp">   --->   Core 25 'Cmp' <Latency = 0> <II = 1> <Delay = 2.47> <FuncUnit> <Opcode : 'icmp'> <InPorts = 2> <OutPorts = 1>
ST_1 : Operation 24 [1/1] (0.95ns)   --->   "%icmp_ln879_1 = icmp eq i2 %mode_V_read, 1" [mire/mire.cpp:34]   --->   Operation 24 'icmp' 'icmp_ln879_1' <Predicate = true> <Delay = 0.95> <Core = "Cmp">   --->   Core 25 'Cmp' <Latency = 0> <II = 1> <Delay = 2.47> <FuncUnit> <Opcode : 'icmp'> <InPorts = 2> <OutPorts = 1>
ST_1 : Operation 25 [1/1] (0.95ns)   --->   "%icmp_ln879_2 = icmp eq i2 %mode_V_read, -2" [mire/mire.cpp:37]   --->   Operation 25 'icmp' 'icmp_ln879_2' <Predicate = true> <Delay = 0.95> <Core = "Cmp">   --->   Core 25 'Cmp' <Latency = 0> <II = 1> <Delay = 2.47> <FuncUnit> <Opcode : 'icmp'> <InPorts = 2> <OutPorts = 1>
ST_1 : Operation 26 [1/1] (0.00ns)   --->   "%cast = zext i32 %vsize_in_read to i64"   --->   Operation 26 'zext' 'cast' <Predicate = true> <Delay = 0.00>
ST_1 : Operation 27 [1/1] (0.00ns)   --->   "%cast1 = zext i32 %hsize_in_read to i64"   --->   Operation 27 'zext' 'cast1' <Predicate = true> <Delay = 0.00>
ST_1 : Operation 28 [1/1] (8.51ns)   --->   "%bound = mul i64 %cast1, %cast"   --->   Operation 28 'mul' 'bound' <Predicate = true> <Delay = 8.51> <Core = "Mul">   --->   Core 16 'Mul' <Latency = 0> <II = 1> <Delay = 8.51> <FuncUnit> <Opcode : 'mul'> <InPorts = 2> <OutPorts = 1>
ST_1 : Operation 29 [1/1] (1.76ns)   --->   "br label %1" [mire/mire.cpp:12]   --->   Operation 29 'br' <Predicate = true> <Delay = 1.76>

State 2 <SV = 1> <Delay = 5.72>
ST_2 : Operation 30 [1/1] (0.00ns)   --->   "%indvar_flatten = phi i64 [ 0, %0 ], [ %add_ln301, %4 ]" [mire/mire.cpp:38]   --->   Operation 30 'phi' 'indvar_flatten' <Predicate = true> <Delay = 0.00>
ST_2 : Operation 31 [1/1] (0.00ns)   --->   "%val_assign = phi i31 [ 0, %0 ], [ %select_ln301_1, %4 ]" [mire/mire.cpp:38]   --->   Operation 31 'phi' 'val_assign' <Predicate = true> <Delay = 0.00>
ST_2 : Operation 32 [1/1] (0.00ns)   --->   "%val_assign_1 = phi i31 [ 0, %0 ], [ %j, %4 ]"   --->   Operation 32 'phi' 'val_assign_1' <Predicate = true> <Delay = 0.00>
ST_2 : Operation 33 [1/1] (0.00ns)   --->   "call void (...)* @_ssdm_op_SpecPipeline(i32 -1, i32 1, i32 1, i32 0, [1 x i8]* @p_str2) nounwind" [mire/mire.cpp:14]   --->   Operation 33 'specpipeline' <Predicate = true> <Delay = 0.00>
ST_2 : Operation 34 [1/1] (0.00ns)   --->   "%video_data_V = trunc i31 %val_assign to i8" [mire/mire.cpp:38]   --->   Operation 34 'trunc' 'video_data_V' <Predicate = (icmp_ln879_2 & !icmp_ln879_1)> <Delay = 0.00>
ST_2 : Operation 35 [1/1] (1.24ns)   --->   "%video_data_V_1 = select i1 %icmp_ln879_2, i8 %video_data_V, i8 -1" [mire/mire.cpp:37]   --->   Operation 35 'select' 'video_data_V_1' <Predicate = (!icmp_ln879_1)> <Delay = 1.24> <Core = "Sel">   --->   Core 26 'Sel' <Latency = 0> <II = 1> <Delay = 1.24> <FuncUnit> <Opcode : 'select'> <InPorts = 3> <OutPorts = 1>
ST_2 : Operation 36 [1/1] (0.00ns)   --->   "%zext_ln301 = zext i31 %val_assign_1 to i32" [mire/mire.cpp:35]   --->   Operation 36 'zext' 'zext_ln301' <Predicate = true> <Delay = 0.00>
ST_2 : Operation 37 [1/1] (2.47ns)   --->   "%icmp_ln15 = icmp slt i32 %zext_ln301, %hsize_in_read" [mire/mire.cpp:15]   --->   Operation 37 'icmp' 'icmp_ln15' <Predicate = true> <Delay = 2.47> <Core = "Cmp">   --->   Core 25 'Cmp' <Latency = 0> <II = 1> <Delay = 2.47> <FuncUnit> <Opcode : 'icmp'> <InPorts = 2> <OutPorts = 1>
ST_2 : Operation 38 [1/1] (2.77ns)   --->   "%icmp_ln301 = icmp eq i64 %indvar_flatten, %bound" [mire/mire.cpp:38]   --->   Operation 38 'icmp' 'icmp_ln301' <Predicate = true> <Delay = 2.77> <Core = "Cmp">   --->   Core 25 'Cmp' <Latency = 0> <II = 1> <Delay = 2.47> <FuncUnit> <Opcode : 'icmp'> <InPorts = 2> <OutPorts = 1>
ST_2 : Operation 39 [1/1] (3.52ns)   --->   "%add_ln301 = add i64 1, %indvar_flatten" [mire/mire.cpp:38]   --->   Operation 39 'add' 'add_ln301' <Predicate = true> <Delay = 3.52> <Core = "AddSub">   --->   Core 14 'AddSub' <Latency = 0> <II = 1> <Delay = 2.52> <FuncUnit> <Opcode : 'add' 'sub'> <InPorts = 2> <OutPorts = 1>
ST_2 : Operation 40 [1/1] (0.00ns)   --->   "br i1 %icmp_ln301, label %5, label %.reset" [mire/mire.cpp:38]   --->   Operation 40 'br' <Predicate = true> <Delay = 0.00>
ST_2 : Operation 41 [1/1] (0.73ns)   --->   "%select_ln301 = select i1 %icmp_ln15, i31 %val_assign_1, i31 0" [mire/mire.cpp:38]   --->   Operation 41 'select' 'select_ln301' <Predicate = (!icmp_ln301)> <Delay = 0.73> <Core = "Sel">   --->   Core 26 'Sel' <Latency = 0> <II = 1> <Delay = 1.24> <FuncUnit> <Opcode : 'select'> <InPorts = 3> <OutPorts = 1>
ST_2 : Operation 42 [1/1] (2.52ns)   --->   "%add_ln12 = add i31 1, %val_assign" [mire/mire.cpp:12]   --->   Operation 42 'add' 'add_ln12' <Predicate = (!icmp_ln301)> <Delay = 2.52> <Core = "AddSub">   --->   Core 14 'AddSub' <Latency = 0> <II = 1> <Delay = 2.52> <FuncUnit> <Opcode : 'add' 'sub'> <InPorts = 2> <OutPorts = 1>
ST_2 : Operation 43 [1/1] (0.73ns)   --->   "%select_ln301_1 = select i1 %icmp_ln15, i31 %val_assign, i31 %add_ln12" [mire/mire.cpp:38]   --->   Operation 43 'select' 'select_ln301_1' <Predicate = (!icmp_ln301)> <Delay = 0.73> <Core = "Sel">   --->   Core 26 'Sel' <Latency = 0> <II = 1> <Delay = 1.24> <FuncUnit> <Opcode : 'select'> <InPorts = 3> <OutPorts = 1>
ST_2 : Operation 44 [1/1] (0.00ns) (grouped into LUT with out node select_ln301_2)   --->   "%trunc_ln301 = trunc i31 %add_ln12 to i8" [mire/mire.cpp:38]   --->   Operation 44 'trunc' 'trunc_ln301' <Predicate = (!icmp_ln301 & icmp_ln879_2 & !icmp_ln879_1)> <Delay = 0.00>
ST_2 : Operation 45 [1/1] (0.00ns) (grouped into LUT with out node select_ln301_2)   --->   "%select_ln37 = select i1 %icmp_ln879_2, i8 %trunc_ln301, i8 -1" [mire/mire.cpp:37]   --->   Operation 45 'select' 'select_ln37' <Predicate = (!icmp_ln301 & !icmp_ln879_1)> <Delay = 0.00> <Core = "Sel">   --->   Core 26 'Sel' <Latency = 0> <II = 1> <Delay = 1.24> <FuncUnit> <Opcode : 'select'> <InPorts = 3> <OutPorts = 1>
ST_2 : Operation 46 [1/1] (1.24ns) (out node of the LUT)   --->   "%select_ln301_2 = select i1 %icmp_ln15, i8 %video_data_V_1, i8 %select_ln37" [mire/mire.cpp:38]   --->   Operation 46 'select' 'select_ln301_2' <Predicate = (!icmp_ln301 & !icmp_ln879_1)> <Delay = 1.24> <Core = "Sel">   --->   Core 26 'Sel' <Latency = 0> <II = 1> <Delay = 1.24> <FuncUnit> <Opcode : 'select'> <InPorts = 3> <OutPorts = 1>
ST_2 : Operation 47 [1/1] (0.00ns)   --->   "%zext_ln301_2 = zext i31 %select_ln301 to i32" [mire/mire.cpp:38]   --->   Operation 47 'zext' 'zext_ln301_2' <Predicate = (!icmp_ln301)> <Delay = 0.00>
ST_2 : Operation 48 [1/1] (2.47ns)   --->   "%tmp_last_V = icmp eq i32 %zext_ln301_2, %add_ln22" [mire/mire.cpp:22]   --->   Operation 48 'icmp' 'tmp_last_V' <Predicate = (!icmp_ln301)> <Delay = 2.47> <Core = "Cmp">   --->   Core 25 'Cmp' <Latency = 0> <II = 1> <Delay = 2.47> <FuncUnit> <Opcode : 'icmp'> <InPorts = 2> <OutPorts = 1>
ST_2 : Operation 49 [1/1] (0.00ns)   --->   "br i1 %icmp_ln879, label %2, label %3" [mire/mire.cpp:27]   --->   Operation 49 'br' <Predicate = (!icmp_ln301)> <Delay = 0.00>
ST_2 : Operation 50 [1/1] (0.00ns)   --->   "%video_data_V_2 = trunc i31 %select_ln301 to i8" [mire/mire.cpp:35]   --->   Operation 50 'trunc' 'video_data_V_2' <Predicate = (!icmp_ln301 & !icmp_ln879 & icmp_ln879_1)> <Delay = 0.00>
ST_2 : Operation 51 [1/1] (1.24ns)   --->   "%select_ln34 = select i1 %icmp_ln879_1, i8 %video_data_V_2, i8 %select_ln301_2" [mire/mire.cpp:34]   --->   Operation 51 'select' 'select_ln34' <Predicate = (!icmp_ln301 & !icmp_ln879)> <Delay = 1.24> <Core = "Sel">   --->   Core 26 'Sel' <Latency = 0> <II = 1> <Delay = 1.24> <FuncUnit> <Opcode : 'select'> <InPorts = 3> <OutPorts = 1>
ST_2 : Operation 52 [1/1] (2.52ns)   --->   "%j = add i31 %select_ln301, 1" [mire/mire.cpp:15]   --->   Operation 52 'add' 'j' <Predicate = (!icmp_ln301)> <Delay = 2.52> <Core = "AddSub">   --->   Core 14 'AddSub' <Latency = 0> <II = 1> <Delay = 2.52> <FuncUnit> <Opcode : 'add' 'sub'> <InPorts = 2> <OutPorts = 1>

State 3 <SV = 2> <Delay = 8.50>
ST_3 : Operation 53 [1/1] (0.00ns)   --->   "%zext_ln301_1 = zext i31 %select_ln301_1 to i63" [mire/mire.cpp:38]   --->   Operation 53 'zext' 'zext_ln301_1' <Predicate = (!icmp_ln301)> <Delay = 0.00>
ST_3 : Operation 54 [1/1] (8.50ns)   --->   "%mul_ln301 = mul i63 3435973837, %zext_ln301_1" [mire/mire.cpp:38]   --->   Operation 54 'mul' 'mul_ln301' <Predicate = (!icmp_ln301)> <Delay = 8.50> <Core = "Mul">   --->   Core 16 'Mul' <Latency = 0> <II = 1> <Delay = 8.51> <FuncUnit> <Opcode : 'mul'> <InPorts = 2> <OutPorts = 1>
ST_3 : Operation 55 [1/1] (0.00ns)   --->   "%tmp = call i1 @_ssdm_op_BitSelect.i1.i63.i32(i63 %mul_ln301, i32 35)" [mire/mire.cpp:38]   --->   Operation 55 'bitselect' 'tmp' <Predicate = (!icmp_ln301)> <Delay = 0.00>
ST_3 : Operation 56 [1/1] (0.00ns) (grouped into LUT with out node tmp_user_V)   --->   "%or_ln17 = or i31 %select_ln301, %select_ln301_1" [mire/mire.cpp:17]   --->   Operation 56 'or' 'or_ln17' <Predicate = (!icmp_ln301)> <Delay = 0.00> <Core = "LogicGate">   --->   Core 27 'LogicGate' <Latency = 0> <II = 1> <Delay = 0.97> <FuncUnit> <Opcode : 'and' 'or' 'xor'> <InPorts = 2> <OutPorts = 1>
ST_3 : Operation 57 [1/1] (2.47ns) (out node of the LUT)   --->   "%tmp_user_V = icmp eq i31 %or_ln17, 0" [mire/mire.cpp:17]   --->   Operation 57 'icmp' 'tmp_user_V' <Predicate = (!icmp_ln301)> <Delay = 2.47> <Core = "Cmp">   --->   Core 25 'Cmp' <Latency = 0> <II = 1> <Delay = 2.47> <FuncUnit> <Opcode : 'icmp'> <InPorts = 2> <OutPorts = 1>
ST_3 : Operation 58 [1/1] (1.76ns)   --->   "br label %4" [mire/mire.cpp:34]   --->   Operation 58 'br' <Predicate = (!icmp_ln301 & !icmp_ln879)> <Delay = 1.76>
ST_3 : Operation 59 [1/1] (0.00ns)   --->   "%zext_ln28 = zext i31 %select_ln301 to i63" [mire/mire.cpp:28]   --->   Operation 59 'zext' 'zext_ln28' <Predicate = (!icmp_ln301 & icmp_ln879)> <Delay = 0.00>
ST_3 : Operation 60 [1/1] (8.50ns)   --->   "%mul_ln28 = mul i63 3435973837, %zext_ln28" [mire/mire.cpp:28]   --->   Operation 60 'mul' 'mul_ln28' <Predicate = (!icmp_ln301 & icmp_ln879)> <Delay = 8.50> <Core = "Mul">   --->   Core 16 'Mul' <Latency = 0> <II = 1> <Delay = 8.51> <FuncUnit> <Opcode : 'mul'> <InPorts = 2> <OutPorts = 1>

State 4 <SV = 3> <Delay = 2.76>
ST_4 : Operation 61 [1/1] (0.00ns) (grouped into LUT with out node select_ln28)   --->   "%tmp_1 = call i1 @_ssdm_op_BitSelect.i1.i63.i32(i63 %mul_ln28, i32 35)" [mire/mire.cpp:28]   --->   Operation 61 'bitselect' 'tmp_1' <Predicate = (!icmp_ln301 & icmp_ln879)> <Delay = 0.00>
ST_4 : Operation 62 [1/1] (0.00ns) (grouped into LUT with out node select_ln28)   --->   "%or_ln28 = or i1 %tmp_1, %tmp" [mire/mire.cpp:28]   --->   Operation 62 'or' 'or_ln28' <Predicate = (!icmp_ln301 & icmp_ln879)> <Delay = 0.00> <Core = "LogicGate">   --->   Core 27 'LogicGate' <Latency = 0> <II = 1> <Delay = 0.97> <FuncUnit> <Opcode : 'and' 'or' 'xor'> <InPorts = 2> <OutPorts = 1>
ST_4 : Operation 63 [1/1] (0.00ns) (grouped into LUT with out node select_ln28)   --->   "%xor_ln28 = xor i1 %or_ln28, true" [mire/mire.cpp:28]   --->   Operation 63 'xor' 'xor_ln28' <Predicate = (!icmp_ln301 & icmp_ln879)> <Delay = 0.00> <Core = "LogicGate">   --->   Core 27 'LogicGate' <Latency = 0> <II = 1> <Delay = 0.97> <FuncUnit> <Opcode : 'and' 'or' 'xor'> <InPorts = 2> <OutPorts = 1>
ST_4 : Operation 64 [1/1] (0.99ns) (out node of the LUT)   --->   "%select_ln28 = select i1 %xor_ln28, i8 -1, i8 0" [mire/mire.cpp:28]   --->   Operation 64 'select' 'select_ln28' <Predicate = (!icmp_ln301 & icmp_ln879)> <Delay = 0.99> <Core = "Sel">   --->   Core 26 'Sel' <Latency = 0> <II = 1> <Delay = 1.24> <FuncUnit> <Opcode : 'select'> <InPorts = 3> <OutPorts = 1>
ST_4 : Operation 65 [1/1] (1.76ns)   --->   "br label %4" [mire/mire.cpp:33]   --->   Operation 65 'br' <Predicate = (!icmp_ln301 & icmp_ln879)> <Delay = 1.76>
ST_4 : Operation 66 [1/1] (0.00ns)   --->   "%tmp_data_V = phi i8 [ %select_ln28, %2 ], [ %select_ln34, %3 ]" [mire/mire.cpp:28]   --->   Operation 66 'phi' 'tmp_data_V' <Predicate = (!icmp_ln301)> <Delay = 0.00>
ST_4 : Operation 67 [2/2] (0.00ns)   --->   "call void @_ssdm_op_Write.axis.volatile.i8P.i1P.i1P.i1P.i1P.i1P.i1P(i8* %m_axis_video_V_data_V, i1* %m_axis_video_V_keep_V, i1* %m_axis_video_V_strb_V, i1* %m_axis_video_V_user_V, i1* %m_axis_video_V_last_V, i1* %m_axis_video_V_id_V, i1* %m_axis_video_V_dest_V, i8 %tmp_data_V, i1 undef, i1 undef, i1 %tmp_user_V, i1 %tmp_last_V, i1 undef, i1 undef)" [mire/mire.cpp:43]   --->   Operation 67 'write' <Predicate = (!icmp_ln301)> <Delay = 0.00> <Core = "AXI4Stream">   --->   Core 5 'AXI4Stream' <Latency = 0> <II = 1> <Delay = 1.00> <Adapter> <Opcode : >

State 5 <SV = 4> <Delay = 0.00>
ST_5 : Operation 68 [1/1] (0.00ns)   --->   "call void (...)* @_ssdm_op_SpecPipeline(i32 -1, i32 1, i32 1, i32 0, [1 x i8]* @p_str2) nounwind" [mire/mire.cpp:14]   --->   Operation 68 'specpipeline' <Predicate = (!icmp_ln301)> <Delay = 0.00>
ST_5 : Operation 69 [1/1] (0.00ns)   --->   "call void (...)* @_ssdm_op_SpecPipeline(i32 -1, i32 1, i32 1, i32 0, [1 x i8]* @p_str2) nounwind" [mire/mire.cpp:14]   --->   Operation 69 'specpipeline' <Predicate = (!icmp_ln301)> <Delay = 0.00>
ST_5 : Operation 70 [1/2] (0.00ns)   --->   "call void @_ssdm_op_Write.axis.volatile.i8P.i1P.i1P.i1P.i1P.i1P.i1P(i8* %m_axis_video_V_data_V, i1* %m_axis_video_V_keep_V, i1* %m_axis_video_V_strb_V, i1* %m_axis_video_V_user_V, i1* %m_axis_video_V_last_V, i1* %m_axis_video_V_id_V, i1* %m_axis_video_V_dest_V, i8 %tmp_data_V, i1 undef, i1 undef, i1 %tmp_user_V, i1 %tmp_last_V, i1 undef, i1 undef)" [mire/mire.cpp:43]   --->   Operation 70 'write' <Predicate = (!icmp_ln301)> <Delay = 0.00> <Core = "AXI4Stream">   --->   Core 5 'AXI4Stream' <Latency = 0> <II = 1> <Delay = 1.00> <Adapter> <Opcode : >
ST_5 : Operation 71 [1/1] (0.00ns)   --->   "br label %1" [mire/mire.cpp:15]   --->   Operation 71 'br' <Predicate = (!icmp_ln301)> <Delay = 0.00>

State 6 <SV = 2> <Delay = 0.00>
ST_6 : Operation 72 [1/1] (0.00ns)   --->   "ret void" [mire/mire.cpp:47]   --->   Operation 72 'ret' <Predicate = true> <Delay = 0.00>


============================================================
+ Verbose Summary: Binding
============================================================
STG Binding: 
---------------- STG Properties BEGIN ----------------
- Is combinational: 0
- Is one-state seq: 0
- Is datapath-only: 0
- Is pipelined: 0
- Is top level: 1
Port [ Return ] is wired: 1; IO mode=ap_ctrl_hs:ce=0
Port [ mode_V]:  wired=1; compound=0; hidden=0; nouse=0; global=0; static=0; extern=0; dir=0; type=0; pingpong=0; private_global=0; IO mode=ap_none:ce=0
Port [ m_axis_video_V_data_V]:  wired=1; compound=1; hidden=0; nouse=0; global=0; static=0; extern=0; dir=1; type=0; pingpong=0; private_global=0; IO mode=axis:ce=0
Port [ m_axis_video_V_keep_V]:  wired=1; compound=1; hidden=0; nouse=0; global=0; static=0; extern=0; dir=1; type=0; pingpong=0; private_global=0; IO mode=axis:ce=0
Port [ m_axis_video_V_strb_V]:  wired=1; compound=1; hidden=0; nouse=0; global=0; static=0; extern=0; dir=1; type=0; pingpong=0; private_global=0; IO mode=axis:ce=0
Port [ m_axis_video_V_user_V]:  wired=1; compound=1; hidden=0; nouse=0; global=0; static=0; extern=0; dir=1; type=0; pingpong=0; private_global=0; IO mode=axis:ce=0
Port [ m_axis_video_V_last_V]:  wired=1; compound=1; hidden=0; nouse=0; global=0; static=0; extern=0; dir=1; type=0; pingpong=0; private_global=0; IO mode=axis:ce=0
Port [ m_axis_video_V_id_V]:  wired=1; compound=1; hidden=0; nouse=0; global=0; static=0; extern=0; dir=1; type=0; pingpong=0; private_global=0; IO mode=axis:ce=0
Port [ m_axis_video_V_dest_V]:  wired=1; compound=1; hidden=0; nouse=0; global=0; static=0; extern=0; dir=1; type=0; pingpong=0; private_global=0; IO mode=axis:ce=0
Port [ hsize_in]:  wired=1; compound=0; hidden=0; nouse=0; global=0; static=0; extern=0; dir=0; type=0; pingpong=0; private_global=0; IO mode=ap_none:ce=0
Port [ vsize_in]:  wired=1; compound=0; hidden=0; nouse=0; global=0; static=0; extern=0; dir=0; type=0; pingpong=0; private_global=0; IO mode=ap_none:ce=0
---------------- STG Properties END ------------------

---------------- Datapath Model BEGIN ----------------

<LifeTime>
<method=bitvector/>
specbitsmap_ln0   (specbitsmap  ) [ 0000000]
specbitsmap_ln0   (specbitsmap  ) [ 0000000]
specbitsmap_ln0   (specbitsmap  ) [ 0000000]
specbitsmap_ln0   (specbitsmap  ) [ 0000000]
specbitsmap_ln0   (specbitsmap  ) [ 0000000]
specbitsmap_ln0   (specbitsmap  ) [ 0000000]
specbitsmap_ln0   (specbitsmap  ) [ 0000000]
specbitsmap_ln0   (specbitsmap  ) [ 0000000]
specbitsmap_ln0   (specbitsmap  ) [ 0000000]
specbitsmap_ln0   (specbitsmap  ) [ 0000000]
spectopmodule_ln0 (spectopmodule) [ 0000000]
vsize_in_read     (read         ) [ 0000000]
hsize_in_read     (read         ) [ 0011110]
mode_V_read       (read         ) [ 0000000]
specinterface_ln8 (specinterface) [ 0000000]
add_ln22          (add          ) [ 0011110]
icmp_ln879        (icmp         ) [ 0011110]
icmp_ln879_1      (icmp         ) [ 0011110]
icmp_ln879_2      (icmp         ) [ 0011110]
cast              (zext         ) [ 0000000]
cast1             (zext         ) [ 0000000]
bound             (mul          ) [ 0011110]
br_ln12           (br           ) [ 0111110]
indvar_flatten    (phi          ) [ 0010000]
val_assign        (phi          ) [ 0010000]
val_assign_1      (phi          ) [ 0010000]
specpipeline_ln14 (specpipeline ) [ 0000000]
video_data_V      (trunc        ) [ 0000000]
video_data_V_1    (select       ) [ 0000000]
zext_ln301        (zext         ) [ 0000000]
icmp_ln15         (icmp         ) [ 0000000]
icmp_ln301        (icmp         ) [ 0011110]
add_ln301         (add          ) [ 0111110]
br_ln38           (br           ) [ 0000000]
select_ln301      (select       ) [ 0011000]
add_ln12          (add          ) [ 0000000]
select_ln301_1    (select       ) [ 0111110]
trunc_ln301       (trunc        ) [ 0000000]
select_ln37       (select       ) [ 0000000]
select_ln301_2    (select       ) [ 0000000]
zext_ln301_2      (zext         ) [ 0000000]
tmp_last_V        (icmp         ) [ 0011110]
br_ln27           (br           ) [ 0000000]
video_data_V_2    (trunc        ) [ 0000000]
select_ln34       (select       ) [ 0011100]
j                 (add          ) [ 0111110]
zext_ln301_1      (zext         ) [ 0000000]
mul_ln301         (mul          ) [ 0000000]
tmp               (bitselect    ) [ 0010100]
or_ln17           (or           ) [ 0000000]
tmp_user_V        (icmp         ) [ 0010110]
br_ln34           (br           ) [ 0011110]
zext_ln28         (zext         ) [ 0000000]
mul_ln28          (mul          ) [ 0010100]
tmp_1             (bitselect    ) [ 0000000]
or_ln28           (or           ) [ 0000000]
xor_ln28          (xor          ) [ 0000000]
select_ln28       (select       ) [ 0000000]
br_ln33           (br           ) [ 0000000]
tmp_data_V        (phi          ) [ 0010110]
specpipeline_ln14 (specpipeline ) [ 0000000]
specpipeline_ln14 (specpipeline ) [ 0000000]
write_ln43        (write        ) [ 0000000]
br_ln15           (br           ) [ 0111110]
ret_ln47          (ret          ) [ 0000000]
</LifeTime>

<model>

<comp_list>
<comp id="0" class="1000" name="mode_V">
<pin_list>
<pin id="1" dir="1" index="0" bw="1" slack="0"/>
</pin_list>
<bind>
<StgValue><ssdm name="mode_V"/></StgValue>
</bind>
</comp>

<comp id="2" class="1000" name="m_axis_video_V_data_V">
<pin_list>
<pin id="3" dir="1" index="0" bw="1" slack="0"/>
</pin_list>
<bind>
<StgValue><ssdm name="m_axis_video_V_data_V"/></StgValue>
</bind>
</comp>

<comp id="4" class="1000" name="m_axis_video_V_keep_V">
<pin_list>
<pin id="5" dir="1" index="0" bw="1" slack="0"/>
</pin_list>
<bind>
<StgValue><ssdm name="m_axis_video_V_keep_V"/></StgValue>
</bind>
</comp>

<comp id="6" class="1000" name="m_axis_video_V_strb_V">
<pin_list>
<pin id="7" dir="1" index="0" bw="1" slack="0"/>
</pin_list>
<bind>
<StgValue><ssdm name="m_axis_video_V_strb_V"/></StgValue>
</bind>
</comp>

<comp id="8" class="1000" name="m_axis_video_V_user_V">
<pin_list>
<pin id="9" dir="1" index="0" bw="1" slack="0"/>
</pin_list>
<bind>
<StgValue><ssdm name="m_axis_video_V_user_V"/></StgValue>
</bind>
</comp>

<comp id="10" class="1000" name="m_axis_video_V_last_V">
<pin_list>
<pin id="11" dir="1" index="0" bw="1" slack="0"/>
</pin_list>
<bind>
<StgValue><ssdm name="m_axis_video_V_last_V"/></StgValue>
</bind>
</comp>

<comp id="12" class="1000" name="m_axis_video_V_id_V">
<pin_list>
<pin id="13" dir="1" index="0" bw="1" slack="0"/>
</pin_list>
<bind>
<StgValue><ssdm name="m_axis_video_V_id_V"/></StgValue>
</bind>
</comp>

<comp id="14" class="1000" name="m_axis_video_V_dest_V">
<pin_list>
<pin id="15" dir="1" index="0" bw="1" slack="0"/>
</pin_list>
<bind>
<StgValue><ssdm name="m_axis_video_V_dest_V"/></StgValue>
</bind>
</comp>

<comp id="16" class="1000" name="hsize_in">
<pin_list>
<pin id="17" dir="1" index="0" bw="1" slack="0"/>
</pin_list>
<bind>
<StgValue><ssdm name="hsize_in"/></StgValue>
</bind>
</comp>

<comp id="18" class="1000" name="vsize_in">
<pin_list>
<pin id="19" dir="1" index="0" bw="1" slack="0"/>
</pin_list>
<bind>
<StgValue><ssdm name="vsize_in"/></StgValue>
</bind>
</comp>

<comp id="20" class="1001" name="const_20">
<pin_list>
<pin id="21" dir="1" index="0" bw="1" slack="2147483647"/>
</pin_list>
<bind>
<StgValue><ssdm name="_ssdm_op_SpecBitsMap"/></StgValue>
</bind>
</comp>

<comp id="22" class="1001" name="const_22">
<pin_list>
<pin id="23" dir="1" index="0" bw="1" slack="2147483647"/>
</pin_list>
<bind>
<StgValue><ssdm name="_ssdm_op_SpecTopModule"/></StgValue>
</bind>
</comp>

<comp id="24" class="1001" name="const_24">
<pin_list>
<pin id="25" dir="1" index="0" bw="1" slack="2147483647"/>
</pin_list>
<bind>
<StgValue><ssdm name="mire_str"/></StgValue>
</bind>
</comp>

<comp id="26" class="1001" name="const_26">
<pin_list>
<pin id="27" dir="1" index="0" bw="1" slack="0"/>
</pin_list>
<bind>
<StgValue><ssdm name="_ssdm_op_Read.ap_auto.i32"/></StgValue>
</bind>
</comp>

<comp id="28" class="1001" name="const_28">
<pin_list>
<pin id="29" dir="1" index="0" bw="1" slack="0"/>
</pin_list>
<bind>
<StgValue><ssdm name="_ssdm_op_Read.ap_auto.i2"/></StgValue>
</bind>
</comp>

<comp id="30" class="1001" name="const_30">
<pin_list>
<pin id="31" dir="1" index="0" bw="1" slack="2147483647"/>
</pin_list>
<bind>
<StgValue><ssdm name="_ssdm_op_SpecInterface"/></StgValue>
</bind>
</comp>

<comp id="32" class="1001" name="const_32">
<pin_list>
<pin id="33" dir="1" index="0" bw="1" slack="2147483647"/>
</pin_list>
<bind>
<StgValue><ssdm name="p_str"/></StgValue>
</bind>
</comp>

<comp id="34" class="1001" name="const_34">
<pin_list>
<pin id="35" dir="1" index="0" bw="1" slack="2147483647"/>
</pin_list>
<bind>
<StgValue><ssdm name=""/></StgValue>
</bind>
</comp>

<comp id="36" class="1001" name="const_36">
<pin_list>
<pin id="37" dir="1" index="0" bw="1" slack="2147483647"/>
</pin_list>
<bind>
<StgValue><ssdm name="p_str1"/></StgValue>
</bind>
</comp>

<comp id="38" class="1001" name="const_38">
<pin_list>
<pin id="39" dir="1" index="0" bw="1" slack="2147483647"/>
</pin_list>
<bind>
<StgValue><ssdm name=""/></StgValue>
</bind>
</comp>

<comp id="40" class="1001" name="const_40">
<pin_list>
<pin id="41" dir="1" index="0" bw="1" slack="2147483647"/>
</pin_list>
<bind>
<StgValue><ssdm name="p_str2"/></StgValue>
</bind>
</comp>

<comp id="42" class="1001" name="const_42">
<pin_list>
<pin id="43" dir="1" index="0" bw="1" slack="0"/>
</pin_list>
<bind>
<StgValue><ssdm name=""/></StgValue>
</bind>
</comp>

<comp id="44" class="1001" name="const_44">
<pin_list>
<pin id="45" dir="1" index="0" bw="1" slack="0"/>
</pin_list>
<bind>
<StgValue><ssdm name=""/></StgValue>
</bind>
</comp>

<comp id="46" class="1001" name="const_46">
<pin_list>
<pin id="47" dir="1" index="0" bw="1" slack="0"/>
</pin_list>
<bind>
<StgValue><ssdm name=""/></StgValue>
</bind>
</comp>

<comp id="48" class="1001" name="const_48">
<pin_list>
<pin id="49" dir="1" index="0" bw="1" slack="0"/>
</pin_list>
<bind>
<StgValue><ssdm name=""/></StgValue>
</bind>
</comp>

<comp id="50" class="1001" name="const_50">
<pin_list>
<pin id="51" dir="1" index="0" bw="1" slack="1"/>
</pin_list>
<bind>
<StgValue><ssdm name=""/></StgValue>
</bind>
</comp>

<comp id="52" class="1001" name="const_52">
<pin_list>
<pin id="53" dir="1" index="0" bw="1" slack="0"/>
</pin_list>
<bind>
<StgValue><ssdm name=""/></StgValue>
</bind>
</comp>

<comp id="54" class="1001" name="const_54">
<pin_list>
<pin id="55" dir="1" index="0" bw="1" slack="2147483647"/>
</pin_list>
<bind>
<StgValue><ssdm name="_ssdm_op_SpecPipeline"/></StgValue>
</bind>
</comp>

<comp id="56" class="1001" name="const_56">
<pin_list>
<pin id="57" dir="1" index="0" bw="1" slack="0"/>
</pin_list>
<bind>
<StgValue><ssdm name=""/></StgValue>
</bind>
</comp>

<comp id="58" class="1001" name="const_58">
<pin_list>
<pin id="59" dir="1" index="0" bw="1" slack="0"/>
</pin_list>
<bind>
<StgValue><ssdm name=""/></StgValue>
</bind>
</comp>

<comp id="60" class="1001" name="const_60">
<pin_list>
<pin id="61" dir="1" index="0" bw="1" slack="0"/>
</pin_list>
<bind>
<StgValue><ssdm name=""/></StgValue>
</bind>
</comp>

<comp id="62" class="1001" name="const_62">
<pin_list>
<pin id="63" dir="1" index="0" bw="1" slack="0"/>
</pin_list>
<bind>
<StgValue><ssdm name=""/></StgValue>
</bind>
</comp>

<comp id="64" class="1001" name="const_64">
<pin_list>
<pin id="65" dir="1" index="0" bw="1" slack="0"/>
</pin_list>
<bind>
<StgValue><ssdm name="_ssdm_op_BitSelect.i1.i63.i32"/></StgValue>
</bind>
</comp>

<comp id="66" class="1001" name="const_66">
<pin_list>
<pin id="67" dir="1" index="0" bw="1" slack="0"/>
</pin_list>
<bind>
<StgValue><ssdm name=""/></StgValue>
</bind>
</comp>

<comp id="68" class="1001" name="const_68">
<pin_list>
<pin id="69" dir="1" index="0" bw="1" slack="0"/>
</pin_list>
<bind>
<StgValue><ssdm name=""/></StgValue>
</bind>
</comp>

<comp id="70" class="1001" name="const_70">
<pin_list>
<pin id="71" dir="1" index="0" bw="1" slack="0"/>
</pin_list>
<bind>
<StgValue><ssdm name=""/></StgValue>
</bind>
</comp>

<comp id="72" class="1001" name="const_72">
<pin_list>
<pin id="73" dir="1" index="0" bw="1" slack="0"/>
</pin_list>
<bind>
<StgValue><ssdm name="_ssdm_op_Write.axis.volatile.i8P.i1P.i1P.i1P.i1P.i1P.i1P"/></StgValue>
</bind>
</comp>

<comp id="74" class="1001" name="const_74">
<pin_list>
<pin id="75" dir="1" index="0" bw="1" slack="0"/>
</pin_list>
<bind>
<StgValue><ssdm name=""/></StgValue>
</bind>
</comp>

<comp id="76" class="1004" name="vsize_in_read_read_fu_76">
<pin_list>
<pin id="77" dir="0" index="0" bw="32" slack="0"/>
<pin id="78" dir="0" index="1" bw="32" slack="0"/>
<pin id="79" dir="1" index="2" bw="32" slack="0"/>
</pin_list>
<bind>
<opcode="read(1150) " fcode="read"/>
<opset="vsize_in_read/1 "/>
</bind>
</comp>

<comp id="82" class="1004" name="hsize_in_read_read_fu_82">
<pin_list>
<pin id="83" dir="0" index="0" bw="32" slack="0"/>
<pin id="84" dir="0" index="1" bw="32" slack="0"/>
<pin id="85" dir="1" index="2" bw="32" slack="0"/>
</pin_list>
<bind>
<opcode="read(1150) " fcode="read"/>
<opset="hsize_in_read/1 "/>
</bind>
</comp>

<comp id="88" class="1004" name="mode_V_read_read_fu_88">
<pin_list>
<pin id="89" dir="0" index="0" bw="2" slack="0"/>
<pin id="90" dir="0" index="1" bw="2" slack="0"/>
<pin id="91" dir="1" index="2" bw="2" slack="0"/>
</pin_list>
<bind>
<opcode="read(1150) " fcode="read"/>
<opset="mode_V_read/1 "/>
</bind>
</comp>

<comp id="94" class="1004" name="grp_write_fu_94">
<pin_list>
<pin id="95" dir="0" index="0" bw="0" slack="0"/>
<pin id="96" dir="0" index="1" bw="8" slack="0"/>
<pin id="97" dir="0" index="2" bw="1" slack="0"/>
<pin id="98" dir="0" index="3" bw="1" slack="0"/>
<pin id="99" dir="0" index="4" bw="1" slack="0"/>
<pin id="100" dir="0" index="5" bw="1" slack="0"/>
<pin id="101" dir="0" index="6" bw="1" slack="0"/>
<pin id="102" dir="0" index="7" bw="1" slack="0"/>
<pin id="103" dir="0" index="8" bw="8" slack="0"/>
<pin id="104" dir="0" index="9" bw="1" slack="0"/>
<pin id="105" dir="0" index="10" bw="1" slack="0"/>
<pin id="106" dir="0" index="11" bw="1" slack="1"/>
<pin id="107" dir="0" index="12" bw="1" slack="2"/>
<pin id="108" dir="0" index="13" bw="1" slack="0"/>
<pin id="109" dir="0" index="14" bw="1" slack="0"/>
<pin id="110" dir="1" index="15" bw="0" slack="2147483647"/>
</pin_list>
<bind>
<opcode="write(1151) " fcode="write"/>
<opset="write_ln43/4 "/>
</bind>
</comp>

<comp id="123" class="1005" name="indvar_flatten_reg_123">
<pin_list>
<pin id="124" dir="0" index="0" bw="64" slack="1"/>
<pin id="125" dir="1" index="1" bw="64" slack="1"/>
</pin_list>
<bind>
<opset="indvar_flatten (phireg) "/>
</bind>
</comp>

<comp id="127" class="1004" name="indvar_flatten_phi_fu_127">
<pin_list>
<pin id="128" dir="0" index="0" bw="1" slack="1"/>
<pin id="129" dir="0" index="1" bw="0" slack="2147483647"/>
<pin id="130" dir="0" index="2" bw="64" slack="0"/>
<pin id="131" dir="0" index="3" bw="0" slack="2147483647"/>
<pin id="132" dir="1" index="4" bw="64" slack="0"/>
</pin_list>
<bind>
<opcode="phi(47) " fcode="phi"/>
<opset="indvar_flatten/2 "/>
</bind>
</comp>

<comp id="134" class="1005" name="val_assign_reg_134">
<pin_list>
<pin id="135" dir="0" index="0" bw="31" slack="1"/>
<pin id="136" dir="1" index="1" bw="31" slack="1"/>
</pin_list>
<bind>
<opset="val_assign (phireg) "/>
</bind>
</comp>

<comp id="138" class="1004" name="val_assign_phi_fu_138">
<pin_list>
<pin id="139" dir="0" index="0" bw="1" slack="1"/>
<pin id="140" dir="0" index="1" bw="0" slack="2147483647"/>
<pin id="141" dir="0" index="2" bw="31" slack="0"/>
<pin id="142" dir="0" index="3" bw="0" slack="2147483647"/>
<pin id="143" dir="1" index="4" bw="31" slack="0"/>
</pin_list>
<bind>
<opcode="phi(47) " fcode="phi"/>
<opset="val_assign/2 "/>
</bind>
</comp>

<comp id="145" class="1005" name="val_assign_1_reg_145">
<pin_list>
<pin id="146" dir="0" index="0" bw="31" slack="1"/>
<pin id="147" dir="1" index="1" bw="31" slack="1"/>
</pin_list>
<bind>
<opset="val_assign_1 (phireg) "/>
</bind>
</comp>

<comp id="149" class="1004" name="val_assign_1_phi_fu_149">
<pin_list>
<pin id="150" dir="0" index="0" bw="1" slack="1"/>
<pin id="151" dir="0" index="1" bw="0" slack="2147483647"/>
<pin id="152" dir="0" index="2" bw="31" slack="0"/>
<pin id="153" dir="0" index="3" bw="0" slack="2147483647"/>
<pin id="154" dir="1" index="4" bw="31" slack="0"/>
</pin_list>
<bind>
<opcode="phi(47) " fcode="phi"/>
<opset="val_assign_1/2 "/>
</bind>
</comp>

<comp id="156" class="1005" name="tmp_data_V_reg_156">
<pin_list>
<pin id="157" dir="0" index="0" bw="8" slack="1"/>
<pin id="158" dir="1" index="1" bw="8" slack="1"/>
</pin_list>
<bind>
<opset="tmp_data_V (phireg) "/>
</bind>
</comp>

<comp id="160" class="1004" name="tmp_data_V_phi_fu_160">
<pin_list>
<pin id="161" dir="0" index="0" bw="8" slack="0"/>
<pin id="162" dir="0" index="1" bw="0" slack="2147483647"/>
<pin id="163" dir="0" index="2" bw="8" slack="2"/>
<pin id="164" dir="0" index="3" bw="0" slack="2147483647"/>
<pin id="165" dir="1" index="4" bw="8" slack="0"/>
</pin_list>
<bind>
<opcode="phi(47) " fcode="phi"/>
<opset="tmp_data_V/4 "/>
</bind>
</comp>

<comp id="168" class="1004" name="add_ln22_fu_168">
<pin_list>
<pin id="169" dir="0" index="0" bw="32" slack="0"/>
<pin id="170" dir="0" index="1" bw="1" slack="0"/>
<pin id="171" dir="1" index="2" bw="32" slack="1"/>
</pin_list>
<bind>
<opcode="add(8) " fcode="add"/>
<opset="add_ln22/1 "/>
</bind>
</comp>

<comp id="174" class="1004" name="icmp_ln879_fu_174">
<pin_list>
<pin id="175" dir="0" index="0" bw="2" slack="0"/>
<pin id="176" dir="0" index="1" bw="2" slack="0"/>
<pin id="177" dir="1" index="2" bw="1" slack="1"/>
</pin_list>
<bind>
<opcode="icmp(45) " fcode="icmp"/>
<opset="icmp_ln879/1 "/>
</bind>
</comp>

<comp id="180" class="1004" name="icmp_ln879_1_fu_180">
<pin_list>
<pin id="181" dir="0" index="0" bw="2" slack="0"/>
<pin id="182" dir="0" index="1" bw="2" slack="0"/>
<pin id="183" dir="1" index="2" bw="1" slack="1"/>
</pin_list>
<bind>
<opcode="icmp(45) " fcode="icmp"/>
<opset="icmp_ln879_1/1 "/>
</bind>
</comp>

<comp id="186" class="1004" name="icmp_ln879_2_fu_186">
<pin_list>
<pin id="187" dir="0" index="0" bw="2" slack="0"/>
<pin id="188" dir="0" index="1" bw="2" slack="0"/>
<pin id="189" dir="1" index="2" bw="1" slack="1"/>
</pin_list>
<bind>
<opcode="icmp(45) " fcode="icmp"/>
<opset="icmp_ln879_2/1 "/>
</bind>
</comp>

<comp id="192" class="1004" name="cast_fu_192">
<pin_list>
<pin id="193" dir="0" index="0" bw="32" slack="0"/>
<pin id="194" dir="1" index="1" bw="64" slack="0"/>
</pin_list>
<bind>
<opcode="zext(34) " fcode="zext"/>
<opset="cast/1 "/>
</bind>
</comp>

<comp id="196" class="1004" name="cast1_fu_196">
<pin_list>
<pin id="197" dir="0" index="0" bw="32" slack="0"/>
<pin id="198" dir="1" index="1" bw="64" slack="0"/>
</pin_list>
<bind>
<opcode="zext(34) " fcode="zext"/>
<opset="cast1/1 "/>
</bind>
</comp>

<comp id="200" class="1004" name="bound_fu_200">
<pin_list>
<pin id="201" dir="0" index="0" bw="32" slack="0"/>
<pin id="202" dir="0" index="1" bw="32" slack="0"/>
<pin id="203" dir="1" index="2" bw="64" slack="1"/>
</pin_list>
<bind>
<opcode="mul(12) " fcode="mul"/>
<opset="bound/1 "/>
</bind>
</comp>

<comp id="206" class="1004" name="video_data_V_fu_206">
<pin_list>
<pin id="207" dir="0" index="0" bw="31" slack="0"/>
<pin id="208" dir="1" index="1" bw="8" slack="0"/>
</pin_list>
<bind>
<opcode="trunc(33) " fcode="trunc"/>
<opset="video_data_V/2 "/>
</bind>
</comp>

<comp id="210" class="1004" name="video_data_V_1_fu_210">
<pin_list>
<pin id="211" dir="0" index="0" bw="1" slack="1"/>
<pin id="212" dir="0" index="1" bw="8" slack="0"/>
<pin id="213" dir="0" index="2" bw="8" slack="0"/>
<pin id="214" dir="1" index="3" bw="8" slack="0"/>
</pin_list>
<bind>
<opcode="select(49) " fcode="select"/>
<opset="video_data_V_1/2 "/>
</bind>
</comp>

<comp id="217" class="1004" name="zext_ln301_fu_217">
<pin_list>
<pin id="218" dir="0" index="0" bw="31" slack="0"/>
<pin id="219" dir="1" index="1" bw="32" slack="0"/>
</pin_list>
<bind>
<opcode="zext(34) " fcode="zext"/>
<opset="zext_ln301/2 "/>
</bind>
</comp>

<comp id="221" class="1004" name="icmp_ln15_fu_221">
<pin_list>
<pin id="222" dir="0" index="0" bw="32" slack="0"/>
<pin id="223" dir="0" index="1" bw="32" slack="1"/>
<pin id="224" dir="1" index="2" bw="1" slack="0"/>
</pin_list>
<bind>
<opcode="icmp(45) " fcode="icmp"/>
<opset="icmp_ln15/2 "/>
</bind>
</comp>

<comp id="226" class="1004" name="icmp_ln301_fu_226">
<pin_list>
<pin id="227" dir="0" index="0" bw="64" slack="0"/>
<pin id="228" dir="0" index="1" bw="64" slack="1"/>
<pin id="229" dir="1" index="2" bw="1" slack="1"/>
</pin_list>
<bind>
<opcode="icmp(45) " fcode="icmp"/>
<opset="icmp_ln301/2 "/>
</bind>
</comp>

<comp id="231" class="1004" name="add_ln301_fu_231">
<pin_list>
<pin id="232" dir="0" index="0" bw="1" slack="0"/>
<pin id="233" dir="0" index="1" bw="64" slack="0"/>
<pin id="234" dir="1" index="2" bw="64" slack="0"/>
</pin_list>
<bind>
<opcode="add(8) " fcode="add"/>
<opset="add_ln301/2 "/>
</bind>
</comp>

<comp id="237" class="1004" name="select_ln301_fu_237">
<pin_list>
<pin id="238" dir="0" index="0" bw="1" slack="0"/>
<pin id="239" dir="0" index="1" bw="31" slack="0"/>
<pin id="240" dir="0" index="2" bw="31" slack="0"/>
<pin id="241" dir="1" index="3" bw="31" slack="0"/>
</pin_list>
<bind>
<opcode="select(49) " fcode="select"/>
<opset="select_ln301/2 "/>
</bind>
</comp>

<comp id="245" class="1004" name="add_ln12_fu_245">
<pin_list>
<pin id="246" dir="0" index="0" bw="1" slack="0"/>
<pin id="247" dir="0" index="1" bw="31" slack="0"/>
<pin id="248" dir="1" index="2" bw="31" slack="0"/>
</pin_list>
<bind>
<opcode="add(8) " fcode="add"/>
<opset="add_ln12/2 "/>
</bind>
</comp>

<comp id="251" class="1004" name="select_ln301_1_fu_251">
<pin_list>
<pin id="252" dir="0" index="0" bw="1" slack="0"/>
<pin id="253" dir="0" index="1" bw="31" slack="0"/>
<pin id="254" dir="0" index="2" bw="31" slack="0"/>
<pin id="255" dir="1" index="3" bw="31" slack="0"/>
</pin_list>
<bind>
<opcode="select(49) " fcode="select"/>
<opset="select_ln301_1/2 "/>
</bind>
</comp>

<comp id="259" class="1004" name="trunc_ln301_fu_259">
<pin_list>
<pin id="260" dir="0" index="0" bw="31" slack="0"/>
<pin id="261" dir="1" index="1" bw="8" slack="0"/>
</pin_list>
<bind>
<opcode="trunc(33) " fcode="trunc"/>
<opset="trunc_ln301/2 "/>
</bind>
</comp>

<comp id="263" class="1004" name="select_ln37_fu_263">
<pin_list>
<pin id="264" dir="0" index="0" bw="1" slack="1"/>
<pin id="265" dir="0" index="1" bw="8" slack="0"/>
<pin id="266" dir="0" index="2" bw="8" slack="0"/>
<pin id="267" dir="1" index="3" bw="8" slack="0"/>
</pin_list>
<bind>
<opcode="select(49) " fcode="select"/>
<opset="select_ln37/2 "/>
</bind>
</comp>

<comp id="270" class="1004" name="select_ln301_2_fu_270">
<pin_list>
<pin id="271" dir="0" index="0" bw="1" slack="0"/>
<pin id="272" dir="0" index="1" bw="8" slack="0"/>
<pin id="273" dir="0" index="2" bw="8" slack="0"/>
<pin id="274" dir="1" index="3" bw="8" slack="0"/>
</pin_list>
<bind>
<opcode="select(49) " fcode="select"/>
<opset="select_ln301_2/2 "/>
</bind>
</comp>

<comp id="278" class="1004" name="zext_ln301_2_fu_278">
<pin_list>
<pin id="279" dir="0" index="0" bw="31" slack="0"/>
<pin id="280" dir="1" index="1" bw="32" slack="0"/>
</pin_list>
<bind>
<opcode="zext(34) " fcode="zext"/>
<opset="zext_ln301_2/2 "/>
</bind>
</comp>

<comp id="282" class="1004" name="tmp_last_V_fu_282">
<pin_list>
<pin id="283" dir="0" index="0" bw="32" slack="0"/>
<pin id="284" dir="0" index="1" bw="32" slack="1"/>
<pin id="285" dir="1" index="2" bw="1" slack="2"/>
</pin_list>
<bind>
<opcode="icmp(45) " fcode="icmp"/>
<opset="tmp_last_V/2 "/>
</bind>
</comp>

<comp id="287" class="1004" name="video_data_V_2_fu_287">
<pin_list>
<pin id="288" dir="0" index="0" bw="31" slack="0"/>
<pin id="289" dir="1" index="1" bw="8" slack="0"/>
</pin_list>
<bind>
<opcode="trunc(33) " fcode="trunc"/>
<opset="video_data_V_2/2 "/>
</bind>
</comp>

<comp id="291" class="1004" name="select_ln34_fu_291">
<pin_list>
<pin id="292" dir="0" index="0" bw="1" slack="1"/>
<pin id="293" dir="0" index="1" bw="8" slack="0"/>
<pin id="294" dir="0" index="2" bw="8" slack="0"/>
<pin id="295" dir="1" index="3" bw="8" slack="2"/>
</pin_list>
<bind>
<opcode="select(49) " fcode="select"/>
<opset="select_ln34/2 "/>
</bind>
</comp>

<comp id="298" class="1004" name="j_fu_298">
<pin_list>
<pin id="299" dir="0" index="0" bw="31" slack="0"/>
<pin id="300" dir="0" index="1" bw="1" slack="0"/>
<pin id="301" dir="1" index="2" bw="31" slack="0"/>
</pin_list>
<bind>
<opcode="add(8) " fcode="add"/>
<opset="j/2 "/>
</bind>
</comp>

<comp id="304" class="1004" name="zext_ln301_1_fu_304">
<pin_list>
<pin id="305" dir="0" index="0" bw="31" slack="1"/>
<pin id="306" dir="1" index="1" bw="63" slack="0"/>
</pin_list>
<bind>
<opcode="zext(34) " fcode="zext"/>
<opset="zext_ln301_1/3 "/>
</bind>
</comp>

<comp id="307" class="1004" name="mul_ln301_fu_307">
<pin_list>
<pin id="308" dir="0" index="0" bw="33" slack="0"/>
<pin id="309" dir="0" index="1" bw="31" slack="0"/>
<pin id="310" dir="1" index="2" bw="63" slack="0"/>
</pin_list>
<bind>
<opcode="mul(12) " fcode="mul"/>
<opset="mul_ln301/3 "/>
</bind>
</comp>

<comp id="313" class="1004" name="tmp_fu_313">
<pin_list>
<pin id="314" dir="0" index="0" bw="1" slack="0"/>
<pin id="315" dir="0" index="1" bw="63" slack="0"/>
<pin id="316" dir="0" index="2" bw="7" slack="0"/>
<pin id="317" dir="1" index="3" bw="1" slack="1"/>
</pin_list>
<bind>
<opcode="bitselect(1000) " fcode="bitselect"/>
<opset="tmp/3 "/>
</bind>
</comp>

<comp id="321" class="1004" name="or_ln17_fu_321">
<pin_list>
<pin id="322" dir="0" index="0" bw="31" slack="1"/>
<pin id="323" dir="0" index="1" bw="31" slack="1"/>
<pin id="324" dir="1" index="2" bw="31" slack="0"/>
</pin_list>
<bind>
<opcode="or(24) " fcode="or"/>
<opset="or_ln17/3 "/>
</bind>
</comp>

<comp id="325" class="1004" name="tmp_user_V_fu_325">
<pin_list>
<pin id="326" dir="0" index="0" bw="31" slack="0"/>
<pin id="327" dir="0" index="1" bw="31" slack="0"/>
<pin id="328" dir="1" index="2" bw="1" slack="1"/>
</pin_list>
<bind>
<opcode="icmp(45) " fcode="icmp"/>
<opset="tmp_user_V/3 "/>
</bind>
</comp>

<comp id="331" class="1004" name="zext_ln28_fu_331">
<pin_list>
<pin id="332" dir="0" index="0" bw="31" slack="1"/>
<pin id="333" dir="1" index="1" bw="63" slack="0"/>
</pin_list>
<bind>
<opcode="zext(34) " fcode="zext"/>
<opset="zext_ln28/3 "/>
</bind>
</comp>

<comp id="334" class="1004" name="mul_ln28_fu_334">
<pin_list>
<pin id="335" dir="0" index="0" bw="33" slack="0"/>
<pin id="336" dir="0" index="1" bw="31" slack="0"/>
<pin id="337" dir="1" index="2" bw="63" slack="1"/>
</pin_list>
<bind>
<opcode="mul(12) " fcode="mul"/>
<opset="mul_ln28/3 "/>
</bind>
</comp>

<comp id="340" class="1004" name="tmp_1_fu_340">
<pin_list>
<pin id="341" dir="0" index="0" bw="1" slack="0"/>
<pin id="342" dir="0" index="1" bw="63" slack="1"/>
<pin id="343" dir="0" index="2" bw="7" slack="0"/>
<pin id="344" dir="1" index="3" bw="1" slack="0"/>
</pin_list>
<bind>
<opcode="bitselect(1000) " fcode="bitselect"/>
<opset="tmp_1/4 "/>
</bind>
</comp>

<comp id="347" class="1004" name="or_ln28_fu_347">
<pin_list>
<pin id="348" dir="0" index="0" bw="1" slack="0"/>
<pin id="349" dir="0" index="1" bw="1" slack="1"/>
<pin id="350" dir="1" index="2" bw="1" slack="0"/>
</pin_list>
<bind>
<opcode="or(24) " fcode="or"/>
<opset="or_ln28/4 "/>
</bind>
</comp>

<comp id="352" class="1004" name="xor_ln28_fu_352">
<pin_list>
<pin id="353" dir="0" index="0" bw="1" slack="0"/>
<pin id="354" dir="0" index="1" bw="1" slack="0"/>
<pin id="355" dir="1" index="2" bw="1" slack="0"/>
</pin_list>
<bind>
<opcode="xor(25) " fcode="xor"/>
<opset="xor_ln28/4 "/>
</bind>
</comp>

<comp id="358" class="1004" name="select_ln28_fu_358">
<pin_list>
<pin id="359" dir="0" index="0" bw="1" slack="0"/>
<pin id="360" dir="0" index="1" bw="8" slack="0"/>
<pin id="361" dir="0" index="2" bw="8" slack="0"/>
<pin id="362" dir="1" index="3" bw="8" slack="0"/>
</pin_list>
<bind>
<opcode="select(49) " fcode="select"/>
<opset="select_ln28/4 "/>
</bind>
</comp>

<comp id="367" class="1005" name="hsize_in_read_reg_367">
<pin_list>
<pin id="368" dir="0" index="0" bw="32" slack="1"/>
<pin id="369" dir="1" index="1" bw="32" slack="1"/>
</pin_list>
<bind>
<opset="hsize_in_read "/>
</bind>
</comp>

<comp id="372" class="1005" name="add_ln22_reg_372">
<pin_list>
<pin id="373" dir="0" index="0" bw="32" slack="1"/>
<pin id="374" dir="1" index="1" bw="32" slack="1"/>
</pin_list>
<bind>
<opset="add_ln22 "/>
</bind>
</comp>

<comp id="377" class="1005" name="icmp_ln879_reg_377">
<pin_list>
<pin id="378" dir="0" index="0" bw="1" slack="1"/>
<pin id="379" dir="1" index="1" bw="1" slack="2147483647"/>
</pin_list>
<bind>
<opset="icmp_ln879 "/>
</bind>
</comp>

<comp id="381" class="1005" name="icmp_ln879_1_reg_381">
<pin_list>
<pin id="382" dir="0" index="0" bw="1" slack="1"/>
<pin id="383" dir="1" index="1" bw="1" slack="1"/>
</pin_list>
<bind>
<opset="icmp_ln879_1 "/>
</bind>
</comp>

<comp id="386" class="1005" name="icmp_ln879_2_reg_386">
<pin_list>
<pin id="387" dir="0" index="0" bw="1" slack="1"/>
<pin id="388" dir="1" index="1" bw="1" slack="1"/>
</pin_list>
<bind>
<opset="icmp_ln879_2 "/>
</bind>
</comp>

<comp id="392" class="1005" name="bound_reg_392">
<pin_list>
<pin id="393" dir="0" index="0" bw="64" slack="1"/>
<pin id="394" dir="1" index="1" bw="64" slack="1"/>
</pin_list>
<bind>
<opset="bound "/>
</bind>
</comp>

<comp id="397" class="1005" name="icmp_ln301_reg_397">
<pin_list>
<pin id="398" dir="0" index="0" bw="1" slack="1"/>
<pin id="399" dir="1" index="1" bw="1" slack="2147483647"/>
</pin_list>
<bind>
<opset="icmp_ln301 "/>
</bind>
</comp>

<comp id="401" class="1005" name="add_ln301_reg_401">
<pin_list>
<pin id="402" dir="0" index="0" bw="64" slack="0"/>
<pin id="403" dir="1" index="1" bw="64" slack="0"/>
</pin_list>
<bind>
<opset="add_ln301 "/>
</bind>
</comp>

<comp id="406" class="1005" name="select_ln301_reg_406">
<pin_list>
<pin id="407" dir="0" index="0" bw="31" slack="1"/>
<pin id="408" dir="1" index="1" bw="31" slack="1"/>
</pin_list>
<bind>
<opset="select_ln301 "/>
</bind>
</comp>

<comp id="412" class="1005" name="select_ln301_1_reg_412">
<pin_list>
<pin id="413" dir="0" index="0" bw="31" slack="0"/>
<pin id="414" dir="1" index="1" bw="31" slack="0"/>
</pin_list>
<bind>
<opset="select_ln301_1 "/>
</bind>
</comp>

<comp id="419" class="1005" name="tmp_last_V_reg_419">
<pin_list>
<pin id="420" dir="0" index="0" bw="1" slack="2"/>
<pin id="421" dir="1" index="1" bw="1" slack="2"/>
</pin_list>
<bind>
<opset="tmp_last_V "/>
</bind>
</comp>

<comp id="424" class="1005" name="select_ln34_reg_424">
<pin_list>
<pin id="425" dir="0" index="0" bw="8" slack="2"/>
<pin id="426" dir="1" index="1" bw="8" slack="2"/>
</pin_list>
<bind>
<opset="select_ln34 "/>
</bind>
</comp>

<comp id="429" class="1005" name="j_reg_429">
<pin_list>
<pin id="430" dir="0" index="0" bw="31" slack="0"/>
<pin id="431" dir="1" index="1" bw="31" slack="0"/>
</pin_list>
<bind>
<opset="j "/>
</bind>
</comp>

<comp id="434" class="1005" name="tmp_reg_434">
<pin_list>
<pin id="435" dir="0" index="0" bw="1" slack="1"/>
<pin id="436" dir="1" index="1" bw="1" slack="1"/>
</pin_list>
<bind>
<opset="tmp "/>
</bind>
</comp>

<comp id="439" class="1005" name="tmp_user_V_reg_439">
<pin_list>
<pin id="440" dir="0" index="0" bw="1" slack="1"/>
<pin id="441" dir="1" index="1" bw="1" slack="1"/>
</pin_list>
<bind>
<opset="tmp_user_V "/>
</bind>
</comp>

<comp id="444" class="1005" name="mul_ln28_reg_444">
<pin_list>
<pin id="445" dir="0" index="0" bw="63" slack="1"/>
<pin id="446" dir="1" index="1" bw="63" slack="1"/>
</pin_list>
<bind>
<opset="mul_ln28 "/>
</bind>
</comp>

</comp_list>

<net_list>
<net id="80"><net_src comp="26" pin="0"/><net_sink comp="76" pin=0"/></net>

<net id="81"><net_src comp="18" pin="0"/><net_sink comp="76" pin=1"/></net>

<net id="86"><net_src comp="26" pin="0"/><net_sink comp="82" pin=0"/></net>

<net id="87"><net_src comp="16" pin="0"/><net_sink comp="82" pin=1"/></net>

<net id="92"><net_src comp="28" pin="0"/><net_sink comp="88" pin=0"/></net>

<net id="93"><net_src comp="0" pin="0"/><net_sink comp="88" pin=1"/></net>

<net id="111"><net_src comp="72" pin="0"/><net_sink comp="94" pin=0"/></net>

<net id="112"><net_src comp="2" pin="0"/><net_sink comp="94" pin=1"/></net>

<net id="113"><net_src comp="4" pin="0"/><net_sink comp="94" pin=2"/></net>

<net id="114"><net_src comp="6" pin="0"/><net_sink comp="94" pin=3"/></net>

<net id="115"><net_src comp="8" pin="0"/><net_sink comp="94" pin=4"/></net>

<net id="116"><net_src comp="10" pin="0"/><net_sink comp="94" pin=5"/></net>

<net id="117"><net_src comp="12" pin="0"/><net_sink comp="94" pin=6"/></net>

<net id="118"><net_src comp="14" pin="0"/><net_sink comp="94" pin=7"/></net>

<net id="119"><net_src comp="74" pin="0"/><net_sink comp="94" pin=9"/></net>

<net id="120"><net_src comp="74" pin="0"/><net_sink comp="94" pin=10"/></net>

<net id="121"><net_src comp="74" pin="0"/><net_sink comp="94" pin=13"/></net>

<net id="122"><net_src comp="74" pin="0"/><net_sink comp="94" pin=14"/></net>

<net id="126"><net_src comp="50" pin="0"/><net_sink comp="123" pin=0"/></net>

<net id="133"><net_src comp="123" pin="1"/><net_sink comp="127" pin=0"/></net>

<net id="137"><net_src comp="52" pin="0"/><net_sink comp="134" pin=0"/></net>

<net id="144"><net_src comp="134" pin="1"/><net_sink comp="138" pin=0"/></net>

<net id="148"><net_src comp="52" pin="0"/><net_sink comp="145" pin=0"/></net>

<net id="155"><net_src comp="145" pin="1"/><net_sink comp="149" pin=0"/></net>

<net id="159"><net_src comp="156" pin="1"/><net_sink comp="94" pin=8"/></net>

<net id="166"><net_src comp="160" pin="4"/><net_sink comp="94" pin=8"/></net>

<net id="167"><net_src comp="160" pin="4"/><net_sink comp="156" pin=0"/></net>

<net id="172"><net_src comp="82" pin="2"/><net_sink comp="168" pin=0"/></net>

<net id="173"><net_src comp="42" pin="0"/><net_sink comp="168" pin=1"/></net>

<net id="178"><net_src comp="88" pin="2"/><net_sink comp="174" pin=0"/></net>

<net id="179"><net_src comp="44" pin="0"/><net_sink comp="174" pin=1"/></net>

<net id="184"><net_src comp="88" pin="2"/><net_sink comp="180" pin=0"/></net>

<net id="185"><net_src comp="46" pin="0"/><net_sink comp="180" pin=1"/></net>

<net id="190"><net_src comp="88" pin="2"/><net_sink comp="186" pin=0"/></net>

<net id="191"><net_src comp="48" pin="0"/><net_sink comp="186" pin=1"/></net>

<net id="195"><net_src comp="76" pin="2"/><net_sink comp="192" pin=0"/></net>

<net id="199"><net_src comp="82" pin="2"/><net_sink comp="196" pin=0"/></net>

<net id="204"><net_src comp="196" pin="1"/><net_sink comp="200" pin=0"/></net>

<net id="205"><net_src comp="192" pin="1"/><net_sink comp="200" pin=1"/></net>

<net id="209"><net_src comp="138" pin="4"/><net_sink comp="206" pin=0"/></net>

<net id="215"><net_src comp="206" pin="1"/><net_sink comp="210" pin=1"/></net>

<net id="216"><net_src comp="56" pin="0"/><net_sink comp="210" pin=2"/></net>

<net id="220"><net_src comp="149" pin="4"/><net_sink comp="217" pin=0"/></net>

<net id="225"><net_src comp="217" pin="1"/><net_sink comp="221" pin=0"/></net>

<net id="230"><net_src comp="127" pin="4"/><net_sink comp="226" pin=0"/></net>

<net id="235"><net_src comp="58" pin="0"/><net_sink comp="231" pin=0"/></net>

<net id="236"><net_src comp="127" pin="4"/><net_sink comp="231" pin=1"/></net>

<net id="242"><net_src comp="221" pin="2"/><net_sink comp="237" pin=0"/></net>

<net id="243"><net_src comp="149" pin="4"/><net_sink comp="237" pin=1"/></net>

<net id="244"><net_src comp="52" pin="0"/><net_sink comp="237" pin=2"/></net>

<net id="249"><net_src comp="60" pin="0"/><net_sink comp="245" pin=0"/></net>

<net id="250"><net_src comp="138" pin="4"/><net_sink comp="245" pin=1"/></net>

<net id="256"><net_src comp="221" pin="2"/><net_sink comp="251" pin=0"/></net>

<net id="257"><net_src comp="138" pin="4"/><net_sink comp="251" pin=1"/></net>

<net id="258"><net_src comp="245" pin="2"/><net_sink comp="251" pin=2"/></net>

<net id="262"><net_src comp="245" pin="2"/><net_sink comp="259" pin=0"/></net>

<net id="268"><net_src comp="259" pin="1"/><net_sink comp="263" pin=1"/></net>

<net id="269"><net_src comp="56" pin="0"/><net_sink comp="263" pin=2"/></net>

<net id="275"><net_src comp="221" pin="2"/><net_sink comp="270" pin=0"/></net>

<net id="276"><net_src comp="210" pin="3"/><net_sink comp="270" pin=1"/></net>

<net id="277"><net_src comp="263" pin="3"/><net_sink comp="270" pin=2"/></net>

<net id="281"><net_src comp="237" pin="3"/><net_sink comp="278" pin=0"/></net>

<net id="286"><net_src comp="278" pin="1"/><net_sink comp="282" pin=0"/></net>

<net id="290"><net_src comp="237" pin="3"/><net_sink comp="287" pin=0"/></net>

<net id="296"><net_src comp="287" pin="1"/><net_sink comp="291" pin=1"/></net>

<net id="297"><net_src comp="270" pin="3"/><net_sink comp="291" pin=2"/></net>

<net id="302"><net_src comp="237" pin="3"/><net_sink comp="298" pin=0"/></net>

<net id="303"><net_src comp="60" pin="0"/><net_sink comp="298" pin=1"/></net>

<net id="311"><net_src comp="62" pin="0"/><net_sink comp="307" pin=0"/></net>

<net id="312"><net_src comp="304" pin="1"/><net_sink comp="307" pin=1"/></net>

<net id="318"><net_src comp="64" pin="0"/><net_sink comp="313" pin=0"/></net>

<net id="319"><net_src comp="307" pin="2"/><net_sink comp="313" pin=1"/></net>

<net id="320"><net_src comp="66" pin="0"/><net_sink comp="313" pin=2"/></net>

<net id="329"><net_src comp="321" pin="2"/><net_sink comp="325" pin=0"/></net>

<net id="330"><net_src comp="52" pin="0"/><net_sink comp="325" pin=1"/></net>

<net id="338"><net_src comp="62" pin="0"/><net_sink comp="334" pin=0"/></net>

<net id="339"><net_src comp="331" pin="1"/><net_sink comp="334" pin=1"/></net>

<net id="345"><net_src comp="64" pin="0"/><net_sink comp="340" pin=0"/></net>

<net id="346"><net_src comp="66" pin="0"/><net_sink comp="340" pin=2"/></net>

<net id="351"><net_src comp="340" pin="3"/><net_sink comp="347" pin=0"/></net>

<net id="356"><net_src comp="347" pin="2"/><net_sink comp="352" pin=0"/></net>

<net id="357"><net_src comp="68" pin="0"/><net_sink comp="352" pin=1"/></net>

<net id="363"><net_src comp="352" pin="2"/><net_sink comp="358" pin=0"/></net>

<net id="364"><net_src comp="56" pin="0"/><net_sink comp="358" pin=1"/></net>

<net id="365"><net_src comp="70" pin="0"/><net_sink comp="358" pin=2"/></net>

<net id="366"><net_src comp="358" pin="3"/><net_sink comp="160" pin=0"/></net>

<net id="370"><net_src comp="82" pin="2"/><net_sink comp="367" pin=0"/></net>

<net id="371"><net_src comp="367" pin="1"/><net_sink comp="221" pin=1"/></net>

<net id="375"><net_src comp="168" pin="2"/><net_sink comp="372" pin=0"/></net>

<net id="376"><net_src comp="372" pin="1"/><net_sink comp="282" pin=1"/></net>

<net id="380"><net_src comp="174" pin="2"/><net_sink comp="377" pin=0"/></net>

<net id="384"><net_src comp="180" pin="2"/><net_sink comp="381" pin=0"/></net>

<net id="385"><net_src comp="381" pin="1"/><net_sink comp="291" pin=0"/></net>

<net id="389"><net_src comp="186" pin="2"/><net_sink comp="386" pin=0"/></net>

<net id="390"><net_src comp="386" pin="1"/><net_sink comp="210" pin=0"/></net>

<net id="391"><net_src comp="386" pin="1"/><net_sink comp="263" pin=0"/></net>

<net id="395"><net_src comp="200" pin="2"/><net_sink comp="392" pin=0"/></net>

<net id="396"><net_src comp="392" pin="1"/><net_sink comp="226" pin=1"/></net>

<net id="400"><net_src comp="226" pin="2"/><net_sink comp="397" pin=0"/></net>

<net id="404"><net_src comp="231" pin="2"/><net_sink comp="401" pin=0"/></net>

<net id="405"><net_src comp="401" pin="1"/><net_sink comp="127" pin=2"/></net>

<net id="409"><net_src comp="237" pin="3"/><net_sink comp="406" pin=0"/></net>

<net id="410"><net_src comp="406" pin="1"/><net_sink comp="321" pin=0"/></net>

<net id="411"><net_src comp="406" pin="1"/><net_sink comp="331" pin=0"/></net>

<net id="415"><net_src comp="251" pin="3"/><net_sink comp="412" pin=0"/></net>

<net id="416"><net_src comp="412" pin="1"/><net_sink comp="138" pin=2"/></net>

<net id="417"><net_src comp="412" pin="1"/><net_sink comp="304" pin=0"/></net>

<net id="418"><net_src comp="412" pin="1"/><net_sink comp="321" pin=1"/></net>

<net id="422"><net_src comp="282" pin="2"/><net_sink comp="419" pin=0"/></net>

<net id="423"><net_src comp="419" pin="1"/><net_sink comp="94" pin=12"/></net>

<net id="427"><net_src comp="291" pin="3"/><net_sink comp="424" pin=0"/></net>

<net id="428"><net_src comp="424" pin="1"/><net_sink comp="160" pin=2"/></net>

<net id="432"><net_src comp="298" pin="2"/><net_sink comp="429" pin=0"/></net>

<net id="433"><net_src comp="429" pin="1"/><net_sink comp="149" pin=2"/></net>

<net id="437"><net_src comp="313" pin="3"/><net_sink comp="434" pin=0"/></net>

<net id="438"><net_src comp="434" pin="1"/><net_sink comp="347" pin=1"/></net>

<net id="442"><net_src comp="325" pin="2"/><net_sink comp="439" pin=0"/></net>

<net id="443"><net_src comp="439" pin="1"/><net_sink comp="94" pin=11"/></net>

<net id="447"><net_src comp="334" pin="2"/><net_sink comp="444" pin=0"/></net>

<net id="448"><net_src comp="444" pin="1"/><net_sink comp="340" pin=1"/></net>

</net_list>

</model> 
---------------- Datapath Model END ------------------

* FSMD analyzer results:
  - Output states:
	Port: m_axis_video_V_data_V | {5 }
	Port: m_axis_video_V_keep_V | {5 }
	Port: m_axis_video_V_strb_V | {5 }
	Port: m_axis_video_V_user_V | {5 }
	Port: m_axis_video_V_last_V | {5 }
	Port: m_axis_video_V_id_V | {5 }
	Port: m_axis_video_V_dest_V | {5 }
 - Input state : 
	Port: mire : mode_V | {1 }
	Port: mire : hsize_in | {1 }
	Port: mire : vsize_in | {1 }
  - Chain level:
	State 1
		bound : 1
	State 2
		video_data_V : 1
		video_data_V_1 : 2
		zext_ln301 : 1
		icmp_ln15 : 2
		icmp_ln301 : 1
		add_ln301 : 1
		br_ln38 : 2
		select_ln301 : 3
		add_ln12 : 1
		select_ln301_1 : 3
		trunc_ln301 : 2
		select_ln37 : 3
		select_ln301_2 : 4
		zext_ln301_2 : 4
		tmp_last_V : 5
		video_data_V_2 : 4
		select_ln34 : 5
		j : 4
	State 3
		mul_ln301 : 1
		tmp : 2
		mul_ln28 : 1
	State 4
		or_ln28 : 1
		xor_ln28 : 1
		select_ln28 : 1
		tmp_data_V : 2
		write_ln43 : 3
	State 5
	State 6


============================================================
+ Verbose Summary: Datapath Resource usage 
============================================================

* Functional unit list:
|----------|--------------------------|---------|---------|---------|
| Operation|      Functional Unit     |  DSP48E |    FF   |   LUT   |
|----------|--------------------------|---------|---------|---------|
|          |      add_ln22_fu_168     |    0    |    0    |    39   |
|    add   |     add_ln301_fu_231     |    0    |    0    |    71   |
|          |      add_ln12_fu_245     |    0    |    0    |    38   |
|          |         j_fu_298         |    0    |    0    |    38   |
|----------|--------------------------|---------|---------|---------|
|          |     icmp_ln879_fu_174    |    0    |    0    |    8    |
|          |    icmp_ln879_1_fu_180   |    0    |    0    |    8    |
|          |    icmp_ln879_2_fu_186   |    0    |    0    |    8    |
|   icmp   |     icmp_ln15_fu_221     |    0    |    0    |    18   |
|          |     icmp_ln301_fu_226    |    0    |    0    |    29   |
|          |     tmp_last_V_fu_282    |    0    |    0    |    18   |
|          |     tmp_user_V_fu_325    |    0    |    0    |    18   |
|----------|--------------------------|---------|---------|---------|
|          |   video_data_V_1_fu_210  |    0    |    0    |    8    |
|          |    select_ln301_fu_237   |    0    |    0    |    31   |
|          |   select_ln301_1_fu_251  |    0    |    0    |    31   |
|  select  |    select_ln37_fu_263    |    0    |    0    |    8    |
|          |   select_ln301_2_fu_270  |    0    |    0    |    8    |
|          |    select_ln34_fu_291    |    0    |    0    |    8    |
|          |    select_ln28_fu_358    |    0    |    0    |    8    |
|----------|--------------------------|---------|---------|---------|
|          |       bound_fu_200       |    4    |    0    |    20   |
|    mul   |     mul_ln301_fu_307     |    4    |    0    |    22   |
|          |      mul_ln28_fu_334     |    4    |    0    |    22   |
|----------|--------------------------|---------|---------|---------|
|    or    |      or_ln17_fu_321      |    0    |    0    |    31   |
|          |      or_ln28_fu_347      |    0    |    0    |    2    |
|----------|--------------------------|---------|---------|---------|
|    xor   |      xor_ln28_fu_352     |    0    |    0    |    2    |
|----------|--------------------------|---------|---------|---------|
|          | vsize_in_read_read_fu_76 |    0    |    0    |    0    |
|   read   | hsize_in_read_read_fu_82 |    0    |    0    |    0    |
|          |  mode_V_read_read_fu_88  |    0    |    0    |    0    |
|----------|--------------------------|---------|---------|---------|
|   write  |      grp_write_fu_94     |    0    |    0    |    0    |
|----------|--------------------------|---------|---------|---------|
|          |        cast_fu_192       |    0    |    0    |    0    |
|          |       cast1_fu_196       |    0    |    0    |    0    |
|   zext   |     zext_ln301_fu_217    |    0    |    0    |    0    |
|          |    zext_ln301_2_fu_278   |    0    |    0    |    0    |
|          |    zext_ln301_1_fu_304   |    0    |    0    |    0    |
|          |     zext_ln28_fu_331     |    0    |    0    |    0    |
|----------|--------------------------|---------|---------|---------|
|          |    video_data_V_fu_206   |    0    |    0    |    0    |
|   trunc  |    trunc_ln301_fu_259    |    0    |    0    |    0    |
|          |   video_data_V_2_fu_287  |    0    |    0    |    0    |
|----------|--------------------------|---------|---------|---------|
| bitselect|        tmp_fu_313        |    0    |    0    |    0    |
|          |       tmp_1_fu_340       |    0    |    0    |    0    |
|----------|--------------------------|---------|---------|---------|
|   Total  |                          |    12   |    0    |   494   |
|----------|--------------------------|---------|---------|---------|

Memories:
N/A

* Register list:
+----------------------+--------+
|                      |   FF   |
+----------------------+--------+
|   add_ln22_reg_372   |   32   |
|   add_ln301_reg_401  |   64   |
|     bound_reg_392    |   64   |
| hsize_in_read_reg_367|   32   |
|  icmp_ln301_reg_397  |    1   |
| icmp_ln879_1_reg_381 |    1   |
| icmp_ln879_2_reg_386 |    1   |
|  icmp_ln879_reg_377  |    1   |
|indvar_flatten_reg_123|   64   |
|       j_reg_429      |   31   |
|   mul_ln28_reg_444   |   63   |
|select_ln301_1_reg_412|   31   |
| select_ln301_reg_406 |   31   |
|  select_ln34_reg_424 |    8   |
|  tmp_data_V_reg_156  |    8   |
|  tmp_last_V_reg_419  |    1   |
|      tmp_reg_434     |    1   |
|  tmp_user_V_reg_439  |    1   |
| val_assign_1_reg_145 |   31   |
|  val_assign_reg_134  |   31   |
+----------------------+--------+
|         Total        |   497  |
+----------------------+--------+

* Multiplexer (MUX) list: 
|-----------------|------|------|------|--------||---------||---------|
|       Comp      |  Pin | Size |  BW  | S x BW ||  Delay  ||   LUT   |
|-----------------|------|------|------|--------||---------||---------|
| grp_write_fu_94 |  p8  |   2  |   8  |   16   ||    9    |
|-----------------|------|------|------|--------||---------||---------|
|      Total      |      |      |      |   16   ||  1.769  ||    9    |
|-----------------|------|------|------|--------||---------||---------|



* Summary:
+-----------+--------+--------+--------+--------+
|           | DSP48E |  Delay |   FF   |   LUT  |
+-----------+--------+--------+--------+--------+
|  Function |   12   |    -   |    0   |   494  |
|   Memory  |    -   |    -   |    -   |    -   |
|Multiplexer|    -   |    1   |    -   |    9   |
|  Register |    -   |    -   |   497  |    -   |
+-----------+--------+--------+--------+--------+
|   Total   |   12   |    1   |   497  |   503  |
+-----------+--------+--------+--------+--------+
