

================================================================
== Vivado HLS Report for 'incust_bar'
================================================================
* Date:           Fri Nov 24 14:58:32 2023

* Version:        2019.2 (Build 2704478 on Wed Nov 06 22:10:23 MST 2019)
* Project:        incust_bar
* Solution:       solution1
* Product family: zynq
* Target device:  xc7z020-clg484-1


================================================================
== Performance Estimates
================================================================
+ Timing: 
    * Summary: 
    +--------+----------+----------+------------+
    |  Clock |  Target  | Estimated| Uncertainty|
    +--------+----------+----------+------------+
    |ap_clk  | 10.00 ns | 5.918 ns |   1.25 ns  |
    +--------+----------+----------+------------+

+ Latency: 
    * Summary: 
    +---------+---------+----------+----------+--------+--------+---------+
    |  Latency (cycles) |  Latency (absolute) |     Interval    | Pipeline|
    |   min   |   max   |    min   |    max   |   min  |   max  |   Type  |
    +---------+---------+----------+----------+--------+--------+---------+
    |   922561|   922561| 9.226 ms | 9.226 ms |  922561|  922561|   none  |
    +---------+---------+----------+----------+--------+--------+---------+

    + Detail: 
        * Instance: 
        N/A

        * Loop: 
        +-------------+---------+---------+----------+-----------+-----------+------+----------+
        |             |  Latency (cycles) | Iteration|  Initiation Interval  | Trip |          |
        |  Loop Name  |   min   |   max   |  Latency |  achieved |   target  | Count| Pipelined|
        +-------------+---------+---------+----------+-----------+-----------+------+----------+
        |- Loop 1     |   922560|   922560|      1922|          -|          -|   480|    no    |
        | + Loop 1.1  |     1920|     1920|         3|          -|          -|   640|    no    |
        +-------------+---------+---------+----------+-----------+-----------+------+----------+

============================================================
+ Verbose Summary: Synthesis Manager
============================================================
InlineROM: 1
ExposeGlobal: 0
============================================================
+ Verbose Summary: CDFG Model
============================================================
IsTopModel: 1
ResetActiveHigh: 1
IsCombinational: 0
IsDatapathOnly: 0
HasWiredReturn: 1
HasMFsm: 0
HasVarLatency: 1
IsPipeline: 0
IsRtlPipelined: 0
IsInstanceOverlapped: 0
IsDontTouch: 0
HasImplIP: 0
IsGatedGlobalClock: 0


============================================================
+ Verbose Summary: Schedule
============================================================
* Number of FSM states : 5
* Pipeline : 0
* Dataflow Pipeline: 0

* FSM state transitions: 
1 --> 2 
2 --> 3 
3 --> 4 2 
4 --> 5 
5 --> 3 

* FSM state operations: 

State 1 <SV = 0> <Delay = 3.55>
ST_1 : Operation 6 [1/1] (0.00ns)   --->   "%pixel_1 = alloca i32"   --->   Operation 6 'alloca' 'pixel_1' <Predicate = true> <Delay = 0.00>
ST_1 : Operation 7 [1/1] (0.00ns)   --->   "call void (...)* @_ssdm_op_SpecBitsMap(i8* %s_axis_video_V_data_V), !map !43"   --->   Operation 7 'specbitsmap' <Predicate = true> <Delay = 0.00>
ST_1 : Operation 8 [1/1] (0.00ns)   --->   "call void (...)* @_ssdm_op_SpecBitsMap(i1* %s_axis_video_V_keep_V), !map !47"   --->   Operation 8 'specbitsmap' <Predicate = true> <Delay = 0.00>
ST_1 : Operation 9 [1/1] (0.00ns)   --->   "call void (...)* @_ssdm_op_SpecBitsMap(i1* %s_axis_video_V_strb_V), !map !51"   --->   Operation 9 'specbitsmap' <Predicate = true> <Delay = 0.00>
ST_1 : Operation 10 [1/1] (0.00ns)   --->   "call void (...)* @_ssdm_op_SpecBitsMap(i1* %s_axis_video_V_user_V), !map !55"   --->   Operation 10 'specbitsmap' <Predicate = true> <Delay = 0.00>
ST_1 : Operation 11 [1/1] (0.00ns)   --->   "call void (...)* @_ssdm_op_SpecBitsMap(i1* %s_axis_video_V_last_V), !map !59"   --->   Operation 11 'specbitsmap' <Predicate = true> <Delay = 0.00>
ST_1 : Operation 12 [1/1] (0.00ns)   --->   "call void (...)* @_ssdm_op_SpecBitsMap(i1* %s_axis_video_V_id_V), !map !63"   --->   Operation 12 'specbitsmap' <Predicate = true> <Delay = 0.00>
ST_1 : Operation 13 [1/1] (0.00ns)   --->   "call void (...)* @_ssdm_op_SpecBitsMap(i1* %s_axis_video_V_dest_V), !map !67"   --->   Operation 13 'specbitsmap' <Predicate = true> <Delay = 0.00>
ST_1 : Operation 14 [1/1] (0.00ns)   --->   "call void (...)* @_ssdm_op_SpecBitsMap(i8* %m_axis_video_V_data_V), !map !71"   --->   Operation 14 'specbitsmap' <Predicate = true> <Delay = 0.00>
ST_1 : Operation 15 [1/1] (0.00ns)   --->   "call void (...)* @_ssdm_op_SpecBitsMap(i1* %m_axis_video_V_keep_V), !map !75"   --->   Operation 15 'specbitsmap' <Predicate = true> <Delay = 0.00>
ST_1 : Operation 16 [1/1] (0.00ns)   --->   "call void (...)* @_ssdm_op_SpecBitsMap(i1* %m_axis_video_V_strb_V), !map !79"   --->   Operation 16 'specbitsmap' <Predicate = true> <Delay = 0.00>
ST_1 : Operation 17 [1/1] (0.00ns)   --->   "call void (...)* @_ssdm_op_SpecBitsMap(i1* %m_axis_video_V_user_V), !map !83"   --->   Operation 17 'specbitsmap' <Predicate = true> <Delay = 0.00>
ST_1 : Operation 18 [1/1] (0.00ns)   --->   "call void (...)* @_ssdm_op_SpecBitsMap(i1* %m_axis_video_V_last_V), !map !87"   --->   Operation 18 'specbitsmap' <Predicate = true> <Delay = 0.00>
ST_1 : Operation 19 [1/1] (0.00ns)   --->   "call void (...)* @_ssdm_op_SpecBitsMap(i1* %m_axis_video_V_id_V), !map !91"   --->   Operation 19 'specbitsmap' <Predicate = true> <Delay = 0.00>
ST_1 : Operation 20 [1/1] (0.00ns)   --->   "call void (...)* @_ssdm_op_SpecBitsMap(i1* %m_axis_video_V_dest_V), !map !95"   --->   Operation 20 'specbitsmap' <Predicate = true> <Delay = 0.00>
ST_1 : Operation 21 [1/1] (0.00ns)   --->   "call void (...)* @_ssdm_op_SpecBitsMap(i32 %start_x), !map !99"   --->   Operation 21 'specbitsmap' <Predicate = true> <Delay = 0.00>
ST_1 : Operation 22 [1/1] (0.00ns)   --->   "call void (...)* @_ssdm_op_SpecBitsMap(i32 %start_y), !map !105"   --->   Operation 22 'specbitsmap' <Predicate = true> <Delay = 0.00>
ST_1 : Operation 23 [1/1] (0.00ns)   --->   "call void (...)* @_ssdm_op_SpecTopModule([11 x i8]* @incust_bar_str) nounwind"   --->   Operation 23 'spectopmodule' <Predicate = true> <Delay = 0.00>
ST_1 : Operation 24 [1/1] (1.00ns)   --->   "%start_y_read = call i32 @_ssdm_op_Read.s_axilite.i32(i32 %start_y)"   --->   Operation 24 'read' 'start_y_read' <Predicate = true> <Delay = 1.00> <Core = "s_axilite">   --->   Core 10 's_axilite' <Latency = 0> <II = 1> <Delay = 1.00> <Adapter> <Opcode : 'read' 'write'>
ST_1 : Operation 25 [1/1] (1.00ns)   --->   "%start_x_read = call i32 @_ssdm_op_Read.s_axilite.i32(i32 %start_x)"   --->   Operation 25 'read' 'start_x_read' <Predicate = true> <Delay = 1.00> <Core = "s_axilite">   --->   Core 10 's_axilite' <Latency = 0> <II = 1> <Delay = 1.00> <Adapter> <Opcode : 'read' 'write'>
ST_1 : Operation 26 [1/1] (0.00ns)   --->   "call void (...)* @_ssdm_op_SpecInterface(i32 %start_x, [10 x i8]* @p_str, i32 0, i32 0, [1 x i8]* @p_str2, i32 0, i32 0, [1 x i8]* @p_str2, [1 x i8]* @p_str2, [1 x i8]* @p_str2, i32 0, i32 0, i32 0, i32 0, [1 x i8]* @p_str2, [1 x i8]* @p_str2) nounwind" [incust_bar/incrust_bar.cpp:13]   --->   Operation 26 'specinterface' <Predicate = true> <Delay = 0.00>
ST_1 : Operation 27 [1/1] (0.00ns)   --->   "call void (...)* @_ssdm_op_SpecInterface(i32 %start_y, [10 x i8]* @p_str, i32 0, i32 0, [1 x i8]* @p_str2, i32 0, i32 0, [1 x i8]* @p_str2, [1 x i8]* @p_str2, [1 x i8]* @p_str2, i32 0, i32 0, i32 0, i32 0, [1 x i8]* @p_str2, [1 x i8]* @p_str2) nounwind" [incust_bar/incrust_bar.cpp:14]   --->   Operation 27 'specinterface' <Predicate = true> <Delay = 0.00>
ST_1 : Operation 28 [1/1] (0.00ns)   --->   "call void (...)* @_ssdm_op_SpecInterface(i8* %s_axis_video_V_data_V, i1* %s_axis_video_V_keep_V, i1* %s_axis_video_V_strb_V, i1* %s_axis_video_V_user_V, i1* %s_axis_video_V_last_V, i1* %s_axis_video_V_id_V, i1* %s_axis_video_V_dest_V, [5 x i8]* @p_str3, i32 1, i32 1, [5 x i8]* @p_str4, i32 0, i32 0, [1 x i8]* @p_str2, [1 x i8]* @p_str2, [1 x i8]* @p_str2, i32 0, i32 0, i32 0, i32 0, [1 x i8]* @p_str2, [1 x i8]* @p_str2) nounwind" [incust_bar/incrust_bar.cpp:15]   --->   Operation 28 'specinterface' <Predicate = true> <Delay = 0.00>
ST_1 : Operation 29 [1/1] (0.00ns)   --->   "call void (...)* @_ssdm_op_SpecInterface(i8* %m_axis_video_V_data_V, i1* %m_axis_video_V_keep_V, i1* %m_axis_video_V_strb_V, i1* %m_axis_video_V_user_V, i1* %m_axis_video_V_last_V, i1* %m_axis_video_V_id_V, i1* %m_axis_video_V_dest_V, [5 x i8]* @p_str3, i32 1, i32 1, [5 x i8]* @p_str4, i32 0, i32 0, [1 x i8]* @p_str2, [1 x i8]* @p_str2, [1 x i8]* @p_str2, i32 0, i32 0, i32 0, i32 0, [1 x i8]* @p_str2, [1 x i8]* @p_str2) nounwind" [incust_bar/incrust_bar.cpp:16]   --->   Operation 29 'specinterface' <Predicate = true> <Delay = 0.00>
ST_1 : Operation 30 [1/1] (2.55ns)   --->   "%add_ln24 = add nsw i32 %start_x_read, 148" [incust_bar/incrust_bar.cpp:24]   --->   Operation 30 'add' 'add_ln24' <Predicate = true> <Delay = 2.55> <Core = "AddSub">   --->   Core 14 'AddSub' <Latency = 0> <II = 1> <Delay = 2.55> <FuncUnit> <Opcode : 'add' 'sub'> <InPorts = 2> <OutPorts = 1>
ST_1 : Operation 31 [1/1] (2.55ns)   --->   "%add_ln24_1 = add nsw i32 %start_y_read, 10" [incust_bar/incrust_bar.cpp:24]   --->   Operation 31 'add' 'add_ln24_1' <Predicate = true> <Delay = 2.55> <Core = "AddSub">   --->   Core 14 'AddSub' <Latency = 0> <II = 1> <Delay = 2.55> <FuncUnit> <Opcode : 'add' 'sub'> <InPorts = 2> <OutPorts = 1>
ST_1 : Operation 32 [1/1] (1.76ns)   --->   "store i32 0, i32* %pixel_1" [incust_bar/incrust_bar.cpp:19]   --->   Operation 32 'store' <Predicate = true> <Delay = 1.76>
ST_1 : Operation 33 [1/1] (1.76ns)   --->   "br label %.loopexit" [incust_bar/incrust_bar.cpp:19]   --->   Operation 33 'br' <Predicate = true> <Delay = 1.76>

State 2 <SV = 1> <Delay = 3.45>
ST_2 : Operation 34 [1/1] (0.00ns)   --->   "%i_0 = phi i9 [ 0, %0 ], [ %i, %.loopexit.loopexit ]"   --->   Operation 34 'phi' 'i_0' <Predicate = true> <Delay = 0.00>
ST_2 : Operation 35 [1/1] (0.00ns)   --->   "%zext_ln19 = zext i9 %i_0 to i32" [incust_bar/incrust_bar.cpp:19]   --->   Operation 35 'zext' 'zext_ln19' <Predicate = true> <Delay = 0.00>
ST_2 : Operation 36 [1/1] (1.66ns)   --->   "%icmp_ln19 = icmp eq i9 %i_0, -32" [incust_bar/incrust_bar.cpp:19]   --->   Operation 36 'icmp' 'icmp_ln19' <Predicate = true> <Delay = 1.66> <Core = "Cmp">   --->   Core 25 'Cmp' <Latency = 0> <II = 1> <Delay = 2.47> <FuncUnit> <Opcode : 'icmp'> <InPorts = 2> <OutPorts = 1>
ST_2 : Operation 37 [1/1] (0.00ns)   --->   "%empty = call i32 (...)* @_ssdm_op_SpecLoopTripCount(i64 480, i64 480, i64 480)"   --->   Operation 37 'speclooptripcount' 'empty' <Predicate = true> <Delay = 0.00>
ST_2 : Operation 38 [1/1] (1.82ns)   --->   "%i = add i9 %i_0, 1" [incust_bar/incrust_bar.cpp:19]   --->   Operation 38 'add' 'i' <Predicate = true> <Delay = 1.82> <Core = "AddSub">   --->   Core 14 'AddSub' <Latency = 0> <II = 1> <Delay = 2.55> <FuncUnit> <Opcode : 'add' 'sub'> <InPorts = 2> <OutPorts = 1>
ST_2 : Operation 39 [1/1] (0.00ns)   --->   "br i1 %icmp_ln19, label %1, label %.preheader.preheader" [incust_bar/incrust_bar.cpp:19]   --->   Operation 39 'br' <Predicate = true> <Delay = 0.00>
ST_2 : Operation 40 [1/1] (2.47ns)   --->   "%icmp_ln24 = icmp slt i32 %zext_ln19, %start_y_read" [incust_bar/incrust_bar.cpp:24]   --->   Operation 40 'icmp' 'icmp_ln24' <Predicate = (!icmp_ln19)> <Delay = 2.47> <Core = "Cmp">   --->   Core 25 'Cmp' <Latency = 0> <II = 1> <Delay = 2.47> <FuncUnit> <Opcode : 'icmp'> <InPorts = 2> <OutPorts = 1>
ST_2 : Operation 41 [1/1] (0.00ns) (grouped into LUT with out node and_ln24_1)   --->   "%xor_ln24 = xor i1 %icmp_ln24, true" [incust_bar/incrust_bar.cpp:24]   --->   Operation 41 'xor' 'xor_ln24' <Predicate = (!icmp_ln19)> <Delay = 0.00> <Core = "LogicGate">   --->   Core 27 'LogicGate' <Latency = 0> <II = 1> <Delay = 0.97> <FuncUnit> <Opcode : 'and' 'or' 'xor'> <InPorts = 2> <OutPorts = 1>
ST_2 : Operation 42 [1/1] (2.47ns)   --->   "%icmp_ln24_1 = icmp slt i32 %zext_ln19, %add_ln24_1" [incust_bar/incrust_bar.cpp:24]   --->   Operation 42 'icmp' 'icmp_ln24_1' <Predicate = (!icmp_ln19)> <Delay = 2.47> <Core = "Cmp">   --->   Core 25 'Cmp' <Latency = 0> <II = 1> <Delay = 2.47> <FuncUnit> <Opcode : 'icmp'> <InPorts = 2> <OutPorts = 1>
ST_2 : Operation 43 [1/1] (0.97ns) (out node of the LUT)   --->   "%and_ln24_1 = and i1 %xor_ln24, %icmp_ln24_1" [incust_bar/incrust_bar.cpp:24]   --->   Operation 43 'and' 'and_ln24_1' <Predicate = (!icmp_ln19)> <Delay = 0.97> <Core = "LogicGate">   --->   Core 27 'LogicGate' <Latency = 0> <II = 1> <Delay = 0.97> <FuncUnit> <Opcode : 'and' 'or' 'xor'> <InPorts = 2> <OutPorts = 1>
ST_2 : Operation 44 [1/1] (1.76ns)   --->   "br label %.preheader" [incust_bar/incrust_bar.cpp:21]   --->   Operation 44 'br' <Predicate = (!icmp_ln19)> <Delay = 1.76>
ST_2 : Operation 45 [1/1] (0.00ns)   --->   "ret void" [incust_bar/incrust_bar.cpp:31]   --->   Operation 45 'ret' <Predicate = (icmp_ln19)> <Delay = 0.00>

State 3 <SV = 2> <Delay = 5.91>
ST_3 : Operation 46 [1/1] (0.00ns)   --->   "%j_0 = phi i10 [ %j, %_ifconv ], [ 0, %.preheader.preheader ]"   --->   Operation 46 'phi' 'j_0' <Predicate = true> <Delay = 0.00>
ST_3 : Operation 47 [1/1] (0.00ns)   --->   "%zext_ln21 = zext i10 %j_0 to i32" [incust_bar/incrust_bar.cpp:21]   --->   Operation 47 'zext' 'zext_ln21' <Predicate = true> <Delay = 0.00>
ST_3 : Operation 48 [1/1] (1.77ns)   --->   "%icmp_ln21 = icmp eq i10 %j_0, -384" [incust_bar/incrust_bar.cpp:21]   --->   Operation 48 'icmp' 'icmp_ln21' <Predicate = true> <Delay = 1.77> <Core = "Cmp">   --->   Core 25 'Cmp' <Latency = 0> <II = 1> <Delay = 2.47> <FuncUnit> <Opcode : 'icmp'> <InPorts = 2> <OutPorts = 1>
ST_3 : Operation 49 [1/1] (0.00ns)   --->   "%empty_3 = call i32 (...)* @_ssdm_op_SpecLoopTripCount(i64 640, i64 640, i64 640)"   --->   Operation 49 'speclooptripcount' 'empty_3' <Predicate = true> <Delay = 0.00>
ST_3 : Operation 50 [1/1] (1.73ns)   --->   "%j = add i10 %j_0, 1" [incust_bar/incrust_bar.cpp:21]   --->   Operation 50 'add' 'j' <Predicate = true> <Delay = 1.73> <Core = "AddSub">   --->   Core 14 'AddSub' <Latency = 0> <II = 1> <Delay = 2.55> <FuncUnit> <Opcode : 'add' 'sub'> <InPorts = 2> <OutPorts = 1>
ST_3 : Operation 51 [1/1] (0.00ns)   --->   "br i1 %icmp_ln21, label %.loopexit.loopexit, label %_ifconv" [incust_bar/incrust_bar.cpp:21]   --->   Operation 51 'br' <Predicate = true> <Delay = 0.00>
ST_3 : Operation 52 [1/1] (0.00ns)   --->   "%pixel_1_load = load i32* %pixel_1" [incust_bar/incrust_bar.cpp:26]   --->   Operation 52 'load' 'pixel_1_load' <Predicate = (!icmp_ln21)> <Delay = 0.00>
ST_3 : Operation 53 [1/1] (2.47ns)   --->   "%icmp_ln24_2 = icmp slt i32 %zext_ln21, %start_x_read" [incust_bar/incrust_bar.cpp:24]   --->   Operation 53 'icmp' 'icmp_ln24_2' <Predicate = (!icmp_ln21)> <Delay = 2.47> <Core = "Cmp">   --->   Core 25 'Cmp' <Latency = 0> <II = 1> <Delay = 2.47> <FuncUnit> <Opcode : 'icmp'> <InPorts = 2> <OutPorts = 1>
ST_3 : Operation 54 [1/1] (0.00ns) (grouped into LUT with out node and_ln24_2)   --->   "%xor_ln24_1 = xor i1 %icmp_ln24_2, true" [incust_bar/incrust_bar.cpp:24]   --->   Operation 54 'xor' 'xor_ln24_1' <Predicate = (!icmp_ln21)> <Delay = 0.00> <Core = "LogicGate">   --->   Core 27 'LogicGate' <Latency = 0> <II = 1> <Delay = 0.97> <FuncUnit> <Opcode : 'and' 'or' 'xor'> <InPorts = 2> <OutPorts = 1>
ST_3 : Operation 55 [1/1] (2.47ns)   --->   "%icmp_ln24_3 = icmp slt i32 %zext_ln21, %add_ln24" [incust_bar/incrust_bar.cpp:24]   --->   Operation 55 'icmp' 'icmp_ln24_3' <Predicate = (!icmp_ln21)> <Delay = 2.47> <Core = "Cmp">   --->   Core 25 'Cmp' <Latency = 0> <II = 1> <Delay = 2.47> <FuncUnit> <Opcode : 'icmp'> <InPorts = 2> <OutPorts = 1>
ST_3 : Operation 56 [1/1] (0.00ns) (grouped into LUT with out node and_ln24_2)   --->   "%and_ln24 = and i1 %xor_ln24_1, %icmp_ln24_3" [incust_bar/incrust_bar.cpp:24]   --->   Operation 56 'and' 'and_ln24' <Predicate = (!icmp_ln21)> <Delay = 0.00> <Core = "LogicGate">   --->   Core 27 'LogicGate' <Latency = 0> <II = 1> <Delay = 0.97> <FuncUnit> <Opcode : 'and' 'or' 'xor'> <InPorts = 2> <OutPorts = 1>
ST_3 : Operation 57 [1/1] (0.97ns) (out node of the LUT)   --->   "%and_ln24_2 = and i1 %and_ln24_1, %and_ln24" [incust_bar/incrust_bar.cpp:24]   --->   Operation 57 'and' 'and_ln24_2' <Predicate = (!icmp_ln21)> <Delay = 0.97> <Core = "LogicGate">   --->   Core 27 'LogicGate' <Latency = 0> <II = 1> <Delay = 0.97> <FuncUnit> <Opcode : 'and' 'or' 'xor'> <InPorts = 2> <OutPorts = 1>
ST_3 : Operation 58 [1/1] (0.00ns)   --->   "%sext_ln25 = sext i32 %pixel_1_load to i64" [incust_bar/incrust_bar.cpp:25]   --->   Operation 58 'sext' 'sext_ln25' <Predicate = (!icmp_ln21)> <Delay = 0.00>
ST_3 : Operation 59 [1/1] (0.00ns)   --->   "%im_incrust_V_addr = getelementptr [1480 x i1]* @im_incrust_V, i64 0, i64 %sext_ln25" [incust_bar/incrust_bar.cpp:25]   --->   Operation 59 'getelementptr' 'im_incrust_V_addr' <Predicate = (!icmp_ln21)> <Delay = 0.00>
ST_3 : Operation 60 [2/2] (3.25ns)   --->   "%video_data_V_1 = load i1* %im_incrust_V_addr, align 1" [incust_bar/incrust_bar.cpp:25]   --->   Operation 60 'load' 'video_data_V_1' <Predicate = (!icmp_ln21)> <Delay = 3.25> <Core = "ROM_nP">   --->   Core 52 'ROM_nP' <Latency = 1> <II = 1> <Delay = 3.25> <Storage> <Opcode : 'load'> <Ports = 0> <Width = 1> <Depth = 1480> <ROM>
ST_3 : Operation 61 [1/1] (2.55ns)   --->   "%pixel = add nsw i32 1, %pixel_1_load" [incust_bar/incrust_bar.cpp:26]   --->   Operation 61 'add' 'pixel' <Predicate = (!icmp_ln21)> <Delay = 2.55> <Core = "AddSub">   --->   Core 14 'AddSub' <Latency = 0> <II = 1> <Delay = 2.55> <FuncUnit> <Opcode : 'add' 'sub'> <InPorts = 2> <OutPorts = 1>
ST_3 : Operation 62 [1/1] (0.69ns)   --->   "%pixel_2 = select i1 %and_ln24_2, i32 %pixel, i32 %pixel_1_load" [incust_bar/incrust_bar.cpp:24]   --->   Operation 62 'select' 'pixel_2' <Predicate = (!icmp_ln21)> <Delay = 0.69> <Core = "Sel">   --->   Core 26 'Sel' <Latency = 0> <II = 1> <Delay = 1.24> <FuncUnit> <Opcode : 'select'> <InPorts = 3> <OutPorts = 1>
ST_3 : Operation 63 [1/1] (1.76ns)   --->   "store i32 %pixel_2, i32* %pixel_1" [incust_bar/incrust_bar.cpp:21]   --->   Operation 63 'store' <Predicate = (!icmp_ln21)> <Delay = 1.76>
ST_3 : Operation 64 [1/1] (0.00ns)   --->   "br label %.loopexit"   --->   Operation 64 'br' <Predicate = (icmp_ln21)> <Delay = 0.00>

State 4 <SV = 3> <Delay = 4.50>
ST_4 : Operation 65 [1/1] (0.00ns)   --->   "%empty_4 = call { i8, i1, i1, i1, i1, i1, i1 } @_ssdm_op_Read.axis.volatile.i8P.i1P.i1P.i1P.i1P.i1P.i1P(i8* %s_axis_video_V_data_V, i1* %s_axis_video_V_keep_V, i1* %s_axis_video_V_strb_V, i1* %s_axis_video_V_user_V, i1* %s_axis_video_V_last_V, i1* %s_axis_video_V_id_V, i1* %s_axis_video_V_dest_V)" [incust_bar/incrust_bar.cpp:23]   --->   Operation 65 'read' 'empty_4' <Predicate = true> <Delay = 0.00> <Core = "AXI4Stream">   --->   Core 5 'AXI4Stream' <Latency = 0> <II = 1> <Delay = 1.00> <Adapter> <Opcode : >
ST_4 : Operation 66 [1/1] (0.00ns) (grouped into LUT with out node video_data_V)   --->   "%tmp_data_V_1 = extractvalue { i8, i1, i1, i1, i1, i1, i1 } %empty_4, 0" [incust_bar/incrust_bar.cpp:23]   --->   Operation 66 'extractvalue' 'tmp_data_V_1' <Predicate = (!and_ln24_2)> <Delay = 0.00>
ST_4 : Operation 67 [1/1] (0.00ns)   --->   "%tmp_keep_V = extractvalue { i8, i1, i1, i1, i1, i1, i1 } %empty_4, 1" [incust_bar/incrust_bar.cpp:23]   --->   Operation 67 'extractvalue' 'tmp_keep_V' <Predicate = true> <Delay = 0.00>
ST_4 : Operation 68 [1/1] (0.00ns)   --->   "%tmp_strb_V = extractvalue { i8, i1, i1, i1, i1, i1, i1 } %empty_4, 2" [incust_bar/incrust_bar.cpp:23]   --->   Operation 68 'extractvalue' 'tmp_strb_V' <Predicate = true> <Delay = 0.00>
ST_4 : Operation 69 [1/1] (0.00ns)   --->   "%tmp_user_V = extractvalue { i8, i1, i1, i1, i1, i1, i1 } %empty_4, 3" [incust_bar/incrust_bar.cpp:23]   --->   Operation 69 'extractvalue' 'tmp_user_V' <Predicate = true> <Delay = 0.00>
ST_4 : Operation 70 [1/1] (0.00ns)   --->   "%tmp_last_V = extractvalue { i8, i1, i1, i1, i1, i1, i1 } %empty_4, 4" [incust_bar/incrust_bar.cpp:23]   --->   Operation 70 'extractvalue' 'tmp_last_V' <Predicate = true> <Delay = 0.00>
ST_4 : Operation 71 [1/1] (0.00ns)   --->   "%tmp_id_V = extractvalue { i8, i1, i1, i1, i1, i1, i1 } %empty_4, 5" [incust_bar/incrust_bar.cpp:23]   --->   Operation 71 'extractvalue' 'tmp_id_V' <Predicate = true> <Delay = 0.00>
ST_4 : Operation 72 [1/1] (0.00ns)   --->   "%tmp_dest_V = extractvalue { i8, i1, i1, i1, i1, i1, i1 } %empty_4, 6" [incust_bar/incrust_bar.cpp:23]   --->   Operation 72 'extractvalue' 'tmp_dest_V' <Predicate = true> <Delay = 0.00>
ST_4 : Operation 73 [1/2] (3.25ns)   --->   "%video_data_V_1 = load i1* %im_incrust_V_addr, align 1" [incust_bar/incrust_bar.cpp:25]   --->   Operation 73 'load' 'video_data_V_1' <Predicate = true> <Delay = 3.25> <Core = "ROM_nP">   --->   Core 52 'ROM_nP' <Latency = 1> <II = 1> <Delay = 3.25> <Storage> <Opcode : 'load'> <Ports = 0> <Width = 1> <Depth = 1480> <ROM>
ST_4 : Operation 74 [1/1] (0.00ns) (grouped into LUT with out node video_data_V)   --->   "%select_ln321 = select i1 %video_data_V_1, i8 -1, i8 0" [incust_bar/incrust_bar.cpp:25]   --->   Operation 74 'select' 'select_ln321' <Predicate = (and_ln24_2)> <Delay = 0.00> <Core = "Sel">   --->   Core 26 'Sel' <Latency = 0> <II = 1> <Delay = 1.24> <FuncUnit> <Opcode : 'select'> <InPorts = 3> <OutPorts = 1>
ST_4 : Operation 75 [1/1] (1.24ns) (out node of the LUT)   --->   "%video_data_V = select i1 %and_ln24_2, i8 %select_ln321, i8 %tmp_data_V_1" [incust_bar/incrust_bar.cpp:24]   --->   Operation 75 'select' 'video_data_V' <Predicate = true> <Delay = 1.24> <Core = "Sel">   --->   Core 26 'Sel' <Latency = 0> <II = 1> <Delay = 1.24> <FuncUnit> <Opcode : 'select'> <InPorts = 3> <OutPorts = 1>
ST_4 : Operation 76 [2/2] (0.00ns)   --->   "call void @_ssdm_op_Write.axis.volatile.i8P.i1P.i1P.i1P.i1P.i1P.i1P(i8* %m_axis_video_V_data_V, i1* %m_axis_video_V_keep_V, i1* %m_axis_video_V_strb_V, i1* %m_axis_video_V_user_V, i1* %m_axis_video_V_last_V, i1* %m_axis_video_V_id_V, i1* %m_axis_video_V_dest_V, i8 %video_data_V, i1 %tmp_keep_V, i1 %tmp_strb_V, i1 %tmp_user_V, i1 %tmp_last_V, i1 %tmp_id_V, i1 %tmp_dest_V)" [incust_bar/incrust_bar.cpp:28]   --->   Operation 76 'write' <Predicate = true> <Delay = 0.00> <Core = "AXI4Stream">   --->   Core 5 'AXI4Stream' <Latency = 0> <II = 1> <Delay = 1.00> <Adapter> <Opcode : >

State 5 <SV = 4> <Delay = 0.00>
ST_5 : Operation 77 [1/2] (0.00ns)   --->   "call void @_ssdm_op_Write.axis.volatile.i8P.i1P.i1P.i1P.i1P.i1P.i1P(i8* %m_axis_video_V_data_V, i1* %m_axis_video_V_keep_V, i1* %m_axis_video_V_strb_V, i1* %m_axis_video_V_user_V, i1* %m_axis_video_V_last_V, i1* %m_axis_video_V_id_V, i1* %m_axis_video_V_dest_V, i8 %video_data_V, i1 %tmp_keep_V, i1 %tmp_strb_V, i1 %tmp_user_V, i1 %tmp_last_V, i1 %tmp_id_V, i1 %tmp_dest_V)" [incust_bar/incrust_bar.cpp:28]   --->   Operation 77 'write' <Predicate = true> <Delay = 0.00> <Core = "AXI4Stream">   --->   Core 5 'AXI4Stream' <Latency = 0> <II = 1> <Delay = 1.00> <Adapter> <Opcode : >
ST_5 : Operation 78 [1/1] (0.00ns)   --->   "br label %.preheader" [incust_bar/incrust_bar.cpp:21]   --->   Operation 78 'br' <Predicate = true> <Delay = 0.00>


============================================================
+ Verbose Summary: Binding
============================================================
STG Binding: 
---------------- STG Properties BEGIN ----------------
- Is combinational: 0
- Is one-state seq: 0
- Is datapath-only: 0
- Is pipelined: 0
- Is top level: 1
Port [ Return ] is wired: 1; IO mode=ap_ctrl_hs:ce=0
Port [ s_axis_video_V_data_V]:  wired=1; compound=1; hidden=0; nouse=0; global=0; static=0; extern=0; dir=0; type=0; pingpong=0; private_global=0; IO mode=axis:ce=0
Port [ s_axis_video_V_keep_V]:  wired=1; compound=1; hidden=0; nouse=0; global=0; static=0; extern=0; dir=0; type=0; pingpong=0; private_global=0; IO mode=axis:ce=0
Port [ s_axis_video_V_strb_V]:  wired=1; compound=1; hidden=0; nouse=0; global=0; static=0; extern=0; dir=0; type=0; pingpong=0; private_global=0; IO mode=axis:ce=0
Port [ s_axis_video_V_user_V]:  wired=1; compound=1; hidden=0; nouse=0; global=0; static=0; extern=0; dir=0; type=0; pingpong=0; private_global=0; IO mode=axis:ce=0
Port [ s_axis_video_V_last_V]:  wired=1; compound=1; hidden=0; nouse=0; global=0; static=0; extern=0; dir=0; type=0; pingpong=0; private_global=0; IO mode=axis:ce=0
Port [ s_axis_video_V_id_V]:  wired=1; compound=1; hidden=0; nouse=0; global=0; static=0; extern=0; dir=0; type=0; pingpong=0; private_global=0; IO mode=axis:ce=0
Port [ s_axis_video_V_dest_V]:  wired=1; compound=1; hidden=0; nouse=0; global=0; static=0; extern=0; dir=0; type=0; pingpong=0; private_global=0; IO mode=axis:ce=0
Port [ m_axis_video_V_data_V]:  wired=1; compound=1; hidden=0; nouse=0; global=0; static=0; extern=0; dir=1; type=0; pingpong=0; private_global=0; IO mode=axis:ce=0
Port [ m_axis_video_V_keep_V]:  wired=1; compound=1; hidden=0; nouse=0; global=0; static=0; extern=0; dir=1; type=0; pingpong=0; private_global=0; IO mode=axis:ce=0
Port [ m_axis_video_V_strb_V]:  wired=1; compound=1; hidden=0; nouse=0; global=0; static=0; extern=0; dir=1; type=0; pingpong=0; private_global=0; IO mode=axis:ce=0
Port [ m_axis_video_V_user_V]:  wired=1; compound=1; hidden=0; nouse=0; global=0; static=0; extern=0; dir=1; type=0; pingpong=0; private_global=0; IO mode=axis:ce=0
Port [ m_axis_video_V_last_V]:  wired=1; compound=1; hidden=0; nouse=0; global=0; static=0; extern=0; dir=1; type=0; pingpong=0; private_global=0; IO mode=axis:ce=0
Port [ m_axis_video_V_id_V]:  wired=1; compound=1; hidden=0; nouse=0; global=0; static=0; extern=0; dir=1; type=0; pingpong=0; private_global=0; IO mode=axis:ce=0
Port [ m_axis_video_V_dest_V]:  wired=1; compound=1; hidden=0; nouse=0; global=0; static=0; extern=0; dir=1; type=0; pingpong=0; private_global=0; IO mode=axis:ce=0
Port [ start_x]:  wired=1; compound=0; hidden=0; nouse=0; global=0; static=0; extern=0; dir=0; type=0; pingpong=0; private_global=0; IO mode=ap_none:ce=0
Port [ start_y]:  wired=1; compound=0; hidden=0; nouse=0; global=0; static=0; extern=0; dir=0; type=0; pingpong=0; private_global=0; IO mode=ap_none:ce=0
Port [ im_incrust_V]:  wired=0; compound=1; hidden=1; nouse=0; global=1; static=1; extern=0; dir=0; type=1; pingpong=0; private_global=1; linkage=7; visibility=0; MemPort=[1]; IO mode=ap_memory:ce=0
---------------- STG Properties END ------------------

---------------- Datapath Model BEGIN ----------------

<LifeTime>
<method=bitvector/>
pixel_1            (alloca           ) [ 011111]
specbitsmap_ln0    (specbitsmap      ) [ 000000]
specbitsmap_ln0    (specbitsmap      ) [ 000000]
specbitsmap_ln0    (specbitsmap      ) [ 000000]
specbitsmap_ln0    (specbitsmap      ) [ 000000]
specbitsmap_ln0    (specbitsmap      ) [ 000000]
specbitsmap_ln0    (specbitsmap      ) [ 000000]
specbitsmap_ln0    (specbitsmap      ) [ 000000]
specbitsmap_ln0    (specbitsmap      ) [ 000000]
specbitsmap_ln0    (specbitsmap      ) [ 000000]
specbitsmap_ln0    (specbitsmap      ) [ 000000]
specbitsmap_ln0    (specbitsmap      ) [ 000000]
specbitsmap_ln0    (specbitsmap      ) [ 000000]
specbitsmap_ln0    (specbitsmap      ) [ 000000]
specbitsmap_ln0    (specbitsmap      ) [ 000000]
specbitsmap_ln0    (specbitsmap      ) [ 000000]
specbitsmap_ln0    (specbitsmap      ) [ 000000]
spectopmodule_ln0  (spectopmodule    ) [ 000000]
start_y_read       (read             ) [ 001111]
start_x_read       (read             ) [ 001111]
specinterface_ln13 (specinterface    ) [ 000000]
specinterface_ln14 (specinterface    ) [ 000000]
specinterface_ln15 (specinterface    ) [ 000000]
specinterface_ln16 (specinterface    ) [ 000000]
add_ln24           (add              ) [ 001111]
add_ln24_1         (add              ) [ 001111]
store_ln19         (store            ) [ 000000]
br_ln19            (br               ) [ 011111]
i_0                (phi              ) [ 001000]
zext_ln19          (zext             ) [ 000000]
icmp_ln19          (icmp             ) [ 001111]
empty              (speclooptripcount) [ 000000]
i                  (add              ) [ 011111]
br_ln19            (br               ) [ 000000]
icmp_ln24          (icmp             ) [ 000000]
xor_ln24           (xor              ) [ 000000]
icmp_ln24_1        (icmp             ) [ 000000]
and_ln24_1         (and              ) [ 000111]
br_ln21            (br               ) [ 001111]
ret_ln31           (ret              ) [ 000000]
j_0                (phi              ) [ 000100]
zext_ln21          (zext             ) [ 000000]
icmp_ln21          (icmp             ) [ 001111]
empty_3            (speclooptripcount) [ 000000]
j                  (add              ) [ 001111]
br_ln21            (br               ) [ 000000]
pixel_1_load       (load             ) [ 000000]
icmp_ln24_2        (icmp             ) [ 000000]
xor_ln24_1         (xor              ) [ 000000]
icmp_ln24_3        (icmp             ) [ 000000]
and_ln24           (and              ) [ 000000]
and_ln24_2         (and              ) [ 000010]
sext_ln25          (sext             ) [ 000000]
im_incrust_V_addr  (getelementptr    ) [ 000010]
pixel              (add              ) [ 000000]
pixel_2            (select           ) [ 000000]
store_ln21         (store            ) [ 000000]
br_ln0             (br               ) [ 011111]
empty_4            (read             ) [ 000000]
tmp_data_V_1       (extractvalue     ) [ 000000]
tmp_keep_V         (extractvalue     ) [ 000001]
tmp_strb_V         (extractvalue     ) [ 000001]
tmp_user_V         (extractvalue     ) [ 000001]
tmp_last_V         (extractvalue     ) [ 000001]
tmp_id_V           (extractvalue     ) [ 000001]
tmp_dest_V         (extractvalue     ) [ 000001]
video_data_V_1     (load             ) [ 000000]
select_ln321       (select           ) [ 000000]
video_data_V       (select           ) [ 000001]
write_ln28         (write            ) [ 000000]
br_ln21            (br               ) [ 001111]
</LifeTime>

<model>

<comp_list>
<comp id="0" class="1000" name="s_axis_video_V_data_V">
<pin_list>
<pin id="1" dir="1" index="0" bw="1" slack="0"/>
</pin_list>
<bind>
<StgValue><ssdm name="s_axis_video_V_data_V"/></StgValue>
</bind>
</comp>

<comp id="2" class="1000" name="s_axis_video_V_keep_V">
<pin_list>
<pin id="3" dir="1" index="0" bw="1" slack="0"/>
</pin_list>
<bind>
<StgValue><ssdm name="s_axis_video_V_keep_V"/></StgValue>
</bind>
</comp>

<comp id="4" class="1000" name="s_axis_video_V_strb_V">
<pin_list>
<pin id="5" dir="1" index="0" bw="1" slack="0"/>
</pin_list>
<bind>
<StgValue><ssdm name="s_axis_video_V_strb_V"/></StgValue>
</bind>
</comp>

<comp id="6" class="1000" name="s_axis_video_V_user_V">
<pin_list>
<pin id="7" dir="1" index="0" bw="1" slack="0"/>
</pin_list>
<bind>
<StgValue><ssdm name="s_axis_video_V_user_V"/></StgValue>
</bind>
</comp>

<comp id="8" class="1000" name="s_axis_video_V_last_V">
<pin_list>
<pin id="9" dir="1" index="0" bw="1" slack="0"/>
</pin_list>
<bind>
<StgValue><ssdm name="s_axis_video_V_last_V"/></StgValue>
</bind>
</comp>

<comp id="10" class="1000" name="s_axis_video_V_id_V">
<pin_list>
<pin id="11" dir="1" index="0" bw="1" slack="0"/>
</pin_list>
<bind>
<StgValue><ssdm name="s_axis_video_V_id_V"/></StgValue>
</bind>
</comp>

<comp id="12" class="1000" name="s_axis_video_V_dest_V">
<pin_list>
<pin id="13" dir="1" index="0" bw="1" slack="0"/>
</pin_list>
<bind>
<StgValue><ssdm name="s_axis_video_V_dest_V"/></StgValue>
</bind>
</comp>

<comp id="14" class="1000" name="m_axis_video_V_data_V">
<pin_list>
<pin id="15" dir="1" index="0" bw="1" slack="0"/>
</pin_list>
<bind>
<StgValue><ssdm name="m_axis_video_V_data_V"/></StgValue>
</bind>
</comp>

<comp id="16" class="1000" name="m_axis_video_V_keep_V">
<pin_list>
<pin id="17" dir="1" index="0" bw="1" slack="0"/>
</pin_list>
<bind>
<StgValue><ssdm name="m_axis_video_V_keep_V"/></StgValue>
</bind>
</comp>

<comp id="18" class="1000" name="m_axis_video_V_strb_V">
<pin_list>
<pin id="19" dir="1" index="0" bw="1" slack="0"/>
</pin_list>
<bind>
<StgValue><ssdm name="m_axis_video_V_strb_V"/></StgValue>
</bind>
</comp>

<comp id="20" class="1000" name="m_axis_video_V_user_V">
<pin_list>
<pin id="21" dir="1" index="0" bw="1" slack="0"/>
</pin_list>
<bind>
<StgValue><ssdm name="m_axis_video_V_user_V"/></StgValue>
</bind>
</comp>

<comp id="22" class="1000" name="m_axis_video_V_last_V">
<pin_list>
<pin id="23" dir="1" index="0" bw="1" slack="0"/>
</pin_list>
<bind>
<StgValue><ssdm name="m_axis_video_V_last_V"/></StgValue>
</bind>
</comp>

<comp id="24" class="1000" name="m_axis_video_V_id_V">
<pin_list>
<pin id="25" dir="1" index="0" bw="1" slack="0"/>
</pin_list>
<bind>
<StgValue><ssdm name="m_axis_video_V_id_V"/></StgValue>
</bind>
</comp>

<comp id="26" class="1000" name="m_axis_video_V_dest_V">
<pin_list>
<pin id="27" dir="1" index="0" bw="1" slack="0"/>
</pin_list>
<bind>
<StgValue><ssdm name="m_axis_video_V_dest_V"/></StgValue>
</bind>
</comp>

<comp id="28" class="1000" name="start_x">
<pin_list>
<pin id="29" dir="1" index="0" bw="1" slack="0"/>
</pin_list>
<bind>
<StgValue><ssdm name="start_x"/></StgValue>
</bind>
</comp>

<comp id="30" class="1000" name="start_y">
<pin_list>
<pin id="31" dir="1" index="0" bw="1" slack="0"/>
</pin_list>
<bind>
<StgValue><ssdm name="start_y"/></StgValue>
</bind>
</comp>

<comp id="32" class="1000" name="im_incrust_V">
<pin_list>
<pin id="33" dir="1" index="0" bw="1" slack="0"/>
</pin_list>
<bind>
<StgValue><ssdm name="im_incrust_V"/><MemPortTyVec>1 </MemPortTyVec>
</StgValue>
</bind>
</comp>

<comp id="34" class="1001" name="const_34">
<pin_list>
<pin id="35" dir="1" index="0" bw="1" slack="0"/>
</pin_list>
<bind>
<StgValue><ssdm name=""/></StgValue>
</bind>
</comp>

<comp id="36" class="1001" name="const_36">
<pin_list>
<pin id="37" dir="1" index="0" bw="1" slack="2147483647"/>
</pin_list>
<bind>
<StgValue><ssdm name="_ssdm_op_SpecBitsMap"/></StgValue>
</bind>
</comp>

<comp id="38" class="1001" name="const_38">
<pin_list>
<pin id="39" dir="1" index="0" bw="1" slack="2147483647"/>
</pin_list>
<bind>
<StgValue><ssdm name="_ssdm_op_SpecTopModule"/></StgValue>
</bind>
</comp>

<comp id="40" class="1001" name="const_40">
<pin_list>
<pin id="41" dir="1" index="0" bw="1" slack="2147483647"/>
</pin_list>
<bind>
<StgValue><ssdm name="incust_bar_str"/></StgValue>
</bind>
</comp>

<comp id="42" class="1001" name="const_42">
<pin_list>
<pin id="43" dir="1" index="0" bw="1" slack="0"/>
</pin_list>
<bind>
<StgValue><ssdm name="_ssdm_op_Read.s_axilite.i32"/></StgValue>
</bind>
</comp>

<comp id="44" class="1001" name="const_44">
<pin_list>
<pin id="45" dir="1" index="0" bw="1" slack="2147483647"/>
</pin_list>
<bind>
<StgValue><ssdm name="_ssdm_op_SpecInterface"/></StgValue>
</bind>
</comp>

<comp id="46" class="1001" name="const_46">
<pin_list>
<pin id="47" dir="1" index="0" bw="1" slack="2147483647"/>
</pin_list>
<bind>
<StgValue><ssdm name="p_str"/></StgValue>
</bind>
</comp>

<comp id="48" class="1001" name="const_48">
<pin_list>
<pin id="49" dir="1" index="0" bw="1" slack="0"/>
</pin_list>
<bind>
<StgValue><ssdm name=""/></StgValue>
</bind>
</comp>

<comp id="50" class="1001" name="const_50">
<pin_list>
<pin id="51" dir="1" index="0" bw="1" slack="2147483647"/>
</pin_list>
<bind>
<StgValue><ssdm name="p_str2"/></StgValue>
</bind>
</comp>

<comp id="52" class="1001" name="const_52">
<pin_list>
<pin id="53" dir="1" index="0" bw="1" slack="2147483647"/>
</pin_list>
<bind>
<StgValue><ssdm name="p_str3"/></StgValue>
</bind>
</comp>

<comp id="54" class="1001" name="const_54">
<pin_list>
<pin id="55" dir="1" index="0" bw="1" slack="2147483647"/>
</pin_list>
<bind>
<StgValue><ssdm name="p_str4"/></StgValue>
</bind>
</comp>

<comp id="56" class="1001" name="const_56">
<pin_list>
<pin id="57" dir="1" index="0" bw="1" slack="0"/>
</pin_list>
<bind>
<StgValue><ssdm name=""/></StgValue>
</bind>
</comp>

<comp id="58" class="1001" name="const_58">
<pin_list>
<pin id="59" dir="1" index="0" bw="1" slack="0"/>
</pin_list>
<bind>
<StgValue><ssdm name=""/></StgValue>
</bind>
</comp>

<comp id="60" class="1001" name="const_60">
<pin_list>
<pin id="61" dir="1" index="0" bw="1" slack="1"/>
</pin_list>
<bind>
<StgValue><ssdm name=""/></StgValue>
</bind>
</comp>

<comp id="62" class="1001" name="const_62">
<pin_list>
<pin id="63" dir="1" index="0" bw="1" slack="0"/>
</pin_list>
<bind>
<StgValue><ssdm name=""/></StgValue>
</bind>
</comp>

<comp id="64" class="1001" name="const_64">
<pin_list>
<pin id="65" dir="1" index="0" bw="1" slack="2147483647"/>
</pin_list>
<bind>
<StgValue><ssdm name="_ssdm_op_SpecLoopTripCount"/></StgValue>
</bind>
</comp>

<comp id="66" class="1001" name="const_66">
<pin_list>
<pin id="67" dir="1" index="0" bw="1" slack="2147483647"/>
</pin_list>
<bind>
<StgValue><ssdm name=""/></StgValue>
</bind>
</comp>

<comp id="68" class="1001" name="const_68">
<pin_list>
<pin id="69" dir="1" index="0" bw="1" slack="0"/>
</pin_list>
<bind>
<StgValue><ssdm name=""/></StgValue>
</bind>
</comp>

<comp id="70" class="1001" name="const_70">
<pin_list>
<pin id="71" dir="1" index="0" bw="1" slack="0"/>
</pin_list>
<bind>
<StgValue><ssdm name=""/></StgValue>
</bind>
</comp>

<comp id="72" class="1001" name="const_72">
<pin_list>
<pin id="73" dir="1" index="0" bw="1" slack="1"/>
</pin_list>
<bind>
<StgValue><ssdm name=""/></StgValue>
</bind>
</comp>

<comp id="74" class="1001" name="const_74">
<pin_list>
<pin id="75" dir="1" index="0" bw="1" slack="0"/>
</pin_list>
<bind>
<StgValue><ssdm name=""/></StgValue>
</bind>
</comp>

<comp id="76" class="1001" name="const_76">
<pin_list>
<pin id="77" dir="1" index="0" bw="1" slack="2147483647"/>
</pin_list>
<bind>
<StgValue><ssdm name=""/></StgValue>
</bind>
</comp>

<comp id="78" class="1001" name="const_78">
<pin_list>
<pin id="79" dir="1" index="0" bw="1" slack="0"/>
</pin_list>
<bind>
<StgValue><ssdm name=""/></StgValue>
</bind>
</comp>

<comp id="80" class="1001" name="const_80">
<pin_list>
<pin id="81" dir="1" index="0" bw="1" slack="0"/>
</pin_list>
<bind>
<StgValue><ssdm name=""/></StgValue>
</bind>
</comp>

<comp id="82" class="1001" name="const_82">
<pin_list>
<pin id="83" dir="1" index="0" bw="1" slack="0"/>
</pin_list>
<bind>
<StgValue><ssdm name="_ssdm_op_Read.axis.volatile.i8P.i1P.i1P.i1P.i1P.i1P.i1P"/></StgValue>
</bind>
</comp>

<comp id="84" class="1001" name="const_84">
<pin_list>
<pin id="85" dir="1" index="0" bw="1" slack="0"/>
</pin_list>
<bind>
<StgValue><ssdm name=""/></StgValue>
</bind>
</comp>

<comp id="86" class="1001" name="const_86">
<pin_list>
<pin id="87" dir="1" index="0" bw="1" slack="0"/>
</pin_list>
<bind>
<StgValue><ssdm name=""/></StgValue>
</bind>
</comp>

<comp id="88" class="1001" name="const_88">
<pin_list>
<pin id="89" dir="1" index="0" bw="1" slack="0"/>
</pin_list>
<bind>
<StgValue><ssdm name="_ssdm_op_Write.axis.volatile.i8P.i1P.i1P.i1P.i1P.i1P.i1P"/></StgValue>
</bind>
</comp>

<comp id="90" class="1004" name="pixel_1_fu_90">
<pin_list>
<pin id="91" dir="0" index="0" bw="1" slack="0"/>
<pin id="92" dir="1" index="1" bw="32" slack="0"/>
</pin_list>
<bind>
<opcode="alloca(26) " fcode="alloca"/>
<opset="pixel_1/1 "/>
</bind>
</comp>

<comp id="94" class="1004" name="start_y_read_read_fu_94">
<pin_list>
<pin id="95" dir="0" index="0" bw="32" slack="0"/>
<pin id="96" dir="0" index="1" bw="32" slack="0"/>
<pin id="97" dir="1" index="2" bw="32" slack="0"/>
</pin_list>
<bind>
<opcode="read(1150) " fcode="read"/>
<opset="start_y_read/1 "/>
</bind>
</comp>

<comp id="100" class="1004" name="start_x_read_read_fu_100">
<pin_list>
<pin id="101" dir="0" index="0" bw="32" slack="0"/>
<pin id="102" dir="0" index="1" bw="32" slack="0"/>
<pin id="103" dir="1" index="2" bw="32" slack="0"/>
</pin_list>
<bind>
<opcode="read(1150) " fcode="read"/>
<opset="start_x_read/1 "/>
</bind>
</comp>

<comp id="106" class="1004" name="empty_4_read_fu_106">
<pin_list>
<pin id="107" dir="0" index="0" bw="14" slack="0"/>
<pin id="108" dir="0" index="1" bw="8" slack="0"/>
<pin id="109" dir="0" index="2" bw="1" slack="0"/>
<pin id="110" dir="0" index="3" bw="1" slack="0"/>
<pin id="111" dir="0" index="4" bw="1" slack="0"/>
<pin id="112" dir="0" index="5" bw="1" slack="0"/>
<pin id="113" dir="0" index="6" bw="1" slack="0"/>
<pin id="114" dir="0" index="7" bw="1" slack="0"/>
<pin id="115" dir="1" index="8" bw="14" slack="0"/>
</pin_list>
<bind>
<opcode="read(1150) " fcode="read"/>
<opset="empty_4/4 "/>
</bind>
</comp>

<comp id="124" class="1004" name="grp_write_fu_124">
<pin_list>
<pin id="125" dir="0" index="0" bw="0" slack="0"/>
<pin id="126" dir="0" index="1" bw="8" slack="0"/>
<pin id="127" dir="0" index="2" bw="1" slack="0"/>
<pin id="128" dir="0" index="3" bw="1" slack="0"/>
<pin id="129" dir="0" index="4" bw="1" slack="0"/>
<pin id="130" dir="0" index="5" bw="1" slack="0"/>
<pin id="131" dir="0" index="6" bw="1" slack="0"/>
<pin id="132" dir="0" index="7" bw="1" slack="0"/>
<pin id="133" dir="0" index="8" bw="8" slack="0"/>
<pin id="134" dir="0" index="9" bw="1" slack="0"/>
<pin id="135" dir="0" index="10" bw="1" slack="0"/>
<pin id="136" dir="0" index="11" bw="1" slack="0"/>
<pin id="137" dir="0" index="12" bw="1" slack="0"/>
<pin id="138" dir="0" index="13" bw="1" slack="0"/>
<pin id="139" dir="0" index="14" bw="1" slack="0"/>
<pin id="140" dir="1" index="15" bw="0" slack="2147483647"/>
</pin_list>
<bind>
<opcode="write(1151) " fcode="write"/>
<opset="write_ln28/4 "/>
</bind>
</comp>

<comp id="149" class="1004" name="im_incrust_V_addr_gep_fu_149">
<pin_list>
<pin id="150" dir="0" index="0" bw="1" slack="0"/>
<pin id="151" dir="0" index="1" bw="1" slack="0"/>
<pin id="152" dir="0" index="2" bw="32" slack="0"/>
<pin id="153" dir="1" index="3" bw="11" slack="0"/>
</pin_list>
<bind>
<opcode="getelementptr(29) " fcode="getelementptr"/>
<opset="im_incrust_V_addr/3 "/>
</bind>
</comp>

<comp id="156" class="1004" name="grp_access_fu_156">
<pin_list>
<pin id="157" dir="0" index="0" bw="11" slack="0"/>
<pin id="158" dir="0" index="1" bw="1" slack="2147483647"/>
<pin id="159" dir="0" index="2" bw="0" slack="2147483647"/>
<pin id="160" dir="1" index="3" bw="1" slack="0"/>
</pin_list>
<bind>
<opcode="load(27) " fcode="load"/>
<opset="video_data_V_1/3 "/>
</bind>
</comp>

<comp id="162" class="1005" name="i_0_reg_162">
<pin_list>
<pin id="163" dir="0" index="0" bw="9" slack="1"/>
<pin id="164" dir="1" index="1" bw="9" slack="1"/>
</pin_list>
<bind>
<opset="i_0 (phireg) "/>
</bind>
</comp>

<comp id="166" class="1004" name="i_0_phi_fu_166">
<pin_list>
<pin id="167" dir="0" index="0" bw="1" slack="1"/>
<pin id="168" dir="0" index="1" bw="0" slack="2147483647"/>
<pin id="169" dir="0" index="2" bw="9" slack="0"/>
<pin id="170" dir="0" index="3" bw="0" slack="2147483647"/>
<pin id="171" dir="1" index="4" bw="9" slack="0"/>
</pin_list>
<bind>
<opcode="phi(47) " fcode="phi"/>
<opset="i_0/2 "/>
</bind>
</comp>

<comp id="173" class="1005" name="j_0_reg_173">
<pin_list>
<pin id="174" dir="0" index="0" bw="10" slack="1"/>
<pin id="175" dir="1" index="1" bw="10" slack="1"/>
</pin_list>
<bind>
<opset="j_0 (phireg) "/>
</bind>
</comp>

<comp id="177" class="1004" name="j_0_phi_fu_177">
<pin_list>
<pin id="178" dir="0" index="0" bw="10" slack="0"/>
<pin id="179" dir="0" index="1" bw="0" slack="2147483647"/>
<pin id="180" dir="0" index="2" bw="1" slack="1"/>
<pin id="181" dir="0" index="3" bw="0" slack="2147483647"/>
<pin id="182" dir="1" index="4" bw="10" slack="0"/>
</pin_list>
<bind>
<opcode="phi(47) " fcode="phi"/>
<opset="j_0/3 "/>
</bind>
</comp>

<comp id="184" class="1004" name="add_ln24_fu_184">
<pin_list>
<pin id="185" dir="0" index="0" bw="32" slack="0"/>
<pin id="186" dir="0" index="1" bw="9" slack="0"/>
<pin id="187" dir="1" index="2" bw="32" slack="2"/>
</pin_list>
<bind>
<opcode="add(8) " fcode="add"/>
<opset="add_ln24/1 "/>
</bind>
</comp>

<comp id="190" class="1004" name="add_ln24_1_fu_190">
<pin_list>
<pin id="191" dir="0" index="0" bw="32" slack="0"/>
<pin id="192" dir="0" index="1" bw="5" slack="0"/>
<pin id="193" dir="1" index="2" bw="32" slack="1"/>
</pin_list>
<bind>
<opcode="add(8) " fcode="add"/>
<opset="add_ln24_1/1 "/>
</bind>
</comp>

<comp id="196" class="1004" name="store_ln19_store_fu_196">
<pin_list>
<pin id="197" dir="0" index="0" bw="1" slack="0"/>
<pin id="198" dir="0" index="1" bw="32" slack="0"/>
<pin id="199" dir="1" index="2" bw="0" slack="2147483647"/>
</pin_list>
<bind>
<opcode="store(28) " fcode="store"/>
<opset="store_ln19/1 "/>
</bind>
</comp>

<comp id="201" class="1004" name="zext_ln19_fu_201">
<pin_list>
<pin id="202" dir="0" index="0" bw="9" slack="0"/>
<pin id="203" dir="1" index="1" bw="32" slack="0"/>
</pin_list>
<bind>
<opcode="zext(34) " fcode="zext"/>
<opset="zext_ln19/2 "/>
</bind>
</comp>

<comp id="205" class="1004" name="icmp_ln19_fu_205">
<pin_list>
<pin id="206" dir="0" index="0" bw="9" slack="0"/>
<pin id="207" dir="0" index="1" bw="6" slack="0"/>
<pin id="208" dir="1" index="2" bw="1" slack="2147483647"/>
</pin_list>
<bind>
<opcode="icmp(45) " fcode="icmp"/>
<opset="icmp_ln19/2 "/>
</bind>
</comp>

<comp id="211" class="1004" name="i_fu_211">
<pin_list>
<pin id="212" dir="0" index="0" bw="9" slack="0"/>
<pin id="213" dir="0" index="1" bw="1" slack="0"/>
<pin id="214" dir="1" index="2" bw="9" slack="0"/>
</pin_list>
<bind>
<opcode="add(8) " fcode="add"/>
<opset="i/2 "/>
</bind>
</comp>

<comp id="217" class="1004" name="icmp_ln24_fu_217">
<pin_list>
<pin id="218" dir="0" index="0" bw="9" slack="0"/>
<pin id="219" dir="0" index="1" bw="32" slack="1"/>
<pin id="220" dir="1" index="2" bw="1" slack="0"/>
</pin_list>
<bind>
<opcode="icmp(45) " fcode="icmp"/>
<opset="icmp_ln24/2 "/>
</bind>
</comp>

<comp id="222" class="1004" name="xor_ln24_fu_222">
<pin_list>
<pin id="223" dir="0" index="0" bw="1" slack="0"/>
<pin id="224" dir="0" index="1" bw="1" slack="0"/>
<pin id="225" dir="1" index="2" bw="1" slack="0"/>
</pin_list>
<bind>
<opcode="xor(25) " fcode="xor"/>
<opset="xor_ln24/2 "/>
</bind>
</comp>

<comp id="228" class="1004" name="icmp_ln24_1_fu_228">
<pin_list>
<pin id="229" dir="0" index="0" bw="9" slack="0"/>
<pin id="230" dir="0" index="1" bw="32" slack="1"/>
<pin id="231" dir="1" index="2" bw="1" slack="0"/>
</pin_list>
<bind>
<opcode="icmp(45) " fcode="icmp"/>
<opset="icmp_ln24_1/2 "/>
</bind>
</comp>

<comp id="233" class="1004" name="and_ln24_1_fu_233">
<pin_list>
<pin id="234" dir="0" index="0" bw="1" slack="0"/>
<pin id="235" dir="0" index="1" bw="1" slack="0"/>
<pin id="236" dir="1" index="2" bw="1" slack="1"/>
</pin_list>
<bind>
<opcode="and(23) " fcode="and"/>
<opset="and_ln24_1/2 "/>
</bind>
</comp>

<comp id="239" class="1004" name="zext_ln21_fu_239">
<pin_list>
<pin id="240" dir="0" index="0" bw="10" slack="0"/>
<pin id="241" dir="1" index="1" bw="32" slack="0"/>
</pin_list>
<bind>
<opcode="zext(34) " fcode="zext"/>
<opset="zext_ln21/3 "/>
</bind>
</comp>

<comp id="243" class="1004" name="icmp_ln21_fu_243">
<pin_list>
<pin id="244" dir="0" index="0" bw="10" slack="0"/>
<pin id="245" dir="0" index="1" bw="10" slack="0"/>
<pin id="246" dir="1" index="2" bw="1" slack="2147483647"/>
</pin_list>
<bind>
<opcode="icmp(45) " fcode="icmp"/>
<opset="icmp_ln21/3 "/>
</bind>
</comp>

<comp id="249" class="1004" name="j_fu_249">
<pin_list>
<pin id="250" dir="0" index="0" bw="10" slack="0"/>
<pin id="251" dir="0" index="1" bw="1" slack="0"/>
<pin id="252" dir="1" index="2" bw="10" slack="0"/>
</pin_list>
<bind>
<opcode="add(8) " fcode="add"/>
<opset="j/3 "/>
</bind>
</comp>

<comp id="255" class="1004" name="pixel_1_load_load_fu_255">
<pin_list>
<pin id="256" dir="0" index="0" bw="32" slack="2"/>
<pin id="257" dir="1" index="1" bw="32" slack="0"/>
</pin_list>
<bind>
<opcode="load(27) " fcode="load"/>
<opset="pixel_1_load/3 "/>
</bind>
</comp>

<comp id="258" class="1004" name="icmp_ln24_2_fu_258">
<pin_list>
<pin id="259" dir="0" index="0" bw="10" slack="0"/>
<pin id="260" dir="0" index="1" bw="32" slack="2"/>
<pin id="261" dir="1" index="2" bw="1" slack="0"/>
</pin_list>
<bind>
<opcode="icmp(45) " fcode="icmp"/>
<opset="icmp_ln24_2/3 "/>
</bind>
</comp>

<comp id="263" class="1004" name="xor_ln24_1_fu_263">
<pin_list>
<pin id="264" dir="0" index="0" bw="1" slack="0"/>
<pin id="265" dir="0" index="1" bw="1" slack="0"/>
<pin id="266" dir="1" index="2" bw="1" slack="0"/>
</pin_list>
<bind>
<opcode="xor(25) " fcode="xor"/>
<opset="xor_ln24_1/3 "/>
</bind>
</comp>

<comp id="269" class="1004" name="icmp_ln24_3_fu_269">
<pin_list>
<pin id="270" dir="0" index="0" bw="10" slack="0"/>
<pin id="271" dir="0" index="1" bw="32" slack="2"/>
<pin id="272" dir="1" index="2" bw="1" slack="0"/>
</pin_list>
<bind>
<opcode="icmp(45) " fcode="icmp"/>
<opset="icmp_ln24_3/3 "/>
</bind>
</comp>

<comp id="274" class="1004" name="and_ln24_fu_274">
<pin_list>
<pin id="275" dir="0" index="0" bw="1" slack="0"/>
<pin id="276" dir="0" index="1" bw="1" slack="0"/>
<pin id="277" dir="1" index="2" bw="1" slack="0"/>
</pin_list>
<bind>
<opcode="and(23) " fcode="and"/>
<opset="and_ln24/3 "/>
</bind>
</comp>

<comp id="280" class="1004" name="and_ln24_2_fu_280">
<pin_list>
<pin id="281" dir="0" index="0" bw="1" slack="1"/>
<pin id="282" dir="0" index="1" bw="1" slack="0"/>
<pin id="283" dir="1" index="2" bw="1" slack="0"/>
</pin_list>
<bind>
<opcode="and(23) " fcode="and"/>
<opset="and_ln24_2/3 "/>
</bind>
</comp>

<comp id="285" class="1004" name="sext_ln25_fu_285">
<pin_list>
<pin id="286" dir="0" index="0" bw="32" slack="0"/>
<pin id="287" dir="1" index="1" bw="64" slack="0"/>
</pin_list>
<bind>
<opcode="sext(35) " fcode="sext"/>
<opset="sext_ln25/3 "/>
</bind>
</comp>

<comp id="290" class="1004" name="pixel_fu_290">
<pin_list>
<pin id="291" dir="0" index="0" bw="1" slack="0"/>
<pin id="292" dir="0" index="1" bw="32" slack="0"/>
<pin id="293" dir="1" index="2" bw="32" slack="0"/>
</pin_list>
<bind>
<opcode="add(8) " fcode="add"/>
<opset="pixel/3 "/>
</bind>
</comp>

<comp id="296" class="1004" name="pixel_2_fu_296">
<pin_list>
<pin id="297" dir="0" index="0" bw="1" slack="0"/>
<pin id="298" dir="0" index="1" bw="32" slack="0"/>
<pin id="299" dir="0" index="2" bw="32" slack="0"/>
<pin id="300" dir="1" index="3" bw="32" slack="0"/>
</pin_list>
<bind>
<opcode="select(49) " fcode="select"/>
<opset="pixel_2/3 "/>
</bind>
</comp>

<comp id="304" class="1004" name="store_ln21_store_fu_304">
<pin_list>
<pin id="305" dir="0" index="0" bw="32" slack="0"/>
<pin id="306" dir="0" index="1" bw="32" slack="2"/>
<pin id="307" dir="1" index="2" bw="0" slack="2147483647"/>
</pin_list>
<bind>
<opcode="store(28) " fcode="store"/>
<opset="store_ln21/3 "/>
</bind>
</comp>

<comp id="309" class="1004" name="tmp_data_V_1_fu_309">
<pin_list>
<pin id="310" dir="0" index="0" bw="14" slack="0"/>
<pin id="311" dir="1" index="1" bw="8" slack="0"/>
</pin_list>
<bind>
<opcode="extractvalue(56) " fcode="extractvalue"/>
<opset="tmp_data_V_1/4 "/>
</bind>
</comp>

<comp id="313" class="1004" name="tmp_keep_V_fu_313">
<pin_list>
<pin id="314" dir="0" index="0" bw="14" slack="0"/>
<pin id="315" dir="1" index="1" bw="1" slack="0"/>
</pin_list>
<bind>
<opcode="extractvalue(56) " fcode="extractvalue"/>
<opset="tmp_keep_V/4 "/>
</bind>
</comp>

<comp id="318" class="1004" name="tmp_strb_V_fu_318">
<pin_list>
<pin id="319" dir="0" index="0" bw="14" slack="0"/>
<pin id="320" dir="1" index="1" bw="1" slack="0"/>
</pin_list>
<bind>
<opcode="extractvalue(56) " fcode="extractvalue"/>
<opset="tmp_strb_V/4 "/>
</bind>
</comp>

<comp id="323" class="1004" name="tmp_user_V_fu_323">
<pin_list>
<pin id="324" dir="0" index="0" bw="14" slack="0"/>
<pin id="325" dir="1" index="1" bw="1" slack="0"/>
</pin_list>
<bind>
<opcode="extractvalue(56) " fcode="extractvalue"/>
<opset="tmp_user_V/4 "/>
</bind>
</comp>

<comp id="328" class="1004" name="tmp_last_V_fu_328">
<pin_list>
<pin id="329" dir="0" index="0" bw="14" slack="0"/>
<pin id="330" dir="1" index="1" bw="1" slack="0"/>
</pin_list>
<bind>
<opcode="extractvalue(56) " fcode="extractvalue"/>
<opset="tmp_last_V/4 "/>
</bind>
</comp>

<comp id="333" class="1004" name="tmp_id_V_fu_333">
<pin_list>
<pin id="334" dir="0" index="0" bw="14" slack="0"/>
<pin id="335" dir="1" index="1" bw="1" slack="0"/>
</pin_list>
<bind>
<opcode="extractvalue(56) " fcode="extractvalue"/>
<opset="tmp_id_V/4 "/>
</bind>
</comp>

<comp id="338" class="1004" name="tmp_dest_V_fu_338">
<pin_list>
<pin id="339" dir="0" index="0" bw="14" slack="0"/>
<pin id="340" dir="1" index="1" bw="1" slack="0"/>
</pin_list>
<bind>
<opcode="extractvalue(56) " fcode="extractvalue"/>
<opset="tmp_dest_V/4 "/>
</bind>
</comp>

<comp id="343" class="1004" name="select_ln321_fu_343">
<pin_list>
<pin id="344" dir="0" index="0" bw="1" slack="0"/>
<pin id="345" dir="0" index="1" bw="1" slack="0"/>
<pin id="346" dir="0" index="2" bw="1" slack="0"/>
<pin id="347" dir="1" index="3" bw="8" slack="0"/>
</pin_list>
<bind>
<opcode="select(49) " fcode="select"/>
<opset="select_ln321/4 "/>
</bind>
</comp>

<comp id="351" class="1004" name="video_data_V_fu_351">
<pin_list>
<pin id="352" dir="0" index="0" bw="1" slack="1"/>
<pin id="353" dir="0" index="1" bw="8" slack="0"/>
<pin id="354" dir="0" index="2" bw="8" slack="0"/>
<pin id="355" dir="1" index="3" bw="8" slack="0"/>
</pin_list>
<bind>
<opcode="select(49) " fcode="select"/>
<opset="video_data_V/4 "/>
</bind>
</comp>

<comp id="359" class="1005" name="pixel_1_reg_359">
<pin_list>
<pin id="360" dir="0" index="0" bw="32" slack="0"/>
<pin id="361" dir="1" index="1" bw="32" slack="0"/>
</pin_list>
<bind>
<opset="pixel_1 "/>
</bind>
</comp>

<comp id="366" class="1005" name="start_y_read_reg_366">
<pin_list>
<pin id="367" dir="0" index="0" bw="32" slack="1"/>
<pin id="368" dir="1" index="1" bw="32" slack="1"/>
</pin_list>
<bind>
<opset="start_y_read "/>
</bind>
</comp>

<comp id="371" class="1005" name="start_x_read_reg_371">
<pin_list>
<pin id="372" dir="0" index="0" bw="32" slack="2"/>
<pin id="373" dir="1" index="1" bw="32" slack="2"/>
</pin_list>
<bind>
<opset="start_x_read "/>
</bind>
</comp>

<comp id="376" class="1005" name="add_ln24_reg_376">
<pin_list>
<pin id="377" dir="0" index="0" bw="32" slack="2"/>
<pin id="378" dir="1" index="1" bw="32" slack="2"/>
</pin_list>
<bind>
<opset="add_ln24 "/>
</bind>
</comp>

<comp id="381" class="1005" name="add_ln24_1_reg_381">
<pin_list>
<pin id="382" dir="0" index="0" bw="32" slack="1"/>
<pin id="383" dir="1" index="1" bw="32" slack="1"/>
</pin_list>
<bind>
<opset="add_ln24_1 "/>
</bind>
</comp>

<comp id="389" class="1005" name="i_reg_389">
<pin_list>
<pin id="390" dir="0" index="0" bw="9" slack="0"/>
<pin id="391" dir="1" index="1" bw="9" slack="0"/>
</pin_list>
<bind>
<opset="i "/>
</bind>
</comp>

<comp id="394" class="1005" name="and_ln24_1_reg_394">
<pin_list>
<pin id="395" dir="0" index="0" bw="1" slack="1"/>
<pin id="396" dir="1" index="1" bw="1" slack="1"/>
</pin_list>
<bind>
<opset="and_ln24_1 "/>
</bind>
</comp>

<comp id="402" class="1005" name="j_reg_402">
<pin_list>
<pin id="403" dir="0" index="0" bw="10" slack="0"/>
<pin id="404" dir="1" index="1" bw="10" slack="0"/>
</pin_list>
<bind>
<opset="j "/>
</bind>
</comp>

<comp id="407" class="1005" name="and_ln24_2_reg_407">
<pin_list>
<pin id="408" dir="0" index="0" bw="1" slack="1"/>
<pin id="409" dir="1" index="1" bw="1" slack="1"/>
</pin_list>
<bind>
<opset="and_ln24_2 "/>
</bind>
</comp>

<comp id="412" class="1005" name="im_incrust_V_addr_reg_412">
<pin_list>
<pin id="413" dir="0" index="0" bw="11" slack="1"/>
<pin id="414" dir="1" index="1" bw="11" slack="1"/>
</pin_list>
<bind>
<opset="im_incrust_V_addr "/>
</bind>
</comp>

<comp id="417" class="1005" name="tmp_keep_V_reg_417">
<pin_list>
<pin id="418" dir="0" index="0" bw="1" slack="1"/>
<pin id="419" dir="1" index="1" bw="1" slack="1"/>
</pin_list>
<bind>
<opset="tmp_keep_V "/>
</bind>
</comp>

<comp id="422" class="1005" name="tmp_strb_V_reg_422">
<pin_list>
<pin id="423" dir="0" index="0" bw="1" slack="1"/>
<pin id="424" dir="1" index="1" bw="1" slack="1"/>
</pin_list>
<bind>
<opset="tmp_strb_V "/>
</bind>
</comp>

<comp id="427" class="1005" name="tmp_user_V_reg_427">
<pin_list>
<pin id="428" dir="0" index="0" bw="1" slack="1"/>
<pin id="429" dir="1" index="1" bw="1" slack="1"/>
</pin_list>
<bind>
<opset="tmp_user_V "/>
</bind>
</comp>

<comp id="432" class="1005" name="tmp_last_V_reg_432">
<pin_list>
<pin id="433" dir="0" index="0" bw="1" slack="1"/>
<pin id="434" dir="1" index="1" bw="1" slack="1"/>
</pin_list>
<bind>
<opset="tmp_last_V "/>
</bind>
</comp>

<comp id="437" class="1005" name="tmp_id_V_reg_437">
<pin_list>
<pin id="438" dir="0" index="0" bw="1" slack="1"/>
<pin id="439" dir="1" index="1" bw="1" slack="1"/>
</pin_list>
<bind>
<opset="tmp_id_V "/>
</bind>
</comp>

<comp id="442" class="1005" name="tmp_dest_V_reg_442">
<pin_list>
<pin id="443" dir="0" index="0" bw="1" slack="1"/>
<pin id="444" dir="1" index="1" bw="1" slack="1"/>
</pin_list>
<bind>
<opset="tmp_dest_V "/>
</bind>
</comp>

<comp id="447" class="1005" name="video_data_V_reg_447">
<pin_list>
<pin id="448" dir="0" index="0" bw="8" slack="1"/>
<pin id="449" dir="1" index="1" bw="8" slack="1"/>
</pin_list>
<bind>
<opset="video_data_V "/>
</bind>
</comp>

</comp_list>

<net_list>
<net id="93"><net_src comp="34" pin="0"/><net_sink comp="90" pin=0"/></net>

<net id="98"><net_src comp="42" pin="0"/><net_sink comp="94" pin=0"/></net>

<net id="99"><net_src comp="30" pin="0"/><net_sink comp="94" pin=1"/></net>

<net id="104"><net_src comp="42" pin="0"/><net_sink comp="100" pin=0"/></net>

<net id="105"><net_src comp="28" pin="0"/><net_sink comp="100" pin=1"/></net>

<net id="116"><net_src comp="82" pin="0"/><net_sink comp="106" pin=0"/></net>

<net id="117"><net_src comp="0" pin="0"/><net_sink comp="106" pin=1"/></net>

<net id="118"><net_src comp="2" pin="0"/><net_sink comp="106" pin=2"/></net>

<net id="119"><net_src comp="4" pin="0"/><net_sink comp="106" pin=3"/></net>

<net id="120"><net_src comp="6" pin="0"/><net_sink comp="106" pin=4"/></net>

<net id="121"><net_src comp="8" pin="0"/><net_sink comp="106" pin=5"/></net>

<net id="122"><net_src comp="10" pin="0"/><net_sink comp="106" pin=6"/></net>

<net id="123"><net_src comp="12" pin="0"/><net_sink comp="106" pin=7"/></net>

<net id="141"><net_src comp="88" pin="0"/><net_sink comp="124" pin=0"/></net>

<net id="142"><net_src comp="14" pin="0"/><net_sink comp="124" pin=1"/></net>

<net id="143"><net_src comp="16" pin="0"/><net_sink comp="124" pin=2"/></net>

<net id="144"><net_src comp="18" pin="0"/><net_sink comp="124" pin=3"/></net>

<net id="145"><net_src comp="20" pin="0"/><net_sink comp="124" pin=4"/></net>

<net id="146"><net_src comp="22" pin="0"/><net_sink comp="124" pin=5"/></net>

<net id="147"><net_src comp="24" pin="0"/><net_sink comp="124" pin=6"/></net>

<net id="148"><net_src comp="26" pin="0"/><net_sink comp="124" pin=7"/></net>

<net id="154"><net_src comp="32" pin="0"/><net_sink comp="149" pin=0"/></net>

<net id="155"><net_src comp="80" pin="0"/><net_sink comp="149" pin=1"/></net>

<net id="161"><net_src comp="149" pin="3"/><net_sink comp="156" pin=0"/></net>

<net id="165"><net_src comp="60" pin="0"/><net_sink comp="162" pin=0"/></net>

<net id="172"><net_src comp="162" pin="1"/><net_sink comp="166" pin=0"/></net>

<net id="176"><net_src comp="72" pin="0"/><net_sink comp="173" pin=0"/></net>

<net id="183"><net_src comp="173" pin="1"/><net_sink comp="177" pin=2"/></net>

<net id="188"><net_src comp="100" pin="2"/><net_sink comp="184" pin=0"/></net>

<net id="189"><net_src comp="56" pin="0"/><net_sink comp="184" pin=1"/></net>

<net id="194"><net_src comp="94" pin="2"/><net_sink comp="190" pin=0"/></net>

<net id="195"><net_src comp="58" pin="0"/><net_sink comp="190" pin=1"/></net>

<net id="200"><net_src comp="48" pin="0"/><net_sink comp="196" pin=0"/></net>

<net id="204"><net_src comp="166" pin="4"/><net_sink comp="201" pin=0"/></net>

<net id="209"><net_src comp="166" pin="4"/><net_sink comp="205" pin=0"/></net>

<net id="210"><net_src comp="62" pin="0"/><net_sink comp="205" pin=1"/></net>

<net id="215"><net_src comp="166" pin="4"/><net_sink comp="211" pin=0"/></net>

<net id="216"><net_src comp="68" pin="0"/><net_sink comp="211" pin=1"/></net>

<net id="221"><net_src comp="201" pin="1"/><net_sink comp="217" pin=0"/></net>

<net id="226"><net_src comp="217" pin="2"/><net_sink comp="222" pin=0"/></net>

<net id="227"><net_src comp="70" pin="0"/><net_sink comp="222" pin=1"/></net>

<net id="232"><net_src comp="201" pin="1"/><net_sink comp="228" pin=0"/></net>

<net id="237"><net_src comp="222" pin="2"/><net_sink comp="233" pin=0"/></net>

<net id="238"><net_src comp="228" pin="2"/><net_sink comp="233" pin=1"/></net>

<net id="242"><net_src comp="177" pin="4"/><net_sink comp="239" pin=0"/></net>

<net id="247"><net_src comp="177" pin="4"/><net_sink comp="243" pin=0"/></net>

<net id="248"><net_src comp="74" pin="0"/><net_sink comp="243" pin=1"/></net>

<net id="253"><net_src comp="177" pin="4"/><net_sink comp="249" pin=0"/></net>

<net id="254"><net_src comp="78" pin="0"/><net_sink comp="249" pin=1"/></net>

<net id="262"><net_src comp="239" pin="1"/><net_sink comp="258" pin=0"/></net>

<net id="267"><net_src comp="258" pin="2"/><net_sink comp="263" pin=0"/></net>

<net id="268"><net_src comp="70" pin="0"/><net_sink comp="263" pin=1"/></net>

<net id="273"><net_src comp="239" pin="1"/><net_sink comp="269" pin=0"/></net>

<net id="278"><net_src comp="263" pin="2"/><net_sink comp="274" pin=0"/></net>

<net id="279"><net_src comp="269" pin="2"/><net_sink comp="274" pin=1"/></net>

<net id="284"><net_src comp="274" pin="2"/><net_sink comp="280" pin=1"/></net>

<net id="288"><net_src comp="255" pin="1"/><net_sink comp="285" pin=0"/></net>

<net id="289"><net_src comp="285" pin="1"/><net_sink comp="149" pin=2"/></net>

<net id="294"><net_src comp="34" pin="0"/><net_sink comp="290" pin=0"/></net>

<net id="295"><net_src comp="255" pin="1"/><net_sink comp="290" pin=1"/></net>

<net id="301"><net_src comp="280" pin="2"/><net_sink comp="296" pin=0"/></net>

<net id="302"><net_src comp="290" pin="2"/><net_sink comp="296" pin=1"/></net>

<net id="303"><net_src comp="255" pin="1"/><net_sink comp="296" pin=2"/></net>

<net id="308"><net_src comp="296" pin="3"/><net_sink comp="304" pin=0"/></net>

<net id="312"><net_src comp="106" pin="8"/><net_sink comp="309" pin=0"/></net>

<net id="316"><net_src comp="106" pin="8"/><net_sink comp="313" pin=0"/></net>

<net id="317"><net_src comp="313" pin="1"/><net_sink comp="124" pin=9"/></net>

<net id="321"><net_src comp="106" pin="8"/><net_sink comp="318" pin=0"/></net>

<net id="322"><net_src comp="318" pin="1"/><net_sink comp="124" pin=10"/></net>

<net id="326"><net_src comp="106" pin="8"/><net_sink comp="323" pin=0"/></net>

<net id="327"><net_src comp="323" pin="1"/><net_sink comp="124" pin=11"/></net>

<net id="331"><net_src comp="106" pin="8"/><net_sink comp="328" pin=0"/></net>

<net id="332"><net_src comp="328" pin="1"/><net_sink comp="124" pin=12"/></net>

<net id="336"><net_src comp="106" pin="8"/><net_sink comp="333" pin=0"/></net>

<net id="337"><net_src comp="333" pin="1"/><net_sink comp="124" pin=13"/></net>

<net id="341"><net_src comp="106" pin="8"/><net_sink comp="338" pin=0"/></net>

<net id="342"><net_src comp="338" pin="1"/><net_sink comp="124" pin=14"/></net>

<net id="348"><net_src comp="156" pin="3"/><net_sink comp="343" pin=0"/></net>

<net id="349"><net_src comp="84" pin="0"/><net_sink comp="343" pin=1"/></net>

<net id="350"><net_src comp="86" pin="0"/><net_sink comp="343" pin=2"/></net>

<net id="356"><net_src comp="343" pin="3"/><net_sink comp="351" pin=1"/></net>

<net id="357"><net_src comp="309" pin="1"/><net_sink comp="351" pin=2"/></net>

<net id="358"><net_src comp="351" pin="3"/><net_sink comp="124" pin=8"/></net>

<net id="362"><net_src comp="90" pin="1"/><net_sink comp="359" pin=0"/></net>

<net id="363"><net_src comp="359" pin="1"/><net_sink comp="196" pin=1"/></net>

<net id="364"><net_src comp="359" pin="1"/><net_sink comp="255" pin=0"/></net>

<net id="365"><net_src comp="359" pin="1"/><net_sink comp="304" pin=1"/></net>

<net id="369"><net_src comp="94" pin="2"/><net_sink comp="366" pin=0"/></net>

<net id="370"><net_src comp="366" pin="1"/><net_sink comp="217" pin=1"/></net>

<net id="374"><net_src comp="100" pin="2"/><net_sink comp="371" pin=0"/></net>

<net id="375"><net_src comp="371" pin="1"/><net_sink comp="258" pin=1"/></net>

<net id="379"><net_src comp="184" pin="2"/><net_sink comp="376" pin=0"/></net>

<net id="380"><net_src comp="376" pin="1"/><net_sink comp="269" pin=1"/></net>

<net id="384"><net_src comp="190" pin="2"/><net_sink comp="381" pin=0"/></net>

<net id="385"><net_src comp="381" pin="1"/><net_sink comp="228" pin=1"/></net>

<net id="392"><net_src comp="211" pin="2"/><net_sink comp="389" pin=0"/></net>

<net id="393"><net_src comp="389" pin="1"/><net_sink comp="166" pin=2"/></net>

<net id="397"><net_src comp="233" pin="2"/><net_sink comp="394" pin=0"/></net>

<net id="398"><net_src comp="394" pin="1"/><net_sink comp="280" pin=0"/></net>

<net id="405"><net_src comp="249" pin="2"/><net_sink comp="402" pin=0"/></net>

<net id="406"><net_src comp="402" pin="1"/><net_sink comp="177" pin=0"/></net>

<net id="410"><net_src comp="280" pin="2"/><net_sink comp="407" pin=0"/></net>

<net id="411"><net_src comp="407" pin="1"/><net_sink comp="351" pin=0"/></net>

<net id="415"><net_src comp="149" pin="3"/><net_sink comp="412" pin=0"/></net>

<net id="416"><net_src comp="412" pin="1"/><net_sink comp="156" pin=0"/></net>

<net id="420"><net_src comp="313" pin="1"/><net_sink comp="417" pin=0"/></net>

<net id="421"><net_src comp="417" pin="1"/><net_sink comp="124" pin=9"/></net>

<net id="425"><net_src comp="318" pin="1"/><net_sink comp="422" pin=0"/></net>

<net id="426"><net_src comp="422" pin="1"/><net_sink comp="124" pin=10"/></net>

<net id="430"><net_src comp="323" pin="1"/><net_sink comp="427" pin=0"/></net>

<net id="431"><net_src comp="427" pin="1"/><net_sink comp="124" pin=11"/></net>

<net id="435"><net_src comp="328" pin="1"/><net_sink comp="432" pin=0"/></net>

<net id="436"><net_src comp="432" pin="1"/><net_sink comp="124" pin=12"/></net>

<net id="440"><net_src comp="333" pin="1"/><net_sink comp="437" pin=0"/></net>

<net id="441"><net_src comp="437" pin="1"/><net_sink comp="124" pin=13"/></net>

<net id="445"><net_src comp="338" pin="1"/><net_sink comp="442" pin=0"/></net>

<net id="446"><net_src comp="442" pin="1"/><net_sink comp="124" pin=14"/></net>

<net id="450"><net_src comp="351" pin="3"/><net_sink comp="447" pin=0"/></net>

<net id="451"><net_src comp="447" pin="1"/><net_sink comp="124" pin=8"/></net>

</net_list>

</model> 
---------------- Datapath Model END ------------------

* FSMD analyzer results:
  - Output states:
	Port: m_axis_video_V_data_V | {5 }
	Port: m_axis_video_V_keep_V | {5 }
	Port: m_axis_video_V_strb_V | {5 }
	Port: m_axis_video_V_user_V | {5 }
	Port: m_axis_video_V_last_V | {5 }
	Port: m_axis_video_V_id_V | {5 }
	Port: m_axis_video_V_dest_V | {5 }
 - Input state : 
	Port: incust_bar : s_axis_video_V_data_V | {4 }
	Port: incust_bar : s_axis_video_V_keep_V | {4 }
	Port: incust_bar : s_axis_video_V_strb_V | {4 }
	Port: incust_bar : s_axis_video_V_user_V | {4 }
	Port: incust_bar : s_axis_video_V_last_V | {4 }
	Port: incust_bar : s_axis_video_V_id_V | {4 }
	Port: incust_bar : s_axis_video_V_dest_V | {4 }
	Port: incust_bar : start_x | {1 }
	Port: incust_bar : start_y | {1 }
	Port: incust_bar : im_incrust_V | {3 4 }
  - Chain level:
	State 1
		store_ln19 : 1
	State 2
		zext_ln19 : 1
		icmp_ln19 : 1
		i : 1
		br_ln19 : 2
		icmp_ln24 : 2
		xor_ln24 : 3
		icmp_ln24_1 : 2
		and_ln24_1 : 3
	State 3
		zext_ln21 : 1
		icmp_ln21 : 1
		j : 1
		br_ln21 : 2
		icmp_ln24_2 : 2
		xor_ln24_1 : 3
		icmp_ln24_3 : 2
		and_ln24 : 3
		and_ln24_2 : 3
		sext_ln25 : 1
		im_incrust_V_addr : 2
		video_data_V_1 : 3
		pixel : 1
		pixel_2 : 3
		store_ln21 : 4
	State 4
		select_ln321 : 1
		video_data_V : 2
		write_ln28 : 3
	State 5


============================================================
+ Verbose Summary: Datapath Resource usage 
============================================================

* Functional unit list:
|----------|--------------------------|---------|---------|
| Operation|      Functional Unit     |    FF   |   LUT   |
|----------|--------------------------|---------|---------|
|          |      add_ln24_fu_184     |    0    |    39   |
|          |     add_ln24_1_fu_190    |    0    |    39   |
|    add   |         i_fu_211         |    0    |    15   |
|          |         j_fu_249         |    0    |    14   |
|          |       pixel_fu_290       |    0    |    39   |
|----------|--------------------------|---------|---------|
|          |     icmp_ln19_fu_205     |    0    |    13   |
|          |     icmp_ln24_fu_217     |    0    |    18   |
|   icmp   |    icmp_ln24_1_fu_228    |    0    |    18   |
|          |     icmp_ln21_fu_243     |    0    |    13   |
|          |    icmp_ln24_2_fu_258    |    0    |    18   |
|          |    icmp_ln24_3_fu_269    |    0    |    18   |
|----------|--------------------------|---------|---------|
|          |      pixel_2_fu_296      |    0    |    32   |
|  select  |    select_ln321_fu_343   |    0    |    2    |
|          |    video_data_V_fu_351   |    0    |    8    |
|----------|--------------------------|---------|---------|
|          |     and_ln24_1_fu_233    |    0    |    2    |
|    and   |      and_ln24_fu_274     |    0    |    2    |
|          |     and_ln24_2_fu_280    |    0    |    2    |
|----------|--------------------------|---------|---------|
|    xor   |      xor_ln24_fu_222     |    0    |    2    |
|          |     xor_ln24_1_fu_263    |    0    |    2    |
|----------|--------------------------|---------|---------|
|          |  start_y_read_read_fu_94 |    0    |    0    |
|   read   | start_x_read_read_fu_100 |    0    |    0    |
|          |    empty_4_read_fu_106   |    0    |    0    |
|----------|--------------------------|---------|---------|
|   write  |     grp_write_fu_124     |    0    |    0    |
|----------|--------------------------|---------|---------|
|   zext   |     zext_ln19_fu_201     |    0    |    0    |
|          |     zext_ln21_fu_239     |    0    |    0    |
|----------|--------------------------|---------|---------|
|   sext   |     sext_ln25_fu_285     |    0    |    0    |
|----------|--------------------------|---------|---------|
|          |    tmp_data_V_1_fu_309   |    0    |    0    |
|          |     tmp_keep_V_fu_313    |    0    |    0    |
|          |     tmp_strb_V_fu_318    |    0    |    0    |
|extractvalue|     tmp_user_V_fu_323    |    0    |    0    |
|          |     tmp_last_V_fu_328    |    0    |    0    |
|          |      tmp_id_V_fu_333     |    0    |    0    |
|          |     tmp_dest_V_fu_338    |    0    |    0    |
|----------|--------------------------|---------|---------|
|   Total  |                          |    0    |   296   |
|----------|--------------------------|---------|---------|

Memories:
+------------+--------+--------+--------+
|            |  BRAM  |   FF   |   LUT  |
+------------+--------+--------+--------+
|im_incrust_V|    1   |    0   |    0   |
+------------+--------+--------+--------+
|    Total   |    1   |    0   |    0   |
+------------+--------+--------+--------+

* Register list:
+-------------------------+--------+
|                         |   FF   |
+-------------------------+--------+
|    add_ln24_1_reg_381   |   32   |
|     add_ln24_reg_376    |   32   |
|    and_ln24_1_reg_394   |    1   |
|    and_ln24_2_reg_407   |    1   |
|       i_0_reg_162       |    9   |
|        i_reg_389        |    9   |
|im_incrust_V_addr_reg_412|   11   |
|       j_0_reg_173       |   10   |
|        j_reg_402        |   10   |
|     pixel_1_reg_359     |   32   |
|   start_x_read_reg_371  |   32   |
|   start_y_read_reg_366  |   32   |
|    tmp_dest_V_reg_442   |    1   |
|     tmp_id_V_reg_437    |    1   |
|    tmp_keep_V_reg_417   |    1   |
|    tmp_last_V_reg_432   |    1   |
|    tmp_strb_V_reg_422   |    1   |
|    tmp_user_V_reg_427   |    1   |
|   video_data_V_reg_447  |    8   |
+-------------------------+--------+
|          Total          |   225  |
+-------------------------+--------+

* Multiplexer (MUX) list: 
|-------------------|------|------|------|--------||---------||---------|
|        Comp       |  Pin | Size |  BW  | S x BW ||  Delay  ||   LUT   |
|-------------------|------|------|------|--------||---------||---------|
|  grp_write_fu_124 |  p8  |   2  |   8  |   16   ||    9    |
|  grp_write_fu_124 |  p9  |   2  |   1  |    2   ||    9    |
|  grp_write_fu_124 |  p10 |   2  |   1  |    2   ||    9    |
|  grp_write_fu_124 |  p11 |   2  |   1  |    2   ||    9    |
|  grp_write_fu_124 |  p12 |   2  |   1  |    2   ||    9    |
|  grp_write_fu_124 |  p13 |   2  |   1  |    2   ||    9    |
|  grp_write_fu_124 |  p14 |   2  |   1  |    2   ||    9    |
| grp_access_fu_156 |  p0  |   2  |  11  |   22   ||    9    |
|-------------------|------|------|------|--------||---------||---------|
|       Total       |      |      |      |   50   ||  14.152 ||    72   |
|-------------------|------|------|------|--------||---------||---------|



* Summary:
+-----------+--------+--------+--------+--------+
|           |  BRAM  |  Delay |   FF   |   LUT  |
+-----------+--------+--------+--------+--------+
|  Function |    -   |    -   |    0   |   296  |
|   Memory  |    1   |    -   |    0   |    0   |
|Multiplexer|    -   |   14   |    -   |   72   |
|  Register |    -   |    -   |   225  |    -   |
+-----------+--------+--------+--------+--------+
|   Total   |    1   |   14   |   225  |   368  |
+-----------+--------+--------+--------+--------+
