Copyright 1986-2019 Xilinx, Inc. All Rights Reserved.
-----------------------------------------------------------------------------------------------------------------------------------------------------------------------------------------------------------
| Tool Version : Vivado v.2019.2 (win64) Build 2708876 Wed Nov  6 21:40:23 MST 2019
| Date         : Wed Oct  4 15:12:50 2023
| Host         : gs21-10 running 64-bit major release  (build 9200)
| Command      : report_timing_summary -max_paths 10 -file bd_0_wrapper_timing_summary_routed.rpt -pb bd_0_wrapper_timing_summary_routed.pb -rpx bd_0_wrapper_timing_summary_routed.rpx -warn_on_violation
| Design       : bd_0_wrapper
| Device       : 7z020-clg484
| Speed File   : -1  PRODUCTION 1.11 2014-09-11
-----------------------------------------------------------------------------------------------------------------------------------------------------------------------------------------------------------

Timing Summary Report

------------------------------------------------------------------------------------------------
| Timer Settings
| --------------
------------------------------------------------------------------------------------------------

  Enable Multi Corner Analysis               :  Yes
  Enable Pessimism Removal                   :  Yes
  Pessimism Removal Resolution               :  Nearest Common Node
  Enable Input Delay Default Clock           :  No
  Enable Preset / Clear Arcs                 :  No
  Disable Flight Delays                      :  No
  Ignore I/O Paths                           :  No
  Timing Early Launch at Borrowing Latches   :  No
  Borrow Time for Max Delay Exceptions       :  Yes
  Merge Timing Exceptions                    :  Yes

  Corner  Analyze    Analyze    
  Name    Max Paths  Min Paths  
  ------  ---------  ---------  
  Slow    Yes        Yes        
  Fast    Yes        Yes        



check_timing report

Table of Contents
-----------------
1. checking no_clock
2. checking constant_clock
3. checking pulse_width_clock
4. checking unconstrained_internal_endpoints
5. checking no_input_delay
6. checking no_output_delay
7. checking multiple_clock
8. checking generated_clocks
9. checking loops
10. checking partial_input_delay
11. checking partial_output_delay
12. checking latch_loops

1. checking no_clock
--------------------
 There are 0 register/latch pins with no clock.


2. checking constant_clock
--------------------------
 There are 0 register/latch pins with constant_clock.


3. checking pulse_width_clock
-----------------------------
 There are 0 register/latch pins which need pulse_width check


4. checking unconstrained_internal_endpoints
--------------------------------------------
 There are 0 pins that are not constrained for maximum delay.

 There are 0 pins that are not constrained for maximum delay due to constant clock.


5. checking no_input_delay
--------------------------
 There are 13 input ports with no input delay specified. (HIGH)

 There are 0 input ports with no input delay but user has a false path constraint.


6. checking no_output_delay
---------------------------
 There are 34 ports with no output delay specified. (HIGH)

 There are 0 ports with no output delay but user has a false path constraint

 There are 0 ports with no output delay but with a timing clock defined on it or propagating through it


7. checking multiple_clock
--------------------------
 There are 0 register/latch pins with multiple clocks.


8. checking generated_clocks
----------------------------
 There are 0 generated clocks that are not connected to a clock source.


9. checking loops
-----------------
 There are 0 combinational loops in the design.


10. checking partial_input_delay
--------------------------------
 There are 0 input ports with partial input delay specified.


11. checking partial_output_delay
---------------------------------
 There are 0 ports with partial output delay specified.


12. checking latch_loops
------------------------
 There are 0 combinational latch loops in the design through latch input



------------------------------------------------------------------------------------------------
| Design Timing Summary
| ---------------------
------------------------------------------------------------------------------------------------

    WNS(ns)      TNS(ns)  TNS Failing Endpoints  TNS Total Endpoints      WHS(ns)      THS(ns)  THS Failing Endpoints  THS Total Endpoints     WPWS(ns)     TPWS(ns)  TPWS Failing Endpoints  TPWS Total Endpoints  
    -------      -------  ---------------------  -------------------      -------      -------  ---------------------  -------------------     --------     --------  ----------------------  --------------------  
      4.199        0.000                      0                  246        0.131        0.000                      0                  246        4.500        0.000                       0                   123  


All user specified timing constraints are met.


------------------------------------------------------------------------------------------------
| Clock Summary
| -------------
------------------------------------------------------------------------------------------------

Clock   Waveform(ns)       Period(ns)      Frequency(MHz)
-----   ------------       ----------      --------------
ap_clk  {0.000 5.000}      10.000          100.000         


------------------------------------------------------------------------------------------------
| Intra Clock Table
| -----------------
------------------------------------------------------------------------------------------------

Clock             WNS(ns)      TNS(ns)  TNS Failing Endpoints  TNS Total Endpoints      WHS(ns)      THS(ns)  THS Failing Endpoints  THS Total Endpoints     WPWS(ns)     TPWS(ns)  TPWS Failing Endpoints  TPWS Total Endpoints  
-----             -------      -------  ---------------------  -------------------      -------      -------  ---------------------  -------------------     --------     --------  ----------------------  --------------------  
ap_clk              4.199        0.000                      0                  246        0.131        0.000                      0                  246        4.500        0.000                       0                   123  


------------------------------------------------------------------------------------------------
| Inter Clock Table
| -----------------
------------------------------------------------------------------------------------------------

From Clock    To Clock          WNS(ns)      TNS(ns)  TNS Failing Endpoints  TNS Total Endpoints      WHS(ns)      THS(ns)  THS Failing Endpoints  THS Total Endpoints  
----------    --------          -------      -------  ---------------------  -------------------      -------      -------  ---------------------  -------------------  


------------------------------------------------------------------------------------------------
| Other Path Groups Table
| -----------------------
------------------------------------------------------------------------------------------------

Path Group    From Clock    To Clock          WNS(ns)      TNS(ns)  TNS Failing Endpoints  TNS Total Endpoints      WHS(ns)      THS(ns)  THS Failing Endpoints  THS Total Endpoints  
----------    ----------    --------          -------      -------  ---------------------  -------------------      -------      -------  ---------------------  -------------------  


------------------------------------------------------------------------------------------------
| Timing Details
| --------------
------------------------------------------------------------------------------------------------


---------------------------------------------------------------------------------------------------
From Clock:  ap_clk
  To Clock:  ap_clk

Setup :            0  Failing Endpoints,  Worst Slack        4.199ns,  Total Violation        0.000ns
Hold  :            0  Failing Endpoints,  Worst Slack        0.131ns,  Total Violation        0.000ns
PW    :            0  Failing Endpoints,  Worst Slack        4.500ns,  Total Violation        0.000ns
---------------------------------------------------------------------------------------------------


Max Delay Paths
--------------------------------------------------------------------------------------
Slack (MET) :             4.199ns  (required time - arrival time)
  Source:                 bd_0_i/hls_inst/U0/i_0_reg_135_reg[1]/C
                            (rising edge-triggered cell FDRE clocked by ap_clk  {rise@0.000ns fall@5.000ns period=10.000ns})
  Destination:            bd_0_i/hls_inst/U0/add_ln40_reg_440_reg[18]/D
                            (rising edge-triggered cell FDRE clocked by ap_clk  {rise@0.000ns fall@5.000ns period=10.000ns})
  Path Group:             ap_clk
  Path Type:              Setup (Max at Slow Process Corner)
  Requirement:            10.000ns  (ap_clk rise@10.000ns - ap_clk rise@0.000ns)
  Data Path Delay:        5.779ns  (logic 2.879ns (49.817%)  route 2.900ns (50.183%))
  Logic Levels:           7  (CARRY4=4 LUT3=1 LUT5=1 LUT6=1)
  Clock Path Skew:        -0.049ns (DCD - SCD + CPR)
    Destination Clock Delay (DCD):    0.924ns = ( 10.924 - 10.000 ) 
    Source Clock Delay      (SCD):    0.973ns
    Clock Pessimism Removal (CPR):    0.000ns
  Clock Uncertainty:      0.035ns  ((TSJ^2 + TIJ^2)^1/2 + DJ) / 2 + PE
    Total System Jitter     (TSJ):    0.071ns
    Total Input Jitter      (TIJ):    0.000ns
    Discrete Jitter          (DJ):    0.000ns
    Phase Error              (PE):    0.000ns

    Location             Delay type                Incr(ns)  Path(ns)    Netlist Resource(s)
  -------------------------------------------------------------------    -------------------
                         (clock ap_clk rise edge)     0.000     0.000 r  
                                                      0.000     0.000 r  ap_clk (IN)
                         net (fo=122, unset)          0.973     0.973    bd_0_i/hls_inst/U0/ap_clk
    SLICE_X28Y56         FDRE                                         r  bd_0_i/hls_inst/U0/i_0_reg_135_reg[1]/C
  -------------------------------------------------------------------    -------------------
    SLICE_X28Y56         FDRE (Prop_fdre_C_Q)         0.456     1.429 r  bd_0_i/hls_inst/U0/i_0_reg_135_reg[1]/Q
                         net (fo=18, routed)          1.146     2.575    bd_0_i/hls_inst/U0/shl_ln31_1_fu_236_p3[8]
    SLICE_X26Y58         LUT5 (Prop_lut5_I1_O)        0.146     2.721 r  bd_0_i/hls_inst/U0/ap_ready_INST_0_i_2/O
                         net (fo=10, routed)          0.519     3.239    bd_0_i/hls_inst/U0/ap_ready_INST_0_i_2_n_1
    SLICE_X28Y60         LUT3 (Prop_lut3_I0_O)        0.328     3.567 r  bd_0_i/hls_inst/U0/add_ln34_1_reg_430[15]_i_4/O
                         net (fo=2, routed)           0.632     4.199    bd_0_i/hls_inst/U0/sub_ln34_fu_254_p2[6]
    SLICE_X29Y60         LUT6 (Prop_lut6_I0_O)        0.124     4.323 r  bd_0_i/hls_inst/U0/add_ln34_1_reg_430[15]_i_8/O
                         net (fo=1, routed)           0.000     4.323    bd_0_i/hls_inst/U0/add_ln34_1_reg_430[15]_i_8_n_1
    SLICE_X29Y60         CARRY4 (Prop_carry4_S[1]_CO[3])
                                                      0.550     4.873 r  bd_0_i/hls_inst/U0/add_ln34_1_reg_430_reg[15]_i_1/CO[3]
                         net (fo=1, routed)           0.000     4.873    bd_0_i/hls_inst/U0/add_ln34_1_reg_430_reg[15]_i_1_n_1
    SLICE_X29Y61         CARRY4 (Prop_carry4_CI_O[1])
                                                      0.348     5.221 r  bd_0_i/hls_inst/U0/add_ln34_1_reg_430_reg[18]_i_1/O[1]
                         net (fo=2, routed)           0.604     5.825    bd_0_i/hls_inst/U0/add_ln34_1_fu_284_p2[17]
    SLICE_X27Y58         CARRY4 (Prop_carry4_S[3]_CO[3])
                                                      0.704     6.529 r  bd_0_i/hls_inst/U0/add_ln40_reg_440_reg[17]_i_1/CO[3]
                         net (fo=1, routed)           0.000     6.529    bd_0_i/hls_inst/U0/add_ln40_reg_440_reg[17]_i_1_n_1
    SLICE_X27Y59         CARRY4 (Prop_carry4_CI_O[0])
                                                      0.223     6.752 r  bd_0_i/hls_inst/U0/add_ln40_reg_440_reg[18]_i_2/O[0]
                         net (fo=1, routed)           0.000     6.752    bd_0_i/hls_inst/U0/add_ln40_fu_296_p2[18]
    SLICE_X27Y59         FDRE                                         r  bd_0_i/hls_inst/U0/add_ln40_reg_440_reg[18]/D
  -------------------------------------------------------------------    -------------------

                         (clock ap_clk rise edge)    10.000    10.000 r  
                                                      0.000    10.000 r  ap_clk (IN)
                         net (fo=122, unset)          0.924    10.924    bd_0_i/hls_inst/U0/ap_clk
    SLICE_X27Y59         FDRE                                         r  bd_0_i/hls_inst/U0/add_ln40_reg_440_reg[18]/C
                         clock pessimism              0.000    10.924    
                         clock uncertainty           -0.035    10.889    
    SLICE_X27Y59         FDRE (Setup_fdre_C_D)        0.062    10.951    bd_0_i/hls_inst/U0/add_ln40_reg_440_reg[18]
  -------------------------------------------------------------------
                         required time                         10.951    
                         arrival time                          -6.752    
  -------------------------------------------------------------------
                         slack                                  4.199    

Slack (MET) :             4.548ns  (required time - arrival time)
  Source:                 bd_0_i/hls_inst/U0/i_0_reg_135_reg[1]/C
                            (rising edge-triggered cell FDRE clocked by ap_clk  {rise@0.000ns fall@5.000ns period=10.000ns})
  Destination:            bd_0_i/hls_inst/U0/add_ln40_reg_440_reg[17]/D
                            (rising edge-triggered cell FDRE clocked by ap_clk  {rise@0.000ns fall@5.000ns period=10.000ns})
  Path Group:             ap_clk
  Path Type:              Setup (Max at Slow Process Corner)
  Requirement:            10.000ns  (ap_clk rise@10.000ns - ap_clk rise@0.000ns)
  Data Path Delay:        5.430ns  (logic 2.542ns (46.813%)  route 2.888ns (53.187%))
  Logic Levels:           5  (CARRY4=2 LUT3=1 LUT5=1 LUT6=1)
  Clock Path Skew:        -0.049ns (DCD - SCD + CPR)
    Destination Clock Delay (DCD):    0.924ns = ( 10.924 - 10.000 ) 
    Source Clock Delay      (SCD):    0.973ns
    Clock Pessimism Removal (CPR):    0.000ns
  Clock Uncertainty:      0.035ns  ((TSJ^2 + TIJ^2)^1/2 + DJ) / 2 + PE
    Total System Jitter     (TSJ):    0.071ns
    Total Input Jitter      (TIJ):    0.000ns
    Discrete Jitter          (DJ):    0.000ns
    Phase Error              (PE):    0.000ns

    Location             Delay type                Incr(ns)  Path(ns)    Netlist Resource(s)
  -------------------------------------------------------------------    -------------------
                         (clock ap_clk rise edge)     0.000     0.000 r  
                                                      0.000     0.000 r  ap_clk (IN)
                         net (fo=122, unset)          0.973     0.973    bd_0_i/hls_inst/U0/ap_clk
    SLICE_X28Y56         FDRE                                         r  bd_0_i/hls_inst/U0/i_0_reg_135_reg[1]/C
  -------------------------------------------------------------------    -------------------
    SLICE_X28Y56         FDRE (Prop_fdre_C_Q)         0.456     1.429 r  bd_0_i/hls_inst/U0/i_0_reg_135_reg[1]/Q
                         net (fo=18, routed)          1.146     2.575    bd_0_i/hls_inst/U0/shl_ln31_1_fu_236_p3[8]
    SLICE_X26Y58         LUT5 (Prop_lut5_I1_O)        0.146     2.721 r  bd_0_i/hls_inst/U0/ap_ready_INST_0_i_2/O
                         net (fo=10, routed)          0.519     3.239    bd_0_i/hls_inst/U0/ap_ready_INST_0_i_2_n_1
    SLICE_X28Y60         LUT3 (Prop_lut3_I0_O)        0.328     3.567 r  bd_0_i/hls_inst/U0/add_ln34_1_reg_430[15]_i_4/O
                         net (fo=2, routed)           0.632     4.199    bd_0_i/hls_inst/U0/sub_ln34_fu_254_p2[6]
    SLICE_X29Y60         LUT6 (Prop_lut6_I0_O)        0.124     4.323 r  bd_0_i/hls_inst/U0/add_ln34_1_reg_430[15]_i_8/O
                         net (fo=1, routed)           0.000     4.323    bd_0_i/hls_inst/U0/add_ln34_1_reg_430[15]_i_8_n_1
    SLICE_X29Y60         CARRY4 (Prop_carry4_S[1]_O[2])
                                                      0.580     4.903 r  bd_0_i/hls_inst/U0/add_ln34_1_reg_430_reg[15]_i_1/O[2]
                         net (fo=2, routed)           0.592     5.495    bd_0_i/hls_inst/U0/add_ln34_1_fu_284_p2[14]
    SLICE_X27Y58         CARRY4 (Prop_carry4_S[0]_O[3])
                                                      0.908     6.403 r  bd_0_i/hls_inst/U0/add_ln40_reg_440_reg[17]_i_1/O[3]
                         net (fo=1, routed)           0.000     6.403    bd_0_i/hls_inst/U0/add_ln40_fu_296_p2[17]
    SLICE_X27Y58         FDRE                                         r  bd_0_i/hls_inst/U0/add_ln40_reg_440_reg[17]/D
  -------------------------------------------------------------------    -------------------

                         (clock ap_clk rise edge)    10.000    10.000 r  
                                                      0.000    10.000 r  ap_clk (IN)
                         net (fo=122, unset)          0.924    10.924    bd_0_i/hls_inst/U0/ap_clk
    SLICE_X27Y58         FDRE                                         r  bd_0_i/hls_inst/U0/add_ln40_reg_440_reg[17]/C
                         clock pessimism              0.000    10.924    
                         clock uncertainty           -0.035    10.889    
    SLICE_X27Y58         FDRE (Setup_fdre_C_D)        0.062    10.951    bd_0_i/hls_inst/U0/add_ln40_reg_440_reg[17]
  -------------------------------------------------------------------
                         required time                         10.951    
                         arrival time                          -6.403    
  -------------------------------------------------------------------
                         slack                                  4.548    

Slack (MET) :             4.607ns  (required time - arrival time)
  Source:                 bd_0_i/hls_inst/U0/i_0_reg_135_reg[1]/C
                            (rising edge-triggered cell FDRE clocked by ap_clk  {rise@0.000ns fall@5.000ns period=10.000ns})
  Destination:            bd_0_i/hls_inst/U0/add_ln40_reg_440_reg[16]/D
                            (rising edge-triggered cell FDRE clocked by ap_clk  {rise@0.000ns fall@5.000ns period=10.000ns})
  Path Group:             ap_clk
  Path Type:              Setup (Max at Slow Process Corner)
  Requirement:            10.000ns  (ap_clk rise@10.000ns - ap_clk rise@0.000ns)
  Data Path Delay:        5.371ns  (logic 2.483ns (46.229%)  route 2.888ns (53.771%))
  Logic Levels:           5  (CARRY4=2 LUT3=1 LUT5=1 LUT6=1)
  Clock Path Skew:        -0.049ns (DCD - SCD + CPR)
    Destination Clock Delay (DCD):    0.924ns = ( 10.924 - 10.000 ) 
    Source Clock Delay      (SCD):    0.973ns
    Clock Pessimism Removal (CPR):    0.000ns
  Clock Uncertainty:      0.035ns  ((TSJ^2 + TIJ^2)^1/2 + DJ) / 2 + PE
    Total System Jitter     (TSJ):    0.071ns
    Total Input Jitter      (TIJ):    0.000ns
    Discrete Jitter          (DJ):    0.000ns
    Phase Error              (PE):    0.000ns

    Location             Delay type                Incr(ns)  Path(ns)    Netlist Resource(s)
  -------------------------------------------------------------------    -------------------
                         (clock ap_clk rise edge)     0.000     0.000 r  
                                                      0.000     0.000 r  ap_clk (IN)
                         net (fo=122, unset)          0.973     0.973    bd_0_i/hls_inst/U0/ap_clk
    SLICE_X28Y56         FDRE                                         r  bd_0_i/hls_inst/U0/i_0_reg_135_reg[1]/C
  -------------------------------------------------------------------    -------------------
    SLICE_X28Y56         FDRE (Prop_fdre_C_Q)         0.456     1.429 r  bd_0_i/hls_inst/U0/i_0_reg_135_reg[1]/Q
                         net (fo=18, routed)          1.146     2.575    bd_0_i/hls_inst/U0/shl_ln31_1_fu_236_p3[8]
    SLICE_X26Y58         LUT5 (Prop_lut5_I1_O)        0.146     2.721 r  bd_0_i/hls_inst/U0/ap_ready_INST_0_i_2/O
                         net (fo=10, routed)          0.519     3.239    bd_0_i/hls_inst/U0/ap_ready_INST_0_i_2_n_1
    SLICE_X28Y60         LUT3 (Prop_lut3_I0_O)        0.328     3.567 r  bd_0_i/hls_inst/U0/add_ln34_1_reg_430[15]_i_4/O
                         net (fo=2, routed)           0.632     4.199    bd_0_i/hls_inst/U0/sub_ln34_fu_254_p2[6]
    SLICE_X29Y60         LUT6 (Prop_lut6_I0_O)        0.124     4.323 r  bd_0_i/hls_inst/U0/add_ln34_1_reg_430[15]_i_8/O
                         net (fo=1, routed)           0.000     4.323    bd_0_i/hls_inst/U0/add_ln34_1_reg_430[15]_i_8_n_1
    SLICE_X29Y60         CARRY4 (Prop_carry4_S[1]_O[2])
                                                      0.580     4.903 r  bd_0_i/hls_inst/U0/add_ln34_1_reg_430_reg[15]_i_1/O[2]
                         net (fo=2, routed)           0.592     5.495    bd_0_i/hls_inst/U0/add_ln34_1_fu_284_p2[14]
    SLICE_X27Y58         CARRY4 (Prop_carry4_S[0]_O[2])
                                                      0.849     6.344 r  bd_0_i/hls_inst/U0/add_ln40_reg_440_reg[17]_i_1/O[2]
                         net (fo=1, routed)           0.000     6.344    bd_0_i/hls_inst/U0/add_ln40_fu_296_p2[16]
    SLICE_X27Y58         FDRE                                         r  bd_0_i/hls_inst/U0/add_ln40_reg_440_reg[16]/D
  -------------------------------------------------------------------    -------------------

                         (clock ap_clk rise edge)    10.000    10.000 r  
                                                      0.000    10.000 r  ap_clk (IN)
                         net (fo=122, unset)          0.924    10.924    bd_0_i/hls_inst/U0/ap_clk
    SLICE_X27Y58         FDRE                                         r  bd_0_i/hls_inst/U0/add_ln40_reg_440_reg[16]/C
                         clock pessimism              0.000    10.924    
                         clock uncertainty           -0.035    10.889    
    SLICE_X27Y58         FDRE (Setup_fdre_C_D)        0.062    10.951    bd_0_i/hls_inst/U0/add_ln40_reg_440_reg[16]
  -------------------------------------------------------------------
                         required time                         10.951    
                         arrival time                          -6.344    
  -------------------------------------------------------------------
                         slack                                  4.607    

Slack (MET) :             4.710ns  (required time - arrival time)
  Source:                 bd_0_i/hls_inst/U0/j_0_reg_147_reg[3]/C
                            (rising edge-triggered cell FDRE clocked by ap_clk  {rise@0.000ns fall@5.000ns period=10.000ns})
  Destination:            bd_0_i/hls_inst/U0/i_0_reg_135_reg[4]/R
                            (rising edge-triggered cell FDRE clocked by ap_clk  {rise@0.000ns fall@5.000ns period=10.000ns})
  Path Group:             ap_clk
  Path Type:              Setup (Max at Slow Process Corner)
  Requirement:            10.000ns  (ap_clk rise@10.000ns - ap_clk rise@0.000ns)
  Data Path Delay:        4.777ns  (logic 1.058ns (22.149%)  route 3.719ns (77.851%))
  Logic Levels:           3  (LUT4=2 LUT6=1)
  Clock Path Skew:        -0.049ns (DCD - SCD + CPR)
    Destination Clock Delay (DCD):    0.924ns = ( 10.924 - 10.000 ) 
    Source Clock Delay      (SCD):    0.973ns
    Clock Pessimism Removal (CPR):    0.000ns
  Clock Uncertainty:      0.035ns  ((TSJ^2 + TIJ^2)^1/2 + DJ) / 2 + PE
    Total System Jitter     (TSJ):    0.071ns
    Total Input Jitter      (TIJ):    0.000ns
    Discrete Jitter          (DJ):    0.000ns
    Phase Error              (PE):    0.000ns

    Location             Delay type                Incr(ns)  Path(ns)    Netlist Resource(s)
  -------------------------------------------------------------------    -------------------
                         (clock ap_clk rise edge)     0.000     0.000 r  
                                                      0.000     0.000 r  ap_clk (IN)
                         net (fo=122, unset)          0.973     0.973    bd_0_i/hls_inst/U0/ap_clk
    SLICE_X31Y54         FDRE                                         r  bd_0_i/hls_inst/U0/j_0_reg_147_reg[3]/C
  -------------------------------------------------------------------    -------------------
    SLICE_X31Y54         FDRE (Prop_fdre_C_Q)         0.456     1.429 r  bd_0_i/hls_inst/U0/j_0_reg_147_reg[3]/Q
                         net (fo=7, routed)           1.288     2.717    bd_0_i/hls_inst/U0/j_0_reg_147_reg_n_1_[3]
    SLICE_X29Y55         LUT4 (Prop_lut4_I3_O)        0.152     2.869 r  bd_0_i/hls_inst/U0/ap_CS_fsm[3]_i_3/O
                         net (fo=4, routed)           0.582     3.451    bd_0_i/hls_inst/U0/ap_CS_fsm[3]_i_3_n_1
    SLICE_X32Y56         LUT6 (Prop_lut6_I5_O)        0.326     3.777 r  bd_0_i/hls_inst/U0/ap_CS_fsm[1]_i_2/O
                         net (fo=2, routed)           1.186     4.964    bd_0_i/hls_inst/U0/ap_CS_fsm[1]_i_2_n_1
    SLICE_X31Y60         LUT4 (Prop_lut4_I1_O)        0.124     5.088 r  bd_0_i/hls_inst/U0/i_0_reg_135[8]_i_1/O
                         net (fo=9, routed)           0.662     5.750    bd_0_i/hls_inst/U0/i_0_reg_135
    SLICE_X28Y57         FDRE                                         r  bd_0_i/hls_inst/U0/i_0_reg_135_reg[4]/R
  -------------------------------------------------------------------    -------------------

                         (clock ap_clk rise edge)    10.000    10.000 r  
                                                      0.000    10.000 r  ap_clk (IN)
                         net (fo=122, unset)          0.924    10.924    bd_0_i/hls_inst/U0/ap_clk
    SLICE_X28Y57         FDRE                                         r  bd_0_i/hls_inst/U0/i_0_reg_135_reg[4]/C
                         clock pessimism              0.000    10.924    
                         clock uncertainty           -0.035    10.889    
    SLICE_X28Y57         FDRE (Setup_fdre_C_R)       -0.429    10.460    bd_0_i/hls_inst/U0/i_0_reg_135_reg[4]
  -------------------------------------------------------------------
                         required time                         10.460    
                         arrival time                          -5.750    
  -------------------------------------------------------------------
                         slack                                  4.710    

Slack (MET) :             4.710ns  (required time - arrival time)
  Source:                 bd_0_i/hls_inst/U0/j_0_reg_147_reg[3]/C
                            (rising edge-triggered cell FDRE clocked by ap_clk  {rise@0.000ns fall@5.000ns period=10.000ns})
  Destination:            bd_0_i/hls_inst/U0/i_0_reg_135_reg[5]/R
                            (rising edge-triggered cell FDRE clocked by ap_clk  {rise@0.000ns fall@5.000ns period=10.000ns})
  Path Group:             ap_clk
  Path Type:              Setup (Max at Slow Process Corner)
  Requirement:            10.000ns  (ap_clk rise@10.000ns - ap_clk rise@0.000ns)
  Data Path Delay:        4.777ns  (logic 1.058ns (22.149%)  route 3.719ns (77.851%))
  Logic Levels:           3  (LUT4=2 LUT6=1)
  Clock Path Skew:        -0.049ns (DCD - SCD + CPR)
    Destination Clock Delay (DCD):    0.924ns = ( 10.924 - 10.000 ) 
    Source Clock Delay      (SCD):    0.973ns
    Clock Pessimism Removal (CPR):    0.000ns
  Clock Uncertainty:      0.035ns  ((TSJ^2 + TIJ^2)^1/2 + DJ) / 2 + PE
    Total System Jitter     (TSJ):    0.071ns
    Total Input Jitter      (TIJ):    0.000ns
    Discrete Jitter          (DJ):    0.000ns
    Phase Error              (PE):    0.000ns

    Location             Delay type                Incr(ns)  Path(ns)    Netlist Resource(s)
  -------------------------------------------------------------------    -------------------
                         (clock ap_clk rise edge)     0.000     0.000 r  
                                                      0.000     0.000 r  ap_clk (IN)
                         net (fo=122, unset)          0.973     0.973    bd_0_i/hls_inst/U0/ap_clk
    SLICE_X31Y54         FDRE                                         r  bd_0_i/hls_inst/U0/j_0_reg_147_reg[3]/C
  -------------------------------------------------------------------    -------------------
    SLICE_X31Y54         FDRE (Prop_fdre_C_Q)         0.456     1.429 r  bd_0_i/hls_inst/U0/j_0_reg_147_reg[3]/Q
                         net (fo=7, routed)           1.288     2.717    bd_0_i/hls_inst/U0/j_0_reg_147_reg_n_1_[3]
    SLICE_X29Y55         LUT4 (Prop_lut4_I3_O)        0.152     2.869 r  bd_0_i/hls_inst/U0/ap_CS_fsm[3]_i_3/O
                         net (fo=4, routed)           0.582     3.451    bd_0_i/hls_inst/U0/ap_CS_fsm[3]_i_3_n_1
    SLICE_X32Y56         LUT6 (Prop_lut6_I5_O)        0.326     3.777 r  bd_0_i/hls_inst/U0/ap_CS_fsm[1]_i_2/O
                         net (fo=2, routed)           1.186     4.964    bd_0_i/hls_inst/U0/ap_CS_fsm[1]_i_2_n_1
    SLICE_X31Y60         LUT4 (Prop_lut4_I1_O)        0.124     5.088 r  bd_0_i/hls_inst/U0/i_0_reg_135[8]_i_1/O
                         net (fo=9, routed)           0.662     5.750    bd_0_i/hls_inst/U0/i_0_reg_135
    SLICE_X28Y57         FDRE                                         r  bd_0_i/hls_inst/U0/i_0_reg_135_reg[5]/R
  -------------------------------------------------------------------    -------------------

                         (clock ap_clk rise edge)    10.000    10.000 r  
                                                      0.000    10.000 r  ap_clk (IN)
                         net (fo=122, unset)          0.924    10.924    bd_0_i/hls_inst/U0/ap_clk
    SLICE_X28Y57         FDRE                                         r  bd_0_i/hls_inst/U0/i_0_reg_135_reg[5]/C
                         clock pessimism              0.000    10.924    
                         clock uncertainty           -0.035    10.889    
    SLICE_X28Y57         FDRE (Setup_fdre_C_R)       -0.429    10.460    bd_0_i/hls_inst/U0/i_0_reg_135_reg[5]
  -------------------------------------------------------------------
                         required time                         10.460    
                         arrival time                          -5.750    
  -------------------------------------------------------------------
                         slack                                  4.710    

Slack (MET) :             4.710ns  (required time - arrival time)
  Source:                 bd_0_i/hls_inst/U0/j_0_reg_147_reg[3]/C
                            (rising edge-triggered cell FDRE clocked by ap_clk  {rise@0.000ns fall@5.000ns period=10.000ns})
  Destination:            bd_0_i/hls_inst/U0/i_0_reg_135_reg[6]/R
                            (rising edge-triggered cell FDRE clocked by ap_clk  {rise@0.000ns fall@5.000ns period=10.000ns})
  Path Group:             ap_clk
  Path Type:              Setup (Max at Slow Process Corner)
  Requirement:            10.000ns  (ap_clk rise@10.000ns - ap_clk rise@0.000ns)
  Data Path Delay:        4.777ns  (logic 1.058ns (22.149%)  route 3.719ns (77.851%))
  Logic Levels:           3  (LUT4=2 LUT6=1)
  Clock Path Skew:        -0.049ns (DCD - SCD + CPR)
    Destination Clock Delay (DCD):    0.924ns = ( 10.924 - 10.000 ) 
    Source Clock Delay      (SCD):    0.973ns
    Clock Pessimism Removal (CPR):    0.000ns
  Clock Uncertainty:      0.035ns  ((TSJ^2 + TIJ^2)^1/2 + DJ) / 2 + PE
    Total System Jitter     (TSJ):    0.071ns
    Total Input Jitter      (TIJ):    0.000ns
    Discrete Jitter          (DJ):    0.000ns
    Phase Error              (PE):    0.000ns

    Location             Delay type                Incr(ns)  Path(ns)    Netlist Resource(s)
  -------------------------------------------------------------------    -------------------
                         (clock ap_clk rise edge)     0.000     0.000 r  
                                                      0.000     0.000 r  ap_clk (IN)
                         net (fo=122, unset)          0.973     0.973    bd_0_i/hls_inst/U0/ap_clk
    SLICE_X31Y54         FDRE                                         r  bd_0_i/hls_inst/U0/j_0_reg_147_reg[3]/C
  -------------------------------------------------------------------    -------------------
    SLICE_X31Y54         FDRE (Prop_fdre_C_Q)         0.456     1.429 r  bd_0_i/hls_inst/U0/j_0_reg_147_reg[3]/Q
                         net (fo=7, routed)           1.288     2.717    bd_0_i/hls_inst/U0/j_0_reg_147_reg_n_1_[3]
    SLICE_X29Y55         LUT4 (Prop_lut4_I3_O)        0.152     2.869 r  bd_0_i/hls_inst/U0/ap_CS_fsm[3]_i_3/O
                         net (fo=4, routed)           0.582     3.451    bd_0_i/hls_inst/U0/ap_CS_fsm[3]_i_3_n_1
    SLICE_X32Y56         LUT6 (Prop_lut6_I5_O)        0.326     3.777 r  bd_0_i/hls_inst/U0/ap_CS_fsm[1]_i_2/O
                         net (fo=2, routed)           1.186     4.964    bd_0_i/hls_inst/U0/ap_CS_fsm[1]_i_2_n_1
    SLICE_X31Y60         LUT4 (Prop_lut4_I1_O)        0.124     5.088 r  bd_0_i/hls_inst/U0/i_0_reg_135[8]_i_1/O
                         net (fo=9, routed)           0.662     5.750    bd_0_i/hls_inst/U0/i_0_reg_135
    SLICE_X28Y57         FDRE                                         r  bd_0_i/hls_inst/U0/i_0_reg_135_reg[6]/R
  -------------------------------------------------------------------    -------------------

                         (clock ap_clk rise edge)    10.000    10.000 r  
                                                      0.000    10.000 r  ap_clk (IN)
                         net (fo=122, unset)          0.924    10.924    bd_0_i/hls_inst/U0/ap_clk
    SLICE_X28Y57         FDRE                                         r  bd_0_i/hls_inst/U0/i_0_reg_135_reg[6]/C
                         clock pessimism              0.000    10.924    
                         clock uncertainty           -0.035    10.889    
    SLICE_X28Y57         FDRE (Setup_fdre_C_R)       -0.429    10.460    bd_0_i/hls_inst/U0/i_0_reg_135_reg[6]
  -------------------------------------------------------------------
                         required time                         10.460    
                         arrival time                          -5.750    
  -------------------------------------------------------------------
                         slack                                  4.710    

Slack (MET) :             4.710ns  (required time - arrival time)
  Source:                 bd_0_i/hls_inst/U0/j_0_reg_147_reg[3]/C
                            (rising edge-triggered cell FDRE clocked by ap_clk  {rise@0.000ns fall@5.000ns period=10.000ns})
  Destination:            bd_0_i/hls_inst/U0/i_0_reg_135_reg[7]/R
                            (rising edge-triggered cell FDRE clocked by ap_clk  {rise@0.000ns fall@5.000ns period=10.000ns})
  Path Group:             ap_clk
  Path Type:              Setup (Max at Slow Process Corner)
  Requirement:            10.000ns  (ap_clk rise@10.000ns - ap_clk rise@0.000ns)
  Data Path Delay:        4.777ns  (logic 1.058ns (22.149%)  route 3.719ns (77.851%))
  Logic Levels:           3  (LUT4=2 LUT6=1)
  Clock Path Skew:        -0.049ns (DCD - SCD + CPR)
    Destination Clock Delay (DCD):    0.924ns = ( 10.924 - 10.000 ) 
    Source Clock Delay      (SCD):    0.973ns
    Clock Pessimism Removal (CPR):    0.000ns
  Clock Uncertainty:      0.035ns  ((TSJ^2 + TIJ^2)^1/2 + DJ) / 2 + PE
    Total System Jitter     (TSJ):    0.071ns
    Total Input Jitter      (TIJ):    0.000ns
    Discrete Jitter          (DJ):    0.000ns
    Phase Error              (PE):    0.000ns

    Location             Delay type                Incr(ns)  Path(ns)    Netlist Resource(s)
  -------------------------------------------------------------------    -------------------
                         (clock ap_clk rise edge)     0.000     0.000 r  
                                                      0.000     0.000 r  ap_clk (IN)
                         net (fo=122, unset)          0.973     0.973    bd_0_i/hls_inst/U0/ap_clk
    SLICE_X31Y54         FDRE                                         r  bd_0_i/hls_inst/U0/j_0_reg_147_reg[3]/C
  -------------------------------------------------------------------    -------------------
    SLICE_X31Y54         FDRE (Prop_fdre_C_Q)         0.456     1.429 r  bd_0_i/hls_inst/U0/j_0_reg_147_reg[3]/Q
                         net (fo=7, routed)           1.288     2.717    bd_0_i/hls_inst/U0/j_0_reg_147_reg_n_1_[3]
    SLICE_X29Y55         LUT4 (Prop_lut4_I3_O)        0.152     2.869 r  bd_0_i/hls_inst/U0/ap_CS_fsm[3]_i_3/O
                         net (fo=4, routed)           0.582     3.451    bd_0_i/hls_inst/U0/ap_CS_fsm[3]_i_3_n_1
    SLICE_X32Y56         LUT6 (Prop_lut6_I5_O)        0.326     3.777 r  bd_0_i/hls_inst/U0/ap_CS_fsm[1]_i_2/O
                         net (fo=2, routed)           1.186     4.964    bd_0_i/hls_inst/U0/ap_CS_fsm[1]_i_2_n_1
    SLICE_X31Y60         LUT4 (Prop_lut4_I1_O)        0.124     5.088 r  bd_0_i/hls_inst/U0/i_0_reg_135[8]_i_1/O
                         net (fo=9, routed)           0.662     5.750    bd_0_i/hls_inst/U0/i_0_reg_135
    SLICE_X28Y57         FDRE                                         r  bd_0_i/hls_inst/U0/i_0_reg_135_reg[7]/R
  -------------------------------------------------------------------    -------------------

                         (clock ap_clk rise edge)    10.000    10.000 r  
                                                      0.000    10.000 r  ap_clk (IN)
                         net (fo=122, unset)          0.924    10.924    bd_0_i/hls_inst/U0/ap_clk
    SLICE_X28Y57         FDRE                                         r  bd_0_i/hls_inst/U0/i_0_reg_135_reg[7]/C
                         clock pessimism              0.000    10.924    
                         clock uncertainty           -0.035    10.889    
    SLICE_X28Y57         FDRE (Setup_fdre_C_R)       -0.429    10.460    bd_0_i/hls_inst/U0/i_0_reg_135_reg[7]
  -------------------------------------------------------------------
                         required time                         10.460    
                         arrival time                          -5.750    
  -------------------------------------------------------------------
                         slack                                  4.710    

Slack (MET) :             4.730ns  (required time - arrival time)
  Source:                 bd_0_i/hls_inst/U0/i_0_reg_135_reg[1]/C
                            (rising edge-triggered cell FDRE clocked by ap_clk  {rise@0.000ns fall@5.000ns period=10.000ns})
  Destination:            bd_0_i/hls_inst/U0/add_ln40_reg_440_reg[15]/D
                            (rising edge-triggered cell FDRE clocked by ap_clk  {rise@0.000ns fall@5.000ns period=10.000ns})
  Path Group:             ap_clk
  Path Type:              Setup (Max at Slow Process Corner)
  Requirement:            10.000ns  (ap_clk rise@10.000ns - ap_clk rise@0.000ns)
  Data Path Delay:        5.248ns  (logic 2.360ns (44.968%)  route 2.888ns (55.032%))
  Logic Levels:           5  (CARRY4=2 LUT3=1 LUT5=1 LUT6=1)
  Clock Path Skew:        -0.049ns (DCD - SCD + CPR)
    Destination Clock Delay (DCD):    0.924ns = ( 10.924 - 10.000 ) 
    Source Clock Delay      (SCD):    0.973ns
    Clock Pessimism Removal (CPR):    0.000ns
  Clock Uncertainty:      0.035ns  ((TSJ^2 + TIJ^2)^1/2 + DJ) / 2 + PE
    Total System Jitter     (TSJ):    0.071ns
    Total Input Jitter      (TIJ):    0.000ns
    Discrete Jitter          (DJ):    0.000ns
    Phase Error              (PE):    0.000ns

    Location             Delay type                Incr(ns)  Path(ns)    Netlist Resource(s)
  -------------------------------------------------------------------    -------------------
                         (clock ap_clk rise edge)     0.000     0.000 r  
                                                      0.000     0.000 r  ap_clk (IN)
                         net (fo=122, unset)          0.973     0.973    bd_0_i/hls_inst/U0/ap_clk
    SLICE_X28Y56         FDRE                                         r  bd_0_i/hls_inst/U0/i_0_reg_135_reg[1]/C
  -------------------------------------------------------------------    -------------------
    SLICE_X28Y56         FDRE (Prop_fdre_C_Q)         0.456     1.429 r  bd_0_i/hls_inst/U0/i_0_reg_135_reg[1]/Q
                         net (fo=18, routed)          1.146     2.575    bd_0_i/hls_inst/U0/shl_ln31_1_fu_236_p3[8]
    SLICE_X26Y58         LUT5 (Prop_lut5_I1_O)        0.146     2.721 r  bd_0_i/hls_inst/U0/ap_ready_INST_0_i_2/O
                         net (fo=10, routed)          0.519     3.239    bd_0_i/hls_inst/U0/ap_ready_INST_0_i_2_n_1
    SLICE_X28Y60         LUT3 (Prop_lut3_I0_O)        0.328     3.567 r  bd_0_i/hls_inst/U0/add_ln34_1_reg_430[15]_i_4/O
                         net (fo=2, routed)           0.632     4.199    bd_0_i/hls_inst/U0/sub_ln34_fu_254_p2[6]
    SLICE_X29Y60         LUT6 (Prop_lut6_I0_O)        0.124     4.323 r  bd_0_i/hls_inst/U0/add_ln34_1_reg_430[15]_i_8/O
                         net (fo=1, routed)           0.000     4.323    bd_0_i/hls_inst/U0/add_ln34_1_reg_430[15]_i_8_n_1
    SLICE_X29Y60         CARRY4 (Prop_carry4_S[1]_O[2])
                                                      0.580     4.903 r  bd_0_i/hls_inst/U0/add_ln34_1_reg_430_reg[15]_i_1/O[2]
                         net (fo=2, routed)           0.592     5.495    bd_0_i/hls_inst/U0/add_ln34_1_fu_284_p2[14]
    SLICE_X27Y58         CARRY4 (Prop_carry4_S[0]_O[1])
                                                      0.726     6.221 r  bd_0_i/hls_inst/U0/add_ln40_reg_440_reg[17]_i_1/O[1]
                         net (fo=1, routed)           0.000     6.221    bd_0_i/hls_inst/U0/add_ln40_fu_296_p2[15]
    SLICE_X27Y58         FDRE                                         r  bd_0_i/hls_inst/U0/add_ln40_reg_440_reg[15]/D
  -------------------------------------------------------------------    -------------------

                         (clock ap_clk rise edge)    10.000    10.000 r  
                                                      0.000    10.000 r  ap_clk (IN)
                         net (fo=122, unset)          0.924    10.924    bd_0_i/hls_inst/U0/ap_clk
    SLICE_X27Y58         FDRE                                         r  bd_0_i/hls_inst/U0/add_ln40_reg_440_reg[15]/C
                         clock pessimism              0.000    10.924    
                         clock uncertainty           -0.035    10.889    
    SLICE_X27Y58         FDRE (Setup_fdre_C_D)        0.062    10.951    bd_0_i/hls_inst/U0/add_ln40_reg_440_reg[15]
  -------------------------------------------------------------------
                         required time                         10.951    
                         arrival time                          -6.221    
  -------------------------------------------------------------------
                         slack                                  4.730    

Slack (MET) :             4.806ns  (required time - arrival time)
  Source:                 bd_0_i/hls_inst/U0/j_0_reg_147_reg[3]/C
                            (rising edge-triggered cell FDRE clocked by ap_clk  {rise@0.000ns fall@5.000ns period=10.000ns})
  Destination:            bd_0_i/hls_inst/U0/i_0_reg_135_reg[0]/R
                            (rising edge-triggered cell FDRE clocked by ap_clk  {rise@0.000ns fall@5.000ns period=10.000ns})
  Path Group:             ap_clk
  Path Type:              Setup (Max at Slow Process Corner)
  Requirement:            10.000ns  (ap_clk rise@10.000ns - ap_clk rise@0.000ns)
  Data Path Delay:        4.681ns  (logic 1.058ns (22.602%)  route 3.623ns (77.398%))
  Logic Levels:           3  (LUT4=2 LUT6=1)
  Clock Path Skew:        -0.049ns (DCD - SCD + CPR)
    Destination Clock Delay (DCD):    0.924ns = ( 10.924 - 10.000 ) 
    Source Clock Delay      (SCD):    0.973ns
    Clock Pessimism Removal (CPR):    0.000ns
  Clock Uncertainty:      0.035ns  ((TSJ^2 + TIJ^2)^1/2 + DJ) / 2 + PE
    Total System Jitter     (TSJ):    0.071ns
    Total Input Jitter      (TIJ):    0.000ns
    Discrete Jitter          (DJ):    0.000ns
    Phase Error              (PE):    0.000ns

    Location             Delay type                Incr(ns)  Path(ns)    Netlist Resource(s)
  -------------------------------------------------------------------    -------------------
                         (clock ap_clk rise edge)     0.000     0.000 r  
                                                      0.000     0.000 r  ap_clk (IN)
                         net (fo=122, unset)          0.973     0.973    bd_0_i/hls_inst/U0/ap_clk
    SLICE_X31Y54         FDRE                                         r  bd_0_i/hls_inst/U0/j_0_reg_147_reg[3]/C
  -------------------------------------------------------------------    -------------------
    SLICE_X31Y54         FDRE (Prop_fdre_C_Q)         0.456     1.429 r  bd_0_i/hls_inst/U0/j_0_reg_147_reg[3]/Q
                         net (fo=7, routed)           1.288     2.717    bd_0_i/hls_inst/U0/j_0_reg_147_reg_n_1_[3]
    SLICE_X29Y55         LUT4 (Prop_lut4_I3_O)        0.152     2.869 r  bd_0_i/hls_inst/U0/ap_CS_fsm[3]_i_3/O
                         net (fo=4, routed)           0.582     3.451    bd_0_i/hls_inst/U0/ap_CS_fsm[3]_i_3_n_1
    SLICE_X32Y56         LUT6 (Prop_lut6_I5_O)        0.326     3.777 r  bd_0_i/hls_inst/U0/ap_CS_fsm[1]_i_2/O
                         net (fo=2, routed)           1.186     4.964    bd_0_i/hls_inst/U0/ap_CS_fsm[1]_i_2_n_1
    SLICE_X31Y60         LUT4 (Prop_lut4_I1_O)        0.124     5.088 r  bd_0_i/hls_inst/U0/i_0_reg_135[8]_i_1/O
                         net (fo=9, routed)           0.566     5.654    bd_0_i/hls_inst/U0/i_0_reg_135
    SLICE_X28Y56         FDRE                                         r  bd_0_i/hls_inst/U0/i_0_reg_135_reg[0]/R
  -------------------------------------------------------------------    -------------------

                         (clock ap_clk rise edge)    10.000    10.000 r  
                                                      0.000    10.000 r  ap_clk (IN)
                         net (fo=122, unset)          0.924    10.924    bd_0_i/hls_inst/U0/ap_clk
    SLICE_X28Y56         FDRE                                         r  bd_0_i/hls_inst/U0/i_0_reg_135_reg[0]/C
                         clock pessimism              0.000    10.924    
                         clock uncertainty           -0.035    10.889    
    SLICE_X28Y56         FDRE (Setup_fdre_C_R)       -0.429    10.460    bd_0_i/hls_inst/U0/i_0_reg_135_reg[0]
  -------------------------------------------------------------------
                         required time                         10.460    
                         arrival time                          -5.654    
  -------------------------------------------------------------------
                         slack                                  4.806    

Slack (MET) :             4.806ns  (required time - arrival time)
  Source:                 bd_0_i/hls_inst/U0/j_0_reg_147_reg[3]/C
                            (rising edge-triggered cell FDRE clocked by ap_clk  {rise@0.000ns fall@5.000ns period=10.000ns})
  Destination:            bd_0_i/hls_inst/U0/i_0_reg_135_reg[1]/R
                            (rising edge-triggered cell FDRE clocked by ap_clk  {rise@0.000ns fall@5.000ns period=10.000ns})
  Path Group:             ap_clk
  Path Type:              Setup (Max at Slow Process Corner)
  Requirement:            10.000ns  (ap_clk rise@10.000ns - ap_clk rise@0.000ns)
  Data Path Delay:        4.681ns  (logic 1.058ns (22.602%)  route 3.623ns (77.398%))
  Logic Levels:           3  (LUT4=2 LUT6=1)
  Clock Path Skew:        -0.049ns (DCD - SCD + CPR)
    Destination Clock Delay (DCD):    0.924ns = ( 10.924 - 10.000 ) 
    Source Clock Delay      (SCD):    0.973ns
    Clock Pessimism Removal (CPR):    0.000ns
  Clock Uncertainty:      0.035ns  ((TSJ^2 + TIJ^2)^1/2 + DJ) / 2 + PE
    Total System Jitter     (TSJ):    0.071ns
    Total Input Jitter      (TIJ):    0.000ns
    Discrete Jitter          (DJ):    0.000ns
    Phase Error              (PE):    0.000ns

    Location             Delay type                Incr(ns)  Path(ns)    Netlist Resource(s)
  -------------------------------------------------------------------    -------------------
                         (clock ap_clk rise edge)     0.000     0.000 r  
                                                      0.000     0.000 r  ap_clk (IN)
                         net (fo=122, unset)          0.973     0.973    bd_0_i/hls_inst/U0/ap_clk
    SLICE_X31Y54         FDRE                                         r  bd_0_i/hls_inst/U0/j_0_reg_147_reg[3]/C
  -------------------------------------------------------------------    -------------------
    SLICE_X31Y54         FDRE (Prop_fdre_C_Q)         0.456     1.429 r  bd_0_i/hls_inst/U0/j_0_reg_147_reg[3]/Q
                         net (fo=7, routed)           1.288     2.717    bd_0_i/hls_inst/U0/j_0_reg_147_reg_n_1_[3]
    SLICE_X29Y55         LUT4 (Prop_lut4_I3_O)        0.152     2.869 r  bd_0_i/hls_inst/U0/ap_CS_fsm[3]_i_3/O
                         net (fo=4, routed)           0.582     3.451    bd_0_i/hls_inst/U0/ap_CS_fsm[3]_i_3_n_1
    SLICE_X32Y56         LUT6 (Prop_lut6_I5_O)        0.326     3.777 r  bd_0_i/hls_inst/U0/ap_CS_fsm[1]_i_2/O
                         net (fo=2, routed)           1.186     4.964    bd_0_i/hls_inst/U0/ap_CS_fsm[1]_i_2_n_1
    SLICE_X31Y60         LUT4 (Prop_lut4_I1_O)        0.124     5.088 r  bd_0_i/hls_inst/U0/i_0_reg_135[8]_i_1/O
                         net (fo=9, routed)           0.566     5.654    bd_0_i/hls_inst/U0/i_0_reg_135
    SLICE_X28Y56         FDRE                                         r  bd_0_i/hls_inst/U0/i_0_reg_135_reg[1]/R
  -------------------------------------------------------------------    -------------------

                         (clock ap_clk rise edge)    10.000    10.000 r  
                                                      0.000    10.000 r  ap_clk (IN)
                         net (fo=122, unset)          0.924    10.924    bd_0_i/hls_inst/U0/ap_clk
    SLICE_X28Y56         FDRE                                         r  bd_0_i/hls_inst/U0/i_0_reg_135_reg[1]/C
                         clock pessimism              0.000    10.924    
                         clock uncertainty           -0.035    10.889    
    SLICE_X28Y56         FDRE (Setup_fdre_C_R)       -0.429    10.460    bd_0_i/hls_inst/U0/i_0_reg_135_reg[1]
  -------------------------------------------------------------------
                         required time                         10.460    
                         arrival time                          -5.654    
  -------------------------------------------------------------------
                         slack                                  4.806    





Min Delay Paths
--------------------------------------------------------------------------------------
Slack (MET) :             0.131ns  (arrival time - required time)
  Source:                 bd_0_i/hls_inst/U0/regslice_both_m_axis_video_V_user_V_U/obuf_inst/odata_int_reg[1]/C
                            (rising edge-triggered cell FDRE clocked by ap_clk  {rise@0.000ns fall@5.000ns period=10.000ns})
  Destination:            bd_0_i/hls_inst/U0/regslice_both_m_axis_video_V_user_V_U/ibuf_inst/ireg_reg[0]/D
                            (rising edge-triggered cell FDRE clocked by ap_clk  {rise@0.000ns fall@5.000ns period=10.000ns})
  Path Group:             ap_clk
  Path Type:              Hold (Min at Fast Process Corner)
  Requirement:            0.000ns  (ap_clk rise@0.000ns - ap_clk rise@0.000ns)
  Data Path Delay:        0.273ns  (logic 0.186ns (68.028%)  route 0.087ns (31.972%))
  Logic Levels:           1  (LUT6=1)
  Clock Path Skew:        0.022ns (DCD - SCD - CPR)
    Destination Clock Delay (DCD):    0.432ns
    Source Clock Delay      (SCD):    0.410ns
    Clock Pessimism Removal (CPR):    -0.000ns

    Location             Delay type                Incr(ns)  Path(ns)    Netlist Resource(s)
  -------------------------------------------------------------------    -------------------
                         (clock ap_clk rise edge)     0.000     0.000 r  
                                                      0.000     0.000 r  ap_clk (IN)
                         net (fo=122, unset)          0.410     0.410    bd_0_i/hls_inst/U0/regslice_both_m_axis_video_V_user_V_U/obuf_inst/ap_clk
    SLICE_X33Y58         FDRE                                         r  bd_0_i/hls_inst/U0/regslice_both_m_axis_video_V_user_V_U/obuf_inst/odata_int_reg[1]/C
  -------------------------------------------------------------------    -------------------
    SLICE_X33Y58         FDRE (Prop_fdre_C_Q)         0.141     0.551 r  bd_0_i/hls_inst/U0/regslice_both_m_axis_video_V_user_V_U/obuf_inst/odata_int_reg[1]/Q
                         net (fo=4, routed)           0.087     0.639    bd_0_i/hls_inst/U0/regslice_both_m_axis_video_V_user_V_U/ibuf_inst/ireg_reg[1]_1
    SLICE_X32Y58         LUT6 (Prop_lut6_I3_O)        0.045     0.684 r  bd_0_i/hls_inst/U0/regslice_both_m_axis_video_V_user_V_U/ibuf_inst/ireg[0]_i_1/O
                         net (fo=1, routed)           0.000     0.684    bd_0_i/hls_inst/U0/regslice_both_m_axis_video_V_user_V_U/ibuf_inst/ireg[0]_i_1_n_1
    SLICE_X32Y58         FDRE                                         r  bd_0_i/hls_inst/U0/regslice_both_m_axis_video_V_user_V_U/ibuf_inst/ireg_reg[0]/D
  -------------------------------------------------------------------    -------------------

                         (clock ap_clk rise edge)     0.000     0.000 r  
                                                      0.000     0.000 r  ap_clk (IN)
                         net (fo=122, unset)          0.432     0.432    bd_0_i/hls_inst/U0/regslice_both_m_axis_video_V_user_V_U/ibuf_inst/ap_clk
    SLICE_X32Y58         FDRE                                         r  bd_0_i/hls_inst/U0/regslice_both_m_axis_video_V_user_V_U/ibuf_inst/ireg_reg[0]/C
                         clock pessimism              0.000     0.432    
    SLICE_X32Y58         FDRE (Hold_fdre_C_D)         0.121     0.553    bd_0_i/hls_inst/U0/regslice_both_m_axis_video_V_user_V_U/ibuf_inst/ireg_reg[0]
  -------------------------------------------------------------------
                         required time                         -0.553    
                         arrival time                           0.684    
  -------------------------------------------------------------------
                         slack                                  0.131    

Slack (MET) :             0.150ns  (arrival time - required time)
  Source:                 bd_0_i/hls_inst/U0/j_0_reg_147_reg[9]/C
                            (rising edge-triggered cell FDRE clocked by ap_clk  {rise@0.000ns fall@5.000ns period=10.000ns})
  Destination:            bd_0_i/hls_inst/U0/j_reg_448_reg[9]/D
                            (rising edge-triggered cell FDRE clocked by ap_clk  {rise@0.000ns fall@5.000ns period=10.000ns})
  Path Group:             ap_clk
  Path Type:              Hold (Min at Fast Process Corner)
  Requirement:            0.000ns  (ap_clk rise@0.000ns - ap_clk rise@0.000ns)
  Data Path Delay:        0.302ns  (logic 0.190ns (62.843%)  route 0.112ns (37.157%))
  Logic Levels:           1  (LUT5=1)
  Clock Path Skew:        0.022ns (DCD - SCD - CPR)
    Destination Clock Delay (DCD):    0.432ns
    Source Clock Delay      (SCD):    0.410ns
    Clock Pessimism Removal (CPR):    -0.000ns

    Location             Delay type                Incr(ns)  Path(ns)    Netlist Resource(s)
  -------------------------------------------------------------------    -------------------
                         (clock ap_clk rise edge)     0.000     0.000 r  
                                                      0.000     0.000 r  ap_clk (IN)
                         net (fo=122, unset)          0.410     0.410    bd_0_i/hls_inst/U0/ap_clk
    SLICE_X31Y54         FDRE                                         r  bd_0_i/hls_inst/U0/j_0_reg_147_reg[9]/C
  -------------------------------------------------------------------    -------------------
    SLICE_X31Y54         FDRE (Prop_fdre_C_Q)         0.141     0.551 r  bd_0_i/hls_inst/U0/j_0_reg_147_reg[9]/Q
                         net (fo=9, routed)           0.112     0.663    bd_0_i/hls_inst/U0/j_0_reg_147_reg_n_1_[9]
    SLICE_X30Y54         LUT5 (Prop_lut5_I1_O)        0.049     0.712 r  bd_0_i/hls_inst/U0/j_reg_448[9]_i_1/O
                         net (fo=1, routed)           0.000     0.712    bd_0_i/hls_inst/U0/j_fu_312_p2[9]
    SLICE_X30Y54         FDRE                                         r  bd_0_i/hls_inst/U0/j_reg_448_reg[9]/D
  -------------------------------------------------------------------    -------------------

                         (clock ap_clk rise edge)     0.000     0.000 r  
                                                      0.000     0.000 r  ap_clk (IN)
                         net (fo=122, unset)          0.432     0.432    bd_0_i/hls_inst/U0/ap_clk
    SLICE_X30Y54         FDRE                                         r  bd_0_i/hls_inst/U0/j_reg_448_reg[9]/C
                         clock pessimism              0.000     0.432    
    SLICE_X30Y54         FDRE (Hold_fdre_C_D)         0.131     0.563    bd_0_i/hls_inst/U0/j_reg_448_reg[9]
  -------------------------------------------------------------------
                         required time                         -0.563    
                         arrival time                           0.712    
  -------------------------------------------------------------------
                         slack                                  0.150    

Slack (MET) :             0.162ns  (arrival time - required time)
  Source:                 bd_0_i/hls_inst/U0/j_0_reg_147_reg[5]/C
                            (rising edge-triggered cell FDRE clocked by ap_clk  {rise@0.000ns fall@5.000ns period=10.000ns})
  Destination:            bd_0_i/hls_inst/U0/j_reg_448_reg[5]/D
                            (rising edge-triggered cell FDRE clocked by ap_clk  {rise@0.000ns fall@5.000ns period=10.000ns})
  Path Group:             ap_clk
  Path Type:              Hold (Min at Fast Process Corner)
  Requirement:            0.000ns  (ap_clk rise@0.000ns - ap_clk rise@0.000ns)
  Data Path Delay:        0.275ns  (logic 0.186ns (67.533%)  route 0.089ns (32.467%))
  Logic Levels:           1  (LUT6=1)
  Clock Path Skew:        0.022ns (DCD - SCD - CPR)
    Destination Clock Delay (DCD):    0.432ns
    Source Clock Delay      (SCD):    0.410ns
    Clock Pessimism Removal (CPR):    -0.000ns

    Location             Delay type                Incr(ns)  Path(ns)    Netlist Resource(s)
  -------------------------------------------------------------------    -------------------
                         (clock ap_clk rise edge)     0.000     0.000 r  
                                                      0.000     0.000 r  ap_clk (IN)
                         net (fo=122, unset)          0.410     0.410    bd_0_i/hls_inst/U0/ap_clk
    SLICE_X28Y54         FDRE                                         r  bd_0_i/hls_inst/U0/j_0_reg_147_reg[5]/C
  -------------------------------------------------------------------    -------------------
    SLICE_X28Y54         FDRE (Prop_fdre_C_Q)         0.141     0.551 r  bd_0_i/hls_inst/U0/j_0_reg_147_reg[5]/Q
                         net (fo=8, routed)           0.089     0.641    bd_0_i/hls_inst/U0/j_0_reg_147_reg_n_1_[5]
    SLICE_X29Y54         LUT6 (Prop_lut6_I5_O)        0.045     0.686 r  bd_0_i/hls_inst/U0/j_reg_448[5]_i_1/O
                         net (fo=1, routed)           0.000     0.686    bd_0_i/hls_inst/U0/j_fu_312_p2[5]
    SLICE_X29Y54         FDRE                                         r  bd_0_i/hls_inst/U0/j_reg_448_reg[5]/D
  -------------------------------------------------------------------    -------------------

                         (clock ap_clk rise edge)     0.000     0.000 r  
                                                      0.000     0.000 r  ap_clk (IN)
                         net (fo=122, unset)          0.432     0.432    bd_0_i/hls_inst/U0/ap_clk
    SLICE_X29Y54         FDRE                                         r  bd_0_i/hls_inst/U0/j_reg_448_reg[5]/C
                         clock pessimism              0.000     0.432    
    SLICE_X29Y54         FDRE (Hold_fdre_C_D)         0.092     0.524    bd_0_i/hls_inst/U0/j_reg_448_reg[5]
  -------------------------------------------------------------------
                         required time                         -0.524    
                         arrival time                           0.686    
  -------------------------------------------------------------------
                         slack                                  0.162    

Slack (MET) :             0.168ns  (arrival time - required time)
  Source:                 bd_0_i/hls_inst/U0/regslice_both_m_axis_video_V_user_V_U/ibuf_inst/ireg_reg[1]/C
                            (rising edge-triggered cell FDRE clocked by ap_clk  {rise@0.000ns fall@5.000ns period=10.000ns})
  Destination:            bd_0_i/hls_inst/U0/regslice_both_m_axis_video_V_user_V_U/obuf_inst/odata_int_reg[0]/D
                            (rising edge-triggered cell FDRE clocked by ap_clk  {rise@0.000ns fall@5.000ns period=10.000ns})
  Path Group:             ap_clk
  Path Type:              Hold (Min at Fast Process Corner)
  Requirement:            0.000ns  (ap_clk rise@0.000ns - ap_clk rise@0.000ns)
  Data Path Delay:        0.281ns  (logic 0.209ns (74.349%)  route 0.072ns (25.651%))
  Logic Levels:           1  (LUT5=1)
  Clock Path Skew:        0.022ns (DCD - SCD - CPR)
    Destination Clock Delay (DCD):    0.432ns
    Source Clock Delay      (SCD):    0.410ns
    Clock Pessimism Removal (CPR):    -0.000ns

    Location             Delay type                Incr(ns)  Path(ns)    Netlist Resource(s)
  -------------------------------------------------------------------    -------------------
                         (clock ap_clk rise edge)     0.000     0.000 r  
                                                      0.000     0.000 r  ap_clk (IN)
                         net (fo=122, unset)          0.410     0.410    bd_0_i/hls_inst/U0/regslice_both_m_axis_video_V_user_V_U/ibuf_inst/ap_clk
    SLICE_X32Y58         FDRE                                         r  bd_0_i/hls_inst/U0/regslice_both_m_axis_video_V_user_V_U/ibuf_inst/ireg_reg[1]/C
  -------------------------------------------------------------------    -------------------
    SLICE_X32Y58         FDRE (Prop_fdre_C_Q)         0.164     0.574 r  bd_0_i/hls_inst/U0/regslice_both_m_axis_video_V_user_V_U/ibuf_inst/ireg_reg[1]/Q
                         net (fo=4, routed)           0.072     0.646    bd_0_i/hls_inst/U0/regslice_both_m_axis_video_V_user_V_U/obuf_inst/p_0_in
    SLICE_X33Y58         LUT5 (Prop_lut5_I1_O)        0.045     0.691 r  bd_0_i/hls_inst/U0/regslice_both_m_axis_video_V_user_V_U/obuf_inst/odata_int[0]_i_1/O
                         net (fo=1, routed)           0.000     0.691    bd_0_i/hls_inst/U0/regslice_both_m_axis_video_V_user_V_U/obuf_inst/odata_int[0]_i_1_n_1
    SLICE_X33Y58         FDRE                                         r  bd_0_i/hls_inst/U0/regslice_both_m_axis_video_V_user_V_U/obuf_inst/odata_int_reg[0]/D
  -------------------------------------------------------------------    -------------------

                         (clock ap_clk rise edge)     0.000     0.000 r  
                                                      0.000     0.000 r  ap_clk (IN)
                         net (fo=122, unset)          0.432     0.432    bd_0_i/hls_inst/U0/regslice_both_m_axis_video_V_user_V_U/obuf_inst/ap_clk
    SLICE_X33Y58         FDRE                                         r  bd_0_i/hls_inst/U0/regslice_both_m_axis_video_V_user_V_U/obuf_inst/odata_int_reg[0]/C
                         clock pessimism              0.000     0.432    
    SLICE_X33Y58         FDRE (Hold_fdre_C_D)         0.092     0.524    bd_0_i/hls_inst/U0/regslice_both_m_axis_video_V_user_V_U/obuf_inst/odata_int_reg[0]
  -------------------------------------------------------------------
                         required time                         -0.524    
                         arrival time                           0.691    
  -------------------------------------------------------------------
                         slack                                  0.168    

Slack (MET) :             0.171ns  (arrival time - required time)
  Source:                 bd_0_i/hls_inst/U0/j_reg_448_reg[0]/C
                            (rising edge-triggered cell FDRE clocked by ap_clk  {rise@0.000ns fall@5.000ns period=10.000ns})
  Destination:            bd_0_i/hls_inst/U0/j_0_reg_147_reg[0]/D
                            (rising edge-triggered cell FDRE clocked by ap_clk  {rise@0.000ns fall@5.000ns period=10.000ns})
  Path Group:             ap_clk
  Path Type:              Hold (Min at Fast Process Corner)
  Requirement:            0.000ns  (ap_clk rise@0.000ns - ap_clk rise@0.000ns)
  Data Path Delay:        0.263ns  (logic 0.141ns (53.607%)  route 0.122ns (46.393%))
  Logic Levels:           0  
  Clock Path Skew:        0.022ns (DCD - SCD - CPR)
    Destination Clock Delay (DCD):    0.432ns
    Source Clock Delay      (SCD):    0.410ns
    Clock Pessimism Removal (CPR):    -0.000ns

    Location             Delay type                Incr(ns)  Path(ns)    Netlist Resource(s)
  -------------------------------------------------------------------    -------------------
                         (clock ap_clk rise edge)     0.000     0.000 r  
                                                      0.000     0.000 r  ap_clk (IN)
                         net (fo=122, unset)          0.410     0.410    bd_0_i/hls_inst/U0/ap_clk
    SLICE_X29Y54         FDRE                                         r  bd_0_i/hls_inst/U0/j_reg_448_reg[0]/C
  -------------------------------------------------------------------    -------------------
    SLICE_X29Y54         FDRE (Prop_fdre_C_Q)         0.141     0.551 r  bd_0_i/hls_inst/U0/j_reg_448_reg[0]/Q
                         net (fo=1, routed)           0.122     0.673    bd_0_i/hls_inst/U0/j_reg_448[0]
    SLICE_X28Y54         FDRE                                         r  bd_0_i/hls_inst/U0/j_0_reg_147_reg[0]/D
  -------------------------------------------------------------------    -------------------

                         (clock ap_clk rise edge)     0.000     0.000 r  
                                                      0.000     0.000 r  ap_clk (IN)
                         net (fo=122, unset)          0.432     0.432    bd_0_i/hls_inst/U0/ap_clk
    SLICE_X28Y54         FDRE                                         r  bd_0_i/hls_inst/U0/j_0_reg_147_reg[0]/C
                         clock pessimism              0.000     0.432    
    SLICE_X28Y54         FDRE (Hold_fdre_C_D)         0.070     0.502    bd_0_i/hls_inst/U0/j_0_reg_147_reg[0]
  -------------------------------------------------------------------
                         required time                         -0.502    
                         arrival time                           0.673    
  -------------------------------------------------------------------
                         slack                                  0.171    

Slack (MET) :             0.181ns  (arrival time - required time)
  Source:                 bd_0_i/hls_inst/U0/j_0_reg_147_reg[0]/C
                            (rising edge-triggered cell FDRE clocked by ap_clk  {rise@0.000ns fall@5.000ns period=10.000ns})
  Destination:            bd_0_i/hls_inst/U0/j_reg_448_reg[1]/D
                            (rising edge-triggered cell FDRE clocked by ap_clk  {rise@0.000ns fall@5.000ns period=10.000ns})
  Path Group:             ap_clk
  Path Type:              Hold (Min at Fast Process Corner)
  Requirement:            0.000ns  (ap_clk rise@0.000ns - ap_clk rise@0.000ns)
  Data Path Delay:        0.310ns  (logic 0.189ns (60.957%)  route 0.121ns (39.043%))
  Logic Levels:           1  (LUT2=1)
  Clock Path Skew:        0.022ns (DCD - SCD - CPR)
    Destination Clock Delay (DCD):    0.432ns
    Source Clock Delay      (SCD):    0.410ns
    Clock Pessimism Removal (CPR):    -0.000ns

    Location             Delay type                Incr(ns)  Path(ns)    Netlist Resource(s)
  -------------------------------------------------------------------    -------------------
                         (clock ap_clk rise edge)     0.000     0.000 r  
                                                      0.000     0.000 r  ap_clk (IN)
                         net (fo=122, unset)          0.410     0.410    bd_0_i/hls_inst/U0/ap_clk
    SLICE_X28Y54         FDRE                                         r  bd_0_i/hls_inst/U0/j_0_reg_147_reg[0]/C
  -------------------------------------------------------------------    -------------------
    SLICE_X28Y54         FDRE (Prop_fdre_C_Q)         0.141     0.551 r  bd_0_i/hls_inst/U0/j_0_reg_147_reg[0]/Q
                         net (fo=13, routed)          0.121     0.672    bd_0_i/hls_inst/U0/j_0_reg_147_reg_n_1_[0]
    SLICE_X29Y54         LUT2 (Prop_lut2_I0_O)        0.048     0.720 r  bd_0_i/hls_inst/U0/j_reg_448[1]_i_1/O
                         net (fo=1, routed)           0.000     0.720    bd_0_i/hls_inst/U0/j_fu_312_p2[1]
    SLICE_X29Y54         FDRE                                         r  bd_0_i/hls_inst/U0/j_reg_448_reg[1]/D
  -------------------------------------------------------------------    -------------------

                         (clock ap_clk rise edge)     0.000     0.000 r  
                                                      0.000     0.000 r  ap_clk (IN)
                         net (fo=122, unset)          0.432     0.432    bd_0_i/hls_inst/U0/ap_clk
    SLICE_X29Y54         FDRE                                         r  bd_0_i/hls_inst/U0/j_reg_448_reg[1]/C
                         clock pessimism              0.000     0.432    
    SLICE_X29Y54         FDRE (Hold_fdre_C_D)         0.107     0.539    bd_0_i/hls_inst/U0/j_reg_448_reg[1]
  -------------------------------------------------------------------
                         required time                         -0.539    
                         arrival time                           0.720    
  -------------------------------------------------------------------
                         slack                                  0.181    

Slack (MET) :             0.186ns  (arrival time - required time)
  Source:                 bd_0_i/hls_inst/U0/i_reg_420_reg[3]/C
                            (rising edge-triggered cell FDRE clocked by ap_clk  {rise@0.000ns fall@5.000ns period=10.000ns})
  Destination:            bd_0_i/hls_inst/U0/i_0_reg_135_reg[3]/D
                            (rising edge-triggered cell FDRE clocked by ap_clk  {rise@0.000ns fall@5.000ns period=10.000ns})
  Path Group:             ap_clk
  Path Type:              Hold (Min at Fast Process Corner)
  Requirement:            0.000ns  (ap_clk rise@0.000ns - ap_clk rise@0.000ns)
  Data Path Delay:        0.280ns  (logic 0.164ns (58.604%)  route 0.116ns (41.396%))
  Logic Levels:           0  
  Clock Path Skew:        0.022ns (DCD - SCD - CPR)
    Destination Clock Delay (DCD):    0.432ns
    Source Clock Delay      (SCD):    0.410ns
    Clock Pessimism Removal (CPR):    -0.000ns

    Location             Delay type                Incr(ns)  Path(ns)    Netlist Resource(s)
  -------------------------------------------------------------------    -------------------
                         (clock ap_clk rise edge)     0.000     0.000 r  
                                                      0.000     0.000 r  ap_clk (IN)
                         net (fo=122, unset)          0.410     0.410    bd_0_i/hls_inst/U0/ap_clk
    SLICE_X26Y57         FDRE                                         r  bd_0_i/hls_inst/U0/i_reg_420_reg[3]/C
  -------------------------------------------------------------------    -------------------
    SLICE_X26Y57         FDRE (Prop_fdre_C_Q)         0.164     0.574 r  bd_0_i/hls_inst/U0/i_reg_420_reg[3]/Q
                         net (fo=1, routed)           0.116     0.690    bd_0_i/hls_inst/U0/i_reg_420[3]
    SLICE_X28Y56         FDRE                                         r  bd_0_i/hls_inst/U0/i_0_reg_135_reg[3]/D
  -------------------------------------------------------------------    -------------------

                         (clock ap_clk rise edge)     0.000     0.000 r  
                                                      0.000     0.000 r  ap_clk (IN)
                         net (fo=122, unset)          0.432     0.432    bd_0_i/hls_inst/U0/ap_clk
    SLICE_X28Y56         FDRE                                         r  bd_0_i/hls_inst/U0/i_0_reg_135_reg[3]/C
                         clock pessimism              0.000     0.432    
    SLICE_X28Y56         FDRE (Hold_fdre_C_D)         0.072     0.504    bd_0_i/hls_inst/U0/i_0_reg_135_reg[3]
  -------------------------------------------------------------------
                         required time                         -0.504    
                         arrival time                           0.690    
  -------------------------------------------------------------------
                         slack                                  0.186    

Slack (MET) :             0.189ns  (arrival time - required time)
  Source:                 bd_0_i/hls_inst/U0/i_reg_420_reg[5]/C
                            (rising edge-triggered cell FDRE clocked by ap_clk  {rise@0.000ns fall@5.000ns period=10.000ns})
  Destination:            bd_0_i/hls_inst/U0/i_0_reg_135_reg[5]/D
                            (rising edge-triggered cell FDRE clocked by ap_clk  {rise@0.000ns fall@5.000ns period=10.000ns})
  Path Group:             ap_clk
  Path Type:              Hold (Min at Fast Process Corner)
  Requirement:            0.000ns  (ap_clk rise@0.000ns - ap_clk rise@0.000ns)
  Data Path Delay:        0.277ns  (logic 0.164ns (59.227%)  route 0.113ns (40.773%))
  Logic Levels:           0  
  Clock Path Skew:        0.022ns (DCD - SCD - CPR)
    Destination Clock Delay (DCD):    0.432ns
    Source Clock Delay      (SCD):    0.410ns
    Clock Pessimism Removal (CPR):    -0.000ns

    Location             Delay type                Incr(ns)  Path(ns)    Netlist Resource(s)
  -------------------------------------------------------------------    -------------------
                         (clock ap_clk rise edge)     0.000     0.000 r  
                                                      0.000     0.000 r  ap_clk (IN)
                         net (fo=122, unset)          0.410     0.410    bd_0_i/hls_inst/U0/ap_clk
    SLICE_X26Y57         FDRE                                         r  bd_0_i/hls_inst/U0/i_reg_420_reg[5]/C
  -------------------------------------------------------------------    -------------------
    SLICE_X26Y57         FDRE (Prop_fdre_C_Q)         0.164     0.574 r  bd_0_i/hls_inst/U0/i_reg_420_reg[5]/Q
                         net (fo=1, routed)           0.113     0.687    bd_0_i/hls_inst/U0/i_reg_420[5]
    SLICE_X28Y57         FDRE                                         r  bd_0_i/hls_inst/U0/i_0_reg_135_reg[5]/D
  -------------------------------------------------------------------    -------------------

                         (clock ap_clk rise edge)     0.000     0.000 r  
                                                      0.000     0.000 r  ap_clk (IN)
                         net (fo=122, unset)          0.432     0.432    bd_0_i/hls_inst/U0/ap_clk
    SLICE_X28Y57         FDRE                                         r  bd_0_i/hls_inst/U0/i_0_reg_135_reg[5]/C
                         clock pessimism              0.000     0.432    
    SLICE_X28Y57         FDRE (Hold_fdre_C_D)         0.066     0.498    bd_0_i/hls_inst/U0/i_0_reg_135_reg[5]
  -------------------------------------------------------------------
                         required time                         -0.498    
                         arrival time                           0.687    
  -------------------------------------------------------------------
                         slack                                  0.189    

Slack (MET) :             0.193ns  (arrival time - required time)
  Source:                 bd_0_i/hls_inst/U0/i_reg_420_reg[1]/C
                            (rising edge-triggered cell FDRE clocked by ap_clk  {rise@0.000ns fall@5.000ns period=10.000ns})
  Destination:            bd_0_i/hls_inst/U0/i_0_reg_135_reg[1]/D
                            (rising edge-triggered cell FDRE clocked by ap_clk  {rise@0.000ns fall@5.000ns period=10.000ns})
  Path Group:             ap_clk
  Path Type:              Hold (Min at Fast Process Corner)
  Requirement:            0.000ns  (ap_clk rise@0.000ns - ap_clk rise@0.000ns)
  Data Path Delay:        0.281ns  (logic 0.164ns (58.417%)  route 0.117ns (41.583%))
  Logic Levels:           0  
  Clock Path Skew:        0.022ns (DCD - SCD - CPR)
    Destination Clock Delay (DCD):    0.432ns
    Source Clock Delay      (SCD):    0.410ns
    Clock Pessimism Removal (CPR):    -0.000ns

    Location             Delay type                Incr(ns)  Path(ns)    Netlist Resource(s)
  -------------------------------------------------------------------    -------------------
                         (clock ap_clk rise edge)     0.000     0.000 r  
                                                      0.000     0.000 r  ap_clk (IN)
                         net (fo=122, unset)          0.410     0.410    bd_0_i/hls_inst/U0/ap_clk
    SLICE_X26Y56         FDRE                                         r  bd_0_i/hls_inst/U0/i_reg_420_reg[1]/C
  -------------------------------------------------------------------    -------------------
    SLICE_X26Y56         FDRE (Prop_fdre_C_Q)         0.164     0.574 r  bd_0_i/hls_inst/U0/i_reg_420_reg[1]/Q
                         net (fo=1, routed)           0.117     0.691    bd_0_i/hls_inst/U0/i_reg_420[1]
    SLICE_X28Y56         FDRE                                         r  bd_0_i/hls_inst/U0/i_0_reg_135_reg[1]/D
  -------------------------------------------------------------------    -------------------

                         (clock ap_clk rise edge)     0.000     0.000 r  
                                                      0.000     0.000 r  ap_clk (IN)
                         net (fo=122, unset)          0.432     0.432    bd_0_i/hls_inst/U0/ap_clk
    SLICE_X28Y56         FDRE                                         r  bd_0_i/hls_inst/U0/i_0_reg_135_reg[1]/C
                         clock pessimism              0.000     0.432    
    SLICE_X28Y56         FDRE (Hold_fdre_C_D)         0.066     0.498    bd_0_i/hls_inst/U0/i_0_reg_135_reg[1]
  -------------------------------------------------------------------
                         required time                         -0.498    
                         arrival time                           0.691    
  -------------------------------------------------------------------
                         slack                                  0.193    

Slack (MET) :             0.193ns  (arrival time - required time)
  Source:                 bd_0_i/hls_inst/U0/j_reg_448_reg[6]/C
                            (rising edge-triggered cell FDRE clocked by ap_clk  {rise@0.000ns fall@5.000ns period=10.000ns})
  Destination:            bd_0_i/hls_inst/U0/j_0_reg_147_reg[6]/D
                            (rising edge-triggered cell FDRE clocked by ap_clk  {rise@0.000ns fall@5.000ns period=10.000ns})
  Path Group:             ap_clk
  Path Type:              Hold (Min at Fast Process Corner)
  Requirement:            0.000ns  (ap_clk rise@0.000ns - ap_clk rise@0.000ns)
  Data Path Delay:        0.274ns  (logic 0.164ns (59.853%)  route 0.110ns (40.147%))
  Logic Levels:           0  
  Clock Path Skew:        0.022ns (DCD - SCD - CPR)
    Destination Clock Delay (DCD):    0.432ns
    Source Clock Delay      (SCD):    0.410ns
    Clock Pessimism Removal (CPR):    -0.000ns

    Location             Delay type                Incr(ns)  Path(ns)    Netlist Resource(s)
  -------------------------------------------------------------------    -------------------
                         (clock ap_clk rise edge)     0.000     0.000 r  
                                                      0.000     0.000 r  ap_clk (IN)
                         net (fo=122, unset)          0.410     0.410    bd_0_i/hls_inst/U0/ap_clk
    SLICE_X32Y56         FDRE                                         r  bd_0_i/hls_inst/U0/j_reg_448_reg[6]/C
  -------------------------------------------------------------------    -------------------
    SLICE_X32Y56         FDRE (Prop_fdre_C_Q)         0.164     0.574 r  bd_0_i/hls_inst/U0/j_reg_448_reg[6]/Q
                         net (fo=1, routed)           0.110     0.684    bd_0_i/hls_inst/U0/j_reg_448[6]
    SLICE_X32Y55         FDRE                                         r  bd_0_i/hls_inst/U0/j_0_reg_147_reg[6]/D
  -------------------------------------------------------------------    -------------------

                         (clock ap_clk rise edge)     0.000     0.000 r  
                                                      0.000     0.000 r  ap_clk (IN)
                         net (fo=122, unset)          0.432     0.432    bd_0_i/hls_inst/U0/ap_clk
    SLICE_X32Y55         FDRE                                         r  bd_0_i/hls_inst/U0/j_0_reg_147_reg[6]/C
                         clock pessimism              0.000     0.432    
    SLICE_X32Y55         FDRE (Hold_fdre_C_D)         0.059     0.491    bd_0_i/hls_inst/U0/j_0_reg_147_reg[6]
  -------------------------------------------------------------------
                         required time                         -0.491    
                         arrival time                           0.684    
  -------------------------------------------------------------------
                         slack                                  0.193    





Pulse Width Checks
--------------------------------------------------------------------------------------
Clock Name:         ap_clk
Waveform(ns):       { 0.000 5.000 }
Period(ns):         10.000
Sources:            { ap_clk }

Check Type        Corner  Lib Pin  Reference Pin  Required(ns)  Actual(ns)  Slack(ns)  Location      Pin
Min Period        n/a     FDRE/C   n/a            1.000         10.000      9.000      SLICE_X29Y56  bd_0_i/hls_inst/U0/add_ln31_1_reg_425_reg[10]/C
Min Period        n/a     FDRE/C   n/a            1.000         10.000      9.000      SLICE_X29Y56  bd_0_i/hls_inst/U0/add_ln31_1_reg_425_reg[11]/C
Min Period        n/a     FDRE/C   n/a            1.000         10.000      9.000      SLICE_X29Y57  bd_0_i/hls_inst/U0/add_ln31_1_reg_425_reg[12]/C
Min Period        n/a     FDRE/C   n/a            1.000         10.000      9.000      SLICE_X29Y57  bd_0_i/hls_inst/U0/add_ln31_1_reg_425_reg[13]/C
Min Period        n/a     FDRE/C   n/a            1.000         10.000      9.000      SLICE_X29Y57  bd_0_i/hls_inst/U0/add_ln31_1_reg_425_reg[14]/C
Min Period        n/a     FDRE/C   n/a            1.000         10.000      9.000      SLICE_X29Y57  bd_0_i/hls_inst/U0/add_ln31_1_reg_425_reg[15]/C
Min Period        n/a     FDRE/C   n/a            1.000         10.000      9.000      SLICE_X29Y58  bd_0_i/hls_inst/U0/add_ln31_1_reg_425_reg[16]/C
Min Period        n/a     FDRE/C   n/a            1.000         10.000      9.000      SLICE_X29Y58  bd_0_i/hls_inst/U0/add_ln31_1_reg_425_reg[17]/C
Min Period        n/a     FDRE/C   n/a            1.000         10.000      9.000      SLICE_X29Y58  bd_0_i/hls_inst/U0/add_ln31_1_reg_425_reg[18]/C
Min Period        n/a     FDRE/C   n/a            1.000         10.000      9.000      SLICE_X28Y55  bd_0_i/hls_inst/U0/add_ln31_1_reg_425_reg[7]/C
Low Pulse Width   Fast    FDRE/C   n/a            0.500         5.000       4.500      SLICE_X29Y56  bd_0_i/hls_inst/U0/add_ln31_1_reg_425_reg[10]/C
Low Pulse Width   Fast    FDRE/C   n/a            0.500         5.000       4.500      SLICE_X29Y56  bd_0_i/hls_inst/U0/add_ln31_1_reg_425_reg[11]/C
Low Pulse Width   Fast    FDRE/C   n/a            0.500         5.000       4.500      SLICE_X29Y57  bd_0_i/hls_inst/U0/add_ln31_1_reg_425_reg[12]/C
Low Pulse Width   Fast    FDRE/C   n/a            0.500         5.000       4.500      SLICE_X29Y57  bd_0_i/hls_inst/U0/add_ln31_1_reg_425_reg[13]/C
Low Pulse Width   Fast    FDRE/C   n/a            0.500         5.000       4.500      SLICE_X29Y57  bd_0_i/hls_inst/U0/add_ln31_1_reg_425_reg[14]/C
Low Pulse Width   Fast    FDRE/C   n/a            0.500         5.000       4.500      SLICE_X29Y57  bd_0_i/hls_inst/U0/add_ln31_1_reg_425_reg[15]/C
Low Pulse Width   Fast    FDRE/C   n/a            0.500         5.000       4.500      SLICE_X29Y58  bd_0_i/hls_inst/U0/add_ln31_1_reg_425_reg[16]/C
Low Pulse Width   Fast    FDRE/C   n/a            0.500         5.000       4.500      SLICE_X29Y58  bd_0_i/hls_inst/U0/add_ln31_1_reg_425_reg[17]/C
Low Pulse Width   Fast    FDRE/C   n/a            0.500         5.000       4.500      SLICE_X29Y58  bd_0_i/hls_inst/U0/add_ln31_1_reg_425_reg[18]/C
Low Pulse Width   Fast    FDRE/C   n/a            0.500         5.000       4.500      SLICE_X28Y55  bd_0_i/hls_inst/U0/add_ln31_1_reg_425_reg[7]/C
High Pulse Width  Slow    FDRE/C   n/a            0.500         5.000       4.500      SLICE_X29Y56  bd_0_i/hls_inst/U0/add_ln31_1_reg_425_reg[10]/C
High Pulse Width  Fast    FDRE/C   n/a            0.500         5.000       4.500      SLICE_X29Y56  bd_0_i/hls_inst/U0/add_ln31_1_reg_425_reg[10]/C
High Pulse Width  Slow    FDRE/C   n/a            0.500         5.000       4.500      SLICE_X29Y56  bd_0_i/hls_inst/U0/add_ln31_1_reg_425_reg[11]/C
High Pulse Width  Fast    FDRE/C   n/a            0.500         5.000       4.500      SLICE_X29Y56  bd_0_i/hls_inst/U0/add_ln31_1_reg_425_reg[11]/C
High Pulse Width  Slow    FDRE/C   n/a            0.500         5.000       4.500      SLICE_X29Y57  bd_0_i/hls_inst/U0/add_ln31_1_reg_425_reg[12]/C
High Pulse Width  Fast    FDRE/C   n/a            0.500         5.000       4.500      SLICE_X29Y57  bd_0_i/hls_inst/U0/add_ln31_1_reg_425_reg[12]/C
High Pulse Width  Slow    FDRE/C   n/a            0.500         5.000       4.500      SLICE_X29Y57  bd_0_i/hls_inst/U0/add_ln31_1_reg_425_reg[13]/C
High Pulse Width  Fast    FDRE/C   n/a            0.500         5.000       4.500      SLICE_X29Y57  bd_0_i/hls_inst/U0/add_ln31_1_reg_425_reg[13]/C
High Pulse Width  Slow    FDRE/C   n/a            0.500         5.000       4.500      SLICE_X29Y57  bd_0_i/hls_inst/U0/add_ln31_1_reg_425_reg[14]/C
High Pulse Width  Fast    FDRE/C   n/a            0.500         5.000       4.500      SLICE_X29Y57  bd_0_i/hls_inst/U0/add_ln31_1_reg_425_reg[14]/C



