#-----------------------------------------------------------
# Vivado v2019.2 (64-bit)
# SW Build 2708876 on Wed Nov  6 21:40:23 MST 2019
# IP Build 2700528 on Thu Nov  7 00:09:20 MST 2019
# Start of session at: Wed Nov 29 10:27:17 2023
# Process ID: 8504
# Current directory: C:/Users/re623573/Desktop/tp3_p1
# Command line: vivado.exe -gui_launcher_event rodinguilauncherevent8928 C:\Users\re623573\Desktop\tp3_p1\tp3_p1.xpr
# Log file: C:/Users/re623573/Desktop/tp3_p1/vivado.log
# Journal file: C:/Users/re623573/Desktop/tp3_p1\vivado.jou
#-----------------------------------------------------------
start_gui
open_project C:/Users/re623573/Desktop/tp3_p1/tp3_p1.xpr
INFO: [Project 1-313] Project file moved from 'C:/formation_hls/tp3_p1' since last save.
CRITICAL WARNING: [Project 1-311] Could not find the file 'C:/Users/re623573/Desktop/video_vga_7511_zed/zed_board.xdc', nor could it be found using path 'C:/formation_hls/video_vga_7511_zed/zed_board.xdc'.
Scanning sources...
Finished scanning sources
INFO: [IP_Flow 19-234] Refreshing IP repositories
INFO: [IP_Flow 19-1700] Loaded user IP repository 'c:/Users/re623573/Desktop/tp3_p1/hls/im_load'.
INFO: [IP_Flow 19-2313] Loaded Vivado IP repository 'C:/Xilinx/Vivado/2019.2/data/ip'.
open_project: Time (s): cpu = 00:00:23 ; elapsed = 00:00:09 . Memory (MB): peak = 802.789 ; gain = 160.328
set_property needs_refresh false [get_runs synth_1]
set_property needs_refresh false [get_runs impl_1]
update_compile_order -fileset sources_1
open_bd_design {C:/Users/re623573/Desktop/tp3_p1/tp3_p1.srcs/sources_1/bd/design_1/design_1.bd}
Adding component instance block -- xilinx.com:ip:clk_wiz:6.0 - clk_wiz_0
Adding component instance block -- xilinx.com:ip:xlconstant:1.1 - xlconstant_0
Adding component instance block -- xilinx.com:ip:xlconstant:1.1 - xlconstant_1
Adding component instance block -- xilinx.com:ip:v_tc:6.2 - v_tc_0
Adding component instance block -- xilinx.com:ip:v_axi4s_vid_out:4.0 - v_axi4s_vid_out_0
Adding component instance block -- xilinx.com:ip:xlconcat:2.1 - xlconcat_0
Adding component instance block -- xilinx.com:module_ref:i2c_sender_adv7511:1.0 - i2c_sender_adv7511_0
Adding component instance block -- xilinx.com:ip:xlconstant:1.1 - xlconstant_5
Adding component instance block -- xilinx.com:module_ref:mux_rgb:1.0 - mux_rgb_0
Adding component instance block -- xilinx.com:ip:xlconstant:1.1 - xlconstant_2
Adding component instance block -- xilinx.com:hls:im_load:1.0 - im_load_0
Adding component instance block -- xilinx.com:ip:blk_mem_gen:8.4 - blk_mem_gen_0
Adding component instance block -- xilinx.com:ip:xlconstant:1.1 - xlconstant_1
Adding component instance block -- xilinx.com:module_ref:ov7670_controller:1.0 - ov7670_controller_0
Adding component instance block -- xilinx.com:module_ref:debounce:1.0 - debounce_0
Adding component instance block -- xilinx.com:module_ref:ov7670_capture:1.0 - ov7670_capture_0
Successfully read diagram <design_1> from BD file <C:/Users/re623573/Desktop/tp3_p1/tp3_p1.srcs/sources_1/bd/design_1/design_1.bd>
open_bd_design: Time (s): cpu = 00:00:16 ; elapsed = 00:00:11 . Memory (MB): peak = 936.047 ; gain = 91.473
exit
INFO: [Common 17-206] Exiting Vivado at Wed Nov 29 11:47:12 2023...
